
=================================================================
==417802==ERROR: AddressSanitizer: stack-buffer-overflow on address 0x7ffd337df460 at pc 0x72d5ef8c6f8f bp 0x7ffd336e52a0 sp 0x7ffd336e4a48
READ of size 1 at 0x7ffd337df460 thread T0
    #0 0x72d5ef8c6f8e in strcmp ../../../../src/libsanitizer/sanitizer_common/sanitizer_common_interceptors.inc:470
    #1 0x55e6047faf05 in count_level_occurrences samples/SAFE/__tmp_7de21400.c:61
    #2 0x55e6047fb15c in print_summary samples/SAFE/__tmp_7de21400.c:76
    #3 0x55e6047fb71b in main samples/SAFE/__tmp_7de21400.c:106
    #4 0x72d5eec2a1c9  (/lib/x86_64-linux-gnu/libc.so.6+0x2a1c9) (BuildId: 274eec488d230825a136fa9c4d85370fed7a0a5e)
    #5 0x72d5eec2a28a in __libc_start_main (/lib/x86_64-linux-gnu/libc.so.6+0x2a28a) (BuildId: 274eec488d230825a136fa9c4d85370fed7a0a5e)
    #6 0x55e6047fa364 in _start (/home/r84388172/Generating SAFE samples/samples/SAFE/__tmp_7de21400.c.san+0x4364) (BuildId: 80ee095196b1bd12b520a083c0e60adb30e43a9f)

Address 0x7ffd337df460 is located in stack of thread T0 at offset 1024064 in frame
    #0 0x55e6047fb346 in main samples/SAFE/__tmp_7de21400.c:81

  This frame has 2 object(s):
    [32, 1024032) 'entries' (line 82) <== Memory access at offset 1024064 overflows this variable
    [1024288, 1025312) 'line' (line 84)
HINT: this may be a false positive if your program uses some custom stack unwind mechanism, swapcontext or vfork
      (longjmp and C++ exceptions *are* supported)
SUMMARY: AddressSanitizer: stack-buffer-overflow ../../../../src/libsanitizer/sanitizer_common/sanitizer_common_interceptors.inc:470 in strcmp
Shadow bytes around the buggy address:
  0x7ffd337df180: 00 00 00 00 00 00 00 00 00 00 00 00 00 00 00 00
  0x7ffd337df200: 00 00 00 00 00 00 00 00 00 00 00 00 00 00 00 00
  0x7ffd337df280: 00 00 00 00 00 00 00 00 00 00 00 00 00 00 00 00
  0x7ffd337df300: 00 00 00 00 00 00 00 00 00 00 00 00 00 00 00 00
  0x7ffd337df380: 00 00 00 00 00 00 00 00 00 00 00 00 00 00 00 00
=>0x7ffd337df400: 00 00 00 00 00 00 00 00 f2 f2 f2 f2[f2]f2 f2 f2
  0x7ffd337df480: f2 f2 f2 f2 f2 f2 f2 f2 f2 f2 f2 f2 f2 f2 f2 f2
  0x7ffd337df500: f2 f2 f2 f2 f2 f2 f2 f2 00 00 00 00 00 00 00 00
  0x7ffd337df580: 00 00 00 00 00 00 00 00 00 00 00 00 00 00 00 00
  0x7ffd337df600: 00 00 00 00 00 00 00 00 00 00 00 00 00 00 00 00
  0x7ffd337df680: 00 00 00 00 00 00 00 00 00 00 00 00 00 00 00 00
Shadow byte legend (one shadow byte represents 8 application bytes):
  Addressable:           00
  Partially addressable: 01 02 03 04 05 06 07 
  Heap left redzone:       fa
  Freed heap region:       fd
  Stack left redzone:      f1
  Stack mid redzone:       f2
  Stack right redzone:     f3
  Stack after return:      f5
  Stack use after scope:   f8
  Global redzone:          f9
  Global init order:       f6
  Poisoned by user:        f7
  Container overflow:      fc
  Array cookie:            ac
  Intra object redzone:    bb
  ASan internal:           fe
  Left alloca redzone:     ca
  Right alloca redzone:    cb
==417802==ABORTING
