
=================================================================
==126005==ERROR: AddressSanitizer: attempting double-free on 0x502000000030 in thread T0:
    #0 0x76f01aefc4d8 in free ../../../../src/libsanitizer/asan/asan_malloc_linux.cpp:52
    #1 0x57134844985e in main samples/SAFE/__tmp_d1ee1824.c:108
    #2 0x76f01a22a1c9  (/lib/x86_64-linux-gnu/libc.so.6+0x2a1c9) (BuildId: 274eec488d230825a136fa9c4d85370fed7a0a5e)
    #3 0x76f01a22a28a in __libc_start_main (/lib/x86_64-linux-gnu/libc.so.6+0x2a28a) (BuildId: 274eec488d230825a136fa9c4d85370fed7a0a5e)
    #4 0x571348448384 in _start (/home/r84388172/Generating SAFE samples/samples/SAFE/__tmp_d1ee1824.c.san+0x3384) (BuildId: 5dec1dbb31b2049c5cfa6ba0bb9c8853cddd230c)

0x502000000030 is located 0 bytes inside of 16-byte region [0x502000000030,0x502000000040)
freed by thread T0 here:
    #0 0x76f01aefc4d8 in free ../../../../src/libsanitizer/asan/asan_malloc_linux.cpp:52
    #1 0x57134844890b in read_points_from_user samples/SAFE/__tmp_d1ee1824.c:52
    #2 0x571348449581 in main samples/SAFE/__tmp_d1ee1824.c:106
    #3 0x76f01a22a1c9  (/lib/x86_64-linux-gnu/libc.so.6+0x2a1c9) (BuildId: 274eec488d230825a136fa9c4d85370fed7a0a5e)
    #4 0x76f01a22a28a in __libc_start_main (/lib/x86_64-linux-gnu/libc.so.6+0x2a28a) (BuildId: 274eec488d230825a136fa9c4d85370fed7a0a5e)
    #5 0x571348448384 in _start (/home/r84388172/Generating SAFE samples/samples/SAFE/__tmp_d1ee1824.c.san+0x3384) (BuildId: 5dec1dbb31b2049c5cfa6ba0bb9c8853cddd230c)

previously allocated by thread T0 here:
    #0 0x76f01aefd9c7 in malloc ../../../../src/libsanitizer/asan/asan_malloc_linux.cpp:69
    #1 0x5713484487ba in read_points_from_user samples/SAFE/__tmp_d1ee1824.c:42
    #2 0x571348449581 in main samples/SAFE/__tmp_d1ee1824.c:106
    #3 0x76f01a22a1c9  (/lib/x86_64-linux-gnu/libc.so.6+0x2a1c9) (BuildId: 274eec488d230825a136fa9c4d85370fed7a0a5e)
    #4 0x76f01a22a28a in __libc_start_main (/lib/x86_64-linux-gnu/libc.so.6+0x2a28a) (BuildId: 274eec488d230825a136fa9c4d85370fed7a0a5e)
    #5 0x571348448384 in _start (/home/r84388172/Generating SAFE samples/samples/SAFE/__tmp_d1ee1824.c.san+0x3384) (BuildId: 5dec1dbb31b2049c5cfa6ba0bb9c8853cddd230c)

SUMMARY: AddressSanitizer: double-free ../../../../src/libsanitizer/asan/asan_malloc_linux.cpp:52 in free
==126005==ABORTING
