
AddressSanitizer:DEADLYSIGNAL
=================================================================
==402846==ERROR: AddressSanitizer: stack-overflow on address 0x7ffc21c42ff8 (pc 0x64158cbea459 bp 0x7ffc21c43020 sp 0x7ffc21c43000 T0)
    #0 0x64158cbea459 in compress_chunk samples/SAFE/__tmp_5ac17c31.c:14
    #1 0x64158cbea4ac in compress_chunk samples/SAFE/__tmp_5ac17c31.c:31
    #2 0x64158cbea4ac in compress_chunk samples/SAFE/__tmp_5ac17c31.c:31
    #3 0x64158cbea4ac in compress_chunk samples/SAFE/__tmp_5ac17c31.c:31
    #4 0x64158cbea4ac in compress_chunk samples/SAFE/__tmp_5ac17c31.c:31
    #5 0x64158cbea4ac in compress_chunk samples/SAFE/__tmp_5ac17c31.c:31
    #6 0x64158cbea4ac in compress_chunk samples/SAFE/__tmp_5ac17c31.c:31
    #7 0x64158cbea4ac in compress_chunk samples/SAFE/__tmp_5ac17c31.c:31
    #8 0x64158cbea4ac in compress_chunk samples/SAFE/__tmp_5ac17c31.c:31
    #9 0x64158cbea4ac in compress_chunk samples/SAFE/__tmp_5ac17c31.c:31
    #10 0x64158cbea4ac in compress_chunk samples/SAFE/__tmp_5ac17c31.c:31
    #11 0x64158cbea4ac in compress_chunk samples/SAFE/__tmp_5ac17c31.c:31
    #12 0x64158cbea4ac in compress_chunk samples/SAFE/__tmp_5ac17c31.c:31
    #13 0x64158cbea4ac in compress_chunk samples/SAFE/__tmp_5ac17c31.c:31
    #14 0x64158cbea4ac in compress_chunk samples/SAFE/__tmp_5ac17c31.c:31
    #15 0x64158cbea4ac in compress_chunk samples/SAFE/__tmp_5ac17c31.c:31
    #16 0x64158cbea4ac in compress_chunk samples/SAFE/__tmp_5ac17c31.c:31
    #17 0x64158cbea4ac in compress_chunk samples/SAFE/__tmp_5ac17c31.c:31
    #18 0x64158cbea4ac in compress_chunk samples/SAFE/__tmp_5ac17c31.c:31
    #19 0x64158cbea4ac in compress_chunk samples/SAFE/__tmp_5ac17c31.c:31
    #20 0x64158cbea4ac in compress_chunk samples/SAFE/__tmp_5ac17c31.c:31
    #21 0x64158cbea4ac in compress_chunk samples/SAFE/__tmp_5ac17c31.c:31
    #22 0x64158cbea4ac in compress_chunk samples/SAFE/__tmp_5ac17c31.c:31
    #23 0x64158cbea4ac in compress_chunk samples/SAFE/__tmp_5ac17c31.c:31
    #24 0x64158cbea4ac in compress_chunk samples/SAFE/__tmp_5ac17c31.c:31
    #25 0x64158cbea4ac in compress_chunk samples/SAFE/__tmp_5ac17c31.c:31
    #26 0x64158cbea4ac in compress_chunk samples/SAFE/__tmp_5ac17c31.c:31
    #27 0x64158cbea4ac in compress_chunk samples/SAFE/__tmp_5ac17c31.c:31
    #28 0x64158cbea4ac in compress_chunk samples/SAFE/__tmp_5ac17c31.c:31
    #29 0x64158cbea4ac in compress_chunk samples/SAFE/__tmp_5ac17c31.c:31
    #30 0x64158cbea4ac in compress_chunk samples/SAFE/__tmp_5ac17c31.c:31
    #31 0x64158cbea4ac in compress_chunk samples/SAFE/__tmp_5ac17c31.c:31
    #32 0x64158cbea4ac in compress_chunk samples/SAFE/__tmp_5ac17c31.c:31
    #33 0x64158cbea4ac in compress_chunk samples/SAFE/__tmp_5ac17c31.c:31
    #34 0x64158cbea4ac in compress_chunk samples/SAFE/__tmp_5ac17c31.c:31
    #35 0x64158cbea4ac in compress_chunk samples/SAFE/__tmp_5ac17c31.c:31
    #36 0x64158cbea4ac in compress_chunk samples/SAFE/__tmp_5ac17c31.c:31
    #37 0x64158cbea4ac in compress_chunk samples/SAFE/__tmp_5ac17c31.c:31
    #38 0x64158cbea4ac in compress_chunk samples/SAFE/__tmp_5ac17c31.c:31
    #39 0x64158cbea4ac in compress_chunk samples/SAFE/__tmp_5ac17c31.c:31
    #40 0x64158cbea4ac in compress_chunk samples/SAFE/__tmp_5ac17c31.c:31
    #41 0x64158cbea4ac in compress_chunk samples/SAFE/__tmp_5ac17c31.c:31
    #42 0x64158cbea4ac in compress_chunk samples/SAFE/__tmp_5ac17c31.c:31
    #43 0x64158cbea4ac in compress_chunk samples/SAFE/__tmp_5ac17c31.c:31
    #44 0x64158cbea4ac in compress_chunk samples/SAFE/__tmp_5ac17c31.c:31
    #45 0x64158cbea4ac in compress_chunk samples/SAFE/__tmp_5ac17c31.c:31
    #46 0x64158cbea4ac in compress_chunk samples/SAFE/__tmp_5ac17c31.c:31
    #47 0x64158cbea4ac in compress_chunk samples/SAFE/__tmp_5ac17c31.c:31
    #48 0x64158cbea4ac in compress_chunk samples/SAFE/__tmp_5ac17c31.c:31
    #49 0x64158cbea4ac in compress_chunk samples/SAFE/__tmp_5ac17c31.c:31
    #50 0x64158cbea4ac in compress_chunk samples/SAFE/__tmp_5ac17c31.c:31
    #51 0x64158cbea4ac in compress_chunk samples/SAFE/__tmp_5ac17c31.c:31
    #52 0x64158cbea4ac in compress_chunk samples/SAFE/__tmp_5ac17c31.c:31
    #53 0x64158cbea4ac in compress_chunk samples/SAFE/__tmp_5ac17c31.c:31
    #54 0x64158cbea4ac in compress_chunk samples/SAFE/__tmp_5ac17c31.c:31
    #55 0x64158cbea4ac in compress_chunk samples/SAFE/__tmp_5ac17c31.c:31
    #56 0x64158cbea4ac in compress_chunk samples/SAFE/__tmp_5ac17c31.c:31
    #57 0x64158cbea4ac in compress_chunk samples/SAFE/__tmp_5ac17c31.c:31
    #58 0x64158cbea4ac in compress_chunk samples/SAFE/__tmp_5ac17c31.c:31
    #59 0x64158cbea4ac in compress_chunk samples/SAFE/__tmp_5ac17c31.c:31
    #60 0x64158cbea4ac in compress_chunk samples/SAFE/__tmp_5ac17c31.c:31
    #61 0x64158cbea4ac in compress_chunk samples/SAFE/__tmp_5ac17c31.c:31
    #62 0x64158cbea4ac in compress_chunk samples/SAFE/__tmp_5ac17c31.c:31
    #63 0x64158cbea4ac in compress_chunk samples/SAFE/__tmp_5ac17c31.c:31
    #64 0x64158cbea4ac in compress_chunk samples/SAFE/__tmp_5ac17c31.c:31
    #65 0x64158cbea4ac in compress_chunk samples/SAFE/__tmp_5ac17c31.c:31
    #66 0x64158cbea4ac in compress_chunk samples/SAFE/__tmp_5ac17c31.c:31
    #67 0x64158cbea4ac in compress_chunk samples/SAFE/__tmp_5ac17c31.c:31
    #68 0x64158cbea4ac in compress_chunk samples/SAFE/__tmp_5ac17c31.c:31
    #69 0x64158cbea4ac in compress_chunk samples/SAFE/__tmp_5ac17c31.c:31
    #70 0x64158cbea4ac in compress_chunk samples/SAFE/__tmp_5ac17c31.c:31
    #71 0x64158cbea4ac in compress_chunk samples/SAFE/__tmp_5ac17c31.c:31
    #72 0x64158cbea4ac in compress_chunk samples/SAFE/__tmp_5ac17c31.c:31
    #73 0x64158cbea4ac in compress_chunk samples/SAFE/__tmp_5ac17c31.c:31
    #74 0x64158cbea4ac in compress_chunk samples/SAFE/__tmp_5ac17c31.c:31
    #75 0x64158cbea4ac in compress_chunk samples/SAFE/__tmp_5ac17c31.c:31
    #76 0x64158cbea4ac in compress_chunk samples/SAFE/__tmp_5ac17c31.c:31
    #77 0x64158cbea4ac in compress_chunk samples/SAFE/__tmp_5ac17c31.c:31
    #78 0x64158cbea4ac in compress_chunk samples/SAFE/__tmp_5ac17c31.c:31
    #79 0x64158cbea4ac in compress_chunk samples/SAFE/__tmp_5ac17c31.c:31
    #80 0x64158cbea4ac in compress_chunk samples/SAFE/__tmp_5ac17c31.c:31
    #81 0x64158cbea4ac in compress_chunk samples/SAFE/__tmp_5ac17c31.c:31
    #82 0x64158cbea4ac in compress_chunk samples/SAFE/__tmp_5ac17c31.c:31
    #83 0x64158cbea4ac in compress_chunk samples/SAFE/__tmp_5ac17c31.c:31
    #84 0x64158cbea4ac in compress_chunk samples/SAFE/__tmp_5ac17c31.c:31
    #85 0x64158cbea4ac in compress_chunk samples/SAFE/__tmp_5ac17c31.c:31
    #86 0x64158cbea4ac in compress_chunk samples/SAFE/__tmp_5ac17c31.c:31
    #87 0x64158cbea4ac in compress_chunk samples/SAFE/__tmp_5ac17c31.c:31
    #88 0x64158cbea4ac in compress_chunk samples/SAFE/__tmp_5ac17c31.c:31
    #89 0x64158cbea4ac in compress_chunk samples/SAFE/__tmp_5ac17c31.c:31
    #90 0x64158cbea4ac in compress_chunk samples/SAFE/__tmp_5ac17c31.c:31
    #91 0x64158cbea4ac in compress_chunk samples/SAFE/__tmp_5ac17c31.c:31
    #92 0x64158cbea4ac in compress_chunk samples/SAFE/__tmp_5ac17c31.c:31
    #93 0x64158cbea4ac in compress_chunk samples/SAFE/__tmp_5ac17c31.c:31
    #94 0x64158cbea4ac in compress_chunk samples/SAFE/__tmp_5ac17c31.c:31
    #95 0x64158cbea4ac in compress_chunk samples/SAFE/__tmp_5ac17c31.c:31
    #96 0x64158cbea4ac in compress_chunk samples/SAFE/__tmp_5ac17c31.c:31
    #97 0x64158cbea4ac in compress_chunk samples/SAFE/__tmp_5ac17c31.c:31
    #98 0x64158cbea4ac in compress_chunk samples/SAFE/__tmp_5ac17c31.c:31
    #99 0x64158cbea4ac in compress_chunk samples/SAFE/__tmp_5ac17c31.c:31
    #100 0x64158cbea4ac in compress_chunk samples/SAFE/__tmp_5ac17c31.c:31
    #101 0x64158cbea4ac in compress_chunk samples/SAFE/__tmp_5ac17c31.c:31
    #102 0x64158cbea4ac in compress_chunk samples/SAFE/__tmp_5ac17c31.c:31
    #103 0x64158cbea4ac in compress_chunk samples/SAFE/__tmp_5ac17c31.c:31
    #104 0x64158cbea4ac in compress_chunk samples/SAFE/__tmp_5ac17c31.c:31
    #105 0x64158cbea4ac in compress_chunk samples/SAFE/__tmp_5ac17c31.c:31
    #106 0x64158cbea4ac in compress_chunk samples/SAFE/__tmp_5ac17c31.c:31
    #107 0x64158cbea4ac in compress_chunk samples/SAFE/__tmp_5ac17c31.c:31
    #108 0x64158cbea4ac in compress_chunk samples/SAFE/__tmp_5ac17c31.c:31
    #109 0x64158cbea4ac in compress_chunk samples/SAFE/__tmp_5ac17c31.c:31
    #110 0x64158cbea4ac in compress_chunk samples/SAFE/__tmp_5ac17c31.c:31
    #111 0x64158cbea4ac in compress_chunk samples/SAFE/__tmp_5ac17c31.c:31
    #112 0x64158cbea4ac in compress_chunk samples/SAFE/__tmp_5ac17c31.c:31
    #113 0x64158cbea4ac in compress_chunk samples/SAFE/__tmp_5ac17c31.c:31
    #114 0x64158cbea4ac in compress_chunk samples/SAFE/__tmp_5ac17c31.c:31
    #115 0x64158cbea4ac in compress_chunk samples/SAFE/__tmp_5ac17c31.c:31
    #116 0x64158cbea4ac in compress_chunk samples/SAFE/__tmp_5ac17c31.c:31
    #117 0x64158cbea4ac in compress_chunk samples/SAFE/__tmp_5ac17c31.c:31
    #118 0x64158cbea4ac in compress_chunk samples/SAFE/__tmp_5ac17c31.c:31
    #119 0x64158cbea4ac in compress_chunk samples/SAFE/__tmp_5ac17c31.c:31
    #120 0x64158cbea4ac in compress_chunk samples/SAFE/__tmp_5ac17c31.c:31
    #121 0x64158cbea4ac in compress_chunk samples/SAFE/__tmp_5ac17c31.c:31
    #122 0x64158cbea4ac in compress_chunk samples/SAFE/__tmp_5ac17c31.c:31
    #123 0x64158cbea4ac in compress_chunk samples/SAFE/__tmp_5ac17c31.c:31
    #124 0x64158cbea4ac in compress_chunk samples/SAFE/__tmp_5ac17c31.c:31
    #125 0x64158cbea4ac in compress_chunk samples/SAFE/__tmp_5ac17c31.c:31
    #126 0x64158cbea4ac in compress_chunk samples/SAFE/__tmp_5ac17c31.c:31
    #127 0x64158cbea4ac in compress_chunk samples/SAFE/__tmp_5ac17c31.c:31
    #128 0x64158cbea4ac in compress_chunk samples/SAFE/__tmp_5ac17c31.c:31
    #129 0x64158cbea4ac in compress_chunk samples/SAFE/__tmp_5ac17c31.c:31
    #130 0x64158cbea4ac in compress_chunk samples/SAFE/__tmp_5ac17c31.c:31
    #131 0x64158cbea4ac in compress_chunk samples/SAFE/__tmp_5ac17c31.c:31
    #132 0x64158cbea4ac in compress_chunk samples/SAFE/__tmp_5ac17c31.c:31
    #133 0x64158cbea4ac in compress_chunk samples/SAFE/__tmp_5ac17c31.c:31
    #134 0x64158cbea4ac in compress_chunk samples/SAFE/__tmp_5ac17c31.c:31
    #135 0x64158cbea4ac in compress_chunk samples/SAFE/__tmp_5ac17c31.c:31
    #136 0x64158cbea4ac in compress_chunk samples/SAFE/__tmp_5ac17c31.c:31
    #137 0x64158cbea4ac in compress_chunk samples/SAFE/__tmp_5ac17c31.c:31
    #138 0x64158cbea4ac in compress_chunk samples/SAFE/__tmp_5ac17c31.c:31
    #139 0x64158cbea4ac in compress_chunk samples/SAFE/__tmp_5ac17c31.c:31
    #140 0x64158cbea4ac in compress_chunk samples/SAFE/__tmp_5ac17c31.c:31
    #141 0x64158cbea4ac in compress_chunk samples/SAFE/__tmp_5ac17c31.c:31
    #142 0x64158cbea4ac in compress_chunk samples/SAFE/__tmp_5ac17c31.c:31
    #143 0x64158cbea4ac in compress_chunk samples/SAFE/__tmp_5ac17c31.c:31
    #144 0x64158cbea4ac in compress_chunk samples/SAFE/__tmp_5ac17c31.c:31
    #145 0x64158cbea4ac in compress_chunk samples/SAFE/__tmp_5ac17c31.c:31
    #146 0x64158cbea4ac in compress_chunk samples/SAFE/__tmp_5ac17c31.c:31
    #147 0x64158cbea4ac in compress_chunk samples/SAFE/__tmp_5ac17c31.c:31
    #148 0x64158cbea4ac in compress_chunk samples/SAFE/__tmp_5ac17c31.c:31
    #149 0x64158cbea4ac in compress_chunk samples/SAFE/__tmp_5ac17c31.c:31
    #150 0x64158cbea4ac in compress_chunk samples/SAFE/__tmp_5ac17c31.c:31
    #151 0x64158cbea4ac in compress_chunk samples/SAFE/__tmp_5ac17c31.c:31
    #152 0x64158cbea4ac in compress_chunk samples/SAFE/__tmp_5ac17c31.c:31
    #153 0x64158cbea4ac in compress_chunk samples/SAFE/__tmp_5ac17c31.c:31
    #154 0x64158cbea4ac in compress_chunk samples/SAFE/__tmp_5ac17c31.c:31
    #155 0x64158cbea4ac in compress_chunk samples/SAFE/__tmp_5ac17c31.c:31
    #156 0x64158cbea4ac in compress_chunk samples/SAFE/__tmp_5ac17c31.c:31
    #157 0x64158cbea4ac in compress_chunk samples/SAFE/__tmp_5ac17c31.c:31
    #158 0x64158cbea4ac in compress_chunk samples/SAFE/__tmp_5ac17c31.c:31
    #159 0x64158cbea4ac in compress_chunk samples/SAFE/__tmp_5ac17c31.c:31
    #160 0x64158cbea4ac in compress_chunk samples/SAFE/__tmp_5ac17c31.c:31
    #161 0x64158cbea4ac in compress_chunk samples/SAFE/__tmp_5ac17c31.c:31
    #162 0x64158cbea4ac in compress_chunk samples/SAFE/__tmp_5ac17c31.c:31
    #163 0x64158cbea4ac in compress_chunk samples/SAFE/__tmp_5ac17c31.c:31
    #164 0x64158cbea4ac in compress_chunk samples/SAFE/__tmp_5ac17c31.c:31
    #165 0x64158cbea4ac in compress_chunk samples/SAFE/__tmp_5ac17c31.c:31
    #166 0x64158cbea4ac in compress_chunk samples/SAFE/__tmp_5ac17c31.c:31
    #167 0x64158cbea4ac in compress_chunk samples/SAFE/__tmp_5ac17c31.c:31
    #168 0x64158cbea4ac in compress_chunk samples/SAFE/__tmp_5ac17c31.c:31
    #169 0x64158cbea4ac in compress_chunk samples/SAFE/__tmp_5ac17c31.c:31
    #170 0x64158cbea4ac in compress_chunk samples/SAFE/__tmp_5ac17c31.c:31
    #171 0x64158cbea4ac in compress_chunk samples/SAFE/__tmp_5ac17c31.c:31
    #172 0x64158cbea4ac in compress_chunk samples/SAFE/__tmp_5ac17c31.c:31
    #173 0x64158cbea4ac in compress_chunk samples/SAFE/__tmp_5ac17c31.c:31
    #174 0x64158cbea4ac in compress_chunk samples/SAFE/__tmp_5ac17c31.c:31
    #175 0x64158cbea4ac in compress_chunk samples/SAFE/__tmp_5ac17c31.c:31
    #176 0x64158cbea4ac in compress_chunk samples/SAFE/__tmp_5ac17c31.c:31
    #177 0x64158cbea4ac in compress_chunk samples/SAFE/__tmp_5ac17c31.c:31
    #178 0x64158cbea4ac in compress_chunk samples/SAFE/__tmp_5ac17c31.c:31
    #179 0x64158cbea4ac in compress_chunk samples/SAFE/__tmp_5ac17c31.c:31
    #180 0x64158cbea4ac in compress_chunk samples/SAFE/__tmp_5ac17c31.c:31
    #181 0x64158cbea4ac in compress_chunk samples/SAFE/__tmp_5ac17c31.c:31
    #182 0x64158cbea4ac in compress_chunk samples/SAFE/__tmp_5ac17c31.c:31
    #183 0x64158cbea4ac in compress_chunk samples/SAFE/__tmp_5ac17c31.c:31
    #184 0x64158cbea4ac in compress_chunk samples/SAFE/__tmp_5ac17c31.c:31
    #185 0x64158cbea4ac in compress_chunk samples/SAFE/__tmp_5ac17c31.c:31
    #186 0x64158cbea4ac in compress_chunk samples/SAFE/__tmp_5ac17c31.c:31
    #187 0x64158cbea4ac in compress_chunk samples/SAFE/__tmp_5ac17c31.c:31
    #188 0x64158cbea4ac in compress_chunk samples/SAFE/__tmp_5ac17c31.c:31
    #189 0x64158cbea4ac in compress_chunk samples/SAFE/__tmp_5ac17c31.c:31
    #190 0x64158cbea4ac in compress_chunk samples/SAFE/__tmp_5ac17c31.c:31
    #191 0x64158cbea4ac in compress_chunk samples/SAFE/__tmp_5ac17c31.c:31
    #192 0x64158cbea4ac in compress_chunk samples/SAFE/__tmp_5ac17c31.c:31
    #193 0x64158cbea4ac in compress_chunk samples/SAFE/__tmp_5ac17c31.c:31
    #194 0x64158cbea4ac in compress_chunk samples/SAFE/__tmp_5ac17c31.c:31
    #195 0x64158cbea4ac in compress_chunk samples/SAFE/__tmp_5ac17c31.c:31
    #196 0x64158cbea4ac in compress_chunk samples/SAFE/__tmp_5ac17c31.c:31
    #197 0x64158cbea4ac in compress_chunk samples/SAFE/__tmp_5ac17c31.c:31
    #198 0x64158cbea4ac in compress_chunk samples/SAFE/__tmp_5ac17c31.c:31
    #199 0x64158cbea4ac in compress_chunk samples/SAFE/__tmp_5ac17c31.c:31
    #200 0x64158cbea4ac in compress_chunk samples/SAFE/__tmp_5ac17c31.c:31
    #201 0x64158cbea4ac in compress_chunk samples/SAFE/__tmp_5ac17c31.c:31
    #202 0x64158cbea4ac in compress_chunk samples/SAFE/__tmp_5ac17c31.c:31
    #203 0x64158cbea4ac in compress_chunk samples/SAFE/__tmp_5ac17c31.c:31
    #204 0x64158cbea4ac in compress_chunk samples/SAFE/__tmp_5ac17c31.c:31
    #205 0x64158cbea4ac in compress_chunk samples/SAFE/__tmp_5ac17c31.c:31
    #206 0x64158cbea4ac in compress_chunk samples/SAFE/__tmp_5ac17c31.c:31
    #207 0x64158cbea4ac in compress_chunk samples/SAFE/__tmp_5ac17c31.c:31
    #208 0x64158cbea4ac in compress_chunk samples/SAFE/__tmp_5ac17c31.c:31
    #209 0x64158cbea4ac in compress_chunk samples/SAFE/__tmp_5ac17c31.c:31
    #210 0x64158cbea4ac in compress_chunk samples/SAFE/__tmp_5ac17c31.c:31
    #211 0x64158cbea4ac in compress_chunk samples/SAFE/__tmp_5ac17c31.c:31
    #212 0x64158cbea4ac in compress_chunk samples/SAFE/__tmp_5ac17c31.c:31
    #213 0x64158cbea4ac in compress_chunk samples/SAFE/__tmp_5ac17c31.c:31
    #214 0x64158cbea4ac in compress_chunk samples/SAFE/__tmp_5ac17c31.c:31
    #215 0x64158cbea4ac in compress_chunk samples/SAFE/__tmp_5ac17c31.c:31
    #216 0x64158cbea4ac in compress_chunk samples/SAFE/__tmp_5ac17c31.c:31
    #217 0x64158cbea4ac in compress_chunk samples/SAFE/__tmp_5ac17c31.c:31
    #218 0x64158cbea4ac in compress_chunk samples/SAFE/__tmp_5ac17c31.c:31
    #219 0x64158cbea4ac in compress_chunk samples/SAFE/__tmp_5ac17c31.c:31
    #220 0x64158cbea4ac in compress_chunk samples/SAFE/__tmp_5ac17c31.c:31
    #221 0x64158cbea4ac in compress_chunk samples/SAFE/__tmp_5ac17c31.c:31
    #222 0x64158cbea4ac in compress_chunk samples/SAFE/__tmp_5ac17c31.c:31
    #223 0x64158cbea4ac in compress_chunk samples/SAFE/__tmp_5ac17c31.c:31
    #224 0x64158cbea4ac in compress_chunk samples/SAFE/__tmp_5ac17c31.c:31
    #225 0x64158cbea4ac in compress_chunk samples/SAFE/__tmp_5ac17c31.c:31
    #226 0x64158cbea4ac in compress_chunk samples/SAFE/__tmp_5ac17c31.c:31
    #227 0x64158cbea4ac in compress_chunk samples/SAFE/__tmp_5ac17c31.c:31
    #228 0x64158cbea4ac in compress_chunk samples/SAFE/__tmp_5ac17c31.c:31
    #229 0x64158cbea4ac in compress_chunk samples/SAFE/__tmp_5ac17c31.c:31
    #230 0x64158cbea4ac in compress_chunk samples/SAFE/__tmp_5ac17c31.c:31
    #231 0x64158cbea4ac in compress_chunk samples/SAFE/__tmp_5ac17c31.c:31
    #232 0x64158cbea4ac in compress_chunk samples/SAFE/__tmp_5ac17c31.c:31
    #233 0x64158cbea4ac in compress_chunk samples/SAFE/__tmp_5ac17c31.c:31
    #234 0x64158cbea4ac in compress_chunk samples/SAFE/__tmp_5ac17c31.c:31
    #235 0x64158cbea4ac in compress_chunk samples/SAFE/__tmp_5ac17c31.c:31
    #236 0x64158cbea4ac in compress_chunk samples/SAFE/__tmp_5ac17c31.c:31
    #237 0x64158cbea4ac in compress_chunk samples/SAFE/__tmp_5ac17c31.c:31
    #238 0x64158cbea4ac in compress_chunk samples/SAFE/__tmp_5ac17c31.c:31
    #239 0x64158cbea4ac in compress_chunk samples/SAFE/__tmp_5ac17c31.c:31
    #240 0x64158cbea4ac in compress_chunk samples/SAFE/__tmp_5ac17c31.c:31
    #241 0x64158cbea4ac in compress_chunk samples/SAFE/__tmp_5ac17c31.c:31
    #242 0x64158cbea4ac in compress_chunk samples/SAFE/__tmp_5ac17c31.c:31
    #243 0x64158cbea4ac in compress_chunk samples/SAFE/__tmp_5ac17c31.c:31
    #244 0x64158cbea4ac in compress_chunk samples/SAFE/__tmp_5ac17c31.c:31
    #245 0x64158cbea4ac in compress_chunk samples/SAFE/__tmp_5ac17c31.c:31
    #246 0x64158cbea4ac in compress_chunk samples/SAFE/__tmp_5ac17c31.c:31

SUMMARY: AddressSanitizer: stack-overflow samples/SAFE/__tmp_5ac17c31.c:14 in compress_chunk
==402846==ABORTING
