
=================================================================
==286697==ERROR: AddressSanitizer: stack-buffer-overflow on address 0x7f628a00015f at pc 0x7f628cc91ad0 bp 0x7fff60562340 sp 0x7fff60561ac8
WRITE of size 256 at 0x7f628a00015f thread T0
    #0 0x7f628cc91acf in scanf_common ../../../../src/libsanitizer/sanitizer_common/sanitizer_common_interceptors_format.inc:342
    #1 0x7f628cccd312 in __isoc99_vsscanf ../../../../src/libsanitizer/sanitizer_common/sanitizer_common_interceptors.inc:1493
    #2 0x7f628cccdeab in __isoc99_sscanf ../../../../src/libsanitizer/sanitizer_common/sanitizer_common_interceptors.inc:1526
    #3 0x55ade3ed2b44 in read_log_entries samples/SAFE/__tmp_3de76da8.c:37
    #4 0x55ade3ed331e in main samples/SAFE/__tmp_3de76da8.c:91
    #5 0x7f628c02a1c9  (/lib/x86_64-linux-gnu/libc.so.6+0x2a1c9) (BuildId: 274eec488d230825a136fa9c4d85370fed7a0a5e)
    #6 0x7f628c02a28a in __libc_start_main (/lib/x86_64-linux-gnu/libc.so.6+0x2a28a) (BuildId: 274eec488d230825a136fa9c4d85370fed7a0a5e)
    #7 0x55ade3ed2304 in _start (/home/r84388172/Generating SAFE samples/samples/SAFE/__tmp_3de76da8.c.san+0x3304) (BuildId: dfcc6675a69ec7f55ad204896ce864812c147ced)

Address 0x7f628a00015f is located in stack of thread T0 at offset 351 in frame
    #0 0x55ade3ed256c in read_log_entries samples/SAFE/__tmp_3de76da8.c:26

  This frame has 4 object(s):
    [32, 42) 'level' (line 34)
    [64, 84) 'timestamp' (line 33)
    [128, 351) 'message' (line 35)
    [416, 672) 'line' (line 27) <== Memory access at offset 351 partially underflows this variable
HINT: this may be a false positive if your program uses some custom stack unwind mechanism, swapcontext or vfork
      (longjmp and C++ exceptions *are* supported)
SUMMARY: AddressSanitizer: stack-buffer-overflow ../../../../src/libsanitizer/sanitizer_common/sanitizer_common_interceptors_format.inc:342 in scanf_common
Shadow bytes around the buggy address:
  0x7f6289fffe80: 00 00 00 00 00 00 00 00 00 00 00 00 00 00 00 00
  0x7f6289ffff00: 00 00 00 00 00 00 00 00 00 00 00 00 00 00 00 00
  0x7f6289ffff80: 00 00 00 00 00 00 00 00 00 00 00 00 00 00 00 00
  0x7f628a000000: f1 f1 f1 f1 00 02 f2 f2 00 00 04 f2 f2 f2 f2 f2
  0x7f628a000080: 00 00 00 00 00 00 00 00 00 00 00 00 00 00 00 00
=>0x7f628a000100: 00 00 00 00 00 00 00 00 00 00 00[07]f2 f2 f2 f2
  0x7f628a000180: f2 f2 f2 f2 00 00 00 00 00 00 00 00 00 00 00 00
  0x7f628a000200: 00 00 00 00 00 00 00 00 00 00 00 00 00 00 00 00
  0x7f628a000280: 00 00 00 00 f3 f3 f3 f3 f3 f3 f3 f3 00 00 00 00
  0x7f628a000300: 00 00 00 00 00 00 00 00 00 00 00 00 00 00 00 00
  0x7f628a000380: 00 00 00 00 00 00 00 00 00 00 00 00 00 00 00 00
Shadow byte legend (one shadow byte represents 8 application bytes):
  Addressable:           00
  Partially addressable: 01 02 03 04 05 06 07 
  Heap left redzone:       fa
  Freed heap region:       fd
  Stack left redzone:      f1
  Stack mid redzone:       f2
  Stack right redzone:     f3
  Stack after return:      f5
  Stack use after scope:   f8
  Global redzone:          f9
  Global init order:       f6
  Poisoned by user:        f7
  Container overflow:      fc
  Array cookie:            ac
  Intra object redzone:    bb
  ASan internal:           fe
  Left alloca redzone:     ca
  Right alloca redzone:    cb
==286697==ABORTING
