
=================================================================
==259818==ERROR: AddressSanitizer: heap-buffer-overflow on address 0x50200000003c at pc 0x62a872687f58 bp 0x7ffc92ddf2c0 sp 0x7ffc92ddf2b0
WRITE of size 1 at 0x50200000003c thread T0
    #0 0x62a872687f57 in process_compression_demo samples/SAFE/__tmp_0f0279ae.c:124
    #1 0x62a872687f8d in main samples/SAFE/__tmp_0f0279ae.c:135
    #2 0x786a47c2a1c9  (/lib/x86_64-linux-gnu/libc.so.6+0x2a1c9) (BuildId: 274eec488d230825a136fa9c4d85370fed7a0a5e)
    #3 0x786a47c2a28a in __libc_start_main (/lib/x86_64-linux-gnu/libc.so.6+0x2a28a) (BuildId: 274eec488d230825a136fa9c4d85370fed7a0a5e)
    #4 0x62a872687284 in _start (/home/r84388172/Generating SAFE samples/samples/SAFE/__tmp_0f0279ae.c.san+0x2284) (BuildId: 19c0cdd984634beabcc3965efd82274692c2e4a5)

0x50200000003c is located 0 bytes after 12-byte region [0x502000000030,0x50200000003c)
allocated by thread T0 here:
    #0 0x786a488fd9c7 in malloc ../../../../src/libsanitizer/asan/asan_malloc_linux.cpp:69
    #1 0x62a872687b9f in decompress_data samples/SAFE/__tmp_0f0279ae.c:97
    #2 0x62a872687e64 in process_compression_demo samples/SAFE/__tmp_0f0279ae.c:122
    #3 0x62a872687f8d in main samples/SAFE/__tmp_0f0279ae.c:135
    #4 0x786a47c2a1c9  (/lib/x86_64-linux-gnu/libc.so.6+0x2a1c9) (BuildId: 274eec488d230825a136fa9c4d85370fed7a0a5e)
    #5 0x786a47c2a28a in __libc_start_main (/lib/x86_64-linux-gnu/libc.so.6+0x2a28a) (BuildId: 274eec488d230825a136fa9c4d85370fed7a0a5e)
    #6 0x62a872687284 in _start (/home/r84388172/Generating SAFE samples/samples/SAFE/__tmp_0f0279ae.c.san+0x2284) (BuildId: 19c0cdd984634beabcc3965efd82274692c2e4a5)

SUMMARY: AddressSanitizer: heap-buffer-overflow samples/SAFE/__tmp_0f0279ae.c:124 in process_compression_demo
Shadow bytes around the buggy address:
  0x501ffffffd80: 00 00 00 00 00 00 00 00 00 00 00 00 00 00 00 00
  0x501ffffffe00: 00 00 00 00 00 00 00 00 00 00 00 00 00 00 00 00
  0x501ffffffe80: 00 00 00 00 00 00 00 00 00 00 00 00 00 00 00 00
  0x501fffffff00: 00 00 00 00 00 00 00 00 00 00 00 00 00 00 00 00
  0x501fffffff80: 00 00 00 00 00 00 00 00 00 00 00 00 00 00 00 00
=>0x502000000000: fa fa 00 02 fa fa 00[04]fa fa fa fa fa fa fa fa
  0x502000000080: fa fa fa fa fa fa fa fa fa fa fa fa fa fa fa fa
  0x502000000100: fa fa fa fa fa fa fa fa fa fa fa fa fa fa fa fa
  0x502000000180: fa fa fa fa fa fa fa fa fa fa fa fa fa fa fa fa
  0x502000000200: fa fa fa fa fa fa fa fa fa fa fa fa fa fa fa fa
  0x502000000280: fa fa fa fa fa fa fa fa fa fa fa fa fa fa fa fa
Shadow byte legend (one shadow byte represents 8 application bytes):
  Addressable:           00
  Partially addressable: 01 02 03 04 05 06 07 
  Heap left redzone:       fa
  Freed heap region:       fd
  Stack left redzone:      f1
  Stack mid redzone:       f2
  Stack right redzone:     f3
  Stack after return:      f5
  Stack use after scope:   f8
  Global redzone:          f9
  Global init order:       f6
  Poisoned by user:        f7
  Container overflow:      fc
  Array cookie:            ac
  Intra object redzone:    bb
  ASan internal:           fe
  Left alloca redzone:     ca
  Right alloca redzone:    cb
==259818==ABORTING
