
=================================================================
==443355==ERROR: AddressSanitizer: stack-buffer-overflow on address 0x77b71980015f at pc 0x77b71c491ad0 bp 0x7ffe17f01f00 sp 0x7ffe17f01688
WRITE of size 256 at 0x77b71980015f thread T0
    #0 0x77b71c491acf in scanf_common ../../../../src/libsanitizer/sanitizer_common/sanitizer_common_interceptors_format.inc:342
    #1 0x77b71c4cd312 in __isoc99_vsscanf ../../../../src/libsanitizer/sanitizer_common/sanitizer_common_interceptors.inc:1493
    #2 0x77b71c4cdeab in __isoc99_sscanf ../../../../src/libsanitizer/sanitizer_common/sanitizer_common_interceptors.inc:1526
    #3 0x629c938afb44 in read_log_entries samples/SAFE/__tmp_a4eb8c57.c:37
    #4 0x629c938b022a in main samples/SAFE/__tmp_a4eb8c57.c:83
    #5 0x77b71b82a1c9  (/lib/x86_64-linux-gnu/libc.so.6+0x2a1c9) (BuildId: 274eec488d230825a136fa9c4d85370fed7a0a5e)
    #6 0x77b71b82a28a in __libc_start_main (/lib/x86_64-linux-gnu/libc.so.6+0x2a28a) (BuildId: 274eec488d230825a136fa9c4d85370fed7a0a5e)
    #7 0x629c938af304 in _start (/home/r84388172/Generating SAFE samples/samples/SAFE/__tmp_a4eb8c57.c.san+0x2304) (BuildId: 42ed95e7402eed9e8f15afd226cd9239ca9dd1db)

Address 0x77b71980015f is located in stack of thread T0 at offset 351 in frame
    #0 0x629c938af56c in read_log_entries samples/SAFE/__tmp_a4eb8c57.c:26

  This frame has 4 object(s):
    [32, 42) 'level' (line 34)
    [64, 84) 'timestamp' (line 33)
    [128, 351) 'message' (line 35)
    [416, 672) 'line' (line 27) <== Memory access at offset 351 partially underflows this variable
HINT: this may be a false positive if your program uses some custom stack unwind mechanism, swapcontext or vfork
      (longjmp and C++ exceptions *are* supported)
SUMMARY: AddressSanitizer: stack-buffer-overflow ../../../../src/libsanitizer/sanitizer_common/sanitizer_common_interceptors_format.inc:342 in scanf_common
Shadow bytes around the buggy address:
  0x77b7197ffe80: 00 00 00 00 00 00 00 00 00 00 00 00 00 00 00 00
  0x77b7197fff00: 00 00 00 00 00 00 00 00 00 00 00 00 00 00 00 00
  0x77b7197fff80: 00 00 00 00 00 00 00 00 00 00 00 00 00 00 00 00
  0x77b719800000: f1 f1 f1 f1 00 02 f2 f2 00 00 04 f2 f2 f2 f2 f2
  0x77b719800080: 00 00 00 00 00 00 00 00 00 00 00 00 00 00 00 00
=>0x77b719800100: 00 00 00 00 00 00 00 00 00 00 00[07]f2 f2 f2 f2
  0x77b719800180: f2 f2 f2 f2 00 00 00 00 00 00 00 00 00 00 00 00
  0x77b719800200: 00 00 00 00 00 00 00 00 00 00 00 00 00 00 00 00
  0x77b719800280: 00 00 00 00 f3 f3 f3 f3 f3 f3 f3 f3 00 00 00 00
  0x77b719800300: 00 00 00 00 00 00 00 00 00 00 00 00 00 00 00 00
  0x77b719800380: 00 00 00 00 00 00 00 00 00 00 00 00 00 00 00 00
Shadow byte legend (one shadow byte represents 8 application bytes):
  Addressable:           00
  Partially addressable: 01 02 03 04 05 06 07 
  Heap left redzone:       fa
  Freed heap region:       fd
  Stack left redzone:      f1
  Stack mid redzone:       f2
  Stack right redzone:     f3
  Stack after return:      f5
  Stack use after scope:   f8
  Global redzone:          f9
  Global init order:       f6
  Poisoned by user:        f7
  Container overflow:      fc
  Array cookie:            ac
  Intra object redzone:    bb
  ASan internal:           fe
  Left alloca redzone:     ca
  Right alloca redzone:    cb
==443355==ABORTING
