
=================================================================
==225006==ERROR: AddressSanitizer: stack-buffer-overflow on address 0x7017e8c00172 at pc 0x7017eb891ad0 bp 0x7fff89378310 sp 0x7fff89377a98
WRITE of size 256 at 0x7017e8c00172 thread T0
    #0 0x7017eb891acf in scanf_common ../../../../src/libsanitizer/sanitizer_common/sanitizer_common_interceptors_format.inc:342
    #1 0x7017eb8cd312 in __isoc99_vsscanf ../../../../src/libsanitizer/sanitizer_common/sanitizer_common_interceptors.inc:1493
    #2 0x7017eb8cdeab in __isoc99_sscanf ../../../../src/libsanitizer/sanitizer_common/sanitizer_common_interceptors.inc:1526
    #3 0x5bcfe4c0cef0 in read_log_entries samples/SAFE/__tmp_b88b56d2.c:61
    #4 0x5bcfe4c0dac0 in main samples/SAFE/__tmp_b88b56d2.c:115
    #5 0x7017eac2a1c9  (/lib/x86_64-linux-gnu/libc.so.6+0x2a1c9) (BuildId: 274eec488d230825a136fa9c4d85370fed7a0a5e)
    #6 0x7017eac2a28a in __libc_start_main (/lib/x86_64-linux-gnu/libc.so.6+0x2a28a) (BuildId: 274eec488d230825a136fa9c4d85370fed7a0a5e)
    #7 0x5bcfe4c0c3c4 in _start (/home/r84388172/Generating SAFE samples/samples/SAFE/__tmp_b88b56d2.c.san+0x43c4) (BuildId: cd8e715b9c07b986425fb77e4d40c0bf0dd04e44)

Address 0x7017e8c00172 is located in stack of thread T0 at offset 370 in frame
    #0 0x5bcfe4c0c872 in read_log_entries samples/SAFE/__tmp_b88b56d2.c:50

  This frame has 4 object(s):
    [48, 64) 'level_str' (line 58)
    [80, 100) 'timestamp' (line 57)
    [144, 370) 'message' (line 59)
    [448, 704) 'line' (line 51) <== Memory access at offset 370 partially underflows this variable
HINT: this may be a false positive if your program uses some custom stack unwind mechanism, swapcontext or vfork
      (longjmp and C++ exceptions *are* supported)
SUMMARY: AddressSanitizer: stack-buffer-overflow ../../../../src/libsanitizer/sanitizer_common/sanitizer_common_interceptors_format.inc:342 in scanf_common
Shadow bytes around the buggy address:
  0x7017e8bffe80: 00 00 00 00 00 00 00 00 00 00 00 00 00 00 00 00
  0x7017e8bfff00: 00 00 00 00 00 00 00 00 00 00 00 00 00 00 00 00
  0x7017e8bfff80: 00 00 00 00 00 00 00 00 00 00 00 00 00 00 00 00
  0x7017e8c00000: f1 f1 f1 f1 f1 f1 00 00 f2 f2 00 00 04 f2 f2 f2
  0x7017e8c00080: f2 f2 00 00 00 00 00 00 00 00 00 00 00 00 00 00
=>0x7017e8c00100: 00 00 00 00 00 00 00 00 00 00 00 00 00 00[02]f2
  0x7017e8c00180: f2 f2 f2 f2 f2 f2 f2 f2 00 00 00 00 00 00 00 00
  0x7017e8c00200: 00 00 00 00 00 00 00 00 00 00 00 00 00 00 00 00
  0x7017e8c00280: 00 00 00 00 00 00 00 00 f3 f3 f3 f3 f3 f3 f3 f3
  0x7017e8c00300: 00 00 00 00 00 00 00 00 00 00 00 00 00 00 00 00
  0x7017e8c00380: 00 00 00 00 00 00 00 00 00 00 00 00 00 00 00 00
Shadow byte legend (one shadow byte represents 8 application bytes):
  Addressable:           00
  Partially addressable: 01 02 03 04 05 06 07 
  Heap left redzone:       fa
  Freed heap region:       fd
  Stack left redzone:      f1
  Stack mid redzone:       f2
  Stack right redzone:     f3
  Stack after return:      f5
  Stack use after scope:   f8
  Global redzone:          f9
  Global init order:       f6
  Poisoned by user:        f7
  Container overflow:      fc
  Array cookie:            ac
  Intra object redzone:    bb
  ASan internal:           fe
  Left alloca redzone:     ca
  Right alloca redzone:    cb
==225006==ABORTING
