
AddressSanitizer:DEADLYSIGNAL
=================================================================
==26136==ERROR: AddressSanitizer: stack-overflow on address 0x7fffa6896ff8 (pc 0x607709f2a3d1 bp 0x7fffa6897000 sp 0x7fffa6897000 T0)
    #0 0x607709f2a3d1 in compress_chunk samples/SAFE/__tmp_3671f485.c:14
    #1 0x607709f2a410 in compress_chunk samples/SAFE/__tmp_3671f485.c:29
    #2 0x607709f2a410 in compress_chunk samples/SAFE/__tmp_3671f485.c:29
    #3 0x607709f2a410 in compress_chunk samples/SAFE/__tmp_3671f485.c:29
    #4 0x607709f2a410 in compress_chunk samples/SAFE/__tmp_3671f485.c:29
    #5 0x607709f2a410 in compress_chunk samples/SAFE/__tmp_3671f485.c:29
    #6 0x607709f2a410 in compress_chunk samples/SAFE/__tmp_3671f485.c:29
    #7 0x607709f2a410 in compress_chunk samples/SAFE/__tmp_3671f485.c:29
    #8 0x607709f2a410 in compress_chunk samples/SAFE/__tmp_3671f485.c:29
    #9 0x607709f2a410 in compress_chunk samples/SAFE/__tmp_3671f485.c:29
    #10 0x607709f2a410 in compress_chunk samples/SAFE/__tmp_3671f485.c:29
    #11 0x607709f2a410 in compress_chunk samples/SAFE/__tmp_3671f485.c:29
    #12 0x607709f2a410 in compress_chunk samples/SAFE/__tmp_3671f485.c:29
    #13 0x607709f2a410 in compress_chunk samples/SAFE/__tmp_3671f485.c:29
    #14 0x607709f2a410 in compress_chunk samples/SAFE/__tmp_3671f485.c:29
    #15 0x607709f2a410 in compress_chunk samples/SAFE/__tmp_3671f485.c:29
    #16 0x607709f2a410 in compress_chunk samples/SAFE/__tmp_3671f485.c:29
    #17 0x607709f2a410 in compress_chunk samples/SAFE/__tmp_3671f485.c:29
    #18 0x607709f2a410 in compress_chunk samples/SAFE/__tmp_3671f485.c:29
    #19 0x607709f2a410 in compress_chunk samples/SAFE/__tmp_3671f485.c:29
    #20 0x607709f2a410 in compress_chunk samples/SAFE/__tmp_3671f485.c:29
    #21 0x607709f2a410 in compress_chunk samples/SAFE/__tmp_3671f485.c:29
    #22 0x607709f2a410 in compress_chunk samples/SAFE/__tmp_3671f485.c:29
    #23 0x607709f2a410 in compress_chunk samples/SAFE/__tmp_3671f485.c:29
    #24 0x607709f2a410 in compress_chunk samples/SAFE/__tmp_3671f485.c:29
    #25 0x607709f2a410 in compress_chunk samples/SAFE/__tmp_3671f485.c:29
    #26 0x607709f2a410 in compress_chunk samples/SAFE/__tmp_3671f485.c:29
    #27 0x607709f2a410 in compress_chunk samples/SAFE/__tmp_3671f485.c:29
    #28 0x607709f2a410 in compress_chunk samples/SAFE/__tmp_3671f485.c:29
    #29 0x607709f2a410 in compress_chunk samples/SAFE/__tmp_3671f485.c:29
    #30 0x607709f2a410 in compress_chunk samples/SAFE/__tmp_3671f485.c:29
    #31 0x607709f2a410 in compress_chunk samples/SAFE/__tmp_3671f485.c:29
    #32 0x607709f2a410 in compress_chunk samples/SAFE/__tmp_3671f485.c:29
    #33 0x607709f2a410 in compress_chunk samples/SAFE/__tmp_3671f485.c:29
    #34 0x607709f2a410 in compress_chunk samples/SAFE/__tmp_3671f485.c:29
    #35 0x607709f2a410 in compress_chunk samples/SAFE/__tmp_3671f485.c:29
    #36 0x607709f2a410 in compress_chunk samples/SAFE/__tmp_3671f485.c:29
    #37 0x607709f2a410 in compress_chunk samples/SAFE/__tmp_3671f485.c:29
    #38 0x607709f2a410 in compress_chunk samples/SAFE/__tmp_3671f485.c:29
    #39 0x607709f2a410 in compress_chunk samples/SAFE/__tmp_3671f485.c:29
    #40 0x607709f2a410 in compress_chunk samples/SAFE/__tmp_3671f485.c:29
    #41 0x607709f2a410 in compress_chunk samples/SAFE/__tmp_3671f485.c:29
    #42 0x607709f2a410 in compress_chunk samples/SAFE/__tmp_3671f485.c:29
    #43 0x607709f2a410 in compress_chunk samples/SAFE/__tmp_3671f485.c:29
    #44 0x607709f2a410 in compress_chunk samples/SAFE/__tmp_3671f485.c:29
    #45 0x607709f2a410 in compress_chunk samples/SAFE/__tmp_3671f485.c:29
    #46 0x607709f2a410 in compress_chunk samples/SAFE/__tmp_3671f485.c:29
    #47 0x607709f2a410 in compress_chunk samples/SAFE/__tmp_3671f485.c:29
    #48 0x607709f2a410 in compress_chunk samples/SAFE/__tmp_3671f485.c:29
    #49 0x607709f2a410 in compress_chunk samples/SAFE/__tmp_3671f485.c:29
    #50 0x607709f2a410 in compress_chunk samples/SAFE/__tmp_3671f485.c:29
    #51 0x607709f2a410 in compress_chunk samples/SAFE/__tmp_3671f485.c:29
    #52 0x607709f2a410 in compress_chunk samples/SAFE/__tmp_3671f485.c:29
    #53 0x607709f2a410 in compress_chunk samples/SAFE/__tmp_3671f485.c:29
    #54 0x607709f2a410 in compress_chunk samples/SAFE/__tmp_3671f485.c:29
    #55 0x607709f2a410 in compress_chunk samples/SAFE/__tmp_3671f485.c:29
    #56 0x607709f2a410 in compress_chunk samples/SAFE/__tmp_3671f485.c:29
    #57 0x607709f2a410 in compress_chunk samples/SAFE/__tmp_3671f485.c:29
    #58 0x607709f2a410 in compress_chunk samples/SAFE/__tmp_3671f485.c:29
    #59 0x607709f2a410 in compress_chunk samples/SAFE/__tmp_3671f485.c:29
    #60 0x607709f2a410 in compress_chunk samples/SAFE/__tmp_3671f485.c:29
    #61 0x607709f2a410 in compress_chunk samples/SAFE/__tmp_3671f485.c:29
    #62 0x607709f2a410 in compress_chunk samples/SAFE/__tmp_3671f485.c:29
    #63 0x607709f2a410 in compress_chunk samples/SAFE/__tmp_3671f485.c:29
    #64 0x607709f2a410 in compress_chunk samples/SAFE/__tmp_3671f485.c:29
    #65 0x607709f2a410 in compress_chunk samples/SAFE/__tmp_3671f485.c:29
    #66 0x607709f2a410 in compress_chunk samples/SAFE/__tmp_3671f485.c:29
    #67 0x607709f2a410 in compress_chunk samples/SAFE/__tmp_3671f485.c:29
    #68 0x607709f2a410 in compress_chunk samples/SAFE/__tmp_3671f485.c:29
    #69 0x607709f2a410 in compress_chunk samples/SAFE/__tmp_3671f485.c:29
    #70 0x607709f2a410 in compress_chunk samples/SAFE/__tmp_3671f485.c:29
    #71 0x607709f2a410 in compress_chunk samples/SAFE/__tmp_3671f485.c:29
    #72 0x607709f2a410 in compress_chunk samples/SAFE/__tmp_3671f485.c:29
    #73 0x607709f2a410 in compress_chunk samples/SAFE/__tmp_3671f485.c:29
    #74 0x607709f2a410 in compress_chunk samples/SAFE/__tmp_3671f485.c:29
    #75 0x607709f2a410 in compress_chunk samples/SAFE/__tmp_3671f485.c:29
    #76 0x607709f2a410 in compress_chunk samples/SAFE/__tmp_3671f485.c:29
    #77 0x607709f2a410 in compress_chunk samples/SAFE/__tmp_3671f485.c:29
    #78 0x607709f2a410 in compress_chunk samples/SAFE/__tmp_3671f485.c:29
    #79 0x607709f2a410 in compress_chunk samples/SAFE/__tmp_3671f485.c:29
    #80 0x607709f2a410 in compress_chunk samples/SAFE/__tmp_3671f485.c:29
    #81 0x607709f2a410 in compress_chunk samples/SAFE/__tmp_3671f485.c:29
    #82 0x607709f2a410 in compress_chunk samples/SAFE/__tmp_3671f485.c:29
    #83 0x607709f2a410 in compress_chunk samples/SAFE/__tmp_3671f485.c:29
    #84 0x607709f2a410 in compress_chunk samples/SAFE/__tmp_3671f485.c:29
    #85 0x607709f2a410 in compress_chunk samples/SAFE/__tmp_3671f485.c:29
    #86 0x607709f2a410 in compress_chunk samples/SAFE/__tmp_3671f485.c:29
    #87 0x607709f2a410 in compress_chunk samples/SAFE/__tmp_3671f485.c:29
    #88 0x607709f2a410 in compress_chunk samples/SAFE/__tmp_3671f485.c:29
    #89 0x607709f2a410 in compress_chunk samples/SAFE/__tmp_3671f485.c:29
    #90 0x607709f2a410 in compress_chunk samples/SAFE/__tmp_3671f485.c:29
    #91 0x607709f2a410 in compress_chunk samples/SAFE/__tmp_3671f485.c:29
    #92 0x607709f2a410 in compress_chunk samples/SAFE/__tmp_3671f485.c:29
    #93 0x607709f2a410 in compress_chunk samples/SAFE/__tmp_3671f485.c:29
    #94 0x607709f2a410 in compress_chunk samples/SAFE/__tmp_3671f485.c:29
    #95 0x607709f2a410 in compress_chunk samples/SAFE/__tmp_3671f485.c:29
    #96 0x607709f2a410 in compress_chunk samples/SAFE/__tmp_3671f485.c:29
    #97 0x607709f2a410 in compress_chunk samples/SAFE/__tmp_3671f485.c:29
    #98 0x607709f2a410 in compress_chunk samples/SAFE/__tmp_3671f485.c:29
    #99 0x607709f2a410 in compress_chunk samples/SAFE/__tmp_3671f485.c:29
    #100 0x607709f2a410 in compress_chunk samples/SAFE/__tmp_3671f485.c:29
    #101 0x607709f2a410 in compress_chunk samples/SAFE/__tmp_3671f485.c:29
    #102 0x607709f2a410 in compress_chunk samples/SAFE/__tmp_3671f485.c:29
    #103 0x607709f2a410 in compress_chunk samples/SAFE/__tmp_3671f485.c:29
    #104 0x607709f2a410 in compress_chunk samples/SAFE/__tmp_3671f485.c:29
    #105 0x607709f2a410 in compress_chunk samples/SAFE/__tmp_3671f485.c:29
    #106 0x607709f2a410 in compress_chunk samples/SAFE/__tmp_3671f485.c:29
    #107 0x607709f2a410 in compress_chunk samples/SAFE/__tmp_3671f485.c:29
    #108 0x607709f2a410 in compress_chunk samples/SAFE/__tmp_3671f485.c:29
    #109 0x607709f2a410 in compress_chunk samples/SAFE/__tmp_3671f485.c:29
    #110 0x607709f2a410 in compress_chunk samples/SAFE/__tmp_3671f485.c:29
    #111 0x607709f2a410 in compress_chunk samples/SAFE/__tmp_3671f485.c:29
    #112 0x607709f2a410 in compress_chunk samples/SAFE/__tmp_3671f485.c:29
    #113 0x607709f2a410 in compress_chunk samples/SAFE/__tmp_3671f485.c:29
    #114 0x607709f2a410 in compress_chunk samples/SAFE/__tmp_3671f485.c:29
    #115 0x607709f2a410 in compress_chunk samples/SAFE/__tmp_3671f485.c:29
    #116 0x607709f2a410 in compress_chunk samples/SAFE/__tmp_3671f485.c:29
    #117 0x607709f2a410 in compress_chunk samples/SAFE/__tmp_3671f485.c:29
    #118 0x607709f2a410 in compress_chunk samples/SAFE/__tmp_3671f485.c:29
    #119 0x607709f2a410 in compress_chunk samples/SAFE/__tmp_3671f485.c:29
    #120 0x607709f2a410 in compress_chunk samples/SAFE/__tmp_3671f485.c:29
    #121 0x607709f2a410 in compress_chunk samples/SAFE/__tmp_3671f485.c:29
    #122 0x607709f2a410 in compress_chunk samples/SAFE/__tmp_3671f485.c:29
    #123 0x607709f2a410 in compress_chunk samples/SAFE/__tmp_3671f485.c:29
    #124 0x607709f2a410 in compress_chunk samples/SAFE/__tmp_3671f485.c:29
    #125 0x607709f2a410 in compress_chunk samples/SAFE/__tmp_3671f485.c:29
    #126 0x607709f2a410 in compress_chunk samples/SAFE/__tmp_3671f485.c:29
    #127 0x607709f2a410 in compress_chunk samples/SAFE/__tmp_3671f485.c:29
    #128 0x607709f2a410 in compress_chunk samples/SAFE/__tmp_3671f485.c:29
    #129 0x607709f2a410 in compress_chunk samples/SAFE/__tmp_3671f485.c:29
    #130 0x607709f2a410 in compress_chunk samples/SAFE/__tmp_3671f485.c:29
    #131 0x607709f2a410 in compress_chunk samples/SAFE/__tmp_3671f485.c:29
    #132 0x607709f2a410 in compress_chunk samples/SAFE/__tmp_3671f485.c:29
    #133 0x607709f2a410 in compress_chunk samples/SAFE/__tmp_3671f485.c:29
    #134 0x607709f2a410 in compress_chunk samples/SAFE/__tmp_3671f485.c:29
    #135 0x607709f2a410 in compress_chunk samples/SAFE/__tmp_3671f485.c:29
    #136 0x607709f2a410 in compress_chunk samples/SAFE/__tmp_3671f485.c:29
    #137 0x607709f2a410 in compress_chunk samples/SAFE/__tmp_3671f485.c:29
    #138 0x607709f2a410 in compress_chunk samples/SAFE/__tmp_3671f485.c:29
    #139 0x607709f2a410 in compress_chunk samples/SAFE/__tmp_3671f485.c:29
    #140 0x607709f2a410 in compress_chunk samples/SAFE/__tmp_3671f485.c:29
    #141 0x607709f2a410 in compress_chunk samples/SAFE/__tmp_3671f485.c:29
    #142 0x607709f2a410 in compress_chunk samples/SAFE/__tmp_3671f485.c:29
    #143 0x607709f2a410 in compress_chunk samples/SAFE/__tmp_3671f485.c:29
    #144 0x607709f2a410 in compress_chunk samples/SAFE/__tmp_3671f485.c:29
    #145 0x607709f2a410 in compress_chunk samples/SAFE/__tmp_3671f485.c:29
    #146 0x607709f2a410 in compress_chunk samples/SAFE/__tmp_3671f485.c:29
    #147 0x607709f2a410 in compress_chunk samples/SAFE/__tmp_3671f485.c:29
    #148 0x607709f2a410 in compress_chunk samples/SAFE/__tmp_3671f485.c:29
    #149 0x607709f2a410 in compress_chunk samples/SAFE/__tmp_3671f485.c:29
    #150 0x607709f2a410 in compress_chunk samples/SAFE/__tmp_3671f485.c:29
    #151 0x607709f2a410 in compress_chunk samples/SAFE/__tmp_3671f485.c:29
    #152 0x607709f2a410 in compress_chunk samples/SAFE/__tmp_3671f485.c:29
    #153 0x607709f2a410 in compress_chunk samples/SAFE/__tmp_3671f485.c:29
    #154 0x607709f2a410 in compress_chunk samples/SAFE/__tmp_3671f485.c:29
    #155 0x607709f2a410 in compress_chunk samples/SAFE/__tmp_3671f485.c:29
    #156 0x607709f2a410 in compress_chunk samples/SAFE/__tmp_3671f485.c:29
    #157 0x607709f2a410 in compress_chunk samples/SAFE/__tmp_3671f485.c:29
    #158 0x607709f2a410 in compress_chunk samples/SAFE/__tmp_3671f485.c:29
    #159 0x607709f2a410 in compress_chunk samples/SAFE/__tmp_3671f485.c:29
    #160 0x607709f2a410 in compress_chunk samples/SAFE/__tmp_3671f485.c:29
    #161 0x607709f2a410 in compress_chunk samples/SAFE/__tmp_3671f485.c:29
    #162 0x607709f2a410 in compress_chunk samples/SAFE/__tmp_3671f485.c:29
    #163 0x607709f2a410 in compress_chunk samples/SAFE/__tmp_3671f485.c:29
    #164 0x607709f2a410 in compress_chunk samples/SAFE/__tmp_3671f485.c:29
    #165 0x607709f2a410 in compress_chunk samples/SAFE/__tmp_3671f485.c:29
    #166 0x607709f2a410 in compress_chunk samples/SAFE/__tmp_3671f485.c:29
    #167 0x607709f2a410 in compress_chunk samples/SAFE/__tmp_3671f485.c:29
    #168 0x607709f2a410 in compress_chunk samples/SAFE/__tmp_3671f485.c:29
    #169 0x607709f2a410 in compress_chunk samples/SAFE/__tmp_3671f485.c:29
    #170 0x607709f2a410 in compress_chunk samples/SAFE/__tmp_3671f485.c:29
    #171 0x607709f2a410 in compress_chunk samples/SAFE/__tmp_3671f485.c:29
    #172 0x607709f2a410 in compress_chunk samples/SAFE/__tmp_3671f485.c:29
    #173 0x607709f2a410 in compress_chunk samples/SAFE/__tmp_3671f485.c:29
    #174 0x607709f2a410 in compress_chunk samples/SAFE/__tmp_3671f485.c:29
    #175 0x607709f2a410 in compress_chunk samples/SAFE/__tmp_3671f485.c:29
    #176 0x607709f2a410 in compress_chunk samples/SAFE/__tmp_3671f485.c:29
    #177 0x607709f2a410 in compress_chunk samples/SAFE/__tmp_3671f485.c:29
    #178 0x607709f2a410 in compress_chunk samples/SAFE/__tmp_3671f485.c:29
    #179 0x607709f2a410 in compress_chunk samples/SAFE/__tmp_3671f485.c:29
    #180 0x607709f2a410 in compress_chunk samples/SAFE/__tmp_3671f485.c:29
    #181 0x607709f2a410 in compress_chunk samples/SAFE/__tmp_3671f485.c:29
    #182 0x607709f2a410 in compress_chunk samples/SAFE/__tmp_3671f485.c:29
    #183 0x607709f2a410 in compress_chunk samples/SAFE/__tmp_3671f485.c:29
    #184 0x607709f2a410 in compress_chunk samples/SAFE/__tmp_3671f485.c:29
    #185 0x607709f2a410 in compress_chunk samples/SAFE/__tmp_3671f485.c:29
    #186 0x607709f2a410 in compress_chunk samples/SAFE/__tmp_3671f485.c:29
    #187 0x607709f2a410 in compress_chunk samples/SAFE/__tmp_3671f485.c:29
    #188 0x607709f2a410 in compress_chunk samples/SAFE/__tmp_3671f485.c:29
    #189 0x607709f2a410 in compress_chunk samples/SAFE/__tmp_3671f485.c:29
    #190 0x607709f2a410 in compress_chunk samples/SAFE/__tmp_3671f485.c:29
    #191 0x607709f2a410 in compress_chunk samples/SAFE/__tmp_3671f485.c:29
    #192 0x607709f2a410 in compress_chunk samples/SAFE/__tmp_3671f485.c:29
    #193 0x607709f2a410 in compress_chunk samples/SAFE/__tmp_3671f485.c:29
    #194 0x607709f2a410 in compress_chunk samples/SAFE/__tmp_3671f485.c:29
    #195 0x607709f2a410 in compress_chunk samples/SAFE/__tmp_3671f485.c:29
    #196 0x607709f2a410 in compress_chunk samples/SAFE/__tmp_3671f485.c:29
    #197 0x607709f2a410 in compress_chunk samples/SAFE/__tmp_3671f485.c:29
    #198 0x607709f2a410 in compress_chunk samples/SAFE/__tmp_3671f485.c:29
    #199 0x607709f2a410 in compress_chunk samples/SAFE/__tmp_3671f485.c:29
    #200 0x607709f2a410 in compress_chunk samples/SAFE/__tmp_3671f485.c:29
    #201 0x607709f2a410 in compress_chunk samples/SAFE/__tmp_3671f485.c:29
    #202 0x607709f2a410 in compress_chunk samples/SAFE/__tmp_3671f485.c:29
    #203 0x607709f2a410 in compress_chunk samples/SAFE/__tmp_3671f485.c:29
    #204 0x607709f2a410 in compress_chunk samples/SAFE/__tmp_3671f485.c:29
    #205 0x607709f2a410 in compress_chunk samples/SAFE/__tmp_3671f485.c:29
    #206 0x607709f2a410 in compress_chunk samples/SAFE/__tmp_3671f485.c:29
    #207 0x607709f2a410 in compress_chunk samples/SAFE/__tmp_3671f485.c:29
    #208 0x607709f2a410 in compress_chunk samples/SAFE/__tmp_3671f485.c:29
    #209 0x607709f2a410 in compress_chunk samples/SAFE/__tmp_3671f485.c:29
    #210 0x607709f2a410 in compress_chunk samples/SAFE/__tmp_3671f485.c:29
    #211 0x607709f2a410 in compress_chunk samples/SAFE/__tmp_3671f485.c:29
    #212 0x607709f2a410 in compress_chunk samples/SAFE/__tmp_3671f485.c:29
    #213 0x607709f2a410 in compress_chunk samples/SAFE/__tmp_3671f485.c:29
    #214 0x607709f2a410 in compress_chunk samples/SAFE/__tmp_3671f485.c:29
    #215 0x607709f2a410 in compress_chunk samples/SAFE/__tmp_3671f485.c:29
    #216 0x607709f2a410 in compress_chunk samples/SAFE/__tmp_3671f485.c:29
    #217 0x607709f2a410 in compress_chunk samples/SAFE/__tmp_3671f485.c:29
    #218 0x607709f2a410 in compress_chunk samples/SAFE/__tmp_3671f485.c:29
    #219 0x607709f2a410 in compress_chunk samples/SAFE/__tmp_3671f485.c:29
    #220 0x607709f2a410 in compress_chunk samples/SAFE/__tmp_3671f485.c:29
    #221 0x607709f2a410 in compress_chunk samples/SAFE/__tmp_3671f485.c:29
    #222 0x607709f2a410 in compress_chunk samples/SAFE/__tmp_3671f485.c:29
    #223 0x607709f2a410 in compress_chunk samples/SAFE/__tmp_3671f485.c:29
    #224 0x607709f2a410 in compress_chunk samples/SAFE/__tmp_3671f485.c:29
    #225 0x607709f2a410 in compress_chunk samples/SAFE/__tmp_3671f485.c:29
    #226 0x607709f2a410 in compress_chunk samples/SAFE/__tmp_3671f485.c:29
    #227 0x607709f2a410 in compress_chunk samples/SAFE/__tmp_3671f485.c:29
    #228 0x607709f2a410 in compress_chunk samples/SAFE/__tmp_3671f485.c:29
    #229 0x607709f2a410 in compress_chunk samples/SAFE/__tmp_3671f485.c:29
    #230 0x607709f2a410 in compress_chunk samples/SAFE/__tmp_3671f485.c:29
    #231 0x607709f2a410 in compress_chunk samples/SAFE/__tmp_3671f485.c:29
    #232 0x607709f2a410 in compress_chunk samples/SAFE/__tmp_3671f485.c:29
    #233 0x607709f2a410 in compress_chunk samples/SAFE/__tmp_3671f485.c:29
    #234 0x607709f2a410 in compress_chunk samples/SAFE/__tmp_3671f485.c:29
    #235 0x607709f2a410 in compress_chunk samples/SAFE/__tmp_3671f485.c:29
    #236 0x607709f2a410 in compress_chunk samples/SAFE/__tmp_3671f485.c:29
    #237 0x607709f2a410 in compress_chunk samples/SAFE/__tmp_3671f485.c:29
    #238 0x607709f2a410 in compress_chunk samples/SAFE/__tmp_3671f485.c:29
    #239 0x607709f2a410 in compress_chunk samples/SAFE/__tmp_3671f485.c:29
    #240 0x607709f2a410 in compress_chunk samples/SAFE/__tmp_3671f485.c:29
    #241 0x607709f2a410 in compress_chunk samples/SAFE/__tmp_3671f485.c:29
    #242 0x607709f2a410 in compress_chunk samples/SAFE/__tmp_3671f485.c:29
    #243 0x607709f2a410 in compress_chunk samples/SAFE/__tmp_3671f485.c:29
    #244 0x607709f2a410 in compress_chunk samples/SAFE/__tmp_3671f485.c:29
    #245 0x607709f2a410 in compress_chunk samples/SAFE/__tmp_3671f485.c:29
    #246 0x607709f2a410 in compress_chunk samples/SAFE/__tmp_3671f485.c:29

SUMMARY: AddressSanitizer: stack-overflow samples/SAFE/__tmp_3671f485.c:14 in compress_chunk
==26136==ABORTING
