
AddressSanitizer:DEADLYSIGNAL
=================================================================
==29184==ERROR: AddressSanitizer: stack-overflow on address 0x7ffe1fd5eff8 (pc 0x5c8dac08e58a bp 0x7ffe1fd5f010 sp 0x7ffe1fd5f000 T0)
    #0 0x5c8dac08e58a in handle_read_char samples/SAFE/__tmp_693c3ea1.c:36
    #1 0x5c8dac08ebf1 in process_state_machine samples/SAFE/__tmp_693c3ea1.c:82
    #2 0x5c8dac08ec7a in process_state_machine samples/SAFE/__tmp_693c3ea1.c:96
    #3 0x5c8dac08ec7a in process_state_machine samples/SAFE/__tmp_693c3ea1.c:96
    #4 0x5c8dac08ec7a in process_state_machine samples/SAFE/__tmp_693c3ea1.c:96
    #5 0x5c8dac08ec7a in process_state_machine samples/SAFE/__tmp_693c3ea1.c:96
    #6 0x5c8dac08ec7a in process_state_machine samples/SAFE/__tmp_693c3ea1.c:96
    #7 0x5c8dac08ec7a in process_state_machine samples/SAFE/__tmp_693c3ea1.c:96
    #8 0x5c8dac08ec7a in process_state_machine samples/SAFE/__tmp_693c3ea1.c:96
    #9 0x5c8dac08ec7a in process_state_machine samples/SAFE/__tmp_693c3ea1.c:96
    #10 0x5c8dac08ec7a in process_state_machine samples/SAFE/__tmp_693c3ea1.c:96
    #11 0x5c8dac08ec7a in process_state_machine samples/SAFE/__tmp_693c3ea1.c:96
    #12 0x5c8dac08ec7a in process_state_machine samples/SAFE/__tmp_693c3ea1.c:96
    #13 0x5c8dac08ec7a in process_state_machine samples/SAFE/__tmp_693c3ea1.c:96
    #14 0x5c8dac08ec7a in process_state_machine samples/SAFE/__tmp_693c3ea1.c:96
    #15 0x5c8dac08ec7a in process_state_machine samples/SAFE/__tmp_693c3ea1.c:96
    #16 0x5c8dac08ec7a in process_state_machine samples/SAFE/__tmp_693c3ea1.c:96
    #17 0x5c8dac08ec7a in process_state_machine samples/SAFE/__tmp_693c3ea1.c:96
    #18 0x5c8dac08ec7a in process_state_machine samples/SAFE/__tmp_693c3ea1.c:96
    #19 0x5c8dac08ec7a in process_state_machine samples/SAFE/__tmp_693c3ea1.c:96
    #20 0x5c8dac08ec7a in process_state_machine samples/SAFE/__tmp_693c3ea1.c:96
    #21 0x5c8dac08ec7a in process_state_machine samples/SAFE/__tmp_693c3ea1.c:96
    #22 0x5c8dac08ec7a in process_state_machine samples/SAFE/__tmp_693c3ea1.c:96
    #23 0x5c8dac08ec7a in process_state_machine samples/SAFE/__tmp_693c3ea1.c:96
    #24 0x5c8dac08ec7a in process_state_machine samples/SAFE/__tmp_693c3ea1.c:96
    #25 0x5c8dac08ec7a in process_state_machine samples/SAFE/__tmp_693c3ea1.c:96
    #26 0x5c8dac08ec7a in process_state_machine samples/SAFE/__tmp_693c3ea1.c:96
    #27 0x5c8dac08ec7a in process_state_machine samples/SAFE/__tmp_693c3ea1.c:96
    #28 0x5c8dac08ec7a in process_state_machine samples/SAFE/__tmp_693c3ea1.c:96
    #29 0x5c8dac08ec7a in process_state_machine samples/SAFE/__tmp_693c3ea1.c:96
    #30 0x5c8dac08ec7a in process_state_machine samples/SAFE/__tmp_693c3ea1.c:96
    #31 0x5c8dac08ec7a in process_state_machine samples/SAFE/__tmp_693c3ea1.c:96
    #32 0x5c8dac08ec7a in process_state_machine samples/SAFE/__tmp_693c3ea1.c:96
    #33 0x5c8dac08ec7a in process_state_machine samples/SAFE/__tmp_693c3ea1.c:96
    #34 0x5c8dac08ec7a in process_state_machine samples/SAFE/__tmp_693c3ea1.c:96
    #35 0x5c8dac08ec7a in process_state_machine samples/SAFE/__tmp_693c3ea1.c:96
    #36 0x5c8dac08ec7a in process_state_machine samples/SAFE/__tmp_693c3ea1.c:96
    #37 0x5c8dac08ec7a in process_state_machine samples/SAFE/__tmp_693c3ea1.c:96
    #38 0x5c8dac08ec7a in process_state_machine samples/SAFE/__tmp_693c3ea1.c:96
    #39 0x5c8dac08ec7a in process_state_machine samples/SAFE/__tmp_693c3ea1.c:96
    #40 0x5c8dac08ec7a in process_state_machine samples/SAFE/__tmp_693c3ea1.c:96
    #41 0x5c8dac08ec7a in process_state_machine samples/SAFE/__tmp_693c3ea1.c:96
    #42 0x5c8dac08ec7a in process_state_machine samples/SAFE/__tmp_693c3ea1.c:96
    #43 0x5c8dac08ec7a in process_state_machine samples/SAFE/__tmp_693c3ea1.c:96
    #44 0x5c8dac08ec7a in process_state_machine samples/SAFE/__tmp_693c3ea1.c:96
    #45 0x5c8dac08ec7a in process_state_machine samples/SAFE/__tmp_693c3ea1.c:96
    #46 0x5c8dac08ec7a in process_state_machine samples/SAFE/__tmp_693c3ea1.c:96
    #47 0x5c8dac08ec7a in process_state_machine samples/SAFE/__tmp_693c3ea1.c:96
    #48 0x5c8dac08ec7a in process_state_machine samples/SAFE/__tmp_693c3ea1.c:96
    #49 0x5c8dac08ec7a in process_state_machine samples/SAFE/__tmp_693c3ea1.c:96
    #50 0x5c8dac08ec7a in process_state_machine samples/SAFE/__tmp_693c3ea1.c:96
    #51 0x5c8dac08ec7a in process_state_machine samples/SAFE/__tmp_693c3ea1.c:96
    #52 0x5c8dac08ec7a in process_state_machine samples/SAFE/__tmp_693c3ea1.c:96
    #53 0x5c8dac08ec7a in process_state_machine samples/SAFE/__tmp_693c3ea1.c:96
    #54 0x5c8dac08ec7a in process_state_machine samples/SAFE/__tmp_693c3ea1.c:96
    #55 0x5c8dac08ec7a in process_state_machine samples/SAFE/__tmp_693c3ea1.c:96
    #56 0x5c8dac08ec7a in process_state_machine samples/SAFE/__tmp_693c3ea1.c:96
    #57 0x5c8dac08ec7a in process_state_machine samples/SAFE/__tmp_693c3ea1.c:96
    #58 0x5c8dac08ec7a in process_state_machine samples/SAFE/__tmp_693c3ea1.c:96
    #59 0x5c8dac08ec7a in process_state_machine samples/SAFE/__tmp_693c3ea1.c:96
    #60 0x5c8dac08ec7a in process_state_machine samples/SAFE/__tmp_693c3ea1.c:96
    #61 0x5c8dac08ec7a in process_state_machine samples/SAFE/__tmp_693c3ea1.c:96
    #62 0x5c8dac08ec7a in process_state_machine samples/SAFE/__tmp_693c3ea1.c:96
    #63 0x5c8dac08ec7a in process_state_machine samples/SAFE/__tmp_693c3ea1.c:96
    #64 0x5c8dac08ec7a in process_state_machine samples/SAFE/__tmp_693c3ea1.c:96
    #65 0x5c8dac08ec7a in process_state_machine samples/SAFE/__tmp_693c3ea1.c:96
    #66 0x5c8dac08ec7a in process_state_machine samples/SAFE/__tmp_693c3ea1.c:96
    #67 0x5c8dac08ec7a in process_state_machine samples/SAFE/__tmp_693c3ea1.c:96
    #68 0x5c8dac08ec7a in process_state_machine samples/SAFE/__tmp_693c3ea1.c:96
    #69 0x5c8dac08ec7a in process_state_machine samples/SAFE/__tmp_693c3ea1.c:96
    #70 0x5c8dac08ec7a in process_state_machine samples/SAFE/__tmp_693c3ea1.c:96
    #71 0x5c8dac08ec7a in process_state_machine samples/SAFE/__tmp_693c3ea1.c:96
    #72 0x5c8dac08ec7a in process_state_machine samples/SAFE/__tmp_693c3ea1.c:96
    #73 0x5c8dac08ec7a in process_state_machine samples/SAFE/__tmp_693c3ea1.c:96
    #74 0x5c8dac08ec7a in process_state_machine samples/SAFE/__tmp_693c3ea1.c:96
    #75 0x5c8dac08ec7a in process_state_machine samples/SAFE/__tmp_693c3ea1.c:96
    #76 0x5c8dac08ec7a in process_state_machine samples/SAFE/__tmp_693c3ea1.c:96
    #77 0x5c8dac08ec7a in process_state_machine samples/SAFE/__tmp_693c3ea1.c:96
    #78 0x5c8dac08ec7a in process_state_machine samples/SAFE/__tmp_693c3ea1.c:96
    #79 0x5c8dac08ec7a in process_state_machine samples/SAFE/__tmp_693c3ea1.c:96
    #80 0x5c8dac08ec7a in process_state_machine samples/SAFE/__tmp_693c3ea1.c:96
    #81 0x5c8dac08ec7a in process_state_machine samples/SAFE/__tmp_693c3ea1.c:96
    #82 0x5c8dac08ec7a in process_state_machine samples/SAFE/__tmp_693c3ea1.c:96
    #83 0x5c8dac08ec7a in process_state_machine samples/SAFE/__tmp_693c3ea1.c:96
    #84 0x5c8dac08ec7a in process_state_machine samples/SAFE/__tmp_693c3ea1.c:96
    #85 0x5c8dac08ec7a in process_state_machine samples/SAFE/__tmp_693c3ea1.c:96
    #86 0x5c8dac08ec7a in process_state_machine samples/SAFE/__tmp_693c3ea1.c:96
    #87 0x5c8dac08ec7a in process_state_machine samples/SAFE/__tmp_693c3ea1.c:96
    #88 0x5c8dac08ec7a in process_state_machine samples/SAFE/__tmp_693c3ea1.c:96
    #89 0x5c8dac08ec7a in process_state_machine samples/SAFE/__tmp_693c3ea1.c:96
    #90 0x5c8dac08ec7a in process_state_machine samples/SAFE/__tmp_693c3ea1.c:96
    #91 0x5c8dac08ec7a in process_state_machine samples/SAFE/__tmp_693c3ea1.c:96
    #92 0x5c8dac08ec7a in process_state_machine samples/SAFE/__tmp_693c3ea1.c:96
    #93 0x5c8dac08ec7a in process_state_machine samples/SAFE/__tmp_693c3ea1.c:96
    #94 0x5c8dac08ec7a in process_state_machine samples/SAFE/__tmp_693c3ea1.c:96
    #95 0x5c8dac08ec7a in process_state_machine samples/SAFE/__tmp_693c3ea1.c:96
    #96 0x5c8dac08ec7a in process_state_machine samples/SAFE/__tmp_693c3ea1.c:96
    #97 0x5c8dac08ec7a in process_state_machine samples/SAFE/__tmp_693c3ea1.c:96
    #98 0x5c8dac08ec7a in process_state_machine samples/SAFE/__tmp_693c3ea1.c:96
    #99 0x5c8dac08ec7a in process_state_machine samples/SAFE/__tmp_693c3ea1.c:96
    #100 0x5c8dac08ec7a in process_state_machine samples/SAFE/__tmp_693c3ea1.c:96
    #101 0x5c8dac08ec7a in process_state_machine samples/SAFE/__tmp_693c3ea1.c:96
    #102 0x5c8dac08ec7a in process_state_machine samples/SAFE/__tmp_693c3ea1.c:96
    #103 0x5c8dac08ec7a in process_state_machine samples/SAFE/__tmp_693c3ea1.c:96
    #104 0x5c8dac08ec7a in process_state_machine samples/SAFE/__tmp_693c3ea1.c:96
    #105 0x5c8dac08ec7a in process_state_machine samples/SAFE/__tmp_693c3ea1.c:96
    #106 0x5c8dac08ec7a in process_state_machine samples/SAFE/__tmp_693c3ea1.c:96
    #107 0x5c8dac08ec7a in process_state_machine samples/SAFE/__tmp_693c3ea1.c:96
    #108 0x5c8dac08ec7a in process_state_machine samples/SAFE/__tmp_693c3ea1.c:96
    #109 0x5c8dac08ec7a in process_state_machine samples/SAFE/__tmp_693c3ea1.c:96
    #110 0x5c8dac08ec7a in process_state_machine samples/SAFE/__tmp_693c3ea1.c:96
    #111 0x5c8dac08ec7a in process_state_machine samples/SAFE/__tmp_693c3ea1.c:96
    #112 0x5c8dac08ec7a in process_state_machine samples/SAFE/__tmp_693c3ea1.c:96
    #113 0x5c8dac08ec7a in process_state_machine samples/SAFE/__tmp_693c3ea1.c:96
    #114 0x5c8dac08ec7a in process_state_machine samples/SAFE/__tmp_693c3ea1.c:96
    #115 0x5c8dac08ec7a in process_state_machine samples/SAFE/__tmp_693c3ea1.c:96
    #116 0x5c8dac08ec7a in process_state_machine samples/SAFE/__tmp_693c3ea1.c:96
    #117 0x5c8dac08ec7a in process_state_machine samples/SAFE/__tmp_693c3ea1.c:96
    #118 0x5c8dac08ec7a in process_state_machine samples/SAFE/__tmp_693c3ea1.c:96
    #119 0x5c8dac08ec7a in process_state_machine samples/SAFE/__tmp_693c3ea1.c:96
    #120 0x5c8dac08ec7a in process_state_machine samples/SAFE/__tmp_693c3ea1.c:96
    #121 0x5c8dac08ec7a in process_state_machine samples/SAFE/__tmp_693c3ea1.c:96
    #122 0x5c8dac08ec7a in process_state_machine samples/SAFE/__tmp_693c3ea1.c:96
    #123 0x5c8dac08ec7a in process_state_machine samples/SAFE/__tmp_693c3ea1.c:96
    #124 0x5c8dac08ec7a in process_state_machine samples/SAFE/__tmp_693c3ea1.c:96
    #125 0x5c8dac08ec7a in process_state_machine samples/SAFE/__tmp_693c3ea1.c:96
    #126 0x5c8dac08ec7a in process_state_machine samples/SAFE/__tmp_693c3ea1.c:96
    #127 0x5c8dac08ec7a in process_state_machine samples/SAFE/__tmp_693c3ea1.c:96
    #128 0x5c8dac08ec7a in process_state_machine samples/SAFE/__tmp_693c3ea1.c:96
    #129 0x5c8dac08ec7a in process_state_machine samples/SAFE/__tmp_693c3ea1.c:96
    #130 0x5c8dac08ec7a in process_state_machine samples/SAFE/__tmp_693c3ea1.c:96
    #131 0x5c8dac08ec7a in process_state_machine samples/SAFE/__tmp_693c3ea1.c:96
    #132 0x5c8dac08ec7a in process_state_machine samples/SAFE/__tmp_693c3ea1.c:96
    #133 0x5c8dac08ec7a in process_state_machine samples/SAFE/__tmp_693c3ea1.c:96
    #134 0x5c8dac08ec7a in process_state_machine samples/SAFE/__tmp_693c3ea1.c:96
    #135 0x5c8dac08ec7a in process_state_machine samples/SAFE/__tmp_693c3ea1.c:96
    #136 0x5c8dac08ec7a in process_state_machine samples/SAFE/__tmp_693c3ea1.c:96
    #137 0x5c8dac08ec7a in process_state_machine samples/SAFE/__tmp_693c3ea1.c:96
    #138 0x5c8dac08ec7a in process_state_machine samples/SAFE/__tmp_693c3ea1.c:96
    #139 0x5c8dac08ec7a in process_state_machine samples/SAFE/__tmp_693c3ea1.c:96
    #140 0x5c8dac08ec7a in process_state_machine samples/SAFE/__tmp_693c3ea1.c:96
    #141 0x5c8dac08ec7a in process_state_machine samples/SAFE/__tmp_693c3ea1.c:96
    #142 0x5c8dac08ec7a in process_state_machine samples/SAFE/__tmp_693c3ea1.c:96
    #143 0x5c8dac08ec7a in process_state_machine samples/SAFE/__tmp_693c3ea1.c:96
    #144 0x5c8dac08ec7a in process_state_machine samples/SAFE/__tmp_693c3ea1.c:96
    #145 0x5c8dac08ec7a in process_state_machine samples/SAFE/__tmp_693c3ea1.c:96
    #146 0x5c8dac08ec7a in process_state_machine samples/SAFE/__tmp_693c3ea1.c:96
    #147 0x5c8dac08ec7a in process_state_machine samples/SAFE/__tmp_693c3ea1.c:96
    #148 0x5c8dac08ec7a in process_state_machine samples/SAFE/__tmp_693c3ea1.c:96
    #149 0x5c8dac08ec7a in process_state_machine samples/SAFE/__tmp_693c3ea1.c:96
    #150 0x5c8dac08ec7a in process_state_machine samples/SAFE/__tmp_693c3ea1.c:96
    #151 0x5c8dac08ec7a in process_state_machine samples/SAFE/__tmp_693c3ea1.c:96
    #152 0x5c8dac08ec7a in process_state_machine samples/SAFE/__tmp_693c3ea1.c:96
    #153 0x5c8dac08ec7a in process_state_machine samples/SAFE/__tmp_693c3ea1.c:96
    #154 0x5c8dac08ec7a in process_state_machine samples/SAFE/__tmp_693c3ea1.c:96
    #155 0x5c8dac08ec7a in process_state_machine samples/SAFE/__tmp_693c3ea1.c:96
    #156 0x5c8dac08ec7a in process_state_machine samples/SAFE/__tmp_693c3ea1.c:96
    #157 0x5c8dac08ec7a in process_state_machine samples/SAFE/__tmp_693c3ea1.c:96
    #158 0x5c8dac08ec7a in process_state_machine samples/SAFE/__tmp_693c3ea1.c:96
    #159 0x5c8dac08ec7a in process_state_machine samples/SAFE/__tmp_693c3ea1.c:96
    #160 0x5c8dac08ec7a in process_state_machine samples/SAFE/__tmp_693c3ea1.c:96
    #161 0x5c8dac08ec7a in process_state_machine samples/SAFE/__tmp_693c3ea1.c:96
    #162 0x5c8dac08ec7a in process_state_machine samples/SAFE/__tmp_693c3ea1.c:96
    #163 0x5c8dac08ec7a in process_state_machine samples/SAFE/__tmp_693c3ea1.c:96
    #164 0x5c8dac08ec7a in process_state_machine samples/SAFE/__tmp_693c3ea1.c:96
    #165 0x5c8dac08ec7a in process_state_machine samples/SAFE/__tmp_693c3ea1.c:96
    #166 0x5c8dac08ec7a in process_state_machine samples/SAFE/__tmp_693c3ea1.c:96
    #167 0x5c8dac08ec7a in process_state_machine samples/SAFE/__tmp_693c3ea1.c:96
    #168 0x5c8dac08ec7a in process_state_machine samples/SAFE/__tmp_693c3ea1.c:96
    #169 0x5c8dac08ec7a in process_state_machine samples/SAFE/__tmp_693c3ea1.c:96
    #170 0x5c8dac08ec7a in process_state_machine samples/SAFE/__tmp_693c3ea1.c:96
    #171 0x5c8dac08ec7a in process_state_machine samples/SAFE/__tmp_693c3ea1.c:96
    #172 0x5c8dac08ec7a in process_state_machine samples/SAFE/__tmp_693c3ea1.c:96
    #173 0x5c8dac08ec7a in process_state_machine samples/SAFE/__tmp_693c3ea1.c:96
    #174 0x5c8dac08ec7a in process_state_machine samples/SAFE/__tmp_693c3ea1.c:96
    #175 0x5c8dac08ec7a in process_state_machine samples/SAFE/__tmp_693c3ea1.c:96
    #176 0x5c8dac08ec7a in process_state_machine samples/SAFE/__tmp_693c3ea1.c:96
    #177 0x5c8dac08ec7a in process_state_machine samples/SAFE/__tmp_693c3ea1.c:96
    #178 0x5c8dac08ec7a in process_state_machine samples/SAFE/__tmp_693c3ea1.c:96
    #179 0x5c8dac08ec7a in process_state_machine samples/SAFE/__tmp_693c3ea1.c:96
    #180 0x5c8dac08ec7a in process_state_machine samples/SAFE/__tmp_693c3ea1.c:96
    #181 0x5c8dac08ec7a in process_state_machine samples/SAFE/__tmp_693c3ea1.c:96
    #182 0x5c8dac08ec7a in process_state_machine samples/SAFE/__tmp_693c3ea1.c:96
    #183 0x5c8dac08ec7a in process_state_machine samples/SAFE/__tmp_693c3ea1.c:96
    #184 0x5c8dac08ec7a in process_state_machine samples/SAFE/__tmp_693c3ea1.c:96
    #185 0x5c8dac08ec7a in process_state_machine samples/SAFE/__tmp_693c3ea1.c:96
    #186 0x5c8dac08ec7a in process_state_machine samples/SAFE/__tmp_693c3ea1.c:96
    #187 0x5c8dac08ec7a in process_state_machine samples/SAFE/__tmp_693c3ea1.c:96
    #188 0x5c8dac08ec7a in process_state_machine samples/SAFE/__tmp_693c3ea1.c:96
    #189 0x5c8dac08ec7a in process_state_machine samples/SAFE/__tmp_693c3ea1.c:96
    #190 0x5c8dac08ec7a in process_state_machine samples/SAFE/__tmp_693c3ea1.c:96
    #191 0x5c8dac08ec7a in process_state_machine samples/SAFE/__tmp_693c3ea1.c:96
    #192 0x5c8dac08ec7a in process_state_machine samples/SAFE/__tmp_693c3ea1.c:96
    #193 0x5c8dac08ec7a in process_state_machine samples/SAFE/__tmp_693c3ea1.c:96
    #194 0x5c8dac08ec7a in process_state_machine samples/SAFE/__tmp_693c3ea1.c:96
    #195 0x5c8dac08ec7a in process_state_machine samples/SAFE/__tmp_693c3ea1.c:96
    #196 0x5c8dac08ec7a in process_state_machine samples/SAFE/__tmp_693c3ea1.c:96
    #197 0x5c8dac08ec7a in process_state_machine samples/SAFE/__tmp_693c3ea1.c:96
    #198 0x5c8dac08ec7a in process_state_machine samples/SAFE/__tmp_693c3ea1.c:96
    #199 0x5c8dac08ec7a in process_state_machine samples/SAFE/__tmp_693c3ea1.c:96
    #200 0x5c8dac08ec7a in process_state_machine samples/SAFE/__tmp_693c3ea1.c:96
    #201 0x5c8dac08ec7a in process_state_machine samples/SAFE/__tmp_693c3ea1.c:96
    #202 0x5c8dac08ec7a in process_state_machine samples/SAFE/__tmp_693c3ea1.c:96
    #203 0x5c8dac08ec7a in process_state_machine samples/SAFE/__tmp_693c3ea1.c:96
    #204 0x5c8dac08ec7a in process_state_machine samples/SAFE/__tmp_693c3ea1.c:96
    #205 0x5c8dac08ec7a in process_state_machine samples/SAFE/__tmp_693c3ea1.c:96
    #206 0x5c8dac08ec7a in process_state_machine samples/SAFE/__tmp_693c3ea1.c:96
    #207 0x5c8dac08ec7a in process_state_machine samples/SAFE/__tmp_693c3ea1.c:96
    #208 0x5c8dac08ec7a in process_state_machine samples/SAFE/__tmp_693c3ea1.c:96
    #209 0x5c8dac08ec7a in process_state_machine samples/SAFE/__tmp_693c3ea1.c:96
    #210 0x5c8dac08ec7a in process_state_machine samples/SAFE/__tmp_693c3ea1.c:96
    #211 0x5c8dac08ec7a in process_state_machine samples/SAFE/__tmp_693c3ea1.c:96
    #212 0x5c8dac08ec7a in process_state_machine samples/SAFE/__tmp_693c3ea1.c:96
    #213 0x5c8dac08ec7a in process_state_machine samples/SAFE/__tmp_693c3ea1.c:96
    #214 0x5c8dac08ec7a in process_state_machine samples/SAFE/__tmp_693c3ea1.c:96
    #215 0x5c8dac08ec7a in process_state_machine samples/SAFE/__tmp_693c3ea1.c:96
    #216 0x5c8dac08ec7a in process_state_machine samples/SAFE/__tmp_693c3ea1.c:96
    #217 0x5c8dac08ec7a in process_state_machine samples/SAFE/__tmp_693c3ea1.c:96
    #218 0x5c8dac08ec7a in process_state_machine samples/SAFE/__tmp_693c3ea1.c:96
    #219 0x5c8dac08ec7a in process_state_machine samples/SAFE/__tmp_693c3ea1.c:96
    #220 0x5c8dac08ec7a in process_state_machine samples/SAFE/__tmp_693c3ea1.c:96
    #221 0x5c8dac08ec7a in process_state_machine samples/SAFE/__tmp_693c3ea1.c:96
    #222 0x5c8dac08ec7a in process_state_machine samples/SAFE/__tmp_693c3ea1.c:96
    #223 0x5c8dac08ec7a in process_state_machine samples/SAFE/__tmp_693c3ea1.c:96
    #224 0x5c8dac08ec7a in process_state_machine samples/SAFE/__tmp_693c3ea1.c:96
    #225 0x5c8dac08ec7a in process_state_machine samples/SAFE/__tmp_693c3ea1.c:96
    #226 0x5c8dac08ec7a in process_state_machine samples/SAFE/__tmp_693c3ea1.c:96
    #227 0x5c8dac08ec7a in process_state_machine samples/SAFE/__tmp_693c3ea1.c:96
    #228 0x5c8dac08ec7a in process_state_machine samples/SAFE/__tmp_693c3ea1.c:96
    #229 0x5c8dac08ec7a in process_state_machine samples/SAFE/__tmp_693c3ea1.c:96
    #230 0x5c8dac08ec7a in process_state_machine samples/SAFE/__tmp_693c3ea1.c:96
    #231 0x5c8dac08ec7a in process_state_machine samples/SAFE/__tmp_693c3ea1.c:96
    #232 0x5c8dac08ec7a in process_state_machine samples/SAFE/__tmp_693c3ea1.c:96
    #233 0x5c8dac08ec7a in process_state_machine samples/SAFE/__tmp_693c3ea1.c:96
    #234 0x5c8dac08ec7a in process_state_machine samples/SAFE/__tmp_693c3ea1.c:96
    #235 0x5c8dac08ec7a in process_state_machine samples/SAFE/__tmp_693c3ea1.c:96
    #236 0x5c8dac08ec7a in process_state_machine samples/SAFE/__tmp_693c3ea1.c:96
    #237 0x5c8dac08ec7a in process_state_machine samples/SAFE/__tmp_693c3ea1.c:96
    #238 0x5c8dac08ec7a in process_state_machine samples/SAFE/__tmp_693c3ea1.c:96
    #239 0x5c8dac08ec7a in process_state_machine samples/SAFE/__tmp_693c3ea1.c:96
    #240 0x5c8dac08ec7a in process_state_machine samples/SAFE/__tmp_693c3ea1.c:96
    #241 0x5c8dac08ec7a in process_state_machine samples/SAFE/__tmp_693c3ea1.c:96
    #242 0x5c8dac08ec7a in process_state_machine samples/SAFE/__tmp_693c3ea1.c:96
    #243 0x5c8dac08ec7a in process_state_machine samples/SAFE/__tmp_693c3ea1.c:96
    #244 0x5c8dac08ec7a in process_state_machine samples/SAFE/__tmp_693c3ea1.c:96
    #245 0x5c8dac08ec7a in process_state_machine samples/SAFE/__tmp_693c3ea1.c:96
    #246 0x5c8dac08ec7a in process_state_machine samples/SAFE/__tmp_693c3ea1.c:96

SUMMARY: AddressSanitizer: stack-overflow samples/SAFE/__tmp_693c3ea1.c:36 in handle_read_char
==29184==ABORTING
