
=================================================================
==186360==ERROR: AddressSanitizer: stack-buffer-overflow on address 0x7ffe3fe6a7d0 at pc 0x71d61aac6f8f bp 0x7ffe3fe20290 sp 0x7ffe3fe1fa38
READ of size 1 at 0x7ffe3fe6a7d0 thread T0
    #0 0x71d61aac6f8e in strcmp ../../../../src/libsanitizer/sanitizer_common/sanitizer_common_interceptors.inc:470
    #1 0x643f26731e6a in count_level_occurrences samples/SAFE/__tmp_a58d46f7.c:66
    #2 0x643f267320c1 in print_summary samples/SAFE/__tmp_a58d46f7.c:81
    #3 0x643f26732694 in main samples/SAFE/__tmp_a58d46f7.c:115
    #4 0x71d619e2a1c9  (/lib/x86_64-linux-gnu/libc.so.6+0x2a1c9) (BuildId: 274eec488d230825a136fa9c4d85370fed7a0a5e)
    #5 0x71d619e2a28a in __libc_start_main (/lib/x86_64-linux-gnu/libc.so.6+0x2a28a) (BuildId: 274eec488d230825a136fa9c4d85370fed7a0a5e)
    #6 0x643f26731364 in _start (/home/r84388172/Generating SAFE samples/samples/SAFE/__tmp_a58d46f7.c.san+0x4364) (BuildId: 800baf9f4d140dc4f226f517743831e3b1f462c0)

Address 0x7ffe3fe6a7d0 is located in stack of thread T0 at offset 304064 in frame
    #0 0x643f267322ab in main samples/SAFE/__tmp_a58d46f7.c:86

  This frame has 2 object(s):
    [32, 304032) 'entries' (line 87) <== Memory access at offset 304064 overflows this variable
    [304288, 305312) 'line' (line 92)
HINT: this may be a false positive if your program uses some custom stack unwind mechanism, swapcontext or vfork
      (longjmp and C++ exceptions *are* supported)
SUMMARY: AddressSanitizer: stack-buffer-overflow ../../../../src/libsanitizer/sanitizer_common/sanitizer_common_interceptors.inc:470 in strcmp
Shadow bytes around the buggy address:
  0x7ffe3fe6a500: 00 00 00 00 00 00 00 00 00 00 00 00 00 00 00 00
  0x7ffe3fe6a580: 00 00 00 00 00 00 00 00 00 00 00 00 00 00 00 00
  0x7ffe3fe6a600: 00 00 00 00 00 00 00 00 00 00 00 00 00 00 00 00
  0x7ffe3fe6a680: 00 00 00 00 00 00 00 00 00 00 00 00 00 00 00 00
  0x7ffe3fe6a700: 00 00 00 00 00 00 00 00 00 00 00 00 00 00 00 00
=>0x7ffe3fe6a780: 00 00 00 00 00 00 f2 f2 f2 f2[f2]f2 f2 f2 f2 f2
  0x7ffe3fe6a800: f2 f2 f2 f2 f2 f2 f2 f2 f2 f2 f2 f2 f2 f2 f2 f2
  0x7ffe3fe6a880: f2 f2 f2 f2 f2 f2 00 00 00 00 00 00 00 00 00 00
  0x7ffe3fe6a900: 00 00 00 00 00 00 00 00 00 00 00 00 00 00 00 00
  0x7ffe3fe6a980: 00 00 00 00 00 00 00 00 00 00 00 00 00 00 00 00
  0x7ffe3fe6aa00: 00 00 00 00 00 00 00 00 00 00 00 00 00 00 00 00
Shadow byte legend (one shadow byte represents 8 application bytes):
  Addressable:           00
  Partially addressable: 01 02 03 04 05 06 07 
  Heap left redzone:       fa
  Freed heap region:       fd
  Stack left redzone:      f1
  Stack mid redzone:       f2
  Stack right redzone:     f3
  Stack after return:      f5
  Stack use after scope:   f8
  Global redzone:          f9
  Global init order:       f6
  Poisoned by user:        f7
  Container overflow:      fc
  Array cookie:            ac
  Intra object redzone:    bb
  ASan internal:           fe
  Left alloca redzone:     ca
  Right alloca redzone:    cb
==186360==ABORTING
