
=================================================================
==306799==ERROR: AddressSanitizer: stack-buffer-overflow on address 0x77cb3840015f at pc 0x77cb3b091ad0 bp 0x7ffc30617450 sp 0x7ffc30616bd8
WRITE of size 256 at 0x77cb3840015f thread T0
    #0 0x77cb3b091acf in scanf_common ../../../../src/libsanitizer/sanitizer_common/sanitizer_common_interceptors_format.inc:342
    #1 0x77cb3b0cd312 in __isoc99_vsscanf ../../../../src/libsanitizer/sanitizer_common/sanitizer_common_interceptors.inc:1493
    #2 0x77cb3b0cdeab in __isoc99_sscanf ../../../../src/libsanitizer/sanitizer_common/sanitizer_common_interceptors.inc:1526
    #3 0x606edb1feb44 in read_log_entries samples/SAFE/__tmp_687827b2.c:37
    #4 0x606edb1ff31e in main samples/SAFE/__tmp_687827b2.c:91
    #5 0x77cb3a42a1c9  (/lib/x86_64-linux-gnu/libc.so.6+0x2a1c9) (BuildId: 274eec488d230825a136fa9c4d85370fed7a0a5e)
    #6 0x77cb3a42a28a in __libc_start_main (/lib/x86_64-linux-gnu/libc.so.6+0x2a28a) (BuildId: 274eec488d230825a136fa9c4d85370fed7a0a5e)
    #7 0x606edb1fe304 in _start (/home/r84388172/Generating SAFE samples/samples/SAFE/__tmp_687827b2.c.san+0x3304) (BuildId: e290a102650e4ccf75b690db91e0987242de71ac)

Address 0x77cb3840015f is located in stack of thread T0 at offset 351 in frame
    #0 0x606edb1fe56c in read_log_entries samples/SAFE/__tmp_687827b2.c:26

  This frame has 4 object(s):
    [32, 42) 'level' (line 34)
    [64, 84) 'timestamp' (line 33)
    [128, 351) 'message' (line 35)
    [416, 672) 'line' (line 27) <== Memory access at offset 351 partially underflows this variable
HINT: this may be a false positive if your program uses some custom stack unwind mechanism, swapcontext or vfork
      (longjmp and C++ exceptions *are* supported)
SUMMARY: AddressSanitizer: stack-buffer-overflow ../../../../src/libsanitizer/sanitizer_common/sanitizer_common_interceptors_format.inc:342 in scanf_common
Shadow bytes around the buggy address:
  0x77cb383ffe80: 00 00 00 00 00 00 00 00 00 00 00 00 00 00 00 00
  0x77cb383fff00: 00 00 00 00 00 00 00 00 00 00 00 00 00 00 00 00
  0x77cb383fff80: 00 00 00 00 00 00 00 00 00 00 00 00 00 00 00 00
  0x77cb38400000: f1 f1 f1 f1 00 02 f2 f2 00 00 04 f2 f2 f2 f2 f2
  0x77cb38400080: 00 00 00 00 00 00 00 00 00 00 00 00 00 00 00 00
=>0x77cb38400100: 00 00 00 00 00 00 00 00 00 00 00[07]f2 f2 f2 f2
  0x77cb38400180: f2 f2 f2 f2 00 00 00 00 00 00 00 00 00 00 00 00
  0x77cb38400200: 00 00 00 00 00 00 00 00 00 00 00 00 00 00 00 00
  0x77cb38400280: 00 00 00 00 f3 f3 f3 f3 f3 f3 f3 f3 00 00 00 00
  0x77cb38400300: 00 00 00 00 00 00 00 00 00 00 00 00 00 00 00 00
  0x77cb38400380: 00 00 00 00 00 00 00 00 00 00 00 00 00 00 00 00
Shadow byte legend (one shadow byte represents 8 application bytes):
  Addressable:           00
  Partially addressable: 01 02 03 04 05 06 07 
  Heap left redzone:       fa
  Freed heap region:       fd
  Stack left redzone:      f1
  Stack mid redzone:       f2
  Stack right redzone:     f3
  Stack after return:      f5
  Stack use after scope:   f8
  Global redzone:          f9
  Global init order:       f6
  Poisoned by user:        f7
  Container overflow:      fc
  Array cookie:            ac
  Intra object redzone:    bb
  ASan internal:           fe
  Left alloca redzone:     ca
  Right alloca redzone:    cb
==306799==ABORTING
