
AddressSanitizer:DEADLYSIGNAL
=================================================================
==97367==ERROR: AddressSanitizer: stack-overflow on address 0x7ffd9bf2fff8 (pc 0x5724d680658a bp 0x7ffd9bf30010 sp 0x7ffd9bf30000 T0)
    #0 0x5724d680658a in handle_read_char samples/SAFE/__tmp_2705d7f1.c:36
    #1 0x5724d6806c81 in run_state_machine samples/SAFE/__tmp_2705d7f1.c:81
    #2 0x5724d6806c5b in run_state_machine samples/SAFE/__tmp_2705d7f1.c:93
    #3 0x5724d6806c5b in run_state_machine samples/SAFE/__tmp_2705d7f1.c:93
    #4 0x5724d6806c5b in run_state_machine samples/SAFE/__tmp_2705d7f1.c:93
    #5 0x5724d6806c5b in run_state_machine samples/SAFE/__tmp_2705d7f1.c:93
    #6 0x5724d6806c5b in run_state_machine samples/SAFE/__tmp_2705d7f1.c:93
    #7 0x5724d6806c5b in run_state_machine samples/SAFE/__tmp_2705d7f1.c:93
    #8 0x5724d6806c5b in run_state_machine samples/SAFE/__tmp_2705d7f1.c:93
    #9 0x5724d6806c5b in run_state_machine samples/SAFE/__tmp_2705d7f1.c:93
    #10 0x5724d6806c5b in run_state_machine samples/SAFE/__tmp_2705d7f1.c:93
    #11 0x5724d6806c5b in run_state_machine samples/SAFE/__tmp_2705d7f1.c:93
    #12 0x5724d6806c5b in run_state_machine samples/SAFE/__tmp_2705d7f1.c:93
    #13 0x5724d6806c5b in run_state_machine samples/SAFE/__tmp_2705d7f1.c:93
    #14 0x5724d6806c5b in run_state_machine samples/SAFE/__tmp_2705d7f1.c:93
    #15 0x5724d6806c5b in run_state_machine samples/SAFE/__tmp_2705d7f1.c:93
    #16 0x5724d6806c5b in run_state_machine samples/SAFE/__tmp_2705d7f1.c:93
    #17 0x5724d6806c5b in run_state_machine samples/SAFE/__tmp_2705d7f1.c:93
    #18 0x5724d6806c5b in run_state_machine samples/SAFE/__tmp_2705d7f1.c:93
    #19 0x5724d6806c5b in run_state_machine samples/SAFE/__tmp_2705d7f1.c:93
    #20 0x5724d6806c5b in run_state_machine samples/SAFE/__tmp_2705d7f1.c:93
    #21 0x5724d6806c5b in run_state_machine samples/SAFE/__tmp_2705d7f1.c:93
    #22 0x5724d6806c5b in run_state_machine samples/SAFE/__tmp_2705d7f1.c:93
    #23 0x5724d6806c5b in run_state_machine samples/SAFE/__tmp_2705d7f1.c:93
    #24 0x5724d6806c5b in run_state_machine samples/SAFE/__tmp_2705d7f1.c:93
    #25 0x5724d6806c5b in run_state_machine samples/SAFE/__tmp_2705d7f1.c:93
    #26 0x5724d6806c5b in run_state_machine samples/SAFE/__tmp_2705d7f1.c:93
    #27 0x5724d6806c5b in run_state_machine samples/SAFE/__tmp_2705d7f1.c:93
    #28 0x5724d6806c5b in run_state_machine samples/SAFE/__tmp_2705d7f1.c:93
    #29 0x5724d6806c5b in run_state_machine samples/SAFE/__tmp_2705d7f1.c:93
    #30 0x5724d6806c5b in run_state_machine samples/SAFE/__tmp_2705d7f1.c:93
    #31 0x5724d6806c5b in run_state_machine samples/SAFE/__tmp_2705d7f1.c:93
    #32 0x5724d6806c5b in run_state_machine samples/SAFE/__tmp_2705d7f1.c:93
    #33 0x5724d6806c5b in run_state_machine samples/SAFE/__tmp_2705d7f1.c:93
    #34 0x5724d6806c5b in run_state_machine samples/SAFE/__tmp_2705d7f1.c:93
    #35 0x5724d6806c5b in run_state_machine samples/SAFE/__tmp_2705d7f1.c:93
    #36 0x5724d6806c5b in run_state_machine samples/SAFE/__tmp_2705d7f1.c:93
    #37 0x5724d6806c5b in run_state_machine samples/SAFE/__tmp_2705d7f1.c:93
    #38 0x5724d6806c5b in run_state_machine samples/SAFE/__tmp_2705d7f1.c:93
    #39 0x5724d6806c5b in run_state_machine samples/SAFE/__tmp_2705d7f1.c:93
    #40 0x5724d6806c5b in run_state_machine samples/SAFE/__tmp_2705d7f1.c:93
    #41 0x5724d6806c5b in run_state_machine samples/SAFE/__tmp_2705d7f1.c:93
    #42 0x5724d6806c5b in run_state_machine samples/SAFE/__tmp_2705d7f1.c:93
    #43 0x5724d6806c5b in run_state_machine samples/SAFE/__tmp_2705d7f1.c:93
    #44 0x5724d6806c5b in run_state_machine samples/SAFE/__tmp_2705d7f1.c:93
    #45 0x5724d6806c5b in run_state_machine samples/SAFE/__tmp_2705d7f1.c:93
    #46 0x5724d6806c5b in run_state_machine samples/SAFE/__tmp_2705d7f1.c:93
    #47 0x5724d6806c5b in run_state_machine samples/SAFE/__tmp_2705d7f1.c:93
    #48 0x5724d6806c5b in run_state_machine samples/SAFE/__tmp_2705d7f1.c:93
    #49 0x5724d6806c5b in run_state_machine samples/SAFE/__tmp_2705d7f1.c:93
    #50 0x5724d6806c5b in run_state_machine samples/SAFE/__tmp_2705d7f1.c:93
    #51 0x5724d6806c5b in run_state_machine samples/SAFE/__tmp_2705d7f1.c:93
    #52 0x5724d6806c5b in run_state_machine samples/SAFE/__tmp_2705d7f1.c:93
    #53 0x5724d6806c5b in run_state_machine samples/SAFE/__tmp_2705d7f1.c:93
    #54 0x5724d6806c5b in run_state_machine samples/SAFE/__tmp_2705d7f1.c:93
    #55 0x5724d6806c5b in run_state_machine samples/SAFE/__tmp_2705d7f1.c:93
    #56 0x5724d6806c5b in run_state_machine samples/SAFE/__tmp_2705d7f1.c:93
    #57 0x5724d6806c5b in run_state_machine samples/SAFE/__tmp_2705d7f1.c:93
    #58 0x5724d6806c5b in run_state_machine samples/SAFE/__tmp_2705d7f1.c:93
    #59 0x5724d6806c5b in run_state_machine samples/SAFE/__tmp_2705d7f1.c:93
    #60 0x5724d6806c5b in run_state_machine samples/SAFE/__tmp_2705d7f1.c:93
    #61 0x5724d6806c5b in run_state_machine samples/SAFE/__tmp_2705d7f1.c:93
    #62 0x5724d6806c5b in run_state_machine samples/SAFE/__tmp_2705d7f1.c:93
    #63 0x5724d6806c5b in run_state_machine samples/SAFE/__tmp_2705d7f1.c:93
    #64 0x5724d6806c5b in run_state_machine samples/SAFE/__tmp_2705d7f1.c:93
    #65 0x5724d6806c5b in run_state_machine samples/SAFE/__tmp_2705d7f1.c:93
    #66 0x5724d6806c5b in run_state_machine samples/SAFE/__tmp_2705d7f1.c:93
    #67 0x5724d6806c5b in run_state_machine samples/SAFE/__tmp_2705d7f1.c:93
    #68 0x5724d6806c5b in run_state_machine samples/SAFE/__tmp_2705d7f1.c:93
    #69 0x5724d6806c5b in run_state_machine samples/SAFE/__tmp_2705d7f1.c:93
    #70 0x5724d6806c5b in run_state_machine samples/SAFE/__tmp_2705d7f1.c:93
    #71 0x5724d6806c5b in run_state_machine samples/SAFE/__tmp_2705d7f1.c:93
    #72 0x5724d6806c5b in run_state_machine samples/SAFE/__tmp_2705d7f1.c:93
    #73 0x5724d6806c5b in run_state_machine samples/SAFE/__tmp_2705d7f1.c:93
    #74 0x5724d6806c5b in run_state_machine samples/SAFE/__tmp_2705d7f1.c:93
    #75 0x5724d6806c5b in run_state_machine samples/SAFE/__tmp_2705d7f1.c:93
    #76 0x5724d6806c5b in run_state_machine samples/SAFE/__tmp_2705d7f1.c:93
    #77 0x5724d6806c5b in run_state_machine samples/SAFE/__tmp_2705d7f1.c:93
    #78 0x5724d6806c5b in run_state_machine samples/SAFE/__tmp_2705d7f1.c:93
    #79 0x5724d6806c5b in run_state_machine samples/SAFE/__tmp_2705d7f1.c:93
    #80 0x5724d6806c5b in run_state_machine samples/SAFE/__tmp_2705d7f1.c:93
    #81 0x5724d6806c5b in run_state_machine samples/SAFE/__tmp_2705d7f1.c:93
    #82 0x5724d6806c5b in run_state_machine samples/SAFE/__tmp_2705d7f1.c:93
    #83 0x5724d6806c5b in run_state_machine samples/SAFE/__tmp_2705d7f1.c:93
    #84 0x5724d6806c5b in run_state_machine samples/SAFE/__tmp_2705d7f1.c:93
    #85 0x5724d6806c5b in run_state_machine samples/SAFE/__tmp_2705d7f1.c:93
    #86 0x5724d6806c5b in run_state_machine samples/SAFE/__tmp_2705d7f1.c:93
    #87 0x5724d6806c5b in run_state_machine samples/SAFE/__tmp_2705d7f1.c:93
    #88 0x5724d6806c5b in run_state_machine samples/SAFE/__tmp_2705d7f1.c:93
    #89 0x5724d6806c5b in run_state_machine samples/SAFE/__tmp_2705d7f1.c:93
    #90 0x5724d6806c5b in run_state_machine samples/SAFE/__tmp_2705d7f1.c:93
    #91 0x5724d6806c5b in run_state_machine samples/SAFE/__tmp_2705d7f1.c:93
    #92 0x5724d6806c5b in run_state_machine samples/SAFE/__tmp_2705d7f1.c:93
    #93 0x5724d6806c5b in run_state_machine samples/SAFE/__tmp_2705d7f1.c:93
    #94 0x5724d6806c5b in run_state_machine samples/SAFE/__tmp_2705d7f1.c:93
    #95 0x5724d6806c5b in run_state_machine samples/SAFE/__tmp_2705d7f1.c:93
    #96 0x5724d6806c5b in run_state_machine samples/SAFE/__tmp_2705d7f1.c:93
    #97 0x5724d6806c5b in run_state_machine samples/SAFE/__tmp_2705d7f1.c:93
    #98 0x5724d6806c5b in run_state_machine samples/SAFE/__tmp_2705d7f1.c:93
    #99 0x5724d6806c5b in run_state_machine samples/SAFE/__tmp_2705d7f1.c:93
    #100 0x5724d6806c5b in run_state_machine samples/SAFE/__tmp_2705d7f1.c:93
    #101 0x5724d6806c5b in run_state_machine samples/SAFE/__tmp_2705d7f1.c:93
    #102 0x5724d6806c5b in run_state_machine samples/SAFE/__tmp_2705d7f1.c:93
    #103 0x5724d6806c5b in run_state_machine samples/SAFE/__tmp_2705d7f1.c:93
    #104 0x5724d6806c5b in run_state_machine samples/SAFE/__tmp_2705d7f1.c:93
    #105 0x5724d6806c5b in run_state_machine samples/SAFE/__tmp_2705d7f1.c:93
    #106 0x5724d6806c5b in run_state_machine samples/SAFE/__tmp_2705d7f1.c:93
    #107 0x5724d6806c5b in run_state_machine samples/SAFE/__tmp_2705d7f1.c:93
    #108 0x5724d6806c5b in run_state_machine samples/SAFE/__tmp_2705d7f1.c:93
    #109 0x5724d6806c5b in run_state_machine samples/SAFE/__tmp_2705d7f1.c:93
    #110 0x5724d6806c5b in run_state_machine samples/SAFE/__tmp_2705d7f1.c:93
    #111 0x5724d6806c5b in run_state_machine samples/SAFE/__tmp_2705d7f1.c:93
    #112 0x5724d6806c5b in run_state_machine samples/SAFE/__tmp_2705d7f1.c:93
    #113 0x5724d6806c5b in run_state_machine samples/SAFE/__tmp_2705d7f1.c:93
    #114 0x5724d6806c5b in run_state_machine samples/SAFE/__tmp_2705d7f1.c:93
    #115 0x5724d6806c5b in run_state_machine samples/SAFE/__tmp_2705d7f1.c:93
    #116 0x5724d6806c5b in run_state_machine samples/SAFE/__tmp_2705d7f1.c:93
    #117 0x5724d6806c5b in run_state_machine samples/SAFE/__tmp_2705d7f1.c:93
    #118 0x5724d6806c5b in run_state_machine samples/SAFE/__tmp_2705d7f1.c:93
    #119 0x5724d6806c5b in run_state_machine samples/SAFE/__tmp_2705d7f1.c:93
    #120 0x5724d6806c5b in run_state_machine samples/SAFE/__tmp_2705d7f1.c:93
    #121 0x5724d6806c5b in run_state_machine samples/SAFE/__tmp_2705d7f1.c:93
    #122 0x5724d6806c5b in run_state_machine samples/SAFE/__tmp_2705d7f1.c:93
    #123 0x5724d6806c5b in run_state_machine samples/SAFE/__tmp_2705d7f1.c:93
    #124 0x5724d6806c5b in run_state_machine samples/SAFE/__tmp_2705d7f1.c:93
    #125 0x5724d6806c5b in run_state_machine samples/SAFE/__tmp_2705d7f1.c:93
    #126 0x5724d6806c5b in run_state_machine samples/SAFE/__tmp_2705d7f1.c:93
    #127 0x5724d6806c5b in run_state_machine samples/SAFE/__tmp_2705d7f1.c:93
    #128 0x5724d6806c5b in run_state_machine samples/SAFE/__tmp_2705d7f1.c:93
    #129 0x5724d6806c5b in run_state_machine samples/SAFE/__tmp_2705d7f1.c:93
    #130 0x5724d6806c5b in run_state_machine samples/SAFE/__tmp_2705d7f1.c:93
    #131 0x5724d6806c5b in run_state_machine samples/SAFE/__tmp_2705d7f1.c:93
    #132 0x5724d6806c5b in run_state_machine samples/SAFE/__tmp_2705d7f1.c:93
    #133 0x5724d6806c5b in run_state_machine samples/SAFE/__tmp_2705d7f1.c:93
    #134 0x5724d6806c5b in run_state_machine samples/SAFE/__tmp_2705d7f1.c:93
    #135 0x5724d6806c5b in run_state_machine samples/SAFE/__tmp_2705d7f1.c:93
    #136 0x5724d6806c5b in run_state_machine samples/SAFE/__tmp_2705d7f1.c:93
    #137 0x5724d6806c5b in run_state_machine samples/SAFE/__tmp_2705d7f1.c:93
    #138 0x5724d6806c5b in run_state_machine samples/SAFE/__tmp_2705d7f1.c:93
    #139 0x5724d6806c5b in run_state_machine samples/SAFE/__tmp_2705d7f1.c:93
    #140 0x5724d6806c5b in run_state_machine samples/SAFE/__tmp_2705d7f1.c:93
    #141 0x5724d6806c5b in run_state_machine samples/SAFE/__tmp_2705d7f1.c:93
    #142 0x5724d6806c5b in run_state_machine samples/SAFE/__tmp_2705d7f1.c:93
    #143 0x5724d6806c5b in run_state_machine samples/SAFE/__tmp_2705d7f1.c:93
    #144 0x5724d6806c5b in run_state_machine samples/SAFE/__tmp_2705d7f1.c:93
    #145 0x5724d6806c5b in run_state_machine samples/SAFE/__tmp_2705d7f1.c:93
    #146 0x5724d6806c5b in run_state_machine samples/SAFE/__tmp_2705d7f1.c:93
    #147 0x5724d6806c5b in run_state_machine samples/SAFE/__tmp_2705d7f1.c:93
    #148 0x5724d6806c5b in run_state_machine samples/SAFE/__tmp_2705d7f1.c:93
    #149 0x5724d6806c5b in run_state_machine samples/SAFE/__tmp_2705d7f1.c:93
    #150 0x5724d6806c5b in run_state_machine samples/SAFE/__tmp_2705d7f1.c:93
    #151 0x5724d6806c5b in run_state_machine samples/SAFE/__tmp_2705d7f1.c:93
    #152 0x5724d6806c5b in run_state_machine samples/SAFE/__tmp_2705d7f1.c:93
    #153 0x5724d6806c5b in run_state_machine samples/SAFE/__tmp_2705d7f1.c:93
    #154 0x5724d6806c5b in run_state_machine samples/SAFE/__tmp_2705d7f1.c:93
    #155 0x5724d6806c5b in run_state_machine samples/SAFE/__tmp_2705d7f1.c:93
    #156 0x5724d6806c5b in run_state_machine samples/SAFE/__tmp_2705d7f1.c:93
    #157 0x5724d6806c5b in run_state_machine samples/SAFE/__tmp_2705d7f1.c:93
    #158 0x5724d6806c5b in run_state_machine samples/SAFE/__tmp_2705d7f1.c:93
    #159 0x5724d6806c5b in run_state_machine samples/SAFE/__tmp_2705d7f1.c:93
    #160 0x5724d6806c5b in run_state_machine samples/SAFE/__tmp_2705d7f1.c:93
    #161 0x5724d6806c5b in run_state_machine samples/SAFE/__tmp_2705d7f1.c:93
    #162 0x5724d6806c5b in run_state_machine samples/SAFE/__tmp_2705d7f1.c:93
    #163 0x5724d6806c5b in run_state_machine samples/SAFE/__tmp_2705d7f1.c:93
    #164 0x5724d6806c5b in run_state_machine samples/SAFE/__tmp_2705d7f1.c:93
    #165 0x5724d6806c5b in run_state_machine samples/SAFE/__tmp_2705d7f1.c:93
    #166 0x5724d6806c5b in run_state_machine samples/SAFE/__tmp_2705d7f1.c:93
    #167 0x5724d6806c5b in run_state_machine samples/SAFE/__tmp_2705d7f1.c:93
    #168 0x5724d6806c5b in run_state_machine samples/SAFE/__tmp_2705d7f1.c:93
    #169 0x5724d6806c5b in run_state_machine samples/SAFE/__tmp_2705d7f1.c:93
    #170 0x5724d6806c5b in run_state_machine samples/SAFE/__tmp_2705d7f1.c:93
    #171 0x5724d6806c5b in run_state_machine samples/SAFE/__tmp_2705d7f1.c:93
    #172 0x5724d6806c5b in run_state_machine samples/SAFE/__tmp_2705d7f1.c:93
    #173 0x5724d6806c5b in run_state_machine samples/SAFE/__tmp_2705d7f1.c:93
    #174 0x5724d6806c5b in run_state_machine samples/SAFE/__tmp_2705d7f1.c:93
    #175 0x5724d6806c5b in run_state_machine samples/SAFE/__tmp_2705d7f1.c:93
    #176 0x5724d6806c5b in run_state_machine samples/SAFE/__tmp_2705d7f1.c:93
    #177 0x5724d6806c5b in run_state_machine samples/SAFE/__tmp_2705d7f1.c:93
    #178 0x5724d6806c5b in run_state_machine samples/SAFE/__tmp_2705d7f1.c:93
    #179 0x5724d6806c5b in run_state_machine samples/SAFE/__tmp_2705d7f1.c:93
    #180 0x5724d6806c5b in run_state_machine samples/SAFE/__tmp_2705d7f1.c:93
    #181 0x5724d6806c5b in run_state_machine samples/SAFE/__tmp_2705d7f1.c:93
    #182 0x5724d6806c5b in run_state_machine samples/SAFE/__tmp_2705d7f1.c:93
    #183 0x5724d6806c5b in run_state_machine samples/SAFE/__tmp_2705d7f1.c:93
    #184 0x5724d6806c5b in run_state_machine samples/SAFE/__tmp_2705d7f1.c:93
    #185 0x5724d6806c5b in run_state_machine samples/SAFE/__tmp_2705d7f1.c:93
    #186 0x5724d6806c5b in run_state_machine samples/SAFE/__tmp_2705d7f1.c:93
    #187 0x5724d6806c5b in run_state_machine samples/SAFE/__tmp_2705d7f1.c:93
    #188 0x5724d6806c5b in run_state_machine samples/SAFE/__tmp_2705d7f1.c:93
    #189 0x5724d6806c5b in run_state_machine samples/SAFE/__tmp_2705d7f1.c:93
    #190 0x5724d6806c5b in run_state_machine samples/SAFE/__tmp_2705d7f1.c:93
    #191 0x5724d6806c5b in run_state_machine samples/SAFE/__tmp_2705d7f1.c:93
    #192 0x5724d6806c5b in run_state_machine samples/SAFE/__tmp_2705d7f1.c:93
    #193 0x5724d6806c5b in run_state_machine samples/SAFE/__tmp_2705d7f1.c:93
    #194 0x5724d6806c5b in run_state_machine samples/SAFE/__tmp_2705d7f1.c:93
    #195 0x5724d6806c5b in run_state_machine samples/SAFE/__tmp_2705d7f1.c:93
    #196 0x5724d6806c5b in run_state_machine samples/SAFE/__tmp_2705d7f1.c:93
    #197 0x5724d6806c5b in run_state_machine samples/SAFE/__tmp_2705d7f1.c:93
    #198 0x5724d6806c5b in run_state_machine samples/SAFE/__tmp_2705d7f1.c:93
    #199 0x5724d6806c5b in run_state_machine samples/SAFE/__tmp_2705d7f1.c:93
    #200 0x5724d6806c5b in run_state_machine samples/SAFE/__tmp_2705d7f1.c:93
    #201 0x5724d6806c5b in run_state_machine samples/SAFE/__tmp_2705d7f1.c:93
    #202 0x5724d6806c5b in run_state_machine samples/SAFE/__tmp_2705d7f1.c:93
    #203 0x5724d6806c5b in run_state_machine samples/SAFE/__tmp_2705d7f1.c:93
    #204 0x5724d6806c5b in run_state_machine samples/SAFE/__tmp_2705d7f1.c:93
    #205 0x5724d6806c5b in run_state_machine samples/SAFE/__tmp_2705d7f1.c:93
    #206 0x5724d6806c5b in run_state_machine samples/SAFE/__tmp_2705d7f1.c:93
    #207 0x5724d6806c5b in run_state_machine samples/SAFE/__tmp_2705d7f1.c:93
    #208 0x5724d6806c5b in run_state_machine samples/SAFE/__tmp_2705d7f1.c:93
    #209 0x5724d6806c5b in run_state_machine samples/SAFE/__tmp_2705d7f1.c:93
    #210 0x5724d6806c5b in run_state_machine samples/SAFE/__tmp_2705d7f1.c:93
    #211 0x5724d6806c5b in run_state_machine samples/SAFE/__tmp_2705d7f1.c:93
    #212 0x5724d6806c5b in run_state_machine samples/SAFE/__tmp_2705d7f1.c:93
    #213 0x5724d6806c5b in run_state_machine samples/SAFE/__tmp_2705d7f1.c:93
    #214 0x5724d6806c5b in run_state_machine samples/SAFE/__tmp_2705d7f1.c:93
    #215 0x5724d6806c5b in run_state_machine samples/SAFE/__tmp_2705d7f1.c:93
    #216 0x5724d6806c5b in run_state_machine samples/SAFE/__tmp_2705d7f1.c:93
    #217 0x5724d6806c5b in run_state_machine samples/SAFE/__tmp_2705d7f1.c:93
    #218 0x5724d6806c5b in run_state_machine samples/SAFE/__tmp_2705d7f1.c:93
    #219 0x5724d6806c5b in run_state_machine samples/SAFE/__tmp_2705d7f1.c:93
    #220 0x5724d6806c5b in run_state_machine samples/SAFE/__tmp_2705d7f1.c:93
    #221 0x5724d6806c5b in run_state_machine samples/SAFE/__tmp_2705d7f1.c:93
    #222 0x5724d6806c5b in run_state_machine samples/SAFE/__tmp_2705d7f1.c:93
    #223 0x5724d6806c5b in run_state_machine samples/SAFE/__tmp_2705d7f1.c:93
    #224 0x5724d6806c5b in run_state_machine samples/SAFE/__tmp_2705d7f1.c:93
    #225 0x5724d6806c5b in run_state_machine samples/SAFE/__tmp_2705d7f1.c:93
    #226 0x5724d6806c5b in run_state_machine samples/SAFE/__tmp_2705d7f1.c:93
    #227 0x5724d6806c5b in run_state_machine samples/SAFE/__tmp_2705d7f1.c:93
    #228 0x5724d6806c5b in run_state_machine samples/SAFE/__tmp_2705d7f1.c:93
    #229 0x5724d6806c5b in run_state_machine samples/SAFE/__tmp_2705d7f1.c:93
    #230 0x5724d6806c5b in run_state_machine samples/SAFE/__tmp_2705d7f1.c:93
    #231 0x5724d6806c5b in run_state_machine samples/SAFE/__tmp_2705d7f1.c:93
    #232 0x5724d6806c5b in run_state_machine samples/SAFE/__tmp_2705d7f1.c:93
    #233 0x5724d6806c5b in run_state_machine samples/SAFE/__tmp_2705d7f1.c:93
    #234 0x5724d6806c5b in run_state_machine samples/SAFE/__tmp_2705d7f1.c:93
    #235 0x5724d6806c5b in run_state_machine samples/SAFE/__tmp_2705d7f1.c:93
    #236 0x5724d6806c5b in run_state_machine samples/SAFE/__tmp_2705d7f1.c:93
    #237 0x5724d6806c5b in run_state_machine samples/SAFE/__tmp_2705d7f1.c:93
    #238 0x5724d6806c5b in run_state_machine samples/SAFE/__tmp_2705d7f1.c:93
    #239 0x5724d6806c5b in run_state_machine samples/SAFE/__tmp_2705d7f1.c:93
    #240 0x5724d6806c5b in run_state_machine samples/SAFE/__tmp_2705d7f1.c:93
    #241 0x5724d6806c5b in run_state_machine samples/SAFE/__tmp_2705d7f1.c:93
    #242 0x5724d6806c5b in run_state_machine samples/SAFE/__tmp_2705d7f1.c:93
    #243 0x5724d6806c5b in run_state_machine samples/SAFE/__tmp_2705d7f1.c:93
    #244 0x5724d6806c5b in run_state_machine samples/SAFE/__tmp_2705d7f1.c:93
    #245 0x5724d6806c5b in run_state_machine samples/SAFE/__tmp_2705d7f1.c:93
    #246 0x5724d6806c5b in run_state_machine samples/SAFE/__tmp_2705d7f1.c:93

SUMMARY: AddressSanitizer: stack-overflow samples/SAFE/__tmp_2705d7f1.c:36 in handle_read_char
==97367==ABORTING
