
AddressSanitizer:DEADLYSIGNAL
=================================================================
==378868==ERROR: AddressSanitizer: stack-overflow on address 0x7ffda057bff8 (pc 0x58a4dbb9241d bp 0x7ffda057c040 sp 0x7ffda057c000 T0)
    #0 0x58a4dbb9241d in compress_chunk samples/SAFE/__tmp_3ab072de.c:28
    #1 0x58a4dbb92421 in compress_chunk samples/SAFE/__tmp_3ab072de.c:28
    #2 0x58a4dbb92421 in compress_chunk samples/SAFE/__tmp_3ab072de.c:28
    #3 0x58a4dbb92421 in compress_chunk samples/SAFE/__tmp_3ab072de.c:28
    #4 0x58a4dbb92421 in compress_chunk samples/SAFE/__tmp_3ab072de.c:28
    #5 0x58a4dbb92421 in compress_chunk samples/SAFE/__tmp_3ab072de.c:28
    #6 0x58a4dbb92421 in compress_chunk samples/SAFE/__tmp_3ab072de.c:28
    #7 0x58a4dbb92421 in compress_chunk samples/SAFE/__tmp_3ab072de.c:28
    #8 0x58a4dbb92421 in compress_chunk samples/SAFE/__tmp_3ab072de.c:28
    #9 0x58a4dbb92421 in compress_chunk samples/SAFE/__tmp_3ab072de.c:28
    #10 0x58a4dbb92421 in compress_chunk samples/SAFE/__tmp_3ab072de.c:28
    #11 0x58a4dbb92421 in compress_chunk samples/SAFE/__tmp_3ab072de.c:28
    #12 0x58a4dbb92421 in compress_chunk samples/SAFE/__tmp_3ab072de.c:28
    #13 0x58a4dbb92421 in compress_chunk samples/SAFE/__tmp_3ab072de.c:28
    #14 0x58a4dbb92421 in compress_chunk samples/SAFE/__tmp_3ab072de.c:28
    #15 0x58a4dbb92421 in compress_chunk samples/SAFE/__tmp_3ab072de.c:28
    #16 0x58a4dbb92421 in compress_chunk samples/SAFE/__tmp_3ab072de.c:28
    #17 0x58a4dbb92421 in compress_chunk samples/SAFE/__tmp_3ab072de.c:28
    #18 0x58a4dbb92421 in compress_chunk samples/SAFE/__tmp_3ab072de.c:28
    #19 0x58a4dbb92421 in compress_chunk samples/SAFE/__tmp_3ab072de.c:28
    #20 0x58a4dbb92421 in compress_chunk samples/SAFE/__tmp_3ab072de.c:28
    #21 0x58a4dbb92421 in compress_chunk samples/SAFE/__tmp_3ab072de.c:28
    #22 0x58a4dbb92421 in compress_chunk samples/SAFE/__tmp_3ab072de.c:28
    #23 0x58a4dbb92421 in compress_chunk samples/SAFE/__tmp_3ab072de.c:28
    #24 0x58a4dbb92421 in compress_chunk samples/SAFE/__tmp_3ab072de.c:28
    #25 0x58a4dbb92421 in compress_chunk samples/SAFE/__tmp_3ab072de.c:28
    #26 0x58a4dbb92421 in compress_chunk samples/SAFE/__tmp_3ab072de.c:28
    #27 0x58a4dbb92421 in compress_chunk samples/SAFE/__tmp_3ab072de.c:28
    #28 0x58a4dbb92421 in compress_chunk samples/SAFE/__tmp_3ab072de.c:28
    #29 0x58a4dbb92421 in compress_chunk samples/SAFE/__tmp_3ab072de.c:28
    #30 0x58a4dbb92421 in compress_chunk samples/SAFE/__tmp_3ab072de.c:28
    #31 0x58a4dbb92421 in compress_chunk samples/SAFE/__tmp_3ab072de.c:28
    #32 0x58a4dbb92421 in compress_chunk samples/SAFE/__tmp_3ab072de.c:28
    #33 0x58a4dbb92421 in compress_chunk samples/SAFE/__tmp_3ab072de.c:28
    #34 0x58a4dbb92421 in compress_chunk samples/SAFE/__tmp_3ab072de.c:28
    #35 0x58a4dbb92421 in compress_chunk samples/SAFE/__tmp_3ab072de.c:28
    #36 0x58a4dbb92421 in compress_chunk samples/SAFE/__tmp_3ab072de.c:28
    #37 0x58a4dbb92421 in compress_chunk samples/SAFE/__tmp_3ab072de.c:28
    #38 0x58a4dbb92421 in compress_chunk samples/SAFE/__tmp_3ab072de.c:28
    #39 0x58a4dbb92421 in compress_chunk samples/SAFE/__tmp_3ab072de.c:28
    #40 0x58a4dbb92421 in compress_chunk samples/SAFE/__tmp_3ab072de.c:28
    #41 0x58a4dbb92421 in compress_chunk samples/SAFE/__tmp_3ab072de.c:28
    #42 0x58a4dbb92421 in compress_chunk samples/SAFE/__tmp_3ab072de.c:28
    #43 0x58a4dbb92421 in compress_chunk samples/SAFE/__tmp_3ab072de.c:28
    #44 0x58a4dbb92421 in compress_chunk samples/SAFE/__tmp_3ab072de.c:28
    #45 0x58a4dbb92421 in compress_chunk samples/SAFE/__tmp_3ab072de.c:28
    #46 0x58a4dbb92421 in compress_chunk samples/SAFE/__tmp_3ab072de.c:28
    #47 0x58a4dbb92421 in compress_chunk samples/SAFE/__tmp_3ab072de.c:28
    #48 0x58a4dbb92421 in compress_chunk samples/SAFE/__tmp_3ab072de.c:28
    #49 0x58a4dbb92421 in compress_chunk samples/SAFE/__tmp_3ab072de.c:28
    #50 0x58a4dbb92421 in compress_chunk samples/SAFE/__tmp_3ab072de.c:28
    #51 0x58a4dbb92421 in compress_chunk samples/SAFE/__tmp_3ab072de.c:28
    #52 0x58a4dbb92421 in compress_chunk samples/SAFE/__tmp_3ab072de.c:28
    #53 0x58a4dbb92421 in compress_chunk samples/SAFE/__tmp_3ab072de.c:28
    #54 0x58a4dbb92421 in compress_chunk samples/SAFE/__tmp_3ab072de.c:28
    #55 0x58a4dbb92421 in compress_chunk samples/SAFE/__tmp_3ab072de.c:28
    #56 0x58a4dbb92421 in compress_chunk samples/SAFE/__tmp_3ab072de.c:28
    #57 0x58a4dbb92421 in compress_chunk samples/SAFE/__tmp_3ab072de.c:28
    #58 0x58a4dbb92421 in compress_chunk samples/SAFE/__tmp_3ab072de.c:28
    #59 0x58a4dbb92421 in compress_chunk samples/SAFE/__tmp_3ab072de.c:28
    #60 0x58a4dbb92421 in compress_chunk samples/SAFE/__tmp_3ab072de.c:28
    #61 0x58a4dbb92421 in compress_chunk samples/SAFE/__tmp_3ab072de.c:28
    #62 0x58a4dbb92421 in compress_chunk samples/SAFE/__tmp_3ab072de.c:28
    #63 0x58a4dbb92421 in compress_chunk samples/SAFE/__tmp_3ab072de.c:28
    #64 0x58a4dbb92421 in compress_chunk samples/SAFE/__tmp_3ab072de.c:28
    #65 0x58a4dbb92421 in compress_chunk samples/SAFE/__tmp_3ab072de.c:28
    #66 0x58a4dbb92421 in compress_chunk samples/SAFE/__tmp_3ab072de.c:28
    #67 0x58a4dbb92421 in compress_chunk samples/SAFE/__tmp_3ab072de.c:28
    #68 0x58a4dbb92421 in compress_chunk samples/SAFE/__tmp_3ab072de.c:28
    #69 0x58a4dbb92421 in compress_chunk samples/SAFE/__tmp_3ab072de.c:28
    #70 0x58a4dbb92421 in compress_chunk samples/SAFE/__tmp_3ab072de.c:28
    #71 0x58a4dbb92421 in compress_chunk samples/SAFE/__tmp_3ab072de.c:28
    #72 0x58a4dbb92421 in compress_chunk samples/SAFE/__tmp_3ab072de.c:28
    #73 0x58a4dbb92421 in compress_chunk samples/SAFE/__tmp_3ab072de.c:28
    #74 0x58a4dbb92421 in compress_chunk samples/SAFE/__tmp_3ab072de.c:28
    #75 0x58a4dbb92421 in compress_chunk samples/SAFE/__tmp_3ab072de.c:28
    #76 0x58a4dbb92421 in compress_chunk samples/SAFE/__tmp_3ab072de.c:28
    #77 0x58a4dbb92421 in compress_chunk samples/SAFE/__tmp_3ab072de.c:28
    #78 0x58a4dbb92421 in compress_chunk samples/SAFE/__tmp_3ab072de.c:28
    #79 0x58a4dbb92421 in compress_chunk samples/SAFE/__tmp_3ab072de.c:28
    #80 0x58a4dbb92421 in compress_chunk samples/SAFE/__tmp_3ab072de.c:28
    #81 0x58a4dbb92421 in compress_chunk samples/SAFE/__tmp_3ab072de.c:28
    #82 0x58a4dbb92421 in compress_chunk samples/SAFE/__tmp_3ab072de.c:28
    #83 0x58a4dbb92421 in compress_chunk samples/SAFE/__tmp_3ab072de.c:28
    #84 0x58a4dbb92421 in compress_chunk samples/SAFE/__tmp_3ab072de.c:28
    #85 0x58a4dbb92421 in compress_chunk samples/SAFE/__tmp_3ab072de.c:28
    #86 0x58a4dbb92421 in compress_chunk samples/SAFE/__tmp_3ab072de.c:28
    #87 0x58a4dbb92421 in compress_chunk samples/SAFE/__tmp_3ab072de.c:28
    #88 0x58a4dbb92421 in compress_chunk samples/SAFE/__tmp_3ab072de.c:28
    #89 0x58a4dbb92421 in compress_chunk samples/SAFE/__tmp_3ab072de.c:28
    #90 0x58a4dbb92421 in compress_chunk samples/SAFE/__tmp_3ab072de.c:28
    #91 0x58a4dbb92421 in compress_chunk samples/SAFE/__tmp_3ab072de.c:28
    #92 0x58a4dbb92421 in compress_chunk samples/SAFE/__tmp_3ab072de.c:28
    #93 0x58a4dbb92421 in compress_chunk samples/SAFE/__tmp_3ab072de.c:28
    #94 0x58a4dbb92421 in compress_chunk samples/SAFE/__tmp_3ab072de.c:28
    #95 0x58a4dbb92421 in compress_chunk samples/SAFE/__tmp_3ab072de.c:28
    #96 0x58a4dbb92421 in compress_chunk samples/SAFE/__tmp_3ab072de.c:28
    #97 0x58a4dbb92421 in compress_chunk samples/SAFE/__tmp_3ab072de.c:28
    #98 0x58a4dbb92421 in compress_chunk samples/SAFE/__tmp_3ab072de.c:28
    #99 0x58a4dbb92421 in compress_chunk samples/SAFE/__tmp_3ab072de.c:28
    #100 0x58a4dbb92421 in compress_chunk samples/SAFE/__tmp_3ab072de.c:28
    #101 0x58a4dbb92421 in compress_chunk samples/SAFE/__tmp_3ab072de.c:28
    #102 0x58a4dbb92421 in compress_chunk samples/SAFE/__tmp_3ab072de.c:28
    #103 0x58a4dbb92421 in compress_chunk samples/SAFE/__tmp_3ab072de.c:28
    #104 0x58a4dbb92421 in compress_chunk samples/SAFE/__tmp_3ab072de.c:28
    #105 0x58a4dbb92421 in compress_chunk samples/SAFE/__tmp_3ab072de.c:28
    #106 0x58a4dbb92421 in compress_chunk samples/SAFE/__tmp_3ab072de.c:28
    #107 0x58a4dbb92421 in compress_chunk samples/SAFE/__tmp_3ab072de.c:28
    #108 0x58a4dbb92421 in compress_chunk samples/SAFE/__tmp_3ab072de.c:28
    #109 0x58a4dbb92421 in compress_chunk samples/SAFE/__tmp_3ab072de.c:28
    #110 0x58a4dbb92421 in compress_chunk samples/SAFE/__tmp_3ab072de.c:28
    #111 0x58a4dbb92421 in compress_chunk samples/SAFE/__tmp_3ab072de.c:28
    #112 0x58a4dbb92421 in compress_chunk samples/SAFE/__tmp_3ab072de.c:28
    #113 0x58a4dbb92421 in compress_chunk samples/SAFE/__tmp_3ab072de.c:28
    #114 0x58a4dbb92421 in compress_chunk samples/SAFE/__tmp_3ab072de.c:28
    #115 0x58a4dbb92421 in compress_chunk samples/SAFE/__tmp_3ab072de.c:28
    #116 0x58a4dbb92421 in compress_chunk samples/SAFE/__tmp_3ab072de.c:28
    #117 0x58a4dbb92421 in compress_chunk samples/SAFE/__tmp_3ab072de.c:28
    #118 0x58a4dbb92421 in compress_chunk samples/SAFE/__tmp_3ab072de.c:28
    #119 0x58a4dbb92421 in compress_chunk samples/SAFE/__tmp_3ab072de.c:28
    #120 0x58a4dbb92421 in compress_chunk samples/SAFE/__tmp_3ab072de.c:28
    #121 0x58a4dbb92421 in compress_chunk samples/SAFE/__tmp_3ab072de.c:28
    #122 0x58a4dbb92421 in compress_chunk samples/SAFE/__tmp_3ab072de.c:28
    #123 0x58a4dbb92421 in compress_chunk samples/SAFE/__tmp_3ab072de.c:28
    #124 0x58a4dbb92421 in compress_chunk samples/SAFE/__tmp_3ab072de.c:28
    #125 0x58a4dbb92421 in compress_chunk samples/SAFE/__tmp_3ab072de.c:28
    #126 0x58a4dbb92421 in compress_chunk samples/SAFE/__tmp_3ab072de.c:28
    #127 0x58a4dbb92421 in compress_chunk samples/SAFE/__tmp_3ab072de.c:28
    #128 0x58a4dbb92421 in compress_chunk samples/SAFE/__tmp_3ab072de.c:28
    #129 0x58a4dbb92421 in compress_chunk samples/SAFE/__tmp_3ab072de.c:28
    #130 0x58a4dbb92421 in compress_chunk samples/SAFE/__tmp_3ab072de.c:28
    #131 0x58a4dbb92421 in compress_chunk samples/SAFE/__tmp_3ab072de.c:28
    #132 0x58a4dbb92421 in compress_chunk samples/SAFE/__tmp_3ab072de.c:28
    #133 0x58a4dbb92421 in compress_chunk samples/SAFE/__tmp_3ab072de.c:28
    #134 0x58a4dbb92421 in compress_chunk samples/SAFE/__tmp_3ab072de.c:28
    #135 0x58a4dbb92421 in compress_chunk samples/SAFE/__tmp_3ab072de.c:28
    #136 0x58a4dbb92421 in compress_chunk samples/SAFE/__tmp_3ab072de.c:28
    #137 0x58a4dbb92421 in compress_chunk samples/SAFE/__tmp_3ab072de.c:28
    #138 0x58a4dbb92421 in compress_chunk samples/SAFE/__tmp_3ab072de.c:28
    #139 0x58a4dbb92421 in compress_chunk samples/SAFE/__tmp_3ab072de.c:28
    #140 0x58a4dbb92421 in compress_chunk samples/SAFE/__tmp_3ab072de.c:28
    #141 0x58a4dbb92421 in compress_chunk samples/SAFE/__tmp_3ab072de.c:28
    #142 0x58a4dbb92421 in compress_chunk samples/SAFE/__tmp_3ab072de.c:28
    #143 0x58a4dbb92421 in compress_chunk samples/SAFE/__tmp_3ab072de.c:28
    #144 0x58a4dbb92421 in compress_chunk samples/SAFE/__tmp_3ab072de.c:28
    #145 0x58a4dbb92421 in compress_chunk samples/SAFE/__tmp_3ab072de.c:28
    #146 0x58a4dbb92421 in compress_chunk samples/SAFE/__tmp_3ab072de.c:28
    #147 0x58a4dbb92421 in compress_chunk samples/SAFE/__tmp_3ab072de.c:28
    #148 0x58a4dbb92421 in compress_chunk samples/SAFE/__tmp_3ab072de.c:28
    #149 0x58a4dbb92421 in compress_chunk samples/SAFE/__tmp_3ab072de.c:28
    #150 0x58a4dbb92421 in compress_chunk samples/SAFE/__tmp_3ab072de.c:28
    #151 0x58a4dbb92421 in compress_chunk samples/SAFE/__tmp_3ab072de.c:28
    #152 0x58a4dbb92421 in compress_chunk samples/SAFE/__tmp_3ab072de.c:28
    #153 0x58a4dbb92421 in compress_chunk samples/SAFE/__tmp_3ab072de.c:28
    #154 0x58a4dbb92421 in compress_chunk samples/SAFE/__tmp_3ab072de.c:28
    #155 0x58a4dbb92421 in compress_chunk samples/SAFE/__tmp_3ab072de.c:28
    #156 0x58a4dbb92421 in compress_chunk samples/SAFE/__tmp_3ab072de.c:28
    #157 0x58a4dbb92421 in compress_chunk samples/SAFE/__tmp_3ab072de.c:28
    #158 0x58a4dbb92421 in compress_chunk samples/SAFE/__tmp_3ab072de.c:28
    #159 0x58a4dbb92421 in compress_chunk samples/SAFE/__tmp_3ab072de.c:28
    #160 0x58a4dbb92421 in compress_chunk samples/SAFE/__tmp_3ab072de.c:28
    #161 0x58a4dbb92421 in compress_chunk samples/SAFE/__tmp_3ab072de.c:28
    #162 0x58a4dbb92421 in compress_chunk samples/SAFE/__tmp_3ab072de.c:28
    #163 0x58a4dbb92421 in compress_chunk samples/SAFE/__tmp_3ab072de.c:28
    #164 0x58a4dbb92421 in compress_chunk samples/SAFE/__tmp_3ab072de.c:28
    #165 0x58a4dbb92421 in compress_chunk samples/SAFE/__tmp_3ab072de.c:28
    #166 0x58a4dbb92421 in compress_chunk samples/SAFE/__tmp_3ab072de.c:28
    #167 0x58a4dbb92421 in compress_chunk samples/SAFE/__tmp_3ab072de.c:28
    #168 0x58a4dbb92421 in compress_chunk samples/SAFE/__tmp_3ab072de.c:28
    #169 0x58a4dbb92421 in compress_chunk samples/SAFE/__tmp_3ab072de.c:28
    #170 0x58a4dbb92421 in compress_chunk samples/SAFE/__tmp_3ab072de.c:28
    #171 0x58a4dbb92421 in compress_chunk samples/SAFE/__tmp_3ab072de.c:28
    #172 0x58a4dbb92421 in compress_chunk samples/SAFE/__tmp_3ab072de.c:28
    #173 0x58a4dbb92421 in compress_chunk samples/SAFE/__tmp_3ab072de.c:28
    #174 0x58a4dbb92421 in compress_chunk samples/SAFE/__tmp_3ab072de.c:28
    #175 0x58a4dbb92421 in compress_chunk samples/SAFE/__tmp_3ab072de.c:28
    #176 0x58a4dbb92421 in compress_chunk samples/SAFE/__tmp_3ab072de.c:28
    #177 0x58a4dbb92421 in compress_chunk samples/SAFE/__tmp_3ab072de.c:28
    #178 0x58a4dbb92421 in compress_chunk samples/SAFE/__tmp_3ab072de.c:28
    #179 0x58a4dbb92421 in compress_chunk samples/SAFE/__tmp_3ab072de.c:28
    #180 0x58a4dbb92421 in compress_chunk samples/SAFE/__tmp_3ab072de.c:28
    #181 0x58a4dbb92421 in compress_chunk samples/SAFE/__tmp_3ab072de.c:28
    #182 0x58a4dbb92421 in compress_chunk samples/SAFE/__tmp_3ab072de.c:28
    #183 0x58a4dbb92421 in compress_chunk samples/SAFE/__tmp_3ab072de.c:28
    #184 0x58a4dbb92421 in compress_chunk samples/SAFE/__tmp_3ab072de.c:28
    #185 0x58a4dbb92421 in compress_chunk samples/SAFE/__tmp_3ab072de.c:28
    #186 0x58a4dbb92421 in compress_chunk samples/SAFE/__tmp_3ab072de.c:28
    #187 0x58a4dbb92421 in compress_chunk samples/SAFE/__tmp_3ab072de.c:28
    #188 0x58a4dbb92421 in compress_chunk samples/SAFE/__tmp_3ab072de.c:28
    #189 0x58a4dbb92421 in compress_chunk samples/SAFE/__tmp_3ab072de.c:28
    #190 0x58a4dbb92421 in compress_chunk samples/SAFE/__tmp_3ab072de.c:28
    #191 0x58a4dbb92421 in compress_chunk samples/SAFE/__tmp_3ab072de.c:28
    #192 0x58a4dbb92421 in compress_chunk samples/SAFE/__tmp_3ab072de.c:28
    #193 0x58a4dbb92421 in compress_chunk samples/SAFE/__tmp_3ab072de.c:28
    #194 0x58a4dbb92421 in compress_chunk samples/SAFE/__tmp_3ab072de.c:28
    #195 0x58a4dbb92421 in compress_chunk samples/SAFE/__tmp_3ab072de.c:28
    #196 0x58a4dbb92421 in compress_chunk samples/SAFE/__tmp_3ab072de.c:28
    #197 0x58a4dbb92421 in compress_chunk samples/SAFE/__tmp_3ab072de.c:28
    #198 0x58a4dbb92421 in compress_chunk samples/SAFE/__tmp_3ab072de.c:28
    #199 0x58a4dbb92421 in compress_chunk samples/SAFE/__tmp_3ab072de.c:28
    #200 0x58a4dbb92421 in compress_chunk samples/SAFE/__tmp_3ab072de.c:28
    #201 0x58a4dbb92421 in compress_chunk samples/SAFE/__tmp_3ab072de.c:28
    #202 0x58a4dbb92421 in compress_chunk samples/SAFE/__tmp_3ab072de.c:28
    #203 0x58a4dbb92421 in compress_chunk samples/SAFE/__tmp_3ab072de.c:28
    #204 0x58a4dbb92421 in compress_chunk samples/SAFE/__tmp_3ab072de.c:28
    #205 0x58a4dbb92421 in compress_chunk samples/SAFE/__tmp_3ab072de.c:28
    #206 0x58a4dbb92421 in compress_chunk samples/SAFE/__tmp_3ab072de.c:28
    #207 0x58a4dbb92421 in compress_chunk samples/SAFE/__tmp_3ab072de.c:28
    #208 0x58a4dbb92421 in compress_chunk samples/SAFE/__tmp_3ab072de.c:28
    #209 0x58a4dbb92421 in compress_chunk samples/SAFE/__tmp_3ab072de.c:28
    #210 0x58a4dbb92421 in compress_chunk samples/SAFE/__tmp_3ab072de.c:28
    #211 0x58a4dbb92421 in compress_chunk samples/SAFE/__tmp_3ab072de.c:28
    #212 0x58a4dbb92421 in compress_chunk samples/SAFE/__tmp_3ab072de.c:28
    #213 0x58a4dbb92421 in compress_chunk samples/SAFE/__tmp_3ab072de.c:28
    #214 0x58a4dbb92421 in compress_chunk samples/SAFE/__tmp_3ab072de.c:28
    #215 0x58a4dbb92421 in compress_chunk samples/SAFE/__tmp_3ab072de.c:28
    #216 0x58a4dbb92421 in compress_chunk samples/SAFE/__tmp_3ab072de.c:28
    #217 0x58a4dbb92421 in compress_chunk samples/SAFE/__tmp_3ab072de.c:28
    #218 0x58a4dbb92421 in compress_chunk samples/SAFE/__tmp_3ab072de.c:28
    #219 0x58a4dbb92421 in compress_chunk samples/SAFE/__tmp_3ab072de.c:28
    #220 0x58a4dbb92421 in compress_chunk samples/SAFE/__tmp_3ab072de.c:28
    #221 0x58a4dbb92421 in compress_chunk samples/SAFE/__tmp_3ab072de.c:28
    #222 0x58a4dbb92421 in compress_chunk samples/SAFE/__tmp_3ab072de.c:28
    #223 0x58a4dbb92421 in compress_chunk samples/SAFE/__tmp_3ab072de.c:28
    #224 0x58a4dbb92421 in compress_chunk samples/SAFE/__tmp_3ab072de.c:28
    #225 0x58a4dbb92421 in compress_chunk samples/SAFE/__tmp_3ab072de.c:28
    #226 0x58a4dbb92421 in compress_chunk samples/SAFE/__tmp_3ab072de.c:28
    #227 0x58a4dbb92421 in compress_chunk samples/SAFE/__tmp_3ab072de.c:28
    #228 0x58a4dbb92421 in compress_chunk samples/SAFE/__tmp_3ab072de.c:28
    #229 0x58a4dbb92421 in compress_chunk samples/SAFE/__tmp_3ab072de.c:28
    #230 0x58a4dbb92421 in compress_chunk samples/SAFE/__tmp_3ab072de.c:28
    #231 0x58a4dbb92421 in compress_chunk samples/SAFE/__tmp_3ab072de.c:28
    #232 0x58a4dbb92421 in compress_chunk samples/SAFE/__tmp_3ab072de.c:28
    #233 0x58a4dbb92421 in compress_chunk samples/SAFE/__tmp_3ab072de.c:28
    #234 0x58a4dbb92421 in compress_chunk samples/SAFE/__tmp_3ab072de.c:28
    #235 0x58a4dbb92421 in compress_chunk samples/SAFE/__tmp_3ab072de.c:28
    #236 0x58a4dbb92421 in compress_chunk samples/SAFE/__tmp_3ab072de.c:28
    #237 0x58a4dbb92421 in compress_chunk samples/SAFE/__tmp_3ab072de.c:28
    #238 0x58a4dbb92421 in compress_chunk samples/SAFE/__tmp_3ab072de.c:28
    #239 0x58a4dbb92421 in compress_chunk samples/SAFE/__tmp_3ab072de.c:28
    #240 0x58a4dbb92421 in compress_chunk samples/SAFE/__tmp_3ab072de.c:28
    #241 0x58a4dbb92421 in compress_chunk samples/SAFE/__tmp_3ab072de.c:28
    #242 0x58a4dbb92421 in compress_chunk samples/SAFE/__tmp_3ab072de.c:28
    #243 0x58a4dbb92421 in compress_chunk samples/SAFE/__tmp_3ab072de.c:28
    #244 0x58a4dbb92421 in compress_chunk samples/SAFE/__tmp_3ab072de.c:28
    #245 0x58a4dbb92421 in compress_chunk samples/SAFE/__tmp_3ab072de.c:28
    #246 0x58a4dbb92421 in compress_chunk samples/SAFE/__tmp_3ab072de.c:28

SUMMARY: AddressSanitizer: stack-overflow samples/SAFE/__tmp_3ab072de.c:28 in compress_chunk
==378868==ABORTING
