
AddressSanitizer:DEADLYSIGNAL
=================================================================
==443190==ERROR: AddressSanitizer: stack-overflow on address 0x7fff7b7e3fe8 (pc 0x634e491ce46c bp 0x7fff7b7e4030 sp 0x7fff7b7e3ff0 T0)
    #0 0x634e491ce46c in compress_chunk samples/SAFE/__tmp_a886af03.c:29
    #1 0x634e491ce470 in compress_chunk samples/SAFE/__tmp_a886af03.c:29
    #2 0x634e491ce470 in compress_chunk samples/SAFE/__tmp_a886af03.c:29
    #3 0x634e491ce470 in compress_chunk samples/SAFE/__tmp_a886af03.c:29
    #4 0x634e491ce470 in compress_chunk samples/SAFE/__tmp_a886af03.c:29
    #5 0x634e491ce470 in compress_chunk samples/SAFE/__tmp_a886af03.c:29
    #6 0x634e491ce470 in compress_chunk samples/SAFE/__tmp_a886af03.c:29
    #7 0x634e491ce470 in compress_chunk samples/SAFE/__tmp_a886af03.c:29
    #8 0x634e491ce470 in compress_chunk samples/SAFE/__tmp_a886af03.c:29
    #9 0x634e491ce470 in compress_chunk samples/SAFE/__tmp_a886af03.c:29
    #10 0x634e491ce470 in compress_chunk samples/SAFE/__tmp_a886af03.c:29
    #11 0x634e491ce470 in compress_chunk samples/SAFE/__tmp_a886af03.c:29
    #12 0x634e491ce470 in compress_chunk samples/SAFE/__tmp_a886af03.c:29
    #13 0x634e491ce470 in compress_chunk samples/SAFE/__tmp_a886af03.c:29
    #14 0x634e491ce470 in compress_chunk samples/SAFE/__tmp_a886af03.c:29
    #15 0x634e491ce470 in compress_chunk samples/SAFE/__tmp_a886af03.c:29
    #16 0x634e491ce470 in compress_chunk samples/SAFE/__tmp_a886af03.c:29
    #17 0x634e491ce470 in compress_chunk samples/SAFE/__tmp_a886af03.c:29
    #18 0x634e491ce470 in compress_chunk samples/SAFE/__tmp_a886af03.c:29
    #19 0x634e491ce470 in compress_chunk samples/SAFE/__tmp_a886af03.c:29
    #20 0x634e491ce470 in compress_chunk samples/SAFE/__tmp_a886af03.c:29
    #21 0x634e491ce470 in compress_chunk samples/SAFE/__tmp_a886af03.c:29
    #22 0x634e491ce470 in compress_chunk samples/SAFE/__tmp_a886af03.c:29
    #23 0x634e491ce470 in compress_chunk samples/SAFE/__tmp_a886af03.c:29
    #24 0x634e491ce470 in compress_chunk samples/SAFE/__tmp_a886af03.c:29
    #25 0x634e491ce470 in compress_chunk samples/SAFE/__tmp_a886af03.c:29
    #26 0x634e491ce470 in compress_chunk samples/SAFE/__tmp_a886af03.c:29
    #27 0x634e491ce470 in compress_chunk samples/SAFE/__tmp_a886af03.c:29
    #28 0x634e491ce470 in compress_chunk samples/SAFE/__tmp_a886af03.c:29
    #29 0x634e491ce470 in compress_chunk samples/SAFE/__tmp_a886af03.c:29
    #30 0x634e491ce470 in compress_chunk samples/SAFE/__tmp_a886af03.c:29
    #31 0x634e491ce470 in compress_chunk samples/SAFE/__tmp_a886af03.c:29
    #32 0x634e491ce470 in compress_chunk samples/SAFE/__tmp_a886af03.c:29
    #33 0x634e491ce470 in compress_chunk samples/SAFE/__tmp_a886af03.c:29
    #34 0x634e491ce470 in compress_chunk samples/SAFE/__tmp_a886af03.c:29
    #35 0x634e491ce470 in compress_chunk samples/SAFE/__tmp_a886af03.c:29
    #36 0x634e491ce470 in compress_chunk samples/SAFE/__tmp_a886af03.c:29
    #37 0x634e491ce470 in compress_chunk samples/SAFE/__tmp_a886af03.c:29
    #38 0x634e491ce470 in compress_chunk samples/SAFE/__tmp_a886af03.c:29
    #39 0x634e491ce470 in compress_chunk samples/SAFE/__tmp_a886af03.c:29
    #40 0x634e491ce470 in compress_chunk samples/SAFE/__tmp_a886af03.c:29
    #41 0x634e491ce470 in compress_chunk samples/SAFE/__tmp_a886af03.c:29
    #42 0x634e491ce470 in compress_chunk samples/SAFE/__tmp_a886af03.c:29
    #43 0x634e491ce470 in compress_chunk samples/SAFE/__tmp_a886af03.c:29
    #44 0x634e491ce470 in compress_chunk samples/SAFE/__tmp_a886af03.c:29
    #45 0x634e491ce470 in compress_chunk samples/SAFE/__tmp_a886af03.c:29
    #46 0x634e491ce470 in compress_chunk samples/SAFE/__tmp_a886af03.c:29
    #47 0x634e491ce470 in compress_chunk samples/SAFE/__tmp_a886af03.c:29
    #48 0x634e491ce470 in compress_chunk samples/SAFE/__tmp_a886af03.c:29
    #49 0x634e491ce470 in compress_chunk samples/SAFE/__tmp_a886af03.c:29
    #50 0x634e491ce470 in compress_chunk samples/SAFE/__tmp_a886af03.c:29
    #51 0x634e491ce470 in compress_chunk samples/SAFE/__tmp_a886af03.c:29
    #52 0x634e491ce470 in compress_chunk samples/SAFE/__tmp_a886af03.c:29
    #53 0x634e491ce470 in compress_chunk samples/SAFE/__tmp_a886af03.c:29
    #54 0x634e491ce470 in compress_chunk samples/SAFE/__tmp_a886af03.c:29
    #55 0x634e491ce470 in compress_chunk samples/SAFE/__tmp_a886af03.c:29
    #56 0x634e491ce470 in compress_chunk samples/SAFE/__tmp_a886af03.c:29
    #57 0x634e491ce470 in compress_chunk samples/SAFE/__tmp_a886af03.c:29
    #58 0x634e491ce470 in compress_chunk samples/SAFE/__tmp_a886af03.c:29
    #59 0x634e491ce470 in compress_chunk samples/SAFE/__tmp_a886af03.c:29
    #60 0x634e491ce470 in compress_chunk samples/SAFE/__tmp_a886af03.c:29
    #61 0x634e491ce470 in compress_chunk samples/SAFE/__tmp_a886af03.c:29
    #62 0x634e491ce470 in compress_chunk samples/SAFE/__tmp_a886af03.c:29
    #63 0x634e491ce470 in compress_chunk samples/SAFE/__tmp_a886af03.c:29
    #64 0x634e491ce470 in compress_chunk samples/SAFE/__tmp_a886af03.c:29
    #65 0x634e491ce470 in compress_chunk samples/SAFE/__tmp_a886af03.c:29
    #66 0x634e491ce470 in compress_chunk samples/SAFE/__tmp_a886af03.c:29
    #67 0x634e491ce470 in compress_chunk samples/SAFE/__tmp_a886af03.c:29
    #68 0x634e491ce470 in compress_chunk samples/SAFE/__tmp_a886af03.c:29
    #69 0x634e491ce470 in compress_chunk samples/SAFE/__tmp_a886af03.c:29
    #70 0x634e491ce470 in compress_chunk samples/SAFE/__tmp_a886af03.c:29
    #71 0x634e491ce470 in compress_chunk samples/SAFE/__tmp_a886af03.c:29
    #72 0x634e491ce470 in compress_chunk samples/SAFE/__tmp_a886af03.c:29
    #73 0x634e491ce470 in compress_chunk samples/SAFE/__tmp_a886af03.c:29
    #74 0x634e491ce470 in compress_chunk samples/SAFE/__tmp_a886af03.c:29
    #75 0x634e491ce470 in compress_chunk samples/SAFE/__tmp_a886af03.c:29
    #76 0x634e491ce470 in compress_chunk samples/SAFE/__tmp_a886af03.c:29
    #77 0x634e491ce470 in compress_chunk samples/SAFE/__tmp_a886af03.c:29
    #78 0x634e491ce470 in compress_chunk samples/SAFE/__tmp_a886af03.c:29
    #79 0x634e491ce470 in compress_chunk samples/SAFE/__tmp_a886af03.c:29
    #80 0x634e491ce470 in compress_chunk samples/SAFE/__tmp_a886af03.c:29
    #81 0x634e491ce470 in compress_chunk samples/SAFE/__tmp_a886af03.c:29
    #82 0x634e491ce470 in compress_chunk samples/SAFE/__tmp_a886af03.c:29
    #83 0x634e491ce470 in compress_chunk samples/SAFE/__tmp_a886af03.c:29
    #84 0x634e491ce470 in compress_chunk samples/SAFE/__tmp_a886af03.c:29
    #85 0x634e491ce470 in compress_chunk samples/SAFE/__tmp_a886af03.c:29
    #86 0x634e491ce470 in compress_chunk samples/SAFE/__tmp_a886af03.c:29
    #87 0x634e491ce470 in compress_chunk samples/SAFE/__tmp_a886af03.c:29
    #88 0x634e491ce470 in compress_chunk samples/SAFE/__tmp_a886af03.c:29
    #89 0x634e491ce470 in compress_chunk samples/SAFE/__tmp_a886af03.c:29
    #90 0x634e491ce470 in compress_chunk samples/SAFE/__tmp_a886af03.c:29
    #91 0x634e491ce470 in compress_chunk samples/SAFE/__tmp_a886af03.c:29
    #92 0x634e491ce470 in compress_chunk samples/SAFE/__tmp_a886af03.c:29
    #93 0x634e491ce470 in compress_chunk samples/SAFE/__tmp_a886af03.c:29
    #94 0x634e491ce470 in compress_chunk samples/SAFE/__tmp_a886af03.c:29
    #95 0x634e491ce470 in compress_chunk samples/SAFE/__tmp_a886af03.c:29
    #96 0x634e491ce470 in compress_chunk samples/SAFE/__tmp_a886af03.c:29
    #97 0x634e491ce470 in compress_chunk samples/SAFE/__tmp_a886af03.c:29
    #98 0x634e491ce470 in compress_chunk samples/SAFE/__tmp_a886af03.c:29
    #99 0x634e491ce470 in compress_chunk samples/SAFE/__tmp_a886af03.c:29
    #100 0x634e491ce470 in compress_chunk samples/SAFE/__tmp_a886af03.c:29
    #101 0x634e491ce470 in compress_chunk samples/SAFE/__tmp_a886af03.c:29
    #102 0x634e491ce470 in compress_chunk samples/SAFE/__tmp_a886af03.c:29
    #103 0x634e491ce470 in compress_chunk samples/SAFE/__tmp_a886af03.c:29
    #104 0x634e491ce470 in compress_chunk samples/SAFE/__tmp_a886af03.c:29
    #105 0x634e491ce470 in compress_chunk samples/SAFE/__tmp_a886af03.c:29
    #106 0x634e491ce470 in compress_chunk samples/SAFE/__tmp_a886af03.c:29
    #107 0x634e491ce470 in compress_chunk samples/SAFE/__tmp_a886af03.c:29
    #108 0x634e491ce470 in compress_chunk samples/SAFE/__tmp_a886af03.c:29
    #109 0x634e491ce470 in compress_chunk samples/SAFE/__tmp_a886af03.c:29
    #110 0x634e491ce470 in compress_chunk samples/SAFE/__tmp_a886af03.c:29
    #111 0x634e491ce470 in compress_chunk samples/SAFE/__tmp_a886af03.c:29
    #112 0x634e491ce470 in compress_chunk samples/SAFE/__tmp_a886af03.c:29
    #113 0x634e491ce470 in compress_chunk samples/SAFE/__tmp_a886af03.c:29
    #114 0x634e491ce470 in compress_chunk samples/SAFE/__tmp_a886af03.c:29
    #115 0x634e491ce470 in compress_chunk samples/SAFE/__tmp_a886af03.c:29
    #116 0x634e491ce470 in compress_chunk samples/SAFE/__tmp_a886af03.c:29
    #117 0x634e491ce470 in compress_chunk samples/SAFE/__tmp_a886af03.c:29
    #118 0x634e491ce470 in compress_chunk samples/SAFE/__tmp_a886af03.c:29
    #119 0x634e491ce470 in compress_chunk samples/SAFE/__tmp_a886af03.c:29
    #120 0x634e491ce470 in compress_chunk samples/SAFE/__tmp_a886af03.c:29
    #121 0x634e491ce470 in compress_chunk samples/SAFE/__tmp_a886af03.c:29
    #122 0x634e491ce470 in compress_chunk samples/SAFE/__tmp_a886af03.c:29
    #123 0x634e491ce470 in compress_chunk samples/SAFE/__tmp_a886af03.c:29
    #124 0x634e491ce470 in compress_chunk samples/SAFE/__tmp_a886af03.c:29
    #125 0x634e491ce470 in compress_chunk samples/SAFE/__tmp_a886af03.c:29
    #126 0x634e491ce470 in compress_chunk samples/SAFE/__tmp_a886af03.c:29
    #127 0x634e491ce470 in compress_chunk samples/SAFE/__tmp_a886af03.c:29
    #128 0x634e491ce470 in compress_chunk samples/SAFE/__tmp_a886af03.c:29
    #129 0x634e491ce470 in compress_chunk samples/SAFE/__tmp_a886af03.c:29
    #130 0x634e491ce470 in compress_chunk samples/SAFE/__tmp_a886af03.c:29
    #131 0x634e491ce470 in compress_chunk samples/SAFE/__tmp_a886af03.c:29
    #132 0x634e491ce470 in compress_chunk samples/SAFE/__tmp_a886af03.c:29
    #133 0x634e491ce470 in compress_chunk samples/SAFE/__tmp_a886af03.c:29
    #134 0x634e491ce470 in compress_chunk samples/SAFE/__tmp_a886af03.c:29
    #135 0x634e491ce470 in compress_chunk samples/SAFE/__tmp_a886af03.c:29
    #136 0x634e491ce470 in compress_chunk samples/SAFE/__tmp_a886af03.c:29
    #137 0x634e491ce470 in compress_chunk samples/SAFE/__tmp_a886af03.c:29
    #138 0x634e491ce470 in compress_chunk samples/SAFE/__tmp_a886af03.c:29
    #139 0x634e491ce470 in compress_chunk samples/SAFE/__tmp_a886af03.c:29
    #140 0x634e491ce470 in compress_chunk samples/SAFE/__tmp_a886af03.c:29
    #141 0x634e491ce470 in compress_chunk samples/SAFE/__tmp_a886af03.c:29
    #142 0x634e491ce470 in compress_chunk samples/SAFE/__tmp_a886af03.c:29
    #143 0x634e491ce470 in compress_chunk samples/SAFE/__tmp_a886af03.c:29
    #144 0x634e491ce470 in compress_chunk samples/SAFE/__tmp_a886af03.c:29
    #145 0x634e491ce470 in compress_chunk samples/SAFE/__tmp_a886af03.c:29
    #146 0x634e491ce470 in compress_chunk samples/SAFE/__tmp_a886af03.c:29
    #147 0x634e491ce470 in compress_chunk samples/SAFE/__tmp_a886af03.c:29
    #148 0x634e491ce470 in compress_chunk samples/SAFE/__tmp_a886af03.c:29
    #149 0x634e491ce470 in compress_chunk samples/SAFE/__tmp_a886af03.c:29
    #150 0x634e491ce470 in compress_chunk samples/SAFE/__tmp_a886af03.c:29
    #151 0x634e491ce470 in compress_chunk samples/SAFE/__tmp_a886af03.c:29
    #152 0x634e491ce470 in compress_chunk samples/SAFE/__tmp_a886af03.c:29
    #153 0x634e491ce470 in compress_chunk samples/SAFE/__tmp_a886af03.c:29
    #154 0x634e491ce470 in compress_chunk samples/SAFE/__tmp_a886af03.c:29
    #155 0x634e491ce470 in compress_chunk samples/SAFE/__tmp_a886af03.c:29
    #156 0x634e491ce470 in compress_chunk samples/SAFE/__tmp_a886af03.c:29
    #157 0x634e491ce470 in compress_chunk samples/SAFE/__tmp_a886af03.c:29
    #158 0x634e491ce470 in compress_chunk samples/SAFE/__tmp_a886af03.c:29
    #159 0x634e491ce470 in compress_chunk samples/SAFE/__tmp_a886af03.c:29
    #160 0x634e491ce470 in compress_chunk samples/SAFE/__tmp_a886af03.c:29
    #161 0x634e491ce470 in compress_chunk samples/SAFE/__tmp_a886af03.c:29
    #162 0x634e491ce470 in compress_chunk samples/SAFE/__tmp_a886af03.c:29
    #163 0x634e491ce470 in compress_chunk samples/SAFE/__tmp_a886af03.c:29
    #164 0x634e491ce470 in compress_chunk samples/SAFE/__tmp_a886af03.c:29
    #165 0x634e491ce470 in compress_chunk samples/SAFE/__tmp_a886af03.c:29
    #166 0x634e491ce470 in compress_chunk samples/SAFE/__tmp_a886af03.c:29
    #167 0x634e491ce470 in compress_chunk samples/SAFE/__tmp_a886af03.c:29
    #168 0x634e491ce470 in compress_chunk samples/SAFE/__tmp_a886af03.c:29
    #169 0x634e491ce470 in compress_chunk samples/SAFE/__tmp_a886af03.c:29
    #170 0x634e491ce470 in compress_chunk samples/SAFE/__tmp_a886af03.c:29
    #171 0x634e491ce470 in compress_chunk samples/SAFE/__tmp_a886af03.c:29
    #172 0x634e491ce470 in compress_chunk samples/SAFE/__tmp_a886af03.c:29
    #173 0x634e491ce470 in compress_chunk samples/SAFE/__tmp_a886af03.c:29
    #174 0x634e491ce470 in compress_chunk samples/SAFE/__tmp_a886af03.c:29
    #175 0x634e491ce470 in compress_chunk samples/SAFE/__tmp_a886af03.c:29
    #176 0x634e491ce470 in compress_chunk samples/SAFE/__tmp_a886af03.c:29
    #177 0x634e491ce470 in compress_chunk samples/SAFE/__tmp_a886af03.c:29
    #178 0x634e491ce470 in compress_chunk samples/SAFE/__tmp_a886af03.c:29
    #179 0x634e491ce470 in compress_chunk samples/SAFE/__tmp_a886af03.c:29
    #180 0x634e491ce470 in compress_chunk samples/SAFE/__tmp_a886af03.c:29
    #181 0x634e491ce470 in compress_chunk samples/SAFE/__tmp_a886af03.c:29
    #182 0x634e491ce470 in compress_chunk samples/SAFE/__tmp_a886af03.c:29
    #183 0x634e491ce470 in compress_chunk samples/SAFE/__tmp_a886af03.c:29
    #184 0x634e491ce470 in compress_chunk samples/SAFE/__tmp_a886af03.c:29
    #185 0x634e491ce470 in compress_chunk samples/SAFE/__tmp_a886af03.c:29
    #186 0x634e491ce470 in compress_chunk samples/SAFE/__tmp_a886af03.c:29
    #187 0x634e491ce470 in compress_chunk samples/SAFE/__tmp_a886af03.c:29
    #188 0x634e491ce470 in compress_chunk samples/SAFE/__tmp_a886af03.c:29
    #189 0x634e491ce470 in compress_chunk samples/SAFE/__tmp_a886af03.c:29
    #190 0x634e491ce470 in compress_chunk samples/SAFE/__tmp_a886af03.c:29
    #191 0x634e491ce470 in compress_chunk samples/SAFE/__tmp_a886af03.c:29
    #192 0x634e491ce470 in compress_chunk samples/SAFE/__tmp_a886af03.c:29
    #193 0x634e491ce470 in compress_chunk samples/SAFE/__tmp_a886af03.c:29
    #194 0x634e491ce470 in compress_chunk samples/SAFE/__tmp_a886af03.c:29
    #195 0x634e491ce470 in compress_chunk samples/SAFE/__tmp_a886af03.c:29
    #196 0x634e491ce470 in compress_chunk samples/SAFE/__tmp_a886af03.c:29
    #197 0x634e491ce470 in compress_chunk samples/SAFE/__tmp_a886af03.c:29
    #198 0x634e491ce470 in compress_chunk samples/SAFE/__tmp_a886af03.c:29
    #199 0x634e491ce470 in compress_chunk samples/SAFE/__tmp_a886af03.c:29
    #200 0x634e491ce470 in compress_chunk samples/SAFE/__tmp_a886af03.c:29
    #201 0x634e491ce470 in compress_chunk samples/SAFE/__tmp_a886af03.c:29
    #202 0x634e491ce470 in compress_chunk samples/SAFE/__tmp_a886af03.c:29
    #203 0x634e491ce470 in compress_chunk samples/SAFE/__tmp_a886af03.c:29
    #204 0x634e491ce470 in compress_chunk samples/SAFE/__tmp_a886af03.c:29
    #205 0x634e491ce470 in compress_chunk samples/SAFE/__tmp_a886af03.c:29
    #206 0x634e491ce470 in compress_chunk samples/SAFE/__tmp_a886af03.c:29
    #207 0x634e491ce470 in compress_chunk samples/SAFE/__tmp_a886af03.c:29
    #208 0x634e491ce470 in compress_chunk samples/SAFE/__tmp_a886af03.c:29
    #209 0x634e491ce470 in compress_chunk samples/SAFE/__tmp_a886af03.c:29
    #210 0x634e491ce470 in compress_chunk samples/SAFE/__tmp_a886af03.c:29
    #211 0x634e491ce470 in compress_chunk samples/SAFE/__tmp_a886af03.c:29
    #212 0x634e491ce470 in compress_chunk samples/SAFE/__tmp_a886af03.c:29
    #213 0x634e491ce470 in compress_chunk samples/SAFE/__tmp_a886af03.c:29
    #214 0x634e491ce470 in compress_chunk samples/SAFE/__tmp_a886af03.c:29
    #215 0x634e491ce470 in compress_chunk samples/SAFE/__tmp_a886af03.c:29
    #216 0x634e491ce470 in compress_chunk samples/SAFE/__tmp_a886af03.c:29
    #217 0x634e491ce470 in compress_chunk samples/SAFE/__tmp_a886af03.c:29
    #218 0x634e491ce470 in compress_chunk samples/SAFE/__tmp_a886af03.c:29
    #219 0x634e491ce470 in compress_chunk samples/SAFE/__tmp_a886af03.c:29
    #220 0x634e491ce470 in compress_chunk samples/SAFE/__tmp_a886af03.c:29
    #221 0x634e491ce470 in compress_chunk samples/SAFE/__tmp_a886af03.c:29
    #222 0x634e491ce470 in compress_chunk samples/SAFE/__tmp_a886af03.c:29
    #223 0x634e491ce470 in compress_chunk samples/SAFE/__tmp_a886af03.c:29
    #224 0x634e491ce470 in compress_chunk samples/SAFE/__tmp_a886af03.c:29
    #225 0x634e491ce470 in compress_chunk samples/SAFE/__tmp_a886af03.c:29
    #226 0x634e491ce470 in compress_chunk samples/SAFE/__tmp_a886af03.c:29
    #227 0x634e491ce470 in compress_chunk samples/SAFE/__tmp_a886af03.c:29
    #228 0x634e491ce470 in compress_chunk samples/SAFE/__tmp_a886af03.c:29
    #229 0x634e491ce470 in compress_chunk samples/SAFE/__tmp_a886af03.c:29
    #230 0x634e491ce470 in compress_chunk samples/SAFE/__tmp_a886af03.c:29
    #231 0x634e491ce470 in compress_chunk samples/SAFE/__tmp_a886af03.c:29
    #232 0x634e491ce470 in compress_chunk samples/SAFE/__tmp_a886af03.c:29
    #233 0x634e491ce470 in compress_chunk samples/SAFE/__tmp_a886af03.c:29
    #234 0x634e491ce470 in compress_chunk samples/SAFE/__tmp_a886af03.c:29
    #235 0x634e491ce470 in compress_chunk samples/SAFE/__tmp_a886af03.c:29
    #236 0x634e491ce470 in compress_chunk samples/SAFE/__tmp_a886af03.c:29
    #237 0x634e491ce470 in compress_chunk samples/SAFE/__tmp_a886af03.c:29
    #238 0x634e491ce470 in compress_chunk samples/SAFE/__tmp_a886af03.c:29
    #239 0x634e491ce470 in compress_chunk samples/SAFE/__tmp_a886af03.c:29
    #240 0x634e491ce470 in compress_chunk samples/SAFE/__tmp_a886af03.c:29
    #241 0x634e491ce470 in compress_chunk samples/SAFE/__tmp_a886af03.c:29
    #242 0x634e491ce470 in compress_chunk samples/SAFE/__tmp_a886af03.c:29
    #243 0x634e491ce470 in compress_chunk samples/SAFE/__tmp_a886af03.c:29
    #244 0x634e491ce470 in compress_chunk samples/SAFE/__tmp_a886af03.c:29
    #245 0x634e491ce470 in compress_chunk samples/SAFE/__tmp_a886af03.c:29
    #246 0x634e491ce470 in compress_chunk samples/SAFE/__tmp_a886af03.c:29

SUMMARY: AddressSanitizer: stack-overflow samples/SAFE/__tmp_a886af03.c:29 in compress_chunk
==443190==ABORTING
