
AddressSanitizer:DEADLYSIGNAL
=================================================================
==259343==ERROR: AddressSanitizer: stack-overflow on address 0x7ffe41d28ff8 (pc 0x56063d91e449 bp 0x7ffe41d29000 sp 0x7ffe41d29000 T0)
    #0 0x56063d91e449 in handle_read_char samples/SAFE/__tmp_0b69d568.c:32
    #1 0x56063d91ec74 in process_state_machine samples/SAFE/__tmp_0b69d568.c:82
    #2 0x56063d91ec61 in process_state_machine samples/SAFE/__tmp_0b69d568.c:95
    #3 0x56063d91ec61 in process_state_machine samples/SAFE/__tmp_0b69d568.c:95
    #4 0x56063d91ec61 in process_state_machine samples/SAFE/__tmp_0b69d568.c:95
    #5 0x56063d91ec61 in process_state_machine samples/SAFE/__tmp_0b69d568.c:95
    #6 0x56063d91ec61 in process_state_machine samples/SAFE/__tmp_0b69d568.c:95
    #7 0x56063d91ec61 in process_state_machine samples/SAFE/__tmp_0b69d568.c:95
    #8 0x56063d91ec61 in process_state_machine samples/SAFE/__tmp_0b69d568.c:95
    #9 0x56063d91ec61 in process_state_machine samples/SAFE/__tmp_0b69d568.c:95
    #10 0x56063d91ec61 in process_state_machine samples/SAFE/__tmp_0b69d568.c:95
    #11 0x56063d91ec61 in process_state_machine samples/SAFE/__tmp_0b69d568.c:95
    #12 0x56063d91ec61 in process_state_machine samples/SAFE/__tmp_0b69d568.c:95
    #13 0x56063d91ec61 in process_state_machine samples/SAFE/__tmp_0b69d568.c:95
    #14 0x56063d91ec61 in process_state_machine samples/SAFE/__tmp_0b69d568.c:95
    #15 0x56063d91ec61 in process_state_machine samples/SAFE/__tmp_0b69d568.c:95
    #16 0x56063d91ec61 in process_state_machine samples/SAFE/__tmp_0b69d568.c:95
    #17 0x56063d91ec61 in process_state_machine samples/SAFE/__tmp_0b69d568.c:95
    #18 0x56063d91ec61 in process_state_machine samples/SAFE/__tmp_0b69d568.c:95
    #19 0x56063d91ec61 in process_state_machine samples/SAFE/__tmp_0b69d568.c:95
    #20 0x56063d91ec61 in process_state_machine samples/SAFE/__tmp_0b69d568.c:95
    #21 0x56063d91ec61 in process_state_machine samples/SAFE/__tmp_0b69d568.c:95
    #22 0x56063d91ec61 in process_state_machine samples/SAFE/__tmp_0b69d568.c:95
    #23 0x56063d91ec61 in process_state_machine samples/SAFE/__tmp_0b69d568.c:95
    #24 0x56063d91ec61 in process_state_machine samples/SAFE/__tmp_0b69d568.c:95
    #25 0x56063d91ec61 in process_state_machine samples/SAFE/__tmp_0b69d568.c:95
    #26 0x56063d91ec61 in process_state_machine samples/SAFE/__tmp_0b69d568.c:95
    #27 0x56063d91ec61 in process_state_machine samples/SAFE/__tmp_0b69d568.c:95
    #28 0x56063d91ec61 in process_state_machine samples/SAFE/__tmp_0b69d568.c:95
    #29 0x56063d91ec61 in process_state_machine samples/SAFE/__tmp_0b69d568.c:95
    #30 0x56063d91ec61 in process_state_machine samples/SAFE/__tmp_0b69d568.c:95
    #31 0x56063d91ec61 in process_state_machine samples/SAFE/__tmp_0b69d568.c:95
    #32 0x56063d91ec61 in process_state_machine samples/SAFE/__tmp_0b69d568.c:95
    #33 0x56063d91ec61 in process_state_machine samples/SAFE/__tmp_0b69d568.c:95
    #34 0x56063d91ec61 in process_state_machine samples/SAFE/__tmp_0b69d568.c:95
    #35 0x56063d91ec61 in process_state_machine samples/SAFE/__tmp_0b69d568.c:95
    #36 0x56063d91ec61 in process_state_machine samples/SAFE/__tmp_0b69d568.c:95
    #37 0x56063d91ec61 in process_state_machine samples/SAFE/__tmp_0b69d568.c:95
    #38 0x56063d91ec61 in process_state_machine samples/SAFE/__tmp_0b69d568.c:95
    #39 0x56063d91ec61 in process_state_machine samples/SAFE/__tmp_0b69d568.c:95
    #40 0x56063d91ec61 in process_state_machine samples/SAFE/__tmp_0b69d568.c:95
    #41 0x56063d91ec61 in process_state_machine samples/SAFE/__tmp_0b69d568.c:95
    #42 0x56063d91ec61 in process_state_machine samples/SAFE/__tmp_0b69d568.c:95
    #43 0x56063d91ec61 in process_state_machine samples/SAFE/__tmp_0b69d568.c:95
    #44 0x56063d91ec61 in process_state_machine samples/SAFE/__tmp_0b69d568.c:95
    #45 0x56063d91ec61 in process_state_machine samples/SAFE/__tmp_0b69d568.c:95
    #46 0x56063d91ec61 in process_state_machine samples/SAFE/__tmp_0b69d568.c:95
    #47 0x56063d91ec61 in process_state_machine samples/SAFE/__tmp_0b69d568.c:95
    #48 0x56063d91ec61 in process_state_machine samples/SAFE/__tmp_0b69d568.c:95
    #49 0x56063d91ec61 in process_state_machine samples/SAFE/__tmp_0b69d568.c:95
    #50 0x56063d91ec61 in process_state_machine samples/SAFE/__tmp_0b69d568.c:95
    #51 0x56063d91ec61 in process_state_machine samples/SAFE/__tmp_0b69d568.c:95
    #52 0x56063d91ec61 in process_state_machine samples/SAFE/__tmp_0b69d568.c:95
    #53 0x56063d91ec61 in process_state_machine samples/SAFE/__tmp_0b69d568.c:95
    #54 0x56063d91ec61 in process_state_machine samples/SAFE/__tmp_0b69d568.c:95
    #55 0x56063d91ec61 in process_state_machine samples/SAFE/__tmp_0b69d568.c:95
    #56 0x56063d91ec61 in process_state_machine samples/SAFE/__tmp_0b69d568.c:95
    #57 0x56063d91ec61 in process_state_machine samples/SAFE/__tmp_0b69d568.c:95
    #58 0x56063d91ec61 in process_state_machine samples/SAFE/__tmp_0b69d568.c:95
    #59 0x56063d91ec61 in process_state_machine samples/SAFE/__tmp_0b69d568.c:95
    #60 0x56063d91ec61 in process_state_machine samples/SAFE/__tmp_0b69d568.c:95
    #61 0x56063d91ec61 in process_state_machine samples/SAFE/__tmp_0b69d568.c:95
    #62 0x56063d91ec61 in process_state_machine samples/SAFE/__tmp_0b69d568.c:95
    #63 0x56063d91ec61 in process_state_machine samples/SAFE/__tmp_0b69d568.c:95
    #64 0x56063d91ec61 in process_state_machine samples/SAFE/__tmp_0b69d568.c:95
    #65 0x56063d91ec61 in process_state_machine samples/SAFE/__tmp_0b69d568.c:95
    #66 0x56063d91ec61 in process_state_machine samples/SAFE/__tmp_0b69d568.c:95
    #67 0x56063d91ec61 in process_state_machine samples/SAFE/__tmp_0b69d568.c:95
    #68 0x56063d91ec61 in process_state_machine samples/SAFE/__tmp_0b69d568.c:95
    #69 0x56063d91ec61 in process_state_machine samples/SAFE/__tmp_0b69d568.c:95
    #70 0x56063d91ec61 in process_state_machine samples/SAFE/__tmp_0b69d568.c:95
    #71 0x56063d91ec61 in process_state_machine samples/SAFE/__tmp_0b69d568.c:95
    #72 0x56063d91ec61 in process_state_machine samples/SAFE/__tmp_0b69d568.c:95
    #73 0x56063d91ec61 in process_state_machine samples/SAFE/__tmp_0b69d568.c:95
    #74 0x56063d91ec61 in process_state_machine samples/SAFE/__tmp_0b69d568.c:95
    #75 0x56063d91ec61 in process_state_machine samples/SAFE/__tmp_0b69d568.c:95
    #76 0x56063d91ec61 in process_state_machine samples/SAFE/__tmp_0b69d568.c:95
    #77 0x56063d91ec61 in process_state_machine samples/SAFE/__tmp_0b69d568.c:95
    #78 0x56063d91ec61 in process_state_machine samples/SAFE/__tmp_0b69d568.c:95
    #79 0x56063d91ec61 in process_state_machine samples/SAFE/__tmp_0b69d568.c:95
    #80 0x56063d91ec61 in process_state_machine samples/SAFE/__tmp_0b69d568.c:95
    #81 0x56063d91ec61 in process_state_machine samples/SAFE/__tmp_0b69d568.c:95
    #82 0x56063d91ec61 in process_state_machine samples/SAFE/__tmp_0b69d568.c:95
    #83 0x56063d91ec61 in process_state_machine samples/SAFE/__tmp_0b69d568.c:95
    #84 0x56063d91ec61 in process_state_machine samples/SAFE/__tmp_0b69d568.c:95
    #85 0x56063d91ec61 in process_state_machine samples/SAFE/__tmp_0b69d568.c:95
    #86 0x56063d91ec61 in process_state_machine samples/SAFE/__tmp_0b69d568.c:95
    #87 0x56063d91ec61 in process_state_machine samples/SAFE/__tmp_0b69d568.c:95
    #88 0x56063d91ec61 in process_state_machine samples/SAFE/__tmp_0b69d568.c:95
    #89 0x56063d91ec61 in process_state_machine samples/SAFE/__tmp_0b69d568.c:95
    #90 0x56063d91ec61 in process_state_machine samples/SAFE/__tmp_0b69d568.c:95
    #91 0x56063d91ec61 in process_state_machine samples/SAFE/__tmp_0b69d568.c:95
    #92 0x56063d91ec61 in process_state_machine samples/SAFE/__tmp_0b69d568.c:95
    #93 0x56063d91ec61 in process_state_machine samples/SAFE/__tmp_0b69d568.c:95
    #94 0x56063d91ec61 in process_state_machine samples/SAFE/__tmp_0b69d568.c:95
    #95 0x56063d91ec61 in process_state_machine samples/SAFE/__tmp_0b69d568.c:95
    #96 0x56063d91ec61 in process_state_machine samples/SAFE/__tmp_0b69d568.c:95
    #97 0x56063d91ec61 in process_state_machine samples/SAFE/__tmp_0b69d568.c:95
    #98 0x56063d91ec61 in process_state_machine samples/SAFE/__tmp_0b69d568.c:95
    #99 0x56063d91ec61 in process_state_machine samples/SAFE/__tmp_0b69d568.c:95
    #100 0x56063d91ec61 in process_state_machine samples/SAFE/__tmp_0b69d568.c:95
    #101 0x56063d91ec61 in process_state_machine samples/SAFE/__tmp_0b69d568.c:95
    #102 0x56063d91ec61 in process_state_machine samples/SAFE/__tmp_0b69d568.c:95
    #103 0x56063d91ec61 in process_state_machine samples/SAFE/__tmp_0b69d568.c:95
    #104 0x56063d91ec61 in process_state_machine samples/SAFE/__tmp_0b69d568.c:95
    #105 0x56063d91ec61 in process_state_machine samples/SAFE/__tmp_0b69d568.c:95
    #106 0x56063d91ec61 in process_state_machine samples/SAFE/__tmp_0b69d568.c:95
    #107 0x56063d91ec61 in process_state_machine samples/SAFE/__tmp_0b69d568.c:95
    #108 0x56063d91ec61 in process_state_machine samples/SAFE/__tmp_0b69d568.c:95
    #109 0x56063d91ec61 in process_state_machine samples/SAFE/__tmp_0b69d568.c:95
    #110 0x56063d91ec61 in process_state_machine samples/SAFE/__tmp_0b69d568.c:95
    #111 0x56063d91ec61 in process_state_machine samples/SAFE/__tmp_0b69d568.c:95
    #112 0x56063d91ec61 in process_state_machine samples/SAFE/__tmp_0b69d568.c:95
    #113 0x56063d91ec61 in process_state_machine samples/SAFE/__tmp_0b69d568.c:95
    #114 0x56063d91ec61 in process_state_machine samples/SAFE/__tmp_0b69d568.c:95
    #115 0x56063d91ec61 in process_state_machine samples/SAFE/__tmp_0b69d568.c:95
    #116 0x56063d91ec61 in process_state_machine samples/SAFE/__tmp_0b69d568.c:95
    #117 0x56063d91ec61 in process_state_machine samples/SAFE/__tmp_0b69d568.c:95
    #118 0x56063d91ec61 in process_state_machine samples/SAFE/__tmp_0b69d568.c:95
    #119 0x56063d91ec61 in process_state_machine samples/SAFE/__tmp_0b69d568.c:95
    #120 0x56063d91ec61 in process_state_machine samples/SAFE/__tmp_0b69d568.c:95
    #121 0x56063d91ec61 in process_state_machine samples/SAFE/__tmp_0b69d568.c:95
    #122 0x56063d91ec61 in process_state_machine samples/SAFE/__tmp_0b69d568.c:95
    #123 0x56063d91ec61 in process_state_machine samples/SAFE/__tmp_0b69d568.c:95
    #124 0x56063d91ec61 in process_state_machine samples/SAFE/__tmp_0b69d568.c:95
    #125 0x56063d91ec61 in process_state_machine samples/SAFE/__tmp_0b69d568.c:95
    #126 0x56063d91ec61 in process_state_machine samples/SAFE/__tmp_0b69d568.c:95
    #127 0x56063d91ec61 in process_state_machine samples/SAFE/__tmp_0b69d568.c:95
    #128 0x56063d91ec61 in process_state_machine samples/SAFE/__tmp_0b69d568.c:95
    #129 0x56063d91ec61 in process_state_machine samples/SAFE/__tmp_0b69d568.c:95
    #130 0x56063d91ec61 in process_state_machine samples/SAFE/__tmp_0b69d568.c:95
    #131 0x56063d91ec61 in process_state_machine samples/SAFE/__tmp_0b69d568.c:95
    #132 0x56063d91ec61 in process_state_machine samples/SAFE/__tmp_0b69d568.c:95
    #133 0x56063d91ec61 in process_state_machine samples/SAFE/__tmp_0b69d568.c:95
    #134 0x56063d91ec61 in process_state_machine samples/SAFE/__tmp_0b69d568.c:95
    #135 0x56063d91ec61 in process_state_machine samples/SAFE/__tmp_0b69d568.c:95
    #136 0x56063d91ec61 in process_state_machine samples/SAFE/__tmp_0b69d568.c:95
    #137 0x56063d91ec61 in process_state_machine samples/SAFE/__tmp_0b69d568.c:95
    #138 0x56063d91ec61 in process_state_machine samples/SAFE/__tmp_0b69d568.c:95
    #139 0x56063d91ec61 in process_state_machine samples/SAFE/__tmp_0b69d568.c:95
    #140 0x56063d91ec61 in process_state_machine samples/SAFE/__tmp_0b69d568.c:95
    #141 0x56063d91ec61 in process_state_machine samples/SAFE/__tmp_0b69d568.c:95
    #142 0x56063d91ec61 in process_state_machine samples/SAFE/__tmp_0b69d568.c:95
    #143 0x56063d91ec61 in process_state_machine samples/SAFE/__tmp_0b69d568.c:95
    #144 0x56063d91ec61 in process_state_machine samples/SAFE/__tmp_0b69d568.c:95
    #145 0x56063d91ec61 in process_state_machine samples/SAFE/__tmp_0b69d568.c:95
    #146 0x56063d91ec61 in process_state_machine samples/SAFE/__tmp_0b69d568.c:95
    #147 0x56063d91ec61 in process_state_machine samples/SAFE/__tmp_0b69d568.c:95
    #148 0x56063d91ec61 in process_state_machine samples/SAFE/__tmp_0b69d568.c:95
    #149 0x56063d91ec61 in process_state_machine samples/SAFE/__tmp_0b69d568.c:95
    #150 0x56063d91ec61 in process_state_machine samples/SAFE/__tmp_0b69d568.c:95
    #151 0x56063d91ec61 in process_state_machine samples/SAFE/__tmp_0b69d568.c:95
    #152 0x56063d91ec61 in process_state_machine samples/SAFE/__tmp_0b69d568.c:95
    #153 0x56063d91ec61 in process_state_machine samples/SAFE/__tmp_0b69d568.c:95
    #154 0x56063d91ec61 in process_state_machine samples/SAFE/__tmp_0b69d568.c:95
    #155 0x56063d91ec61 in process_state_machine samples/SAFE/__tmp_0b69d568.c:95
    #156 0x56063d91ec61 in process_state_machine samples/SAFE/__tmp_0b69d568.c:95
    #157 0x56063d91ec61 in process_state_machine samples/SAFE/__tmp_0b69d568.c:95
    #158 0x56063d91ec61 in process_state_machine samples/SAFE/__tmp_0b69d568.c:95
    #159 0x56063d91ec61 in process_state_machine samples/SAFE/__tmp_0b69d568.c:95
    #160 0x56063d91ec61 in process_state_machine samples/SAFE/__tmp_0b69d568.c:95
    #161 0x56063d91ec61 in process_state_machine samples/SAFE/__tmp_0b69d568.c:95
    #162 0x56063d91ec61 in process_state_machine samples/SAFE/__tmp_0b69d568.c:95
    #163 0x56063d91ec61 in process_state_machine samples/SAFE/__tmp_0b69d568.c:95
    #164 0x56063d91ec61 in process_state_machine samples/SAFE/__tmp_0b69d568.c:95
    #165 0x56063d91ec61 in process_state_machine samples/SAFE/__tmp_0b69d568.c:95
    #166 0x56063d91ec61 in process_state_machine samples/SAFE/__tmp_0b69d568.c:95
    #167 0x56063d91ec61 in process_state_machine samples/SAFE/__tmp_0b69d568.c:95
    #168 0x56063d91ec61 in process_state_machine samples/SAFE/__tmp_0b69d568.c:95
    #169 0x56063d91ec61 in process_state_machine samples/SAFE/__tmp_0b69d568.c:95
    #170 0x56063d91ec61 in process_state_machine samples/SAFE/__tmp_0b69d568.c:95
    #171 0x56063d91ec61 in process_state_machine samples/SAFE/__tmp_0b69d568.c:95
    #172 0x56063d91ec61 in process_state_machine samples/SAFE/__tmp_0b69d568.c:95
    #173 0x56063d91ec61 in process_state_machine samples/SAFE/__tmp_0b69d568.c:95
    #174 0x56063d91ec61 in process_state_machine samples/SAFE/__tmp_0b69d568.c:95
    #175 0x56063d91ec61 in process_state_machine samples/SAFE/__tmp_0b69d568.c:95
    #176 0x56063d91ec61 in process_state_machine samples/SAFE/__tmp_0b69d568.c:95
    #177 0x56063d91ec61 in process_state_machine samples/SAFE/__tmp_0b69d568.c:95
    #178 0x56063d91ec61 in process_state_machine samples/SAFE/__tmp_0b69d568.c:95
    #179 0x56063d91ec61 in process_state_machine samples/SAFE/__tmp_0b69d568.c:95
    #180 0x56063d91ec61 in process_state_machine samples/SAFE/__tmp_0b69d568.c:95
    #181 0x56063d91ec61 in process_state_machine samples/SAFE/__tmp_0b69d568.c:95
    #182 0x56063d91ec61 in process_state_machine samples/SAFE/__tmp_0b69d568.c:95
    #183 0x56063d91ec61 in process_state_machine samples/SAFE/__tmp_0b69d568.c:95
    #184 0x56063d91ec61 in process_state_machine samples/SAFE/__tmp_0b69d568.c:95
    #185 0x56063d91ec61 in process_state_machine samples/SAFE/__tmp_0b69d568.c:95
    #186 0x56063d91ec61 in process_state_machine samples/SAFE/__tmp_0b69d568.c:95
    #187 0x56063d91ec61 in process_state_machine samples/SAFE/__tmp_0b69d568.c:95
    #188 0x56063d91ec61 in process_state_machine samples/SAFE/__tmp_0b69d568.c:95
    #189 0x56063d91ec61 in process_state_machine samples/SAFE/__tmp_0b69d568.c:95
    #190 0x56063d91ec61 in process_state_machine samples/SAFE/__tmp_0b69d568.c:95
    #191 0x56063d91ec61 in process_state_machine samples/SAFE/__tmp_0b69d568.c:95
    #192 0x56063d91ec61 in process_state_machine samples/SAFE/__tmp_0b69d568.c:95
    #193 0x56063d91ec61 in process_state_machine samples/SAFE/__tmp_0b69d568.c:95
    #194 0x56063d91ec61 in process_state_machine samples/SAFE/__tmp_0b69d568.c:95
    #195 0x56063d91ec61 in process_state_machine samples/SAFE/__tmp_0b69d568.c:95
    #196 0x56063d91ec61 in process_state_machine samples/SAFE/__tmp_0b69d568.c:95
    #197 0x56063d91ec61 in process_state_machine samples/SAFE/__tmp_0b69d568.c:95
    #198 0x56063d91ec61 in process_state_machine samples/SAFE/__tmp_0b69d568.c:95
    #199 0x56063d91ec61 in process_state_machine samples/SAFE/__tmp_0b69d568.c:95
    #200 0x56063d91ec61 in process_state_machine samples/SAFE/__tmp_0b69d568.c:95
    #201 0x56063d91ec61 in process_state_machine samples/SAFE/__tmp_0b69d568.c:95
    #202 0x56063d91ec61 in process_state_machine samples/SAFE/__tmp_0b69d568.c:95
    #203 0x56063d91ec61 in process_state_machine samples/SAFE/__tmp_0b69d568.c:95
    #204 0x56063d91ec61 in process_state_machine samples/SAFE/__tmp_0b69d568.c:95
    #205 0x56063d91ec61 in process_state_machine samples/SAFE/__tmp_0b69d568.c:95
    #206 0x56063d91ec61 in process_state_machine samples/SAFE/__tmp_0b69d568.c:95
    #207 0x56063d91ec61 in process_state_machine samples/SAFE/__tmp_0b69d568.c:95
    #208 0x56063d91ec61 in process_state_machine samples/SAFE/__tmp_0b69d568.c:95
    #209 0x56063d91ec61 in process_state_machine samples/SAFE/__tmp_0b69d568.c:95
    #210 0x56063d91ec61 in process_state_machine samples/SAFE/__tmp_0b69d568.c:95
    #211 0x56063d91ec61 in process_state_machine samples/SAFE/__tmp_0b69d568.c:95
    #212 0x56063d91ec61 in process_state_machine samples/SAFE/__tmp_0b69d568.c:95
    #213 0x56063d91ec61 in process_state_machine samples/SAFE/__tmp_0b69d568.c:95
    #214 0x56063d91ec61 in process_state_machine samples/SAFE/__tmp_0b69d568.c:95
    #215 0x56063d91ec61 in process_state_machine samples/SAFE/__tmp_0b69d568.c:95
    #216 0x56063d91ec61 in process_state_machine samples/SAFE/__tmp_0b69d568.c:95
    #217 0x56063d91ec61 in process_state_machine samples/SAFE/__tmp_0b69d568.c:95
    #218 0x56063d91ec61 in process_state_machine samples/SAFE/__tmp_0b69d568.c:95
    #219 0x56063d91ec61 in process_state_machine samples/SAFE/__tmp_0b69d568.c:95
    #220 0x56063d91ec61 in process_state_machine samples/SAFE/__tmp_0b69d568.c:95
    #221 0x56063d91ec61 in process_state_machine samples/SAFE/__tmp_0b69d568.c:95
    #222 0x56063d91ec61 in process_state_machine samples/SAFE/__tmp_0b69d568.c:95
    #223 0x56063d91ec61 in process_state_machine samples/SAFE/__tmp_0b69d568.c:95
    #224 0x56063d91ec61 in process_state_machine samples/SAFE/__tmp_0b69d568.c:95
    #225 0x56063d91ec61 in process_state_machine samples/SAFE/__tmp_0b69d568.c:95
    #226 0x56063d91ec61 in process_state_machine samples/SAFE/__tmp_0b69d568.c:95
    #227 0x56063d91ec61 in process_state_machine samples/SAFE/__tmp_0b69d568.c:95
    #228 0x56063d91ec61 in process_state_machine samples/SAFE/__tmp_0b69d568.c:95
    #229 0x56063d91ec61 in process_state_machine samples/SAFE/__tmp_0b69d568.c:95
    #230 0x56063d91ec61 in process_state_machine samples/SAFE/__tmp_0b69d568.c:95
    #231 0x56063d91ec61 in process_state_machine samples/SAFE/__tmp_0b69d568.c:95
    #232 0x56063d91ec61 in process_state_machine samples/SAFE/__tmp_0b69d568.c:95
    #233 0x56063d91ec61 in process_state_machine samples/SAFE/__tmp_0b69d568.c:95
    #234 0x56063d91ec61 in process_state_machine samples/SAFE/__tmp_0b69d568.c:95
    #235 0x56063d91ec61 in process_state_machine samples/SAFE/__tmp_0b69d568.c:95
    #236 0x56063d91ec61 in process_state_machine samples/SAFE/__tmp_0b69d568.c:95
    #237 0x56063d91ec61 in process_state_machine samples/SAFE/__tmp_0b69d568.c:95
    #238 0x56063d91ec61 in process_state_machine samples/SAFE/__tmp_0b69d568.c:95
    #239 0x56063d91ec61 in process_state_machine samples/SAFE/__tmp_0b69d568.c:95
    #240 0x56063d91ec61 in process_state_machine samples/SAFE/__tmp_0b69d568.c:95
    #241 0x56063d91ec61 in process_state_machine samples/SAFE/__tmp_0b69d568.c:95
    #242 0x56063d91ec61 in process_state_machine samples/SAFE/__tmp_0b69d568.c:95
    #243 0x56063d91ec61 in process_state_machine samples/SAFE/__tmp_0b69d568.c:95
    #244 0x56063d91ec61 in process_state_machine samples/SAFE/__tmp_0b69d568.c:95
    #245 0x56063d91ec61 in process_state_machine samples/SAFE/__tmp_0b69d568.c:95
    #246 0x56063d91ec61 in process_state_machine samples/SAFE/__tmp_0b69d568.c:95

SUMMARY: AddressSanitizer: stack-overflow samples/SAFE/__tmp_0b69d568.c:32 in handle_read_char
==259343==ABORTING
