
=================================================================
==234781==ERROR: AddressSanitizer: stack-buffer-overflow on address 0x7fff334f6950 at pc 0x76fe9d4c6f8f bp 0x7fff334ac410 sp 0x7fff334abbb8
READ of size 1 at 0x7fff334f6950 thread T0
    #0 0x76fe9d4c6f8e in strcmp ../../../../src/libsanitizer/sanitizer_common/sanitizer_common_interceptors.inc:470
    #1 0x57f8cf3aaec3 in count_level_occurrences samples/SAFE/__tmp_d358c4fa.c:63
    #2 0x57f8cf3ab11a in print_statistics samples/SAFE/__tmp_d358c4fa.c:78
    #3 0x57f8cf3ab702 in main samples/SAFE/__tmp_d358c4fa.c:108
    #4 0x76fe9c82a1c9  (/lib/x86_64-linux-gnu/libc.so.6+0x2a1c9) (BuildId: 274eec488d230825a136fa9c4d85370fed7a0a5e)
    #5 0x76fe9c82a28a in __libc_start_main (/lib/x86_64-linux-gnu/libc.so.6+0x2a28a) (BuildId: 274eec488d230825a136fa9c4d85370fed7a0a5e)
    #6 0x57f8cf3aa324 in _start (/home/r84388172/Generating SAFE samples/samples/SAFE/__tmp_d358c4fa.c.san+0x3324) (BuildId: f281ea164ebf726dba461b6c591490b4076c69ef)

Address 0x7fff334f6950 is located in stack of thread T0 at offset 304064 in frame
    #0 0x57f8cf3ab304 in main samples/SAFE/__tmp_d358c4fa.c:83

  This frame has 2 object(s):
    [32, 304032) 'entries' (line 84) <== Memory access at offset 304064 overflows this variable
    [304288, 305312) 'line' (line 86)
HINT: this may be a false positive if your program uses some custom stack unwind mechanism, swapcontext or vfork
      (longjmp and C++ exceptions *are* supported)
SUMMARY: AddressSanitizer: stack-buffer-overflow ../../../../src/libsanitizer/sanitizer_common/sanitizer_common_interceptors.inc:470 in strcmp
Shadow bytes around the buggy address:
  0x7fff334f6680: 00 00 00 00 00 00 00 00 00 00 00 00 00 00 00 00
  0x7fff334f6700: 00 00 00 00 00 00 00 00 00 00 00 00 00 00 00 00
  0x7fff334f6780: 00 00 00 00 00 00 00 00 00 00 00 00 00 00 00 00
  0x7fff334f6800: 00 00 00 00 00 00 00 00 00 00 00 00 00 00 00 00
  0x7fff334f6880: 00 00 00 00 00 00 00 00 00 00 00 00 00 00 00 00
=>0x7fff334f6900: 00 00 00 00 00 00 f2 f2 f2 f2[f2]f2 f2 f2 f2 f2
  0x7fff334f6980: f2 f2 f2 f2 f2 f2 f2 f2 f2 f2 f2 f2 f2 f2 f2 f2
  0x7fff334f6a00: f2 f2 f2 f2 f2 f2 00 00 00 00 00 00 00 00 00 00
  0x7fff334f6a80: 00 00 00 00 00 00 00 00 00 00 00 00 00 00 00 00
  0x7fff334f6b00: 00 00 00 00 00 00 00 00 00 00 00 00 00 00 00 00
  0x7fff334f6b80: 00 00 00 00 00 00 00 00 00 00 00 00 00 00 00 00
Shadow byte legend (one shadow byte represents 8 application bytes):
  Addressable:           00
  Partially addressable: 01 02 03 04 05 06 07 
  Heap left redzone:       fa
  Freed heap region:       fd
  Stack left redzone:      f1
  Stack mid redzone:       f2
  Stack right redzone:     f3
  Stack after return:      f5
  Stack use after scope:   f8
  Global redzone:          f9
  Global init order:       f6
  Poisoned by user:        f7
  Container overflow:      fc
  Array cookie:            ac
  Intra object redzone:    bb
  ASan internal:           fe
  Left alloca redzone:     ca
  Right alloca redzone:    cb
==234781==ABORTING
