
AddressSanitizer:DEADLYSIGNAL
=================================================================
==153845==ERROR: AddressSanitizer: stack-overflow on address 0x7ffecde99ff8 (pc 0x569eee408449 bp 0x7ffecde9a000 sp 0x7ffecde9a000 T0)
    #0 0x569eee408449 in handle_read_char samples/SAFE/__tmp_4419a191.c:32
    #1 0x569eee408c9d in process_state_machine samples/SAFE/__tmp_4419a191.c:85
    #2 0x569eee408db8 in process_state_machine samples/SAFE/__tmp_4419a191.c:98
    #3 0x569eee408db8 in process_state_machine samples/SAFE/__tmp_4419a191.c:98
    #4 0x569eee408db8 in process_state_machine samples/SAFE/__tmp_4419a191.c:98
    #5 0x569eee408db8 in process_state_machine samples/SAFE/__tmp_4419a191.c:98
    #6 0x569eee408db8 in process_state_machine samples/SAFE/__tmp_4419a191.c:98
    #7 0x569eee408db8 in process_state_machine samples/SAFE/__tmp_4419a191.c:98
    #8 0x569eee408db8 in process_state_machine samples/SAFE/__tmp_4419a191.c:98
    #9 0x569eee408db8 in process_state_machine samples/SAFE/__tmp_4419a191.c:98
    #10 0x569eee408db8 in process_state_machine samples/SAFE/__tmp_4419a191.c:98
    #11 0x569eee408db8 in process_state_machine samples/SAFE/__tmp_4419a191.c:98
    #12 0x569eee408db8 in process_state_machine samples/SAFE/__tmp_4419a191.c:98
    #13 0x569eee408db8 in process_state_machine samples/SAFE/__tmp_4419a191.c:98
    #14 0x569eee408db8 in process_state_machine samples/SAFE/__tmp_4419a191.c:98
    #15 0x569eee408db8 in process_state_machine samples/SAFE/__tmp_4419a191.c:98
    #16 0x569eee408db8 in process_state_machine samples/SAFE/__tmp_4419a191.c:98
    #17 0x569eee408db8 in process_state_machine samples/SAFE/__tmp_4419a191.c:98
    #18 0x569eee408db8 in process_state_machine samples/SAFE/__tmp_4419a191.c:98
    #19 0x569eee408db8 in process_state_machine samples/SAFE/__tmp_4419a191.c:98
    #20 0x569eee408db8 in process_state_machine samples/SAFE/__tmp_4419a191.c:98
    #21 0x569eee408db8 in process_state_machine samples/SAFE/__tmp_4419a191.c:98
    #22 0x569eee408db8 in process_state_machine samples/SAFE/__tmp_4419a191.c:98
    #23 0x569eee408db8 in process_state_machine samples/SAFE/__tmp_4419a191.c:98
    #24 0x569eee408db8 in process_state_machine samples/SAFE/__tmp_4419a191.c:98
    #25 0x569eee408db8 in process_state_machine samples/SAFE/__tmp_4419a191.c:98
    #26 0x569eee408db8 in process_state_machine samples/SAFE/__tmp_4419a191.c:98
    #27 0x569eee408db8 in process_state_machine samples/SAFE/__tmp_4419a191.c:98
    #28 0x569eee408db8 in process_state_machine samples/SAFE/__tmp_4419a191.c:98
    #29 0x569eee408db8 in process_state_machine samples/SAFE/__tmp_4419a191.c:98
    #30 0x569eee408db8 in process_state_machine samples/SAFE/__tmp_4419a191.c:98
    #31 0x569eee408db8 in process_state_machine samples/SAFE/__tmp_4419a191.c:98
    #32 0x569eee408db8 in process_state_machine samples/SAFE/__tmp_4419a191.c:98
    #33 0x569eee408db8 in process_state_machine samples/SAFE/__tmp_4419a191.c:98
    #34 0x569eee408db8 in process_state_machine samples/SAFE/__tmp_4419a191.c:98
    #35 0x569eee408db8 in process_state_machine samples/SAFE/__tmp_4419a191.c:98
    #36 0x569eee408db8 in process_state_machine samples/SAFE/__tmp_4419a191.c:98
    #37 0x569eee408db8 in process_state_machine samples/SAFE/__tmp_4419a191.c:98
    #38 0x569eee408db8 in process_state_machine samples/SAFE/__tmp_4419a191.c:98
    #39 0x569eee408db8 in process_state_machine samples/SAFE/__tmp_4419a191.c:98
    #40 0x569eee408db8 in process_state_machine samples/SAFE/__tmp_4419a191.c:98
    #41 0x569eee408db8 in process_state_machine samples/SAFE/__tmp_4419a191.c:98
    #42 0x569eee408db8 in process_state_machine samples/SAFE/__tmp_4419a191.c:98
    #43 0x569eee408db8 in process_state_machine samples/SAFE/__tmp_4419a191.c:98
    #44 0x569eee408db8 in process_state_machine samples/SAFE/__tmp_4419a191.c:98
    #45 0x569eee408db8 in process_state_machine samples/SAFE/__tmp_4419a191.c:98
    #46 0x569eee408db8 in process_state_machine samples/SAFE/__tmp_4419a191.c:98
    #47 0x569eee408db8 in process_state_machine samples/SAFE/__tmp_4419a191.c:98
    #48 0x569eee408db8 in process_state_machine samples/SAFE/__tmp_4419a191.c:98
    #49 0x569eee408db8 in process_state_machine samples/SAFE/__tmp_4419a191.c:98
    #50 0x569eee408db8 in process_state_machine samples/SAFE/__tmp_4419a191.c:98
    #51 0x569eee408db8 in process_state_machine samples/SAFE/__tmp_4419a191.c:98
    #52 0x569eee408db8 in process_state_machine samples/SAFE/__tmp_4419a191.c:98
    #53 0x569eee408db8 in process_state_machine samples/SAFE/__tmp_4419a191.c:98
    #54 0x569eee408db8 in process_state_machine samples/SAFE/__tmp_4419a191.c:98
    #55 0x569eee408db8 in process_state_machine samples/SAFE/__tmp_4419a191.c:98
    #56 0x569eee408db8 in process_state_machine samples/SAFE/__tmp_4419a191.c:98
    #57 0x569eee408db8 in process_state_machine samples/SAFE/__tmp_4419a191.c:98
    #58 0x569eee408db8 in process_state_machine samples/SAFE/__tmp_4419a191.c:98
    #59 0x569eee408db8 in process_state_machine samples/SAFE/__tmp_4419a191.c:98
    #60 0x569eee408db8 in process_state_machine samples/SAFE/__tmp_4419a191.c:98
    #61 0x569eee408db8 in process_state_machine samples/SAFE/__tmp_4419a191.c:98
    #62 0x569eee408db8 in process_state_machine samples/SAFE/__tmp_4419a191.c:98
    #63 0x569eee408db8 in process_state_machine samples/SAFE/__tmp_4419a191.c:98
    #64 0x569eee408db8 in process_state_machine samples/SAFE/__tmp_4419a191.c:98
    #65 0x569eee408db8 in process_state_machine samples/SAFE/__tmp_4419a191.c:98
    #66 0x569eee408db8 in process_state_machine samples/SAFE/__tmp_4419a191.c:98
    #67 0x569eee408db8 in process_state_machine samples/SAFE/__tmp_4419a191.c:98
    #68 0x569eee408db8 in process_state_machine samples/SAFE/__tmp_4419a191.c:98
    #69 0x569eee408db8 in process_state_machine samples/SAFE/__tmp_4419a191.c:98
    #70 0x569eee408db8 in process_state_machine samples/SAFE/__tmp_4419a191.c:98
    #71 0x569eee408db8 in process_state_machine samples/SAFE/__tmp_4419a191.c:98
    #72 0x569eee408db8 in process_state_machine samples/SAFE/__tmp_4419a191.c:98
    #73 0x569eee408db8 in process_state_machine samples/SAFE/__tmp_4419a191.c:98
    #74 0x569eee408db8 in process_state_machine samples/SAFE/__tmp_4419a191.c:98
    #75 0x569eee408db8 in process_state_machine samples/SAFE/__tmp_4419a191.c:98
    #76 0x569eee408db8 in process_state_machine samples/SAFE/__tmp_4419a191.c:98
    #77 0x569eee408db8 in process_state_machine samples/SAFE/__tmp_4419a191.c:98
    #78 0x569eee408db8 in process_state_machine samples/SAFE/__tmp_4419a191.c:98
    #79 0x569eee408db8 in process_state_machine samples/SAFE/__tmp_4419a191.c:98
    #80 0x569eee408db8 in process_state_machine samples/SAFE/__tmp_4419a191.c:98
    #81 0x569eee408db8 in process_state_machine samples/SAFE/__tmp_4419a191.c:98
    #82 0x569eee408db8 in process_state_machine samples/SAFE/__tmp_4419a191.c:98
    #83 0x569eee408db8 in process_state_machine samples/SAFE/__tmp_4419a191.c:98
    #84 0x569eee408db8 in process_state_machine samples/SAFE/__tmp_4419a191.c:98
    #85 0x569eee408db8 in process_state_machine samples/SAFE/__tmp_4419a191.c:98
    #86 0x569eee408db8 in process_state_machine samples/SAFE/__tmp_4419a191.c:98
    #87 0x569eee408db8 in process_state_machine samples/SAFE/__tmp_4419a191.c:98
    #88 0x569eee408db8 in process_state_machine samples/SAFE/__tmp_4419a191.c:98
    #89 0x569eee408db8 in process_state_machine samples/SAFE/__tmp_4419a191.c:98
    #90 0x569eee408db8 in process_state_machine samples/SAFE/__tmp_4419a191.c:98
    #91 0x569eee408db8 in process_state_machine samples/SAFE/__tmp_4419a191.c:98
    #92 0x569eee408db8 in process_state_machine samples/SAFE/__tmp_4419a191.c:98
    #93 0x569eee408db8 in process_state_machine samples/SAFE/__tmp_4419a191.c:98
    #94 0x569eee408db8 in process_state_machine samples/SAFE/__tmp_4419a191.c:98
    #95 0x569eee408db8 in process_state_machine samples/SAFE/__tmp_4419a191.c:98
    #96 0x569eee408db8 in process_state_machine samples/SAFE/__tmp_4419a191.c:98
    #97 0x569eee408db8 in process_state_machine samples/SAFE/__tmp_4419a191.c:98
    #98 0x569eee408db8 in process_state_machine samples/SAFE/__tmp_4419a191.c:98
    #99 0x569eee408db8 in process_state_machine samples/SAFE/__tmp_4419a191.c:98
    #100 0x569eee408db8 in process_state_machine samples/SAFE/__tmp_4419a191.c:98
    #101 0x569eee408db8 in process_state_machine samples/SAFE/__tmp_4419a191.c:98
    #102 0x569eee408db8 in process_state_machine samples/SAFE/__tmp_4419a191.c:98
    #103 0x569eee408db8 in process_state_machine samples/SAFE/__tmp_4419a191.c:98
    #104 0x569eee408db8 in process_state_machine samples/SAFE/__tmp_4419a191.c:98
    #105 0x569eee408db8 in process_state_machine samples/SAFE/__tmp_4419a191.c:98
    #106 0x569eee408db8 in process_state_machine samples/SAFE/__tmp_4419a191.c:98
    #107 0x569eee408db8 in process_state_machine samples/SAFE/__tmp_4419a191.c:98
    #108 0x569eee408db8 in process_state_machine samples/SAFE/__tmp_4419a191.c:98
    #109 0x569eee408db8 in process_state_machine samples/SAFE/__tmp_4419a191.c:98
    #110 0x569eee408db8 in process_state_machine samples/SAFE/__tmp_4419a191.c:98
    #111 0x569eee408db8 in process_state_machine samples/SAFE/__tmp_4419a191.c:98
    #112 0x569eee408db8 in process_state_machine samples/SAFE/__tmp_4419a191.c:98
    #113 0x569eee408db8 in process_state_machine samples/SAFE/__tmp_4419a191.c:98
    #114 0x569eee408db8 in process_state_machine samples/SAFE/__tmp_4419a191.c:98
    #115 0x569eee408db8 in process_state_machine samples/SAFE/__tmp_4419a191.c:98
    #116 0x569eee408db8 in process_state_machine samples/SAFE/__tmp_4419a191.c:98
    #117 0x569eee408db8 in process_state_machine samples/SAFE/__tmp_4419a191.c:98
    #118 0x569eee408db8 in process_state_machine samples/SAFE/__tmp_4419a191.c:98
    #119 0x569eee408db8 in process_state_machine samples/SAFE/__tmp_4419a191.c:98
    #120 0x569eee408db8 in process_state_machine samples/SAFE/__tmp_4419a191.c:98
    #121 0x569eee408db8 in process_state_machine samples/SAFE/__tmp_4419a191.c:98
    #122 0x569eee408db8 in process_state_machine samples/SAFE/__tmp_4419a191.c:98
    #123 0x569eee408db8 in process_state_machine samples/SAFE/__tmp_4419a191.c:98
    #124 0x569eee408db8 in process_state_machine samples/SAFE/__tmp_4419a191.c:98
    #125 0x569eee408db8 in process_state_machine samples/SAFE/__tmp_4419a191.c:98
    #126 0x569eee408db8 in process_state_machine samples/SAFE/__tmp_4419a191.c:98
    #127 0x569eee408db8 in process_state_machine samples/SAFE/__tmp_4419a191.c:98
    #128 0x569eee408db8 in process_state_machine samples/SAFE/__tmp_4419a191.c:98
    #129 0x569eee408db8 in process_state_machine samples/SAFE/__tmp_4419a191.c:98
    #130 0x569eee408db8 in process_state_machine samples/SAFE/__tmp_4419a191.c:98
    #131 0x569eee408db8 in process_state_machine samples/SAFE/__tmp_4419a191.c:98
    #132 0x569eee408db8 in process_state_machine samples/SAFE/__tmp_4419a191.c:98
    #133 0x569eee408db8 in process_state_machine samples/SAFE/__tmp_4419a191.c:98
    #134 0x569eee408db8 in process_state_machine samples/SAFE/__tmp_4419a191.c:98
    #135 0x569eee408db8 in process_state_machine samples/SAFE/__tmp_4419a191.c:98
    #136 0x569eee408db8 in process_state_machine samples/SAFE/__tmp_4419a191.c:98
    #137 0x569eee408db8 in process_state_machine samples/SAFE/__tmp_4419a191.c:98
    #138 0x569eee408db8 in process_state_machine samples/SAFE/__tmp_4419a191.c:98
    #139 0x569eee408db8 in process_state_machine samples/SAFE/__tmp_4419a191.c:98
    #140 0x569eee408db8 in process_state_machine samples/SAFE/__tmp_4419a191.c:98
    #141 0x569eee408db8 in process_state_machine samples/SAFE/__tmp_4419a191.c:98
    #142 0x569eee408db8 in process_state_machine samples/SAFE/__tmp_4419a191.c:98
    #143 0x569eee408db8 in process_state_machine samples/SAFE/__tmp_4419a191.c:98
    #144 0x569eee408db8 in process_state_machine samples/SAFE/__tmp_4419a191.c:98
    #145 0x569eee408db8 in process_state_machine samples/SAFE/__tmp_4419a191.c:98
    #146 0x569eee408db8 in process_state_machine samples/SAFE/__tmp_4419a191.c:98
    #147 0x569eee408db8 in process_state_machine samples/SAFE/__tmp_4419a191.c:98
    #148 0x569eee408db8 in process_state_machine samples/SAFE/__tmp_4419a191.c:98
    #149 0x569eee408db8 in process_state_machine samples/SAFE/__tmp_4419a191.c:98
    #150 0x569eee408db8 in process_state_machine samples/SAFE/__tmp_4419a191.c:98
    #151 0x569eee408db8 in process_state_machine samples/SAFE/__tmp_4419a191.c:98
    #152 0x569eee408db8 in process_state_machine samples/SAFE/__tmp_4419a191.c:98
    #153 0x569eee408db8 in process_state_machine samples/SAFE/__tmp_4419a191.c:98
    #154 0x569eee408db8 in process_state_machine samples/SAFE/__tmp_4419a191.c:98
    #155 0x569eee408db8 in process_state_machine samples/SAFE/__tmp_4419a191.c:98
    #156 0x569eee408db8 in process_state_machine samples/SAFE/__tmp_4419a191.c:98
    #157 0x569eee408db8 in process_state_machine samples/SAFE/__tmp_4419a191.c:98
    #158 0x569eee408db8 in process_state_machine samples/SAFE/__tmp_4419a191.c:98
    #159 0x569eee408db8 in process_state_machine samples/SAFE/__tmp_4419a191.c:98
    #160 0x569eee408db8 in process_state_machine samples/SAFE/__tmp_4419a191.c:98
    #161 0x569eee408db8 in process_state_machine samples/SAFE/__tmp_4419a191.c:98
    #162 0x569eee408db8 in process_state_machine samples/SAFE/__tmp_4419a191.c:98
    #163 0x569eee408db8 in process_state_machine samples/SAFE/__tmp_4419a191.c:98
    #164 0x569eee408db8 in process_state_machine samples/SAFE/__tmp_4419a191.c:98
    #165 0x569eee408db8 in process_state_machine samples/SAFE/__tmp_4419a191.c:98
    #166 0x569eee408db8 in process_state_machine samples/SAFE/__tmp_4419a191.c:98
    #167 0x569eee408db8 in process_state_machine samples/SAFE/__tmp_4419a191.c:98
    #168 0x569eee408db8 in process_state_machine samples/SAFE/__tmp_4419a191.c:98
    #169 0x569eee408db8 in process_state_machine samples/SAFE/__tmp_4419a191.c:98
    #170 0x569eee408db8 in process_state_machine samples/SAFE/__tmp_4419a191.c:98
    #171 0x569eee408db8 in process_state_machine samples/SAFE/__tmp_4419a191.c:98
    #172 0x569eee408db8 in process_state_machine samples/SAFE/__tmp_4419a191.c:98
    #173 0x569eee408db8 in process_state_machine samples/SAFE/__tmp_4419a191.c:98
    #174 0x569eee408db8 in process_state_machine samples/SAFE/__tmp_4419a191.c:98
    #175 0x569eee408db8 in process_state_machine samples/SAFE/__tmp_4419a191.c:98
    #176 0x569eee408db8 in process_state_machine samples/SAFE/__tmp_4419a191.c:98
    #177 0x569eee408db8 in process_state_machine samples/SAFE/__tmp_4419a191.c:98
    #178 0x569eee408db8 in process_state_machine samples/SAFE/__tmp_4419a191.c:98
    #179 0x569eee408db8 in process_state_machine samples/SAFE/__tmp_4419a191.c:98
    #180 0x569eee408db8 in process_state_machine samples/SAFE/__tmp_4419a191.c:98
    #181 0x569eee408db8 in process_state_machine samples/SAFE/__tmp_4419a191.c:98
    #182 0x569eee408db8 in process_state_machine samples/SAFE/__tmp_4419a191.c:98
    #183 0x569eee408db8 in process_state_machine samples/SAFE/__tmp_4419a191.c:98
    #184 0x569eee408db8 in process_state_machine samples/SAFE/__tmp_4419a191.c:98
    #185 0x569eee408db8 in process_state_machine samples/SAFE/__tmp_4419a191.c:98
    #186 0x569eee408db8 in process_state_machine samples/SAFE/__tmp_4419a191.c:98
    #187 0x569eee408db8 in process_state_machine samples/SAFE/__tmp_4419a191.c:98
    #188 0x569eee408db8 in process_state_machine samples/SAFE/__tmp_4419a191.c:98
    #189 0x569eee408db8 in process_state_machine samples/SAFE/__tmp_4419a191.c:98
    #190 0x569eee408db8 in process_state_machine samples/SAFE/__tmp_4419a191.c:98
    #191 0x569eee408db8 in process_state_machine samples/SAFE/__tmp_4419a191.c:98
    #192 0x569eee408db8 in process_state_machine samples/SAFE/__tmp_4419a191.c:98
    #193 0x569eee408db8 in process_state_machine samples/SAFE/__tmp_4419a191.c:98
    #194 0x569eee408db8 in process_state_machine samples/SAFE/__tmp_4419a191.c:98
    #195 0x569eee408db8 in process_state_machine samples/SAFE/__tmp_4419a191.c:98
    #196 0x569eee408db8 in process_state_machine samples/SAFE/__tmp_4419a191.c:98
    #197 0x569eee408db8 in process_state_machine samples/SAFE/__tmp_4419a191.c:98
    #198 0x569eee408db8 in process_state_machine samples/SAFE/__tmp_4419a191.c:98
    #199 0x569eee408db8 in process_state_machine samples/SAFE/__tmp_4419a191.c:98
    #200 0x569eee408db8 in process_state_machine samples/SAFE/__tmp_4419a191.c:98
    #201 0x569eee408db8 in process_state_machine samples/SAFE/__tmp_4419a191.c:98
    #202 0x569eee408db8 in process_state_machine samples/SAFE/__tmp_4419a191.c:98
    #203 0x569eee408db8 in process_state_machine samples/SAFE/__tmp_4419a191.c:98
    #204 0x569eee408db8 in process_state_machine samples/SAFE/__tmp_4419a191.c:98
    #205 0x569eee408db8 in process_state_machine samples/SAFE/__tmp_4419a191.c:98
    #206 0x569eee408db8 in process_state_machine samples/SAFE/__tmp_4419a191.c:98
    #207 0x569eee408db8 in process_state_machine samples/SAFE/__tmp_4419a191.c:98
    #208 0x569eee408db8 in process_state_machine samples/SAFE/__tmp_4419a191.c:98
    #209 0x569eee408db8 in process_state_machine samples/SAFE/__tmp_4419a191.c:98
    #210 0x569eee408db8 in process_state_machine samples/SAFE/__tmp_4419a191.c:98
    #211 0x569eee408db8 in process_state_machine samples/SAFE/__tmp_4419a191.c:98
    #212 0x569eee408db8 in process_state_machine samples/SAFE/__tmp_4419a191.c:98
    #213 0x569eee408db8 in process_state_machine samples/SAFE/__tmp_4419a191.c:98
    #214 0x569eee408db8 in process_state_machine samples/SAFE/__tmp_4419a191.c:98
    #215 0x569eee408db8 in process_state_machine samples/SAFE/__tmp_4419a191.c:98
    #216 0x569eee408db8 in process_state_machine samples/SAFE/__tmp_4419a191.c:98
    #217 0x569eee408db8 in process_state_machine samples/SAFE/__tmp_4419a191.c:98
    #218 0x569eee408db8 in process_state_machine samples/SAFE/__tmp_4419a191.c:98
    #219 0x569eee408db8 in process_state_machine samples/SAFE/__tmp_4419a191.c:98
    #220 0x569eee408db8 in process_state_machine samples/SAFE/__tmp_4419a191.c:98
    #221 0x569eee408db8 in process_state_machine samples/SAFE/__tmp_4419a191.c:98
    #222 0x569eee408db8 in process_state_machine samples/SAFE/__tmp_4419a191.c:98
    #223 0x569eee408db8 in process_state_machine samples/SAFE/__tmp_4419a191.c:98
    #224 0x569eee408db8 in process_state_machine samples/SAFE/__tmp_4419a191.c:98
    #225 0x569eee408db8 in process_state_machine samples/SAFE/__tmp_4419a191.c:98
    #226 0x569eee408db8 in process_state_machine samples/SAFE/__tmp_4419a191.c:98
    #227 0x569eee408db8 in process_state_machine samples/SAFE/__tmp_4419a191.c:98
    #228 0x569eee408db8 in process_state_machine samples/SAFE/__tmp_4419a191.c:98
    #229 0x569eee408db8 in process_state_machine samples/SAFE/__tmp_4419a191.c:98
    #230 0x569eee408db8 in process_state_machine samples/SAFE/__tmp_4419a191.c:98
    #231 0x569eee408db8 in process_state_machine samples/SAFE/__tmp_4419a191.c:98
    #232 0x569eee408db8 in process_state_machine samples/SAFE/__tmp_4419a191.c:98
    #233 0x569eee408db8 in process_state_machine samples/SAFE/__tmp_4419a191.c:98
    #234 0x569eee408db8 in process_state_machine samples/SAFE/__tmp_4419a191.c:98
    #235 0x569eee408db8 in process_state_machine samples/SAFE/__tmp_4419a191.c:98
    #236 0x569eee408db8 in process_state_machine samples/SAFE/__tmp_4419a191.c:98
    #237 0x569eee408db8 in process_state_machine samples/SAFE/__tmp_4419a191.c:98
    #238 0x569eee408db8 in process_state_machine samples/SAFE/__tmp_4419a191.c:98
    #239 0x569eee408db8 in process_state_machine samples/SAFE/__tmp_4419a191.c:98
    #240 0x569eee408db8 in process_state_machine samples/SAFE/__tmp_4419a191.c:98
    #241 0x569eee408db8 in process_state_machine samples/SAFE/__tmp_4419a191.c:98
    #242 0x569eee408db8 in process_state_machine samples/SAFE/__tmp_4419a191.c:98
    #243 0x569eee408db8 in process_state_machine samples/SAFE/__tmp_4419a191.c:98
    #244 0x569eee408db8 in process_state_machine samples/SAFE/__tmp_4419a191.c:98
    #245 0x569eee408db8 in process_state_machine samples/SAFE/__tmp_4419a191.c:98
    #246 0x569eee408db8 in process_state_machine samples/SAFE/__tmp_4419a191.c:98

SUMMARY: AddressSanitizer: stack-overflow samples/SAFE/__tmp_4419a191.c:32 in handle_read_char
==153845==ABORTING
