
AddressSanitizer:DEADLYSIGNAL
=================================================================
==74688==ERROR: AddressSanitizer: stack-overflow on address 0x7fff6e246ff8 (pc 0x56affa51a449 bp 0x7fff6e247000 sp 0x7fff6e247000 T0)
    #0 0x56affa51a449 in handle_read_char samples/SAFE/__tmp_814fac54.c:32
    #1 0x56affa51ac9d in process_state_machine samples/SAFE/__tmp_814fac54.c:85
    #2 0x56affa51adb8 in process_state_machine samples/SAFE/__tmp_814fac54.c:98
    #3 0x56affa51adb8 in process_state_machine samples/SAFE/__tmp_814fac54.c:98
    #4 0x56affa51adb8 in process_state_machine samples/SAFE/__tmp_814fac54.c:98
    #5 0x56affa51adb8 in process_state_machine samples/SAFE/__tmp_814fac54.c:98
    #6 0x56affa51adb8 in process_state_machine samples/SAFE/__tmp_814fac54.c:98
    #7 0x56affa51adb8 in process_state_machine samples/SAFE/__tmp_814fac54.c:98
    #8 0x56affa51adb8 in process_state_machine samples/SAFE/__tmp_814fac54.c:98
    #9 0x56affa51adb8 in process_state_machine samples/SAFE/__tmp_814fac54.c:98
    #10 0x56affa51adb8 in process_state_machine samples/SAFE/__tmp_814fac54.c:98
    #11 0x56affa51adb8 in process_state_machine samples/SAFE/__tmp_814fac54.c:98
    #12 0x56affa51adb8 in process_state_machine samples/SAFE/__tmp_814fac54.c:98
    #13 0x56affa51adb8 in process_state_machine samples/SAFE/__tmp_814fac54.c:98
    #14 0x56affa51adb8 in process_state_machine samples/SAFE/__tmp_814fac54.c:98
    #15 0x56affa51adb8 in process_state_machine samples/SAFE/__tmp_814fac54.c:98
    #16 0x56affa51adb8 in process_state_machine samples/SAFE/__tmp_814fac54.c:98
    #17 0x56affa51adb8 in process_state_machine samples/SAFE/__tmp_814fac54.c:98
    #18 0x56affa51adb8 in process_state_machine samples/SAFE/__tmp_814fac54.c:98
    #19 0x56affa51adb8 in process_state_machine samples/SAFE/__tmp_814fac54.c:98
    #20 0x56affa51adb8 in process_state_machine samples/SAFE/__tmp_814fac54.c:98
    #21 0x56affa51adb8 in process_state_machine samples/SAFE/__tmp_814fac54.c:98
    #22 0x56affa51adb8 in process_state_machine samples/SAFE/__tmp_814fac54.c:98
    #23 0x56affa51adb8 in process_state_machine samples/SAFE/__tmp_814fac54.c:98
    #24 0x56affa51adb8 in process_state_machine samples/SAFE/__tmp_814fac54.c:98
    #25 0x56affa51adb8 in process_state_machine samples/SAFE/__tmp_814fac54.c:98
    #26 0x56affa51adb8 in process_state_machine samples/SAFE/__tmp_814fac54.c:98
    #27 0x56affa51adb8 in process_state_machine samples/SAFE/__tmp_814fac54.c:98
    #28 0x56affa51adb8 in process_state_machine samples/SAFE/__tmp_814fac54.c:98
    #29 0x56affa51adb8 in process_state_machine samples/SAFE/__tmp_814fac54.c:98
    #30 0x56affa51adb8 in process_state_machine samples/SAFE/__tmp_814fac54.c:98
    #31 0x56affa51adb8 in process_state_machine samples/SAFE/__tmp_814fac54.c:98
    #32 0x56affa51adb8 in process_state_machine samples/SAFE/__tmp_814fac54.c:98
    #33 0x56affa51adb8 in process_state_machine samples/SAFE/__tmp_814fac54.c:98
    #34 0x56affa51adb8 in process_state_machine samples/SAFE/__tmp_814fac54.c:98
    #35 0x56affa51adb8 in process_state_machine samples/SAFE/__tmp_814fac54.c:98
    #36 0x56affa51adb8 in process_state_machine samples/SAFE/__tmp_814fac54.c:98
    #37 0x56affa51adb8 in process_state_machine samples/SAFE/__tmp_814fac54.c:98
    #38 0x56affa51adb8 in process_state_machine samples/SAFE/__tmp_814fac54.c:98
    #39 0x56affa51adb8 in process_state_machine samples/SAFE/__tmp_814fac54.c:98
    #40 0x56affa51adb8 in process_state_machine samples/SAFE/__tmp_814fac54.c:98
    #41 0x56affa51adb8 in process_state_machine samples/SAFE/__tmp_814fac54.c:98
    #42 0x56affa51adb8 in process_state_machine samples/SAFE/__tmp_814fac54.c:98
    #43 0x56affa51adb8 in process_state_machine samples/SAFE/__tmp_814fac54.c:98
    #44 0x56affa51adb8 in process_state_machine samples/SAFE/__tmp_814fac54.c:98
    #45 0x56affa51adb8 in process_state_machine samples/SAFE/__tmp_814fac54.c:98
    #46 0x56affa51adb8 in process_state_machine samples/SAFE/__tmp_814fac54.c:98
    #47 0x56affa51adb8 in process_state_machine samples/SAFE/__tmp_814fac54.c:98
    #48 0x56affa51adb8 in process_state_machine samples/SAFE/__tmp_814fac54.c:98
    #49 0x56affa51adb8 in process_state_machine samples/SAFE/__tmp_814fac54.c:98
    #50 0x56affa51adb8 in process_state_machine samples/SAFE/__tmp_814fac54.c:98
    #51 0x56affa51adb8 in process_state_machine samples/SAFE/__tmp_814fac54.c:98
    #52 0x56affa51adb8 in process_state_machine samples/SAFE/__tmp_814fac54.c:98
    #53 0x56affa51adb8 in process_state_machine samples/SAFE/__tmp_814fac54.c:98
    #54 0x56affa51adb8 in process_state_machine samples/SAFE/__tmp_814fac54.c:98
    #55 0x56affa51adb8 in process_state_machine samples/SAFE/__tmp_814fac54.c:98
    #56 0x56affa51adb8 in process_state_machine samples/SAFE/__tmp_814fac54.c:98
    #57 0x56affa51adb8 in process_state_machine samples/SAFE/__tmp_814fac54.c:98
    #58 0x56affa51adb8 in process_state_machine samples/SAFE/__tmp_814fac54.c:98
    #59 0x56affa51adb8 in process_state_machine samples/SAFE/__tmp_814fac54.c:98
    #60 0x56affa51adb8 in process_state_machine samples/SAFE/__tmp_814fac54.c:98
    #61 0x56affa51adb8 in process_state_machine samples/SAFE/__tmp_814fac54.c:98
    #62 0x56affa51adb8 in process_state_machine samples/SAFE/__tmp_814fac54.c:98
    #63 0x56affa51adb8 in process_state_machine samples/SAFE/__tmp_814fac54.c:98
    #64 0x56affa51adb8 in process_state_machine samples/SAFE/__tmp_814fac54.c:98
    #65 0x56affa51adb8 in process_state_machine samples/SAFE/__tmp_814fac54.c:98
    #66 0x56affa51adb8 in process_state_machine samples/SAFE/__tmp_814fac54.c:98
    #67 0x56affa51adb8 in process_state_machine samples/SAFE/__tmp_814fac54.c:98
    #68 0x56affa51adb8 in process_state_machine samples/SAFE/__tmp_814fac54.c:98
    #69 0x56affa51adb8 in process_state_machine samples/SAFE/__tmp_814fac54.c:98
    #70 0x56affa51adb8 in process_state_machine samples/SAFE/__tmp_814fac54.c:98
    #71 0x56affa51adb8 in process_state_machine samples/SAFE/__tmp_814fac54.c:98
    #72 0x56affa51adb8 in process_state_machine samples/SAFE/__tmp_814fac54.c:98
    #73 0x56affa51adb8 in process_state_machine samples/SAFE/__tmp_814fac54.c:98
    #74 0x56affa51adb8 in process_state_machine samples/SAFE/__tmp_814fac54.c:98
    #75 0x56affa51adb8 in process_state_machine samples/SAFE/__tmp_814fac54.c:98
    #76 0x56affa51adb8 in process_state_machine samples/SAFE/__tmp_814fac54.c:98
    #77 0x56affa51adb8 in process_state_machine samples/SAFE/__tmp_814fac54.c:98
    #78 0x56affa51adb8 in process_state_machine samples/SAFE/__tmp_814fac54.c:98
    #79 0x56affa51adb8 in process_state_machine samples/SAFE/__tmp_814fac54.c:98
    #80 0x56affa51adb8 in process_state_machine samples/SAFE/__tmp_814fac54.c:98
    #81 0x56affa51adb8 in process_state_machine samples/SAFE/__tmp_814fac54.c:98
    #82 0x56affa51adb8 in process_state_machine samples/SAFE/__tmp_814fac54.c:98
    #83 0x56affa51adb8 in process_state_machine samples/SAFE/__tmp_814fac54.c:98
    #84 0x56affa51adb8 in process_state_machine samples/SAFE/__tmp_814fac54.c:98
    #85 0x56affa51adb8 in process_state_machine samples/SAFE/__tmp_814fac54.c:98
    #86 0x56affa51adb8 in process_state_machine samples/SAFE/__tmp_814fac54.c:98
    #87 0x56affa51adb8 in process_state_machine samples/SAFE/__tmp_814fac54.c:98
    #88 0x56affa51adb8 in process_state_machine samples/SAFE/__tmp_814fac54.c:98
    #89 0x56affa51adb8 in process_state_machine samples/SAFE/__tmp_814fac54.c:98
    #90 0x56affa51adb8 in process_state_machine samples/SAFE/__tmp_814fac54.c:98
    #91 0x56affa51adb8 in process_state_machine samples/SAFE/__tmp_814fac54.c:98
    #92 0x56affa51adb8 in process_state_machine samples/SAFE/__tmp_814fac54.c:98
    #93 0x56affa51adb8 in process_state_machine samples/SAFE/__tmp_814fac54.c:98
    #94 0x56affa51adb8 in process_state_machine samples/SAFE/__tmp_814fac54.c:98
    #95 0x56affa51adb8 in process_state_machine samples/SAFE/__tmp_814fac54.c:98
    #96 0x56affa51adb8 in process_state_machine samples/SAFE/__tmp_814fac54.c:98
    #97 0x56affa51adb8 in process_state_machine samples/SAFE/__tmp_814fac54.c:98
    #98 0x56affa51adb8 in process_state_machine samples/SAFE/__tmp_814fac54.c:98
    #99 0x56affa51adb8 in process_state_machine samples/SAFE/__tmp_814fac54.c:98
    #100 0x56affa51adb8 in process_state_machine samples/SAFE/__tmp_814fac54.c:98
    #101 0x56affa51adb8 in process_state_machine samples/SAFE/__tmp_814fac54.c:98
    #102 0x56affa51adb8 in process_state_machine samples/SAFE/__tmp_814fac54.c:98
    #103 0x56affa51adb8 in process_state_machine samples/SAFE/__tmp_814fac54.c:98
    #104 0x56affa51adb8 in process_state_machine samples/SAFE/__tmp_814fac54.c:98
    #105 0x56affa51adb8 in process_state_machine samples/SAFE/__tmp_814fac54.c:98
    #106 0x56affa51adb8 in process_state_machine samples/SAFE/__tmp_814fac54.c:98
    #107 0x56affa51adb8 in process_state_machine samples/SAFE/__tmp_814fac54.c:98
    #108 0x56affa51adb8 in process_state_machine samples/SAFE/__tmp_814fac54.c:98
    #109 0x56affa51adb8 in process_state_machine samples/SAFE/__tmp_814fac54.c:98
    #110 0x56affa51adb8 in process_state_machine samples/SAFE/__tmp_814fac54.c:98
    #111 0x56affa51adb8 in process_state_machine samples/SAFE/__tmp_814fac54.c:98
    #112 0x56affa51adb8 in process_state_machine samples/SAFE/__tmp_814fac54.c:98
    #113 0x56affa51adb8 in process_state_machine samples/SAFE/__tmp_814fac54.c:98
    #114 0x56affa51adb8 in process_state_machine samples/SAFE/__tmp_814fac54.c:98
    #115 0x56affa51adb8 in process_state_machine samples/SAFE/__tmp_814fac54.c:98
    #116 0x56affa51adb8 in process_state_machine samples/SAFE/__tmp_814fac54.c:98
    #117 0x56affa51adb8 in process_state_machine samples/SAFE/__tmp_814fac54.c:98
    #118 0x56affa51adb8 in process_state_machine samples/SAFE/__tmp_814fac54.c:98
    #119 0x56affa51adb8 in process_state_machine samples/SAFE/__tmp_814fac54.c:98
    #120 0x56affa51adb8 in process_state_machine samples/SAFE/__tmp_814fac54.c:98
    #121 0x56affa51adb8 in process_state_machine samples/SAFE/__tmp_814fac54.c:98
    #122 0x56affa51adb8 in process_state_machine samples/SAFE/__tmp_814fac54.c:98
    #123 0x56affa51adb8 in process_state_machine samples/SAFE/__tmp_814fac54.c:98
    #124 0x56affa51adb8 in process_state_machine samples/SAFE/__tmp_814fac54.c:98
    #125 0x56affa51adb8 in process_state_machine samples/SAFE/__tmp_814fac54.c:98
    #126 0x56affa51adb8 in process_state_machine samples/SAFE/__tmp_814fac54.c:98
    #127 0x56affa51adb8 in process_state_machine samples/SAFE/__tmp_814fac54.c:98
    #128 0x56affa51adb8 in process_state_machine samples/SAFE/__tmp_814fac54.c:98
    #129 0x56affa51adb8 in process_state_machine samples/SAFE/__tmp_814fac54.c:98
    #130 0x56affa51adb8 in process_state_machine samples/SAFE/__tmp_814fac54.c:98
    #131 0x56affa51adb8 in process_state_machine samples/SAFE/__tmp_814fac54.c:98
    #132 0x56affa51adb8 in process_state_machine samples/SAFE/__tmp_814fac54.c:98
    #133 0x56affa51adb8 in process_state_machine samples/SAFE/__tmp_814fac54.c:98
    #134 0x56affa51adb8 in process_state_machine samples/SAFE/__tmp_814fac54.c:98
    #135 0x56affa51adb8 in process_state_machine samples/SAFE/__tmp_814fac54.c:98
    #136 0x56affa51adb8 in process_state_machine samples/SAFE/__tmp_814fac54.c:98
    #137 0x56affa51adb8 in process_state_machine samples/SAFE/__tmp_814fac54.c:98
    #138 0x56affa51adb8 in process_state_machine samples/SAFE/__tmp_814fac54.c:98
    #139 0x56affa51adb8 in process_state_machine samples/SAFE/__tmp_814fac54.c:98
    #140 0x56affa51adb8 in process_state_machine samples/SAFE/__tmp_814fac54.c:98
    #141 0x56affa51adb8 in process_state_machine samples/SAFE/__tmp_814fac54.c:98
    #142 0x56affa51adb8 in process_state_machine samples/SAFE/__tmp_814fac54.c:98
    #143 0x56affa51adb8 in process_state_machine samples/SAFE/__tmp_814fac54.c:98
    #144 0x56affa51adb8 in process_state_machine samples/SAFE/__tmp_814fac54.c:98
    #145 0x56affa51adb8 in process_state_machine samples/SAFE/__tmp_814fac54.c:98
    #146 0x56affa51adb8 in process_state_machine samples/SAFE/__tmp_814fac54.c:98
    #147 0x56affa51adb8 in process_state_machine samples/SAFE/__tmp_814fac54.c:98
    #148 0x56affa51adb8 in process_state_machine samples/SAFE/__tmp_814fac54.c:98
    #149 0x56affa51adb8 in process_state_machine samples/SAFE/__tmp_814fac54.c:98
    #150 0x56affa51adb8 in process_state_machine samples/SAFE/__tmp_814fac54.c:98
    #151 0x56affa51adb8 in process_state_machine samples/SAFE/__tmp_814fac54.c:98
    #152 0x56affa51adb8 in process_state_machine samples/SAFE/__tmp_814fac54.c:98
    #153 0x56affa51adb8 in process_state_machine samples/SAFE/__tmp_814fac54.c:98
    #154 0x56affa51adb8 in process_state_machine samples/SAFE/__tmp_814fac54.c:98
    #155 0x56affa51adb8 in process_state_machine samples/SAFE/__tmp_814fac54.c:98
    #156 0x56affa51adb8 in process_state_machine samples/SAFE/__tmp_814fac54.c:98
    #157 0x56affa51adb8 in process_state_machine samples/SAFE/__tmp_814fac54.c:98
    #158 0x56affa51adb8 in process_state_machine samples/SAFE/__tmp_814fac54.c:98
    #159 0x56affa51adb8 in process_state_machine samples/SAFE/__tmp_814fac54.c:98
    #160 0x56affa51adb8 in process_state_machine samples/SAFE/__tmp_814fac54.c:98
    #161 0x56affa51adb8 in process_state_machine samples/SAFE/__tmp_814fac54.c:98
    #162 0x56affa51adb8 in process_state_machine samples/SAFE/__tmp_814fac54.c:98
    #163 0x56affa51adb8 in process_state_machine samples/SAFE/__tmp_814fac54.c:98
    #164 0x56affa51adb8 in process_state_machine samples/SAFE/__tmp_814fac54.c:98
    #165 0x56affa51adb8 in process_state_machine samples/SAFE/__tmp_814fac54.c:98
    #166 0x56affa51adb8 in process_state_machine samples/SAFE/__tmp_814fac54.c:98
    #167 0x56affa51adb8 in process_state_machine samples/SAFE/__tmp_814fac54.c:98
    #168 0x56affa51adb8 in process_state_machine samples/SAFE/__tmp_814fac54.c:98
    #169 0x56affa51adb8 in process_state_machine samples/SAFE/__tmp_814fac54.c:98
    #170 0x56affa51adb8 in process_state_machine samples/SAFE/__tmp_814fac54.c:98
    #171 0x56affa51adb8 in process_state_machine samples/SAFE/__tmp_814fac54.c:98
    #172 0x56affa51adb8 in process_state_machine samples/SAFE/__tmp_814fac54.c:98
    #173 0x56affa51adb8 in process_state_machine samples/SAFE/__tmp_814fac54.c:98
    #174 0x56affa51adb8 in process_state_machine samples/SAFE/__tmp_814fac54.c:98
    #175 0x56affa51adb8 in process_state_machine samples/SAFE/__tmp_814fac54.c:98
    #176 0x56affa51adb8 in process_state_machine samples/SAFE/__tmp_814fac54.c:98
    #177 0x56affa51adb8 in process_state_machine samples/SAFE/__tmp_814fac54.c:98
    #178 0x56affa51adb8 in process_state_machine samples/SAFE/__tmp_814fac54.c:98
    #179 0x56affa51adb8 in process_state_machine samples/SAFE/__tmp_814fac54.c:98
    #180 0x56affa51adb8 in process_state_machine samples/SAFE/__tmp_814fac54.c:98
    #181 0x56affa51adb8 in process_state_machine samples/SAFE/__tmp_814fac54.c:98
    #182 0x56affa51adb8 in process_state_machine samples/SAFE/__tmp_814fac54.c:98
    #183 0x56affa51adb8 in process_state_machine samples/SAFE/__tmp_814fac54.c:98
    #184 0x56affa51adb8 in process_state_machine samples/SAFE/__tmp_814fac54.c:98
    #185 0x56affa51adb8 in process_state_machine samples/SAFE/__tmp_814fac54.c:98
    #186 0x56affa51adb8 in process_state_machine samples/SAFE/__tmp_814fac54.c:98
    #187 0x56affa51adb8 in process_state_machine samples/SAFE/__tmp_814fac54.c:98
    #188 0x56affa51adb8 in process_state_machine samples/SAFE/__tmp_814fac54.c:98
    #189 0x56affa51adb8 in process_state_machine samples/SAFE/__tmp_814fac54.c:98
    #190 0x56affa51adb8 in process_state_machine samples/SAFE/__tmp_814fac54.c:98
    #191 0x56affa51adb8 in process_state_machine samples/SAFE/__tmp_814fac54.c:98
    #192 0x56affa51adb8 in process_state_machine samples/SAFE/__tmp_814fac54.c:98
    #193 0x56affa51adb8 in process_state_machine samples/SAFE/__tmp_814fac54.c:98
    #194 0x56affa51adb8 in process_state_machine samples/SAFE/__tmp_814fac54.c:98
    #195 0x56affa51adb8 in process_state_machine samples/SAFE/__tmp_814fac54.c:98
    #196 0x56affa51adb8 in process_state_machine samples/SAFE/__tmp_814fac54.c:98
    #197 0x56affa51adb8 in process_state_machine samples/SAFE/__tmp_814fac54.c:98
    #198 0x56affa51adb8 in process_state_machine samples/SAFE/__tmp_814fac54.c:98
    #199 0x56affa51adb8 in process_state_machine samples/SAFE/__tmp_814fac54.c:98
    #200 0x56affa51adb8 in process_state_machine samples/SAFE/__tmp_814fac54.c:98
    #201 0x56affa51adb8 in process_state_machine samples/SAFE/__tmp_814fac54.c:98
    #202 0x56affa51adb8 in process_state_machine samples/SAFE/__tmp_814fac54.c:98
    #203 0x56affa51adb8 in process_state_machine samples/SAFE/__tmp_814fac54.c:98
    #204 0x56affa51adb8 in process_state_machine samples/SAFE/__tmp_814fac54.c:98
    #205 0x56affa51adb8 in process_state_machine samples/SAFE/__tmp_814fac54.c:98
    #206 0x56affa51adb8 in process_state_machine samples/SAFE/__tmp_814fac54.c:98
    #207 0x56affa51adb8 in process_state_machine samples/SAFE/__tmp_814fac54.c:98
    #208 0x56affa51adb8 in process_state_machine samples/SAFE/__tmp_814fac54.c:98
    #209 0x56affa51adb8 in process_state_machine samples/SAFE/__tmp_814fac54.c:98
    #210 0x56affa51adb8 in process_state_machine samples/SAFE/__tmp_814fac54.c:98
    #211 0x56affa51adb8 in process_state_machine samples/SAFE/__tmp_814fac54.c:98
    #212 0x56affa51adb8 in process_state_machine samples/SAFE/__tmp_814fac54.c:98
    #213 0x56affa51adb8 in process_state_machine samples/SAFE/__tmp_814fac54.c:98
    #214 0x56affa51adb8 in process_state_machine samples/SAFE/__tmp_814fac54.c:98
    #215 0x56affa51adb8 in process_state_machine samples/SAFE/__tmp_814fac54.c:98
    #216 0x56affa51adb8 in process_state_machine samples/SAFE/__tmp_814fac54.c:98
    #217 0x56affa51adb8 in process_state_machine samples/SAFE/__tmp_814fac54.c:98
    #218 0x56affa51adb8 in process_state_machine samples/SAFE/__tmp_814fac54.c:98
    #219 0x56affa51adb8 in process_state_machine samples/SAFE/__tmp_814fac54.c:98
    #220 0x56affa51adb8 in process_state_machine samples/SAFE/__tmp_814fac54.c:98
    #221 0x56affa51adb8 in process_state_machine samples/SAFE/__tmp_814fac54.c:98
    #222 0x56affa51adb8 in process_state_machine samples/SAFE/__tmp_814fac54.c:98
    #223 0x56affa51adb8 in process_state_machine samples/SAFE/__tmp_814fac54.c:98
    #224 0x56affa51adb8 in process_state_machine samples/SAFE/__tmp_814fac54.c:98
    #225 0x56affa51adb8 in process_state_machine samples/SAFE/__tmp_814fac54.c:98
    #226 0x56affa51adb8 in process_state_machine samples/SAFE/__tmp_814fac54.c:98
    #227 0x56affa51adb8 in process_state_machine samples/SAFE/__tmp_814fac54.c:98
    #228 0x56affa51adb8 in process_state_machine samples/SAFE/__tmp_814fac54.c:98
    #229 0x56affa51adb8 in process_state_machine samples/SAFE/__tmp_814fac54.c:98
    #230 0x56affa51adb8 in process_state_machine samples/SAFE/__tmp_814fac54.c:98
    #231 0x56affa51adb8 in process_state_machine samples/SAFE/__tmp_814fac54.c:98
    #232 0x56affa51adb8 in process_state_machine samples/SAFE/__tmp_814fac54.c:98
    #233 0x56affa51adb8 in process_state_machine samples/SAFE/__tmp_814fac54.c:98
    #234 0x56affa51adb8 in process_state_machine samples/SAFE/__tmp_814fac54.c:98
    #235 0x56affa51adb8 in process_state_machine samples/SAFE/__tmp_814fac54.c:98
    #236 0x56affa51adb8 in process_state_machine samples/SAFE/__tmp_814fac54.c:98
    #237 0x56affa51adb8 in process_state_machine samples/SAFE/__tmp_814fac54.c:98
    #238 0x56affa51adb8 in process_state_machine samples/SAFE/__tmp_814fac54.c:98
    #239 0x56affa51adb8 in process_state_machine samples/SAFE/__tmp_814fac54.c:98
    #240 0x56affa51adb8 in process_state_machine samples/SAFE/__tmp_814fac54.c:98
    #241 0x56affa51adb8 in process_state_machine samples/SAFE/__tmp_814fac54.c:98
    #242 0x56affa51adb8 in process_state_machine samples/SAFE/__tmp_814fac54.c:98
    #243 0x56affa51adb8 in process_state_machine samples/SAFE/__tmp_814fac54.c:98
    #244 0x56affa51adb8 in process_state_machine samples/SAFE/__tmp_814fac54.c:98
    #245 0x56affa51adb8 in process_state_machine samples/SAFE/__tmp_814fac54.c:98
    #246 0x56affa51adb8 in process_state_machine samples/SAFE/__tmp_814fac54.c:98

SUMMARY: AddressSanitizer: stack-overflow samples/SAFE/__tmp_814fac54.c:32 in handle_read_char
==74688==ABORTING
