
AddressSanitizer:DEADLYSIGNAL
=================================================================
==41976==ERROR: AddressSanitizer: stack-overflow on address 0x7ffe01bb6ff8 (pc 0x5c6392965449 bp 0x7ffe01bb7000 sp 0x7ffe01bb7000 T0)
    #0 0x5c6392965449 in handle_read_char samples/SAFE/__tmp_ec339502.c:32
    #1 0x5c6392965bfb in run_state_machine samples/SAFE/__tmp_ec339502.c:86
    #2 0x5c6392965c6a in run_state_machine samples/SAFE/__tmp_ec339502.c:103
    #3 0x5c6392965c6a in run_state_machine samples/SAFE/__tmp_ec339502.c:103
    #4 0x5c6392965c6a in run_state_machine samples/SAFE/__tmp_ec339502.c:103
    #5 0x5c6392965c6a in run_state_machine samples/SAFE/__tmp_ec339502.c:103
    #6 0x5c6392965c6a in run_state_machine samples/SAFE/__tmp_ec339502.c:103
    #7 0x5c6392965c6a in run_state_machine samples/SAFE/__tmp_ec339502.c:103
    #8 0x5c6392965c6a in run_state_machine samples/SAFE/__tmp_ec339502.c:103
    #9 0x5c6392965c6a in run_state_machine samples/SAFE/__tmp_ec339502.c:103
    #10 0x5c6392965c6a in run_state_machine samples/SAFE/__tmp_ec339502.c:103
    #11 0x5c6392965c6a in run_state_machine samples/SAFE/__tmp_ec339502.c:103
    #12 0x5c6392965c6a in run_state_machine samples/SAFE/__tmp_ec339502.c:103
    #13 0x5c6392965c6a in run_state_machine samples/SAFE/__tmp_ec339502.c:103
    #14 0x5c6392965c6a in run_state_machine samples/SAFE/__tmp_ec339502.c:103
    #15 0x5c6392965c6a in run_state_machine samples/SAFE/__tmp_ec339502.c:103
    #16 0x5c6392965c6a in run_state_machine samples/SAFE/__tmp_ec339502.c:103
    #17 0x5c6392965c6a in run_state_machine samples/SAFE/__tmp_ec339502.c:103
    #18 0x5c6392965c6a in run_state_machine samples/SAFE/__tmp_ec339502.c:103
    #19 0x5c6392965c6a in run_state_machine samples/SAFE/__tmp_ec339502.c:103
    #20 0x5c6392965c6a in run_state_machine samples/SAFE/__tmp_ec339502.c:103
    #21 0x5c6392965c6a in run_state_machine samples/SAFE/__tmp_ec339502.c:103
    #22 0x5c6392965c6a in run_state_machine samples/SAFE/__tmp_ec339502.c:103
    #23 0x5c6392965c6a in run_state_machine samples/SAFE/__tmp_ec339502.c:103
    #24 0x5c6392965c6a in run_state_machine samples/SAFE/__tmp_ec339502.c:103
    #25 0x5c6392965c6a in run_state_machine samples/SAFE/__tmp_ec339502.c:103
    #26 0x5c6392965c6a in run_state_machine samples/SAFE/__tmp_ec339502.c:103
    #27 0x5c6392965c6a in run_state_machine samples/SAFE/__tmp_ec339502.c:103
    #28 0x5c6392965c6a in run_state_machine samples/SAFE/__tmp_ec339502.c:103
    #29 0x5c6392965c6a in run_state_machine samples/SAFE/__tmp_ec339502.c:103
    #30 0x5c6392965c6a in run_state_machine samples/SAFE/__tmp_ec339502.c:103
    #31 0x5c6392965c6a in run_state_machine samples/SAFE/__tmp_ec339502.c:103
    #32 0x5c6392965c6a in run_state_machine samples/SAFE/__tmp_ec339502.c:103
    #33 0x5c6392965c6a in run_state_machine samples/SAFE/__tmp_ec339502.c:103
    #34 0x5c6392965c6a in run_state_machine samples/SAFE/__tmp_ec339502.c:103
    #35 0x5c6392965c6a in run_state_machine samples/SAFE/__tmp_ec339502.c:103
    #36 0x5c6392965c6a in run_state_machine samples/SAFE/__tmp_ec339502.c:103
    #37 0x5c6392965c6a in run_state_machine samples/SAFE/__tmp_ec339502.c:103
    #38 0x5c6392965c6a in run_state_machine samples/SAFE/__tmp_ec339502.c:103
    #39 0x5c6392965c6a in run_state_machine samples/SAFE/__tmp_ec339502.c:103
    #40 0x5c6392965c6a in run_state_machine samples/SAFE/__tmp_ec339502.c:103
    #41 0x5c6392965c6a in run_state_machine samples/SAFE/__tmp_ec339502.c:103
    #42 0x5c6392965c6a in run_state_machine samples/SAFE/__tmp_ec339502.c:103
    #43 0x5c6392965c6a in run_state_machine samples/SAFE/__tmp_ec339502.c:103
    #44 0x5c6392965c6a in run_state_machine samples/SAFE/__tmp_ec339502.c:103
    #45 0x5c6392965c6a in run_state_machine samples/SAFE/__tmp_ec339502.c:103
    #46 0x5c6392965c6a in run_state_machine samples/SAFE/__tmp_ec339502.c:103
    #47 0x5c6392965c6a in run_state_machine samples/SAFE/__tmp_ec339502.c:103
    #48 0x5c6392965c6a in run_state_machine samples/SAFE/__tmp_ec339502.c:103
    #49 0x5c6392965c6a in run_state_machine samples/SAFE/__tmp_ec339502.c:103
    #50 0x5c6392965c6a in run_state_machine samples/SAFE/__tmp_ec339502.c:103
    #51 0x5c6392965c6a in run_state_machine samples/SAFE/__tmp_ec339502.c:103
    #52 0x5c6392965c6a in run_state_machine samples/SAFE/__tmp_ec339502.c:103
    #53 0x5c6392965c6a in run_state_machine samples/SAFE/__tmp_ec339502.c:103
    #54 0x5c6392965c6a in run_state_machine samples/SAFE/__tmp_ec339502.c:103
    #55 0x5c6392965c6a in run_state_machine samples/SAFE/__tmp_ec339502.c:103
    #56 0x5c6392965c6a in run_state_machine samples/SAFE/__tmp_ec339502.c:103
    #57 0x5c6392965c6a in run_state_machine samples/SAFE/__tmp_ec339502.c:103
    #58 0x5c6392965c6a in run_state_machine samples/SAFE/__tmp_ec339502.c:103
    #59 0x5c6392965c6a in run_state_machine samples/SAFE/__tmp_ec339502.c:103
    #60 0x5c6392965c6a in run_state_machine samples/SAFE/__tmp_ec339502.c:103
    #61 0x5c6392965c6a in run_state_machine samples/SAFE/__tmp_ec339502.c:103
    #62 0x5c6392965c6a in run_state_machine samples/SAFE/__tmp_ec339502.c:103
    #63 0x5c6392965c6a in run_state_machine samples/SAFE/__tmp_ec339502.c:103
    #64 0x5c6392965c6a in run_state_machine samples/SAFE/__tmp_ec339502.c:103
    #65 0x5c6392965c6a in run_state_machine samples/SAFE/__tmp_ec339502.c:103
    #66 0x5c6392965c6a in run_state_machine samples/SAFE/__tmp_ec339502.c:103
    #67 0x5c6392965c6a in run_state_machine samples/SAFE/__tmp_ec339502.c:103
    #68 0x5c6392965c6a in run_state_machine samples/SAFE/__tmp_ec339502.c:103
    #69 0x5c6392965c6a in run_state_machine samples/SAFE/__tmp_ec339502.c:103
    #70 0x5c6392965c6a in run_state_machine samples/SAFE/__tmp_ec339502.c:103
    #71 0x5c6392965c6a in run_state_machine samples/SAFE/__tmp_ec339502.c:103
    #72 0x5c6392965c6a in run_state_machine samples/SAFE/__tmp_ec339502.c:103
    #73 0x5c6392965c6a in run_state_machine samples/SAFE/__tmp_ec339502.c:103
    #74 0x5c6392965c6a in run_state_machine samples/SAFE/__tmp_ec339502.c:103
    #75 0x5c6392965c6a in run_state_machine samples/SAFE/__tmp_ec339502.c:103
    #76 0x5c6392965c6a in run_state_machine samples/SAFE/__tmp_ec339502.c:103
    #77 0x5c6392965c6a in run_state_machine samples/SAFE/__tmp_ec339502.c:103
    #78 0x5c6392965c6a in run_state_machine samples/SAFE/__tmp_ec339502.c:103
    #79 0x5c6392965c6a in run_state_machine samples/SAFE/__tmp_ec339502.c:103
    #80 0x5c6392965c6a in run_state_machine samples/SAFE/__tmp_ec339502.c:103
    #81 0x5c6392965c6a in run_state_machine samples/SAFE/__tmp_ec339502.c:103
    #82 0x5c6392965c6a in run_state_machine samples/SAFE/__tmp_ec339502.c:103
    #83 0x5c6392965c6a in run_state_machine samples/SAFE/__tmp_ec339502.c:103
    #84 0x5c6392965c6a in run_state_machine samples/SAFE/__tmp_ec339502.c:103
    #85 0x5c6392965c6a in run_state_machine samples/SAFE/__tmp_ec339502.c:103
    #86 0x5c6392965c6a in run_state_machine samples/SAFE/__tmp_ec339502.c:103
    #87 0x5c6392965c6a in run_state_machine samples/SAFE/__tmp_ec339502.c:103
    #88 0x5c6392965c6a in run_state_machine samples/SAFE/__tmp_ec339502.c:103
    #89 0x5c6392965c6a in run_state_machine samples/SAFE/__tmp_ec339502.c:103
    #90 0x5c6392965c6a in run_state_machine samples/SAFE/__tmp_ec339502.c:103
    #91 0x5c6392965c6a in run_state_machine samples/SAFE/__tmp_ec339502.c:103
    #92 0x5c6392965c6a in run_state_machine samples/SAFE/__tmp_ec339502.c:103
    #93 0x5c6392965c6a in run_state_machine samples/SAFE/__tmp_ec339502.c:103
    #94 0x5c6392965c6a in run_state_machine samples/SAFE/__tmp_ec339502.c:103
    #95 0x5c6392965c6a in run_state_machine samples/SAFE/__tmp_ec339502.c:103
    #96 0x5c6392965c6a in run_state_machine samples/SAFE/__tmp_ec339502.c:103
    #97 0x5c6392965c6a in run_state_machine samples/SAFE/__tmp_ec339502.c:103
    #98 0x5c6392965c6a in run_state_machine samples/SAFE/__tmp_ec339502.c:103
    #99 0x5c6392965c6a in run_state_machine samples/SAFE/__tmp_ec339502.c:103
    #100 0x5c6392965c6a in run_state_machine samples/SAFE/__tmp_ec339502.c:103
    #101 0x5c6392965c6a in run_state_machine samples/SAFE/__tmp_ec339502.c:103
    #102 0x5c6392965c6a in run_state_machine samples/SAFE/__tmp_ec339502.c:103
    #103 0x5c6392965c6a in run_state_machine samples/SAFE/__tmp_ec339502.c:103
    #104 0x5c6392965c6a in run_state_machine samples/SAFE/__tmp_ec339502.c:103
    #105 0x5c6392965c6a in run_state_machine samples/SAFE/__tmp_ec339502.c:103
    #106 0x5c6392965c6a in run_state_machine samples/SAFE/__tmp_ec339502.c:103
    #107 0x5c6392965c6a in run_state_machine samples/SAFE/__tmp_ec339502.c:103
    #108 0x5c6392965c6a in run_state_machine samples/SAFE/__tmp_ec339502.c:103
    #109 0x5c6392965c6a in run_state_machine samples/SAFE/__tmp_ec339502.c:103
    #110 0x5c6392965c6a in run_state_machine samples/SAFE/__tmp_ec339502.c:103
    #111 0x5c6392965c6a in run_state_machine samples/SAFE/__tmp_ec339502.c:103
    #112 0x5c6392965c6a in run_state_machine samples/SAFE/__tmp_ec339502.c:103
    #113 0x5c6392965c6a in run_state_machine samples/SAFE/__tmp_ec339502.c:103
    #114 0x5c6392965c6a in run_state_machine samples/SAFE/__tmp_ec339502.c:103
    #115 0x5c6392965c6a in run_state_machine samples/SAFE/__tmp_ec339502.c:103
    #116 0x5c6392965c6a in run_state_machine samples/SAFE/__tmp_ec339502.c:103
    #117 0x5c6392965c6a in run_state_machine samples/SAFE/__tmp_ec339502.c:103
    #118 0x5c6392965c6a in run_state_machine samples/SAFE/__tmp_ec339502.c:103
    #119 0x5c6392965c6a in run_state_machine samples/SAFE/__tmp_ec339502.c:103
    #120 0x5c6392965c6a in run_state_machine samples/SAFE/__tmp_ec339502.c:103
    #121 0x5c6392965c6a in run_state_machine samples/SAFE/__tmp_ec339502.c:103
    #122 0x5c6392965c6a in run_state_machine samples/SAFE/__tmp_ec339502.c:103
    #123 0x5c6392965c6a in run_state_machine samples/SAFE/__tmp_ec339502.c:103
    #124 0x5c6392965c6a in run_state_machine samples/SAFE/__tmp_ec339502.c:103
    #125 0x5c6392965c6a in run_state_machine samples/SAFE/__tmp_ec339502.c:103
    #126 0x5c6392965c6a in run_state_machine samples/SAFE/__tmp_ec339502.c:103
    #127 0x5c6392965c6a in run_state_machine samples/SAFE/__tmp_ec339502.c:103
    #128 0x5c6392965c6a in run_state_machine samples/SAFE/__tmp_ec339502.c:103
    #129 0x5c6392965c6a in run_state_machine samples/SAFE/__tmp_ec339502.c:103
    #130 0x5c6392965c6a in run_state_machine samples/SAFE/__tmp_ec339502.c:103
    #131 0x5c6392965c6a in run_state_machine samples/SAFE/__tmp_ec339502.c:103
    #132 0x5c6392965c6a in run_state_machine samples/SAFE/__tmp_ec339502.c:103
    #133 0x5c6392965c6a in run_state_machine samples/SAFE/__tmp_ec339502.c:103
    #134 0x5c6392965c6a in run_state_machine samples/SAFE/__tmp_ec339502.c:103
    #135 0x5c6392965c6a in run_state_machine samples/SAFE/__tmp_ec339502.c:103
    #136 0x5c6392965c6a in run_state_machine samples/SAFE/__tmp_ec339502.c:103
    #137 0x5c6392965c6a in run_state_machine samples/SAFE/__tmp_ec339502.c:103
    #138 0x5c6392965c6a in run_state_machine samples/SAFE/__tmp_ec339502.c:103
    #139 0x5c6392965c6a in run_state_machine samples/SAFE/__tmp_ec339502.c:103
    #140 0x5c6392965c6a in run_state_machine samples/SAFE/__tmp_ec339502.c:103
    #141 0x5c6392965c6a in run_state_machine samples/SAFE/__tmp_ec339502.c:103
    #142 0x5c6392965c6a in run_state_machine samples/SAFE/__tmp_ec339502.c:103
    #143 0x5c6392965c6a in run_state_machine samples/SAFE/__tmp_ec339502.c:103
    #144 0x5c6392965c6a in run_state_machine samples/SAFE/__tmp_ec339502.c:103
    #145 0x5c6392965c6a in run_state_machine samples/SAFE/__tmp_ec339502.c:103
    #146 0x5c6392965c6a in run_state_machine samples/SAFE/__tmp_ec339502.c:103
    #147 0x5c6392965c6a in run_state_machine samples/SAFE/__tmp_ec339502.c:103
    #148 0x5c6392965c6a in run_state_machine samples/SAFE/__tmp_ec339502.c:103
    #149 0x5c6392965c6a in run_state_machine samples/SAFE/__tmp_ec339502.c:103
    #150 0x5c6392965c6a in run_state_machine samples/SAFE/__tmp_ec339502.c:103
    #151 0x5c6392965c6a in run_state_machine samples/SAFE/__tmp_ec339502.c:103
    #152 0x5c6392965c6a in run_state_machine samples/SAFE/__tmp_ec339502.c:103
    #153 0x5c6392965c6a in run_state_machine samples/SAFE/__tmp_ec339502.c:103
    #154 0x5c6392965c6a in run_state_machine samples/SAFE/__tmp_ec339502.c:103
    #155 0x5c6392965c6a in run_state_machine samples/SAFE/__tmp_ec339502.c:103
    #156 0x5c6392965c6a in run_state_machine samples/SAFE/__tmp_ec339502.c:103
    #157 0x5c6392965c6a in run_state_machine samples/SAFE/__tmp_ec339502.c:103
    #158 0x5c6392965c6a in run_state_machine samples/SAFE/__tmp_ec339502.c:103
    #159 0x5c6392965c6a in run_state_machine samples/SAFE/__tmp_ec339502.c:103
    #160 0x5c6392965c6a in run_state_machine samples/SAFE/__tmp_ec339502.c:103
    #161 0x5c6392965c6a in run_state_machine samples/SAFE/__tmp_ec339502.c:103
    #162 0x5c6392965c6a in run_state_machine samples/SAFE/__tmp_ec339502.c:103
    #163 0x5c6392965c6a in run_state_machine samples/SAFE/__tmp_ec339502.c:103
    #164 0x5c6392965c6a in run_state_machine samples/SAFE/__tmp_ec339502.c:103
    #165 0x5c6392965c6a in run_state_machine samples/SAFE/__tmp_ec339502.c:103
    #166 0x5c6392965c6a in run_state_machine samples/SAFE/__tmp_ec339502.c:103
    #167 0x5c6392965c6a in run_state_machine samples/SAFE/__tmp_ec339502.c:103
    #168 0x5c6392965c6a in run_state_machine samples/SAFE/__tmp_ec339502.c:103
    #169 0x5c6392965c6a in run_state_machine samples/SAFE/__tmp_ec339502.c:103
    #170 0x5c6392965c6a in run_state_machine samples/SAFE/__tmp_ec339502.c:103
    #171 0x5c6392965c6a in run_state_machine samples/SAFE/__tmp_ec339502.c:103
    #172 0x5c6392965c6a in run_state_machine samples/SAFE/__tmp_ec339502.c:103
    #173 0x5c6392965c6a in run_state_machine samples/SAFE/__tmp_ec339502.c:103
    #174 0x5c6392965c6a in run_state_machine samples/SAFE/__tmp_ec339502.c:103
    #175 0x5c6392965c6a in run_state_machine samples/SAFE/__tmp_ec339502.c:103
    #176 0x5c6392965c6a in run_state_machine samples/SAFE/__tmp_ec339502.c:103
    #177 0x5c6392965c6a in run_state_machine samples/SAFE/__tmp_ec339502.c:103
    #178 0x5c6392965c6a in run_state_machine samples/SAFE/__tmp_ec339502.c:103
    #179 0x5c6392965c6a in run_state_machine samples/SAFE/__tmp_ec339502.c:103
    #180 0x5c6392965c6a in run_state_machine samples/SAFE/__tmp_ec339502.c:103
    #181 0x5c6392965c6a in run_state_machine samples/SAFE/__tmp_ec339502.c:103
    #182 0x5c6392965c6a in run_state_machine samples/SAFE/__tmp_ec339502.c:103
    #183 0x5c6392965c6a in run_state_machine samples/SAFE/__tmp_ec339502.c:103
    #184 0x5c6392965c6a in run_state_machine samples/SAFE/__tmp_ec339502.c:103
    #185 0x5c6392965c6a in run_state_machine samples/SAFE/__tmp_ec339502.c:103
    #186 0x5c6392965c6a in run_state_machine samples/SAFE/__tmp_ec339502.c:103
    #187 0x5c6392965c6a in run_state_machine samples/SAFE/__tmp_ec339502.c:103
    #188 0x5c6392965c6a in run_state_machine samples/SAFE/__tmp_ec339502.c:103
    #189 0x5c6392965c6a in run_state_machine samples/SAFE/__tmp_ec339502.c:103
    #190 0x5c6392965c6a in run_state_machine samples/SAFE/__tmp_ec339502.c:103
    #191 0x5c6392965c6a in run_state_machine samples/SAFE/__tmp_ec339502.c:103
    #192 0x5c6392965c6a in run_state_machine samples/SAFE/__tmp_ec339502.c:103
    #193 0x5c6392965c6a in run_state_machine samples/SAFE/__tmp_ec339502.c:103
    #194 0x5c6392965c6a in run_state_machine samples/SAFE/__tmp_ec339502.c:103
    #195 0x5c6392965c6a in run_state_machine samples/SAFE/__tmp_ec339502.c:103
    #196 0x5c6392965c6a in run_state_machine samples/SAFE/__tmp_ec339502.c:103
    #197 0x5c6392965c6a in run_state_machine samples/SAFE/__tmp_ec339502.c:103
    #198 0x5c6392965c6a in run_state_machine samples/SAFE/__tmp_ec339502.c:103
    #199 0x5c6392965c6a in run_state_machine samples/SAFE/__tmp_ec339502.c:103
    #200 0x5c6392965c6a in run_state_machine samples/SAFE/__tmp_ec339502.c:103
    #201 0x5c6392965c6a in run_state_machine samples/SAFE/__tmp_ec339502.c:103
    #202 0x5c6392965c6a in run_state_machine samples/SAFE/__tmp_ec339502.c:103
    #203 0x5c6392965c6a in run_state_machine samples/SAFE/__tmp_ec339502.c:103
    #204 0x5c6392965c6a in run_state_machine samples/SAFE/__tmp_ec339502.c:103
    #205 0x5c6392965c6a in run_state_machine samples/SAFE/__tmp_ec339502.c:103
    #206 0x5c6392965c6a in run_state_machine samples/SAFE/__tmp_ec339502.c:103
    #207 0x5c6392965c6a in run_state_machine samples/SAFE/__tmp_ec339502.c:103
    #208 0x5c6392965c6a in run_state_machine samples/SAFE/__tmp_ec339502.c:103
    #209 0x5c6392965c6a in run_state_machine samples/SAFE/__tmp_ec339502.c:103
    #210 0x5c6392965c6a in run_state_machine samples/SAFE/__tmp_ec339502.c:103
    #211 0x5c6392965c6a in run_state_machine samples/SAFE/__tmp_ec339502.c:103
    #212 0x5c6392965c6a in run_state_machine samples/SAFE/__tmp_ec339502.c:103
    #213 0x5c6392965c6a in run_state_machine samples/SAFE/__tmp_ec339502.c:103
    #214 0x5c6392965c6a in run_state_machine samples/SAFE/__tmp_ec339502.c:103
    #215 0x5c6392965c6a in run_state_machine samples/SAFE/__tmp_ec339502.c:103
    #216 0x5c6392965c6a in run_state_machine samples/SAFE/__tmp_ec339502.c:103
    #217 0x5c6392965c6a in run_state_machine samples/SAFE/__tmp_ec339502.c:103
    #218 0x5c6392965c6a in run_state_machine samples/SAFE/__tmp_ec339502.c:103
    #219 0x5c6392965c6a in run_state_machine samples/SAFE/__tmp_ec339502.c:103
    #220 0x5c6392965c6a in run_state_machine samples/SAFE/__tmp_ec339502.c:103
    #221 0x5c6392965c6a in run_state_machine samples/SAFE/__tmp_ec339502.c:103
    #222 0x5c6392965c6a in run_state_machine samples/SAFE/__tmp_ec339502.c:103
    #223 0x5c6392965c6a in run_state_machine samples/SAFE/__tmp_ec339502.c:103
    #224 0x5c6392965c6a in run_state_machine samples/SAFE/__tmp_ec339502.c:103
    #225 0x5c6392965c6a in run_state_machine samples/SAFE/__tmp_ec339502.c:103
    #226 0x5c6392965c6a in run_state_machine samples/SAFE/__tmp_ec339502.c:103
    #227 0x5c6392965c6a in run_state_machine samples/SAFE/__tmp_ec339502.c:103
    #228 0x5c6392965c6a in run_state_machine samples/SAFE/__tmp_ec339502.c:103
    #229 0x5c6392965c6a in run_state_machine samples/SAFE/__tmp_ec339502.c:103
    #230 0x5c6392965c6a in run_state_machine samples/SAFE/__tmp_ec339502.c:103
    #231 0x5c6392965c6a in run_state_machine samples/SAFE/__tmp_ec339502.c:103
    #232 0x5c6392965c6a in run_state_machine samples/SAFE/__tmp_ec339502.c:103
    #233 0x5c6392965c6a in run_state_machine samples/SAFE/__tmp_ec339502.c:103
    #234 0x5c6392965c6a in run_state_machine samples/SAFE/__tmp_ec339502.c:103
    #235 0x5c6392965c6a in run_state_machine samples/SAFE/__tmp_ec339502.c:103
    #236 0x5c6392965c6a in run_state_machine samples/SAFE/__tmp_ec339502.c:103
    #237 0x5c6392965c6a in run_state_machine samples/SAFE/__tmp_ec339502.c:103
    #238 0x5c6392965c6a in run_state_machine samples/SAFE/__tmp_ec339502.c:103
    #239 0x5c6392965c6a in run_state_machine samples/SAFE/__tmp_ec339502.c:103
    #240 0x5c6392965c6a in run_state_machine samples/SAFE/__tmp_ec339502.c:103
    #241 0x5c6392965c6a in run_state_machine samples/SAFE/__tmp_ec339502.c:103
    #242 0x5c6392965c6a in run_state_machine samples/SAFE/__tmp_ec339502.c:103
    #243 0x5c6392965c6a in run_state_machine samples/SAFE/__tmp_ec339502.c:103
    #244 0x5c6392965c6a in run_state_machine samples/SAFE/__tmp_ec339502.c:103
    #245 0x5c6392965c6a in run_state_machine samples/SAFE/__tmp_ec339502.c:103
    #246 0x5c6392965c6a in run_state_machine samples/SAFE/__tmp_ec339502.c:103

SUMMARY: AddressSanitizer: stack-overflow samples/SAFE/__tmp_ec339502.c:32 in handle_read_char
==41976==ABORTING
