
AddressSanitizer:DEADLYSIGNAL
=================================================================
==156039==ERROR: AddressSanitizer: stack-overflow on address 0x7ffd6ca6dff8 (pc 0x6174621933d9 bp 0x7ffd6ca6e020 sp 0x7ffd6ca6e000 T0)
    #0 0x6174621933d9 in compress_chunk samples/SAFE/__tmp_ea8dbdb7.c:14
    #1 0x617462193421 in compress_chunk samples/SAFE/__tmp_ea8dbdb7.c:28
    #2 0x617462193421 in compress_chunk samples/SAFE/__tmp_ea8dbdb7.c:28
    #3 0x617462193421 in compress_chunk samples/SAFE/__tmp_ea8dbdb7.c:28
    #4 0x617462193421 in compress_chunk samples/SAFE/__tmp_ea8dbdb7.c:28
    #5 0x617462193421 in compress_chunk samples/SAFE/__tmp_ea8dbdb7.c:28
    #6 0x617462193421 in compress_chunk samples/SAFE/__tmp_ea8dbdb7.c:28
    #7 0x617462193421 in compress_chunk samples/SAFE/__tmp_ea8dbdb7.c:28
    #8 0x617462193421 in compress_chunk samples/SAFE/__tmp_ea8dbdb7.c:28
    #9 0x617462193421 in compress_chunk samples/SAFE/__tmp_ea8dbdb7.c:28
    #10 0x617462193421 in compress_chunk samples/SAFE/__tmp_ea8dbdb7.c:28
    #11 0x617462193421 in compress_chunk samples/SAFE/__tmp_ea8dbdb7.c:28
    #12 0x617462193421 in compress_chunk samples/SAFE/__tmp_ea8dbdb7.c:28
    #13 0x617462193421 in compress_chunk samples/SAFE/__tmp_ea8dbdb7.c:28
    #14 0x617462193421 in compress_chunk samples/SAFE/__tmp_ea8dbdb7.c:28
    #15 0x617462193421 in compress_chunk samples/SAFE/__tmp_ea8dbdb7.c:28
    #16 0x617462193421 in compress_chunk samples/SAFE/__tmp_ea8dbdb7.c:28
    #17 0x617462193421 in compress_chunk samples/SAFE/__tmp_ea8dbdb7.c:28
    #18 0x617462193421 in compress_chunk samples/SAFE/__tmp_ea8dbdb7.c:28
    #19 0x617462193421 in compress_chunk samples/SAFE/__tmp_ea8dbdb7.c:28
    #20 0x617462193421 in compress_chunk samples/SAFE/__tmp_ea8dbdb7.c:28
    #21 0x617462193421 in compress_chunk samples/SAFE/__tmp_ea8dbdb7.c:28
    #22 0x617462193421 in compress_chunk samples/SAFE/__tmp_ea8dbdb7.c:28
    #23 0x617462193421 in compress_chunk samples/SAFE/__tmp_ea8dbdb7.c:28
    #24 0x617462193421 in compress_chunk samples/SAFE/__tmp_ea8dbdb7.c:28
    #25 0x617462193421 in compress_chunk samples/SAFE/__tmp_ea8dbdb7.c:28
    #26 0x617462193421 in compress_chunk samples/SAFE/__tmp_ea8dbdb7.c:28
    #27 0x617462193421 in compress_chunk samples/SAFE/__tmp_ea8dbdb7.c:28
    #28 0x617462193421 in compress_chunk samples/SAFE/__tmp_ea8dbdb7.c:28
    #29 0x617462193421 in compress_chunk samples/SAFE/__tmp_ea8dbdb7.c:28
    #30 0x617462193421 in compress_chunk samples/SAFE/__tmp_ea8dbdb7.c:28
    #31 0x617462193421 in compress_chunk samples/SAFE/__tmp_ea8dbdb7.c:28
    #32 0x617462193421 in compress_chunk samples/SAFE/__tmp_ea8dbdb7.c:28
    #33 0x617462193421 in compress_chunk samples/SAFE/__tmp_ea8dbdb7.c:28
    #34 0x617462193421 in compress_chunk samples/SAFE/__tmp_ea8dbdb7.c:28
    #35 0x617462193421 in compress_chunk samples/SAFE/__tmp_ea8dbdb7.c:28
    #36 0x617462193421 in compress_chunk samples/SAFE/__tmp_ea8dbdb7.c:28
    #37 0x617462193421 in compress_chunk samples/SAFE/__tmp_ea8dbdb7.c:28
    #38 0x617462193421 in compress_chunk samples/SAFE/__tmp_ea8dbdb7.c:28
    #39 0x617462193421 in compress_chunk samples/SAFE/__tmp_ea8dbdb7.c:28
    #40 0x617462193421 in compress_chunk samples/SAFE/__tmp_ea8dbdb7.c:28
    #41 0x617462193421 in compress_chunk samples/SAFE/__tmp_ea8dbdb7.c:28
    #42 0x617462193421 in compress_chunk samples/SAFE/__tmp_ea8dbdb7.c:28
    #43 0x617462193421 in compress_chunk samples/SAFE/__tmp_ea8dbdb7.c:28
    #44 0x617462193421 in compress_chunk samples/SAFE/__tmp_ea8dbdb7.c:28
    #45 0x617462193421 in compress_chunk samples/SAFE/__tmp_ea8dbdb7.c:28
    #46 0x617462193421 in compress_chunk samples/SAFE/__tmp_ea8dbdb7.c:28
    #47 0x617462193421 in compress_chunk samples/SAFE/__tmp_ea8dbdb7.c:28
    #48 0x617462193421 in compress_chunk samples/SAFE/__tmp_ea8dbdb7.c:28
    #49 0x617462193421 in compress_chunk samples/SAFE/__tmp_ea8dbdb7.c:28
    #50 0x617462193421 in compress_chunk samples/SAFE/__tmp_ea8dbdb7.c:28
    #51 0x617462193421 in compress_chunk samples/SAFE/__tmp_ea8dbdb7.c:28
    #52 0x617462193421 in compress_chunk samples/SAFE/__tmp_ea8dbdb7.c:28
    #53 0x617462193421 in compress_chunk samples/SAFE/__tmp_ea8dbdb7.c:28
    #54 0x617462193421 in compress_chunk samples/SAFE/__tmp_ea8dbdb7.c:28
    #55 0x617462193421 in compress_chunk samples/SAFE/__tmp_ea8dbdb7.c:28
    #56 0x617462193421 in compress_chunk samples/SAFE/__tmp_ea8dbdb7.c:28
    #57 0x617462193421 in compress_chunk samples/SAFE/__tmp_ea8dbdb7.c:28
    #58 0x617462193421 in compress_chunk samples/SAFE/__tmp_ea8dbdb7.c:28
    #59 0x617462193421 in compress_chunk samples/SAFE/__tmp_ea8dbdb7.c:28
    #60 0x617462193421 in compress_chunk samples/SAFE/__tmp_ea8dbdb7.c:28
    #61 0x617462193421 in compress_chunk samples/SAFE/__tmp_ea8dbdb7.c:28
    #62 0x617462193421 in compress_chunk samples/SAFE/__tmp_ea8dbdb7.c:28
    #63 0x617462193421 in compress_chunk samples/SAFE/__tmp_ea8dbdb7.c:28
    #64 0x617462193421 in compress_chunk samples/SAFE/__tmp_ea8dbdb7.c:28
    #65 0x617462193421 in compress_chunk samples/SAFE/__tmp_ea8dbdb7.c:28
    #66 0x617462193421 in compress_chunk samples/SAFE/__tmp_ea8dbdb7.c:28
    #67 0x617462193421 in compress_chunk samples/SAFE/__tmp_ea8dbdb7.c:28
    #68 0x617462193421 in compress_chunk samples/SAFE/__tmp_ea8dbdb7.c:28
    #69 0x617462193421 in compress_chunk samples/SAFE/__tmp_ea8dbdb7.c:28
    #70 0x617462193421 in compress_chunk samples/SAFE/__tmp_ea8dbdb7.c:28
    #71 0x617462193421 in compress_chunk samples/SAFE/__tmp_ea8dbdb7.c:28
    #72 0x617462193421 in compress_chunk samples/SAFE/__tmp_ea8dbdb7.c:28
    #73 0x617462193421 in compress_chunk samples/SAFE/__tmp_ea8dbdb7.c:28
    #74 0x617462193421 in compress_chunk samples/SAFE/__tmp_ea8dbdb7.c:28
    #75 0x617462193421 in compress_chunk samples/SAFE/__tmp_ea8dbdb7.c:28
    #76 0x617462193421 in compress_chunk samples/SAFE/__tmp_ea8dbdb7.c:28
    #77 0x617462193421 in compress_chunk samples/SAFE/__tmp_ea8dbdb7.c:28
    #78 0x617462193421 in compress_chunk samples/SAFE/__tmp_ea8dbdb7.c:28
    #79 0x617462193421 in compress_chunk samples/SAFE/__tmp_ea8dbdb7.c:28
    #80 0x617462193421 in compress_chunk samples/SAFE/__tmp_ea8dbdb7.c:28
    #81 0x617462193421 in compress_chunk samples/SAFE/__tmp_ea8dbdb7.c:28
    #82 0x617462193421 in compress_chunk samples/SAFE/__tmp_ea8dbdb7.c:28
    #83 0x617462193421 in compress_chunk samples/SAFE/__tmp_ea8dbdb7.c:28
    #84 0x617462193421 in compress_chunk samples/SAFE/__tmp_ea8dbdb7.c:28
    #85 0x617462193421 in compress_chunk samples/SAFE/__tmp_ea8dbdb7.c:28
    #86 0x617462193421 in compress_chunk samples/SAFE/__tmp_ea8dbdb7.c:28
    #87 0x617462193421 in compress_chunk samples/SAFE/__tmp_ea8dbdb7.c:28
    #88 0x617462193421 in compress_chunk samples/SAFE/__tmp_ea8dbdb7.c:28
    #89 0x617462193421 in compress_chunk samples/SAFE/__tmp_ea8dbdb7.c:28
    #90 0x617462193421 in compress_chunk samples/SAFE/__tmp_ea8dbdb7.c:28
    #91 0x617462193421 in compress_chunk samples/SAFE/__tmp_ea8dbdb7.c:28
    #92 0x617462193421 in compress_chunk samples/SAFE/__tmp_ea8dbdb7.c:28
    #93 0x617462193421 in compress_chunk samples/SAFE/__tmp_ea8dbdb7.c:28
    #94 0x617462193421 in compress_chunk samples/SAFE/__tmp_ea8dbdb7.c:28
    #95 0x617462193421 in compress_chunk samples/SAFE/__tmp_ea8dbdb7.c:28
    #96 0x617462193421 in compress_chunk samples/SAFE/__tmp_ea8dbdb7.c:28
    #97 0x617462193421 in compress_chunk samples/SAFE/__tmp_ea8dbdb7.c:28
    #98 0x617462193421 in compress_chunk samples/SAFE/__tmp_ea8dbdb7.c:28
    #99 0x617462193421 in compress_chunk samples/SAFE/__tmp_ea8dbdb7.c:28
    #100 0x617462193421 in compress_chunk samples/SAFE/__tmp_ea8dbdb7.c:28
    #101 0x617462193421 in compress_chunk samples/SAFE/__tmp_ea8dbdb7.c:28
    #102 0x617462193421 in compress_chunk samples/SAFE/__tmp_ea8dbdb7.c:28
    #103 0x617462193421 in compress_chunk samples/SAFE/__tmp_ea8dbdb7.c:28
    #104 0x617462193421 in compress_chunk samples/SAFE/__tmp_ea8dbdb7.c:28
    #105 0x617462193421 in compress_chunk samples/SAFE/__tmp_ea8dbdb7.c:28
    #106 0x617462193421 in compress_chunk samples/SAFE/__tmp_ea8dbdb7.c:28
    #107 0x617462193421 in compress_chunk samples/SAFE/__tmp_ea8dbdb7.c:28
    #108 0x617462193421 in compress_chunk samples/SAFE/__tmp_ea8dbdb7.c:28
    #109 0x617462193421 in compress_chunk samples/SAFE/__tmp_ea8dbdb7.c:28
    #110 0x617462193421 in compress_chunk samples/SAFE/__tmp_ea8dbdb7.c:28
    #111 0x617462193421 in compress_chunk samples/SAFE/__tmp_ea8dbdb7.c:28
    #112 0x617462193421 in compress_chunk samples/SAFE/__tmp_ea8dbdb7.c:28
    #113 0x617462193421 in compress_chunk samples/SAFE/__tmp_ea8dbdb7.c:28
    #114 0x617462193421 in compress_chunk samples/SAFE/__tmp_ea8dbdb7.c:28
    #115 0x617462193421 in compress_chunk samples/SAFE/__tmp_ea8dbdb7.c:28
    #116 0x617462193421 in compress_chunk samples/SAFE/__tmp_ea8dbdb7.c:28
    #117 0x617462193421 in compress_chunk samples/SAFE/__tmp_ea8dbdb7.c:28
    #118 0x617462193421 in compress_chunk samples/SAFE/__tmp_ea8dbdb7.c:28
    #119 0x617462193421 in compress_chunk samples/SAFE/__tmp_ea8dbdb7.c:28
    #120 0x617462193421 in compress_chunk samples/SAFE/__tmp_ea8dbdb7.c:28
    #121 0x617462193421 in compress_chunk samples/SAFE/__tmp_ea8dbdb7.c:28
    #122 0x617462193421 in compress_chunk samples/SAFE/__tmp_ea8dbdb7.c:28
    #123 0x617462193421 in compress_chunk samples/SAFE/__tmp_ea8dbdb7.c:28
    #124 0x617462193421 in compress_chunk samples/SAFE/__tmp_ea8dbdb7.c:28
    #125 0x617462193421 in compress_chunk samples/SAFE/__tmp_ea8dbdb7.c:28
    #126 0x617462193421 in compress_chunk samples/SAFE/__tmp_ea8dbdb7.c:28
    #127 0x617462193421 in compress_chunk samples/SAFE/__tmp_ea8dbdb7.c:28
    #128 0x617462193421 in compress_chunk samples/SAFE/__tmp_ea8dbdb7.c:28
    #129 0x617462193421 in compress_chunk samples/SAFE/__tmp_ea8dbdb7.c:28
    #130 0x617462193421 in compress_chunk samples/SAFE/__tmp_ea8dbdb7.c:28
    #131 0x617462193421 in compress_chunk samples/SAFE/__tmp_ea8dbdb7.c:28
    #132 0x617462193421 in compress_chunk samples/SAFE/__tmp_ea8dbdb7.c:28
    #133 0x617462193421 in compress_chunk samples/SAFE/__tmp_ea8dbdb7.c:28
    #134 0x617462193421 in compress_chunk samples/SAFE/__tmp_ea8dbdb7.c:28
    #135 0x617462193421 in compress_chunk samples/SAFE/__tmp_ea8dbdb7.c:28
    #136 0x617462193421 in compress_chunk samples/SAFE/__tmp_ea8dbdb7.c:28
    #137 0x617462193421 in compress_chunk samples/SAFE/__tmp_ea8dbdb7.c:28
    #138 0x617462193421 in compress_chunk samples/SAFE/__tmp_ea8dbdb7.c:28
    #139 0x617462193421 in compress_chunk samples/SAFE/__tmp_ea8dbdb7.c:28
    #140 0x617462193421 in compress_chunk samples/SAFE/__tmp_ea8dbdb7.c:28
    #141 0x617462193421 in compress_chunk samples/SAFE/__tmp_ea8dbdb7.c:28
    #142 0x617462193421 in compress_chunk samples/SAFE/__tmp_ea8dbdb7.c:28
    #143 0x617462193421 in compress_chunk samples/SAFE/__tmp_ea8dbdb7.c:28
    #144 0x617462193421 in compress_chunk samples/SAFE/__tmp_ea8dbdb7.c:28
    #145 0x617462193421 in compress_chunk samples/SAFE/__tmp_ea8dbdb7.c:28
    #146 0x617462193421 in compress_chunk samples/SAFE/__tmp_ea8dbdb7.c:28
    #147 0x617462193421 in compress_chunk samples/SAFE/__tmp_ea8dbdb7.c:28
    #148 0x617462193421 in compress_chunk samples/SAFE/__tmp_ea8dbdb7.c:28
    #149 0x617462193421 in compress_chunk samples/SAFE/__tmp_ea8dbdb7.c:28
    #150 0x617462193421 in compress_chunk samples/SAFE/__tmp_ea8dbdb7.c:28
    #151 0x617462193421 in compress_chunk samples/SAFE/__tmp_ea8dbdb7.c:28
    #152 0x617462193421 in compress_chunk samples/SAFE/__tmp_ea8dbdb7.c:28
    #153 0x617462193421 in compress_chunk samples/SAFE/__tmp_ea8dbdb7.c:28
    #154 0x617462193421 in compress_chunk samples/SAFE/__tmp_ea8dbdb7.c:28
    #155 0x617462193421 in compress_chunk samples/SAFE/__tmp_ea8dbdb7.c:28
    #156 0x617462193421 in compress_chunk samples/SAFE/__tmp_ea8dbdb7.c:28
    #157 0x617462193421 in compress_chunk samples/SAFE/__tmp_ea8dbdb7.c:28
    #158 0x617462193421 in compress_chunk samples/SAFE/__tmp_ea8dbdb7.c:28
    #159 0x617462193421 in compress_chunk samples/SAFE/__tmp_ea8dbdb7.c:28
    #160 0x617462193421 in compress_chunk samples/SAFE/__tmp_ea8dbdb7.c:28
    #161 0x617462193421 in compress_chunk samples/SAFE/__tmp_ea8dbdb7.c:28
    #162 0x617462193421 in compress_chunk samples/SAFE/__tmp_ea8dbdb7.c:28
    #163 0x617462193421 in compress_chunk samples/SAFE/__tmp_ea8dbdb7.c:28
    #164 0x617462193421 in compress_chunk samples/SAFE/__tmp_ea8dbdb7.c:28
    #165 0x617462193421 in compress_chunk samples/SAFE/__tmp_ea8dbdb7.c:28
    #166 0x617462193421 in compress_chunk samples/SAFE/__tmp_ea8dbdb7.c:28
    #167 0x617462193421 in compress_chunk samples/SAFE/__tmp_ea8dbdb7.c:28
    #168 0x617462193421 in compress_chunk samples/SAFE/__tmp_ea8dbdb7.c:28
    #169 0x617462193421 in compress_chunk samples/SAFE/__tmp_ea8dbdb7.c:28
    #170 0x617462193421 in compress_chunk samples/SAFE/__tmp_ea8dbdb7.c:28
    #171 0x617462193421 in compress_chunk samples/SAFE/__tmp_ea8dbdb7.c:28
    #172 0x617462193421 in compress_chunk samples/SAFE/__tmp_ea8dbdb7.c:28
    #173 0x617462193421 in compress_chunk samples/SAFE/__tmp_ea8dbdb7.c:28
    #174 0x617462193421 in compress_chunk samples/SAFE/__tmp_ea8dbdb7.c:28
    #175 0x617462193421 in compress_chunk samples/SAFE/__tmp_ea8dbdb7.c:28
    #176 0x617462193421 in compress_chunk samples/SAFE/__tmp_ea8dbdb7.c:28
    #177 0x617462193421 in compress_chunk samples/SAFE/__tmp_ea8dbdb7.c:28
    #178 0x617462193421 in compress_chunk samples/SAFE/__tmp_ea8dbdb7.c:28
    #179 0x617462193421 in compress_chunk samples/SAFE/__tmp_ea8dbdb7.c:28
    #180 0x617462193421 in compress_chunk samples/SAFE/__tmp_ea8dbdb7.c:28
    #181 0x617462193421 in compress_chunk samples/SAFE/__tmp_ea8dbdb7.c:28
    #182 0x617462193421 in compress_chunk samples/SAFE/__tmp_ea8dbdb7.c:28
    #183 0x617462193421 in compress_chunk samples/SAFE/__tmp_ea8dbdb7.c:28
    #184 0x617462193421 in compress_chunk samples/SAFE/__tmp_ea8dbdb7.c:28
    #185 0x617462193421 in compress_chunk samples/SAFE/__tmp_ea8dbdb7.c:28
    #186 0x617462193421 in compress_chunk samples/SAFE/__tmp_ea8dbdb7.c:28
    #187 0x617462193421 in compress_chunk samples/SAFE/__tmp_ea8dbdb7.c:28
    #188 0x617462193421 in compress_chunk samples/SAFE/__tmp_ea8dbdb7.c:28
    #189 0x617462193421 in compress_chunk samples/SAFE/__tmp_ea8dbdb7.c:28
    #190 0x617462193421 in compress_chunk samples/SAFE/__tmp_ea8dbdb7.c:28
    #191 0x617462193421 in compress_chunk samples/SAFE/__tmp_ea8dbdb7.c:28
    #192 0x617462193421 in compress_chunk samples/SAFE/__tmp_ea8dbdb7.c:28
    #193 0x617462193421 in compress_chunk samples/SAFE/__tmp_ea8dbdb7.c:28
    #194 0x617462193421 in compress_chunk samples/SAFE/__tmp_ea8dbdb7.c:28
    #195 0x617462193421 in compress_chunk samples/SAFE/__tmp_ea8dbdb7.c:28
    #196 0x617462193421 in compress_chunk samples/SAFE/__tmp_ea8dbdb7.c:28
    #197 0x617462193421 in compress_chunk samples/SAFE/__tmp_ea8dbdb7.c:28
    #198 0x617462193421 in compress_chunk samples/SAFE/__tmp_ea8dbdb7.c:28
    #199 0x617462193421 in compress_chunk samples/SAFE/__tmp_ea8dbdb7.c:28
    #200 0x617462193421 in compress_chunk samples/SAFE/__tmp_ea8dbdb7.c:28
    #201 0x617462193421 in compress_chunk samples/SAFE/__tmp_ea8dbdb7.c:28
    #202 0x617462193421 in compress_chunk samples/SAFE/__tmp_ea8dbdb7.c:28
    #203 0x617462193421 in compress_chunk samples/SAFE/__tmp_ea8dbdb7.c:28
    #204 0x617462193421 in compress_chunk samples/SAFE/__tmp_ea8dbdb7.c:28
    #205 0x617462193421 in compress_chunk samples/SAFE/__tmp_ea8dbdb7.c:28
    #206 0x617462193421 in compress_chunk samples/SAFE/__tmp_ea8dbdb7.c:28
    #207 0x617462193421 in compress_chunk samples/SAFE/__tmp_ea8dbdb7.c:28
    #208 0x617462193421 in compress_chunk samples/SAFE/__tmp_ea8dbdb7.c:28
    #209 0x617462193421 in compress_chunk samples/SAFE/__tmp_ea8dbdb7.c:28
    #210 0x617462193421 in compress_chunk samples/SAFE/__tmp_ea8dbdb7.c:28
    #211 0x617462193421 in compress_chunk samples/SAFE/__tmp_ea8dbdb7.c:28
    #212 0x617462193421 in compress_chunk samples/SAFE/__tmp_ea8dbdb7.c:28
    #213 0x617462193421 in compress_chunk samples/SAFE/__tmp_ea8dbdb7.c:28
    #214 0x617462193421 in compress_chunk samples/SAFE/__tmp_ea8dbdb7.c:28
    #215 0x617462193421 in compress_chunk samples/SAFE/__tmp_ea8dbdb7.c:28
    #216 0x617462193421 in compress_chunk samples/SAFE/__tmp_ea8dbdb7.c:28
    #217 0x617462193421 in compress_chunk samples/SAFE/__tmp_ea8dbdb7.c:28
    #218 0x617462193421 in compress_chunk samples/SAFE/__tmp_ea8dbdb7.c:28
    #219 0x617462193421 in compress_chunk samples/SAFE/__tmp_ea8dbdb7.c:28
    #220 0x617462193421 in compress_chunk samples/SAFE/__tmp_ea8dbdb7.c:28
    #221 0x617462193421 in compress_chunk samples/SAFE/__tmp_ea8dbdb7.c:28
    #222 0x617462193421 in compress_chunk samples/SAFE/__tmp_ea8dbdb7.c:28
    #223 0x617462193421 in compress_chunk samples/SAFE/__tmp_ea8dbdb7.c:28
    #224 0x617462193421 in compress_chunk samples/SAFE/__tmp_ea8dbdb7.c:28
    #225 0x617462193421 in compress_chunk samples/SAFE/__tmp_ea8dbdb7.c:28
    #226 0x617462193421 in compress_chunk samples/SAFE/__tmp_ea8dbdb7.c:28
    #227 0x617462193421 in compress_chunk samples/SAFE/__tmp_ea8dbdb7.c:28
    #228 0x617462193421 in compress_chunk samples/SAFE/__tmp_ea8dbdb7.c:28
    #229 0x617462193421 in compress_chunk samples/SAFE/__tmp_ea8dbdb7.c:28
    #230 0x617462193421 in compress_chunk samples/SAFE/__tmp_ea8dbdb7.c:28
    #231 0x617462193421 in compress_chunk samples/SAFE/__tmp_ea8dbdb7.c:28
    #232 0x617462193421 in compress_chunk samples/SAFE/__tmp_ea8dbdb7.c:28
    #233 0x617462193421 in compress_chunk samples/SAFE/__tmp_ea8dbdb7.c:28
    #234 0x617462193421 in compress_chunk samples/SAFE/__tmp_ea8dbdb7.c:28
    #235 0x617462193421 in compress_chunk samples/SAFE/__tmp_ea8dbdb7.c:28
    #236 0x617462193421 in compress_chunk samples/SAFE/__tmp_ea8dbdb7.c:28
    #237 0x617462193421 in compress_chunk samples/SAFE/__tmp_ea8dbdb7.c:28
    #238 0x617462193421 in compress_chunk samples/SAFE/__tmp_ea8dbdb7.c:28
    #239 0x617462193421 in compress_chunk samples/SAFE/__tmp_ea8dbdb7.c:28
    #240 0x617462193421 in compress_chunk samples/SAFE/__tmp_ea8dbdb7.c:28
    #241 0x617462193421 in compress_chunk samples/SAFE/__tmp_ea8dbdb7.c:28
    #242 0x617462193421 in compress_chunk samples/SAFE/__tmp_ea8dbdb7.c:28
    #243 0x617462193421 in compress_chunk samples/SAFE/__tmp_ea8dbdb7.c:28
    #244 0x617462193421 in compress_chunk samples/SAFE/__tmp_ea8dbdb7.c:28
    #245 0x617462193421 in compress_chunk samples/SAFE/__tmp_ea8dbdb7.c:28
    #246 0x617462193421 in compress_chunk samples/SAFE/__tmp_ea8dbdb7.c:28

SUMMARY: AddressSanitizer: stack-overflow samples/SAFE/__tmp_ea8dbdb7.c:14 in compress_chunk
==156039==ABORTING
