
AddressSanitizer:DEADLYSIGNAL
=================================================================
==82380==ERROR: AddressSanitizer: stack-overflow on address 0x7fff590a1fe8 (pc 0x61b1212e9473 bp 0x7fff590a2030 sp 0x7fff590a1ff0 T0)
    #0 0x61b1212e9473 in compress_chunk samples/SAFE/__tmp_569d35d8.c:33
    #1 0x61b1212e9477 in compress_chunk samples/SAFE/__tmp_569d35d8.c:33
    #2 0x61b1212e9477 in compress_chunk samples/SAFE/__tmp_569d35d8.c:33
    #3 0x61b1212e9477 in compress_chunk samples/SAFE/__tmp_569d35d8.c:33
    #4 0x61b1212e9477 in compress_chunk samples/SAFE/__tmp_569d35d8.c:33
    #5 0x61b1212e9477 in compress_chunk samples/SAFE/__tmp_569d35d8.c:33
    #6 0x61b1212e9477 in compress_chunk samples/SAFE/__tmp_569d35d8.c:33
    #7 0x61b1212e9477 in compress_chunk samples/SAFE/__tmp_569d35d8.c:33
    #8 0x61b1212e9477 in compress_chunk samples/SAFE/__tmp_569d35d8.c:33
    #9 0x61b1212e9477 in compress_chunk samples/SAFE/__tmp_569d35d8.c:33
    #10 0x61b1212e9477 in compress_chunk samples/SAFE/__tmp_569d35d8.c:33
    #11 0x61b1212e9477 in compress_chunk samples/SAFE/__tmp_569d35d8.c:33
    #12 0x61b1212e9477 in compress_chunk samples/SAFE/__tmp_569d35d8.c:33
    #13 0x61b1212e9477 in compress_chunk samples/SAFE/__tmp_569d35d8.c:33
    #14 0x61b1212e9477 in compress_chunk samples/SAFE/__tmp_569d35d8.c:33
    #15 0x61b1212e9477 in compress_chunk samples/SAFE/__tmp_569d35d8.c:33
    #16 0x61b1212e9477 in compress_chunk samples/SAFE/__tmp_569d35d8.c:33
    #17 0x61b1212e9477 in compress_chunk samples/SAFE/__tmp_569d35d8.c:33
    #18 0x61b1212e9477 in compress_chunk samples/SAFE/__tmp_569d35d8.c:33
    #19 0x61b1212e9477 in compress_chunk samples/SAFE/__tmp_569d35d8.c:33
    #20 0x61b1212e9477 in compress_chunk samples/SAFE/__tmp_569d35d8.c:33
    #21 0x61b1212e9477 in compress_chunk samples/SAFE/__tmp_569d35d8.c:33
    #22 0x61b1212e9477 in compress_chunk samples/SAFE/__tmp_569d35d8.c:33
    #23 0x61b1212e9477 in compress_chunk samples/SAFE/__tmp_569d35d8.c:33
    #24 0x61b1212e9477 in compress_chunk samples/SAFE/__tmp_569d35d8.c:33
    #25 0x61b1212e9477 in compress_chunk samples/SAFE/__tmp_569d35d8.c:33
    #26 0x61b1212e9477 in compress_chunk samples/SAFE/__tmp_569d35d8.c:33
    #27 0x61b1212e9477 in compress_chunk samples/SAFE/__tmp_569d35d8.c:33
    #28 0x61b1212e9477 in compress_chunk samples/SAFE/__tmp_569d35d8.c:33
    #29 0x61b1212e9477 in compress_chunk samples/SAFE/__tmp_569d35d8.c:33
    #30 0x61b1212e9477 in compress_chunk samples/SAFE/__tmp_569d35d8.c:33
    #31 0x61b1212e9477 in compress_chunk samples/SAFE/__tmp_569d35d8.c:33
    #32 0x61b1212e9477 in compress_chunk samples/SAFE/__tmp_569d35d8.c:33
    #33 0x61b1212e9477 in compress_chunk samples/SAFE/__tmp_569d35d8.c:33
    #34 0x61b1212e9477 in compress_chunk samples/SAFE/__tmp_569d35d8.c:33
    #35 0x61b1212e9477 in compress_chunk samples/SAFE/__tmp_569d35d8.c:33
    #36 0x61b1212e9477 in compress_chunk samples/SAFE/__tmp_569d35d8.c:33
    #37 0x61b1212e9477 in compress_chunk samples/SAFE/__tmp_569d35d8.c:33
    #38 0x61b1212e9477 in compress_chunk samples/SAFE/__tmp_569d35d8.c:33
    #39 0x61b1212e9477 in compress_chunk samples/SAFE/__tmp_569d35d8.c:33
    #40 0x61b1212e9477 in compress_chunk samples/SAFE/__tmp_569d35d8.c:33
    #41 0x61b1212e9477 in compress_chunk samples/SAFE/__tmp_569d35d8.c:33
    #42 0x61b1212e9477 in compress_chunk samples/SAFE/__tmp_569d35d8.c:33
    #43 0x61b1212e9477 in compress_chunk samples/SAFE/__tmp_569d35d8.c:33
    #44 0x61b1212e9477 in compress_chunk samples/SAFE/__tmp_569d35d8.c:33
    #45 0x61b1212e9477 in compress_chunk samples/SAFE/__tmp_569d35d8.c:33
    #46 0x61b1212e9477 in compress_chunk samples/SAFE/__tmp_569d35d8.c:33
    #47 0x61b1212e9477 in compress_chunk samples/SAFE/__tmp_569d35d8.c:33
    #48 0x61b1212e9477 in compress_chunk samples/SAFE/__tmp_569d35d8.c:33
    #49 0x61b1212e9477 in compress_chunk samples/SAFE/__tmp_569d35d8.c:33
    #50 0x61b1212e9477 in compress_chunk samples/SAFE/__tmp_569d35d8.c:33
    #51 0x61b1212e9477 in compress_chunk samples/SAFE/__tmp_569d35d8.c:33
    #52 0x61b1212e9477 in compress_chunk samples/SAFE/__tmp_569d35d8.c:33
    #53 0x61b1212e9477 in compress_chunk samples/SAFE/__tmp_569d35d8.c:33
    #54 0x61b1212e9477 in compress_chunk samples/SAFE/__tmp_569d35d8.c:33
    #55 0x61b1212e9477 in compress_chunk samples/SAFE/__tmp_569d35d8.c:33
    #56 0x61b1212e9477 in compress_chunk samples/SAFE/__tmp_569d35d8.c:33
    #57 0x61b1212e9477 in compress_chunk samples/SAFE/__tmp_569d35d8.c:33
    #58 0x61b1212e9477 in compress_chunk samples/SAFE/__tmp_569d35d8.c:33
    #59 0x61b1212e9477 in compress_chunk samples/SAFE/__tmp_569d35d8.c:33
    #60 0x61b1212e9477 in compress_chunk samples/SAFE/__tmp_569d35d8.c:33
    #61 0x61b1212e9477 in compress_chunk samples/SAFE/__tmp_569d35d8.c:33
    #62 0x61b1212e9477 in compress_chunk samples/SAFE/__tmp_569d35d8.c:33
    #63 0x61b1212e9477 in compress_chunk samples/SAFE/__tmp_569d35d8.c:33
    #64 0x61b1212e9477 in compress_chunk samples/SAFE/__tmp_569d35d8.c:33
    #65 0x61b1212e9477 in compress_chunk samples/SAFE/__tmp_569d35d8.c:33
    #66 0x61b1212e9477 in compress_chunk samples/SAFE/__tmp_569d35d8.c:33
    #67 0x61b1212e9477 in compress_chunk samples/SAFE/__tmp_569d35d8.c:33
    #68 0x61b1212e9477 in compress_chunk samples/SAFE/__tmp_569d35d8.c:33
    #69 0x61b1212e9477 in compress_chunk samples/SAFE/__tmp_569d35d8.c:33
    #70 0x61b1212e9477 in compress_chunk samples/SAFE/__tmp_569d35d8.c:33
    #71 0x61b1212e9477 in compress_chunk samples/SAFE/__tmp_569d35d8.c:33
    #72 0x61b1212e9477 in compress_chunk samples/SAFE/__tmp_569d35d8.c:33
    #73 0x61b1212e9477 in compress_chunk samples/SAFE/__tmp_569d35d8.c:33
    #74 0x61b1212e9477 in compress_chunk samples/SAFE/__tmp_569d35d8.c:33
    #75 0x61b1212e9477 in compress_chunk samples/SAFE/__tmp_569d35d8.c:33
    #76 0x61b1212e9477 in compress_chunk samples/SAFE/__tmp_569d35d8.c:33
    #77 0x61b1212e9477 in compress_chunk samples/SAFE/__tmp_569d35d8.c:33
    #78 0x61b1212e9477 in compress_chunk samples/SAFE/__tmp_569d35d8.c:33
    #79 0x61b1212e9477 in compress_chunk samples/SAFE/__tmp_569d35d8.c:33
    #80 0x61b1212e9477 in compress_chunk samples/SAFE/__tmp_569d35d8.c:33
    #81 0x61b1212e9477 in compress_chunk samples/SAFE/__tmp_569d35d8.c:33
    #82 0x61b1212e9477 in compress_chunk samples/SAFE/__tmp_569d35d8.c:33
    #83 0x61b1212e9477 in compress_chunk samples/SAFE/__tmp_569d35d8.c:33
    #84 0x61b1212e9477 in compress_chunk samples/SAFE/__tmp_569d35d8.c:33
    #85 0x61b1212e9477 in compress_chunk samples/SAFE/__tmp_569d35d8.c:33
    #86 0x61b1212e9477 in compress_chunk samples/SAFE/__tmp_569d35d8.c:33
    #87 0x61b1212e9477 in compress_chunk samples/SAFE/__tmp_569d35d8.c:33
    #88 0x61b1212e9477 in compress_chunk samples/SAFE/__tmp_569d35d8.c:33
    #89 0x61b1212e9477 in compress_chunk samples/SAFE/__tmp_569d35d8.c:33
    #90 0x61b1212e9477 in compress_chunk samples/SAFE/__tmp_569d35d8.c:33
    #91 0x61b1212e9477 in compress_chunk samples/SAFE/__tmp_569d35d8.c:33
    #92 0x61b1212e9477 in compress_chunk samples/SAFE/__tmp_569d35d8.c:33
    #93 0x61b1212e9477 in compress_chunk samples/SAFE/__tmp_569d35d8.c:33
    #94 0x61b1212e9477 in compress_chunk samples/SAFE/__tmp_569d35d8.c:33
    #95 0x61b1212e9477 in compress_chunk samples/SAFE/__tmp_569d35d8.c:33
    #96 0x61b1212e9477 in compress_chunk samples/SAFE/__tmp_569d35d8.c:33
    #97 0x61b1212e9477 in compress_chunk samples/SAFE/__tmp_569d35d8.c:33
    #98 0x61b1212e9477 in compress_chunk samples/SAFE/__tmp_569d35d8.c:33
    #99 0x61b1212e9477 in compress_chunk samples/SAFE/__tmp_569d35d8.c:33
    #100 0x61b1212e9477 in compress_chunk samples/SAFE/__tmp_569d35d8.c:33
    #101 0x61b1212e9477 in compress_chunk samples/SAFE/__tmp_569d35d8.c:33
    #102 0x61b1212e9477 in compress_chunk samples/SAFE/__tmp_569d35d8.c:33
    #103 0x61b1212e9477 in compress_chunk samples/SAFE/__tmp_569d35d8.c:33
    #104 0x61b1212e9477 in compress_chunk samples/SAFE/__tmp_569d35d8.c:33
    #105 0x61b1212e9477 in compress_chunk samples/SAFE/__tmp_569d35d8.c:33
    #106 0x61b1212e9477 in compress_chunk samples/SAFE/__tmp_569d35d8.c:33
    #107 0x61b1212e9477 in compress_chunk samples/SAFE/__tmp_569d35d8.c:33
    #108 0x61b1212e9477 in compress_chunk samples/SAFE/__tmp_569d35d8.c:33
    #109 0x61b1212e9477 in compress_chunk samples/SAFE/__tmp_569d35d8.c:33
    #110 0x61b1212e9477 in compress_chunk samples/SAFE/__tmp_569d35d8.c:33
    #111 0x61b1212e9477 in compress_chunk samples/SAFE/__tmp_569d35d8.c:33
    #112 0x61b1212e9477 in compress_chunk samples/SAFE/__tmp_569d35d8.c:33
    #113 0x61b1212e9477 in compress_chunk samples/SAFE/__tmp_569d35d8.c:33
    #114 0x61b1212e9477 in compress_chunk samples/SAFE/__tmp_569d35d8.c:33
    #115 0x61b1212e9477 in compress_chunk samples/SAFE/__tmp_569d35d8.c:33
    #116 0x61b1212e9477 in compress_chunk samples/SAFE/__tmp_569d35d8.c:33
    #117 0x61b1212e9477 in compress_chunk samples/SAFE/__tmp_569d35d8.c:33
    #118 0x61b1212e9477 in compress_chunk samples/SAFE/__tmp_569d35d8.c:33
    #119 0x61b1212e9477 in compress_chunk samples/SAFE/__tmp_569d35d8.c:33
    #120 0x61b1212e9477 in compress_chunk samples/SAFE/__tmp_569d35d8.c:33
    #121 0x61b1212e9477 in compress_chunk samples/SAFE/__tmp_569d35d8.c:33
    #122 0x61b1212e9477 in compress_chunk samples/SAFE/__tmp_569d35d8.c:33
    #123 0x61b1212e9477 in compress_chunk samples/SAFE/__tmp_569d35d8.c:33
    #124 0x61b1212e9477 in compress_chunk samples/SAFE/__tmp_569d35d8.c:33
    #125 0x61b1212e9477 in compress_chunk samples/SAFE/__tmp_569d35d8.c:33
    #126 0x61b1212e9477 in compress_chunk samples/SAFE/__tmp_569d35d8.c:33
    #127 0x61b1212e9477 in compress_chunk samples/SAFE/__tmp_569d35d8.c:33
    #128 0x61b1212e9477 in compress_chunk samples/SAFE/__tmp_569d35d8.c:33
    #129 0x61b1212e9477 in compress_chunk samples/SAFE/__tmp_569d35d8.c:33
    #130 0x61b1212e9477 in compress_chunk samples/SAFE/__tmp_569d35d8.c:33
    #131 0x61b1212e9477 in compress_chunk samples/SAFE/__tmp_569d35d8.c:33
    #132 0x61b1212e9477 in compress_chunk samples/SAFE/__tmp_569d35d8.c:33
    #133 0x61b1212e9477 in compress_chunk samples/SAFE/__tmp_569d35d8.c:33
    #134 0x61b1212e9477 in compress_chunk samples/SAFE/__tmp_569d35d8.c:33
    #135 0x61b1212e9477 in compress_chunk samples/SAFE/__tmp_569d35d8.c:33
    #136 0x61b1212e9477 in compress_chunk samples/SAFE/__tmp_569d35d8.c:33
    #137 0x61b1212e9477 in compress_chunk samples/SAFE/__tmp_569d35d8.c:33
    #138 0x61b1212e9477 in compress_chunk samples/SAFE/__tmp_569d35d8.c:33
    #139 0x61b1212e9477 in compress_chunk samples/SAFE/__tmp_569d35d8.c:33
    #140 0x61b1212e9477 in compress_chunk samples/SAFE/__tmp_569d35d8.c:33
    #141 0x61b1212e9477 in compress_chunk samples/SAFE/__tmp_569d35d8.c:33
    #142 0x61b1212e9477 in compress_chunk samples/SAFE/__tmp_569d35d8.c:33
    #143 0x61b1212e9477 in compress_chunk samples/SAFE/__tmp_569d35d8.c:33
    #144 0x61b1212e9477 in compress_chunk samples/SAFE/__tmp_569d35d8.c:33
    #145 0x61b1212e9477 in compress_chunk samples/SAFE/__tmp_569d35d8.c:33
    #146 0x61b1212e9477 in compress_chunk samples/SAFE/__tmp_569d35d8.c:33
    #147 0x61b1212e9477 in compress_chunk samples/SAFE/__tmp_569d35d8.c:33
    #148 0x61b1212e9477 in compress_chunk samples/SAFE/__tmp_569d35d8.c:33
    #149 0x61b1212e9477 in compress_chunk samples/SAFE/__tmp_569d35d8.c:33
    #150 0x61b1212e9477 in compress_chunk samples/SAFE/__tmp_569d35d8.c:33
    #151 0x61b1212e9477 in compress_chunk samples/SAFE/__tmp_569d35d8.c:33
    #152 0x61b1212e9477 in compress_chunk samples/SAFE/__tmp_569d35d8.c:33
    #153 0x61b1212e9477 in compress_chunk samples/SAFE/__tmp_569d35d8.c:33
    #154 0x61b1212e9477 in compress_chunk samples/SAFE/__tmp_569d35d8.c:33
    #155 0x61b1212e9477 in compress_chunk samples/SAFE/__tmp_569d35d8.c:33
    #156 0x61b1212e9477 in compress_chunk samples/SAFE/__tmp_569d35d8.c:33
    #157 0x61b1212e9477 in compress_chunk samples/SAFE/__tmp_569d35d8.c:33
    #158 0x61b1212e9477 in compress_chunk samples/SAFE/__tmp_569d35d8.c:33
    #159 0x61b1212e9477 in compress_chunk samples/SAFE/__tmp_569d35d8.c:33
    #160 0x61b1212e9477 in compress_chunk samples/SAFE/__tmp_569d35d8.c:33
    #161 0x61b1212e9477 in compress_chunk samples/SAFE/__tmp_569d35d8.c:33
    #162 0x61b1212e9477 in compress_chunk samples/SAFE/__tmp_569d35d8.c:33
    #163 0x61b1212e9477 in compress_chunk samples/SAFE/__tmp_569d35d8.c:33
    #164 0x61b1212e9477 in compress_chunk samples/SAFE/__tmp_569d35d8.c:33
    #165 0x61b1212e9477 in compress_chunk samples/SAFE/__tmp_569d35d8.c:33
    #166 0x61b1212e9477 in compress_chunk samples/SAFE/__tmp_569d35d8.c:33
    #167 0x61b1212e9477 in compress_chunk samples/SAFE/__tmp_569d35d8.c:33
    #168 0x61b1212e9477 in compress_chunk samples/SAFE/__tmp_569d35d8.c:33
    #169 0x61b1212e9477 in compress_chunk samples/SAFE/__tmp_569d35d8.c:33
    #170 0x61b1212e9477 in compress_chunk samples/SAFE/__tmp_569d35d8.c:33
    #171 0x61b1212e9477 in compress_chunk samples/SAFE/__tmp_569d35d8.c:33
    #172 0x61b1212e9477 in compress_chunk samples/SAFE/__tmp_569d35d8.c:33
    #173 0x61b1212e9477 in compress_chunk samples/SAFE/__tmp_569d35d8.c:33
    #174 0x61b1212e9477 in compress_chunk samples/SAFE/__tmp_569d35d8.c:33
    #175 0x61b1212e9477 in compress_chunk samples/SAFE/__tmp_569d35d8.c:33
    #176 0x61b1212e9477 in compress_chunk samples/SAFE/__tmp_569d35d8.c:33
    #177 0x61b1212e9477 in compress_chunk samples/SAFE/__tmp_569d35d8.c:33
    #178 0x61b1212e9477 in compress_chunk samples/SAFE/__tmp_569d35d8.c:33
    #179 0x61b1212e9477 in compress_chunk samples/SAFE/__tmp_569d35d8.c:33
    #180 0x61b1212e9477 in compress_chunk samples/SAFE/__tmp_569d35d8.c:33
    #181 0x61b1212e9477 in compress_chunk samples/SAFE/__tmp_569d35d8.c:33
    #182 0x61b1212e9477 in compress_chunk samples/SAFE/__tmp_569d35d8.c:33
    #183 0x61b1212e9477 in compress_chunk samples/SAFE/__tmp_569d35d8.c:33
    #184 0x61b1212e9477 in compress_chunk samples/SAFE/__tmp_569d35d8.c:33
    #185 0x61b1212e9477 in compress_chunk samples/SAFE/__tmp_569d35d8.c:33
    #186 0x61b1212e9477 in compress_chunk samples/SAFE/__tmp_569d35d8.c:33
    #187 0x61b1212e9477 in compress_chunk samples/SAFE/__tmp_569d35d8.c:33
    #188 0x61b1212e9477 in compress_chunk samples/SAFE/__tmp_569d35d8.c:33
    #189 0x61b1212e9477 in compress_chunk samples/SAFE/__tmp_569d35d8.c:33
    #190 0x61b1212e9477 in compress_chunk samples/SAFE/__tmp_569d35d8.c:33
    #191 0x61b1212e9477 in compress_chunk samples/SAFE/__tmp_569d35d8.c:33
    #192 0x61b1212e9477 in compress_chunk samples/SAFE/__tmp_569d35d8.c:33
    #193 0x61b1212e9477 in compress_chunk samples/SAFE/__tmp_569d35d8.c:33
    #194 0x61b1212e9477 in compress_chunk samples/SAFE/__tmp_569d35d8.c:33
    #195 0x61b1212e9477 in compress_chunk samples/SAFE/__tmp_569d35d8.c:33
    #196 0x61b1212e9477 in compress_chunk samples/SAFE/__tmp_569d35d8.c:33
    #197 0x61b1212e9477 in compress_chunk samples/SAFE/__tmp_569d35d8.c:33
    #198 0x61b1212e9477 in compress_chunk samples/SAFE/__tmp_569d35d8.c:33
    #199 0x61b1212e9477 in compress_chunk samples/SAFE/__tmp_569d35d8.c:33
    #200 0x61b1212e9477 in compress_chunk samples/SAFE/__tmp_569d35d8.c:33
    #201 0x61b1212e9477 in compress_chunk samples/SAFE/__tmp_569d35d8.c:33
    #202 0x61b1212e9477 in compress_chunk samples/SAFE/__tmp_569d35d8.c:33
    #203 0x61b1212e9477 in compress_chunk samples/SAFE/__tmp_569d35d8.c:33
    #204 0x61b1212e9477 in compress_chunk samples/SAFE/__tmp_569d35d8.c:33
    #205 0x61b1212e9477 in compress_chunk samples/SAFE/__tmp_569d35d8.c:33
    #206 0x61b1212e9477 in compress_chunk samples/SAFE/__tmp_569d35d8.c:33
    #207 0x61b1212e9477 in compress_chunk samples/SAFE/__tmp_569d35d8.c:33
    #208 0x61b1212e9477 in compress_chunk samples/SAFE/__tmp_569d35d8.c:33
    #209 0x61b1212e9477 in compress_chunk samples/SAFE/__tmp_569d35d8.c:33
    #210 0x61b1212e9477 in compress_chunk samples/SAFE/__tmp_569d35d8.c:33
    #211 0x61b1212e9477 in compress_chunk samples/SAFE/__tmp_569d35d8.c:33
    #212 0x61b1212e9477 in compress_chunk samples/SAFE/__tmp_569d35d8.c:33
    #213 0x61b1212e9477 in compress_chunk samples/SAFE/__tmp_569d35d8.c:33
    #214 0x61b1212e9477 in compress_chunk samples/SAFE/__tmp_569d35d8.c:33
    #215 0x61b1212e9477 in compress_chunk samples/SAFE/__tmp_569d35d8.c:33
    #216 0x61b1212e9477 in compress_chunk samples/SAFE/__tmp_569d35d8.c:33
    #217 0x61b1212e9477 in compress_chunk samples/SAFE/__tmp_569d35d8.c:33
    #218 0x61b1212e9477 in compress_chunk samples/SAFE/__tmp_569d35d8.c:33
    #219 0x61b1212e9477 in compress_chunk samples/SAFE/__tmp_569d35d8.c:33
    #220 0x61b1212e9477 in compress_chunk samples/SAFE/__tmp_569d35d8.c:33
    #221 0x61b1212e9477 in compress_chunk samples/SAFE/__tmp_569d35d8.c:33
    #222 0x61b1212e9477 in compress_chunk samples/SAFE/__tmp_569d35d8.c:33
    #223 0x61b1212e9477 in compress_chunk samples/SAFE/__tmp_569d35d8.c:33
    #224 0x61b1212e9477 in compress_chunk samples/SAFE/__tmp_569d35d8.c:33
    #225 0x61b1212e9477 in compress_chunk samples/SAFE/__tmp_569d35d8.c:33
    #226 0x61b1212e9477 in compress_chunk samples/SAFE/__tmp_569d35d8.c:33
    #227 0x61b1212e9477 in compress_chunk samples/SAFE/__tmp_569d35d8.c:33
    #228 0x61b1212e9477 in compress_chunk samples/SAFE/__tmp_569d35d8.c:33
    #229 0x61b1212e9477 in compress_chunk samples/SAFE/__tmp_569d35d8.c:33
    #230 0x61b1212e9477 in compress_chunk samples/SAFE/__tmp_569d35d8.c:33
    #231 0x61b1212e9477 in compress_chunk samples/SAFE/__tmp_569d35d8.c:33
    #232 0x61b1212e9477 in compress_chunk samples/SAFE/__tmp_569d35d8.c:33
    #233 0x61b1212e9477 in compress_chunk samples/SAFE/__tmp_569d35d8.c:33
    #234 0x61b1212e9477 in compress_chunk samples/SAFE/__tmp_569d35d8.c:33
    #235 0x61b1212e9477 in compress_chunk samples/SAFE/__tmp_569d35d8.c:33
    #236 0x61b1212e9477 in compress_chunk samples/SAFE/__tmp_569d35d8.c:33
    #237 0x61b1212e9477 in compress_chunk samples/SAFE/__tmp_569d35d8.c:33
    #238 0x61b1212e9477 in compress_chunk samples/SAFE/__tmp_569d35d8.c:33
    #239 0x61b1212e9477 in compress_chunk samples/SAFE/__tmp_569d35d8.c:33
    #240 0x61b1212e9477 in compress_chunk samples/SAFE/__tmp_569d35d8.c:33
    #241 0x61b1212e9477 in compress_chunk samples/SAFE/__tmp_569d35d8.c:33
    #242 0x61b1212e9477 in compress_chunk samples/SAFE/__tmp_569d35d8.c:33
    #243 0x61b1212e9477 in compress_chunk samples/SAFE/__tmp_569d35d8.c:33
    #244 0x61b1212e9477 in compress_chunk samples/SAFE/__tmp_569d35d8.c:33
    #245 0x61b1212e9477 in compress_chunk samples/SAFE/__tmp_569d35d8.c:33
    #246 0x61b1212e9477 in compress_chunk samples/SAFE/__tmp_569d35d8.c:33

SUMMARY: AddressSanitizer: stack-overflow samples/SAFE/__tmp_569d35d8.c:33 in compress_chunk
==82380==ABORTING
