
=================================================================
==62180==ERROR: AddressSanitizer: stack-buffer-overflow on address 0x708467400160 at pc 0x70846a091ad0 bp 0x7ffc56a8b380 sp 0x7ffc56a8ab08
WRITE of size 256 at 0x708467400160 thread T0
    #0 0x70846a091acf in scanf_common ../../../../src/libsanitizer/sanitizer_common/sanitizer_common_interceptors_format.inc:342
    #1 0x70846a0cd312 in __isoc99_vsscanf ../../../../src/libsanitizer/sanitizer_common/sanitizer_common_interceptors.inc:1493
    #2 0x70846a0cdeab in __isoc99_sscanf ../../../../src/libsanitizer/sanitizer_common/sanitizer_common_interceptors.inc:1526
    #3 0x64edf12da75f in read_log_entries samples/SAFE/__tmp_148045e1.c:41
    #4 0x64edf12db2fa in main samples/SAFE/__tmp_148045e1.c:84
    #5 0x70846942a1c9  (/lib/x86_64-linux-gnu/libc.so.6+0x2a1c9) (BuildId: 274eec488d230825a136fa9c4d85370fed7a0a5e)
    #6 0x70846942a28a in __libc_start_main (/lib/x86_64-linux-gnu/libc.so.6+0x2a28a) (BuildId: 274eec488d230825a136fa9c4d85370fed7a0a5e)
    #7 0x64edf12da344 in _start (/home/r84388172/Generating SAFE samples/samples/SAFE/__tmp_148045e1.c.san+0x2344) (BuildId: c5b8a751eb429bf932c9cd6a78e82115ceeb5f1e)

Address 0x708467400160 is located in stack of thread T0 at offset 352 in frame
    #0 0x64edf12da5ac in read_log_entries samples/SAFE/__tmp_148045e1.c:26

  This frame has 4 object(s):
    [32, 42) 'level' (line 38)
    [64, 84) 'timestamp' (line 37)
    [128, 352) 'message' (line 39)
    [416, 672) 'line' (line 27) <== Memory access at offset 352 partially underflows this variable
HINT: this may be a false positive if your program uses some custom stack unwind mechanism, swapcontext or vfork
      (longjmp and C++ exceptions *are* supported)
SUMMARY: AddressSanitizer: stack-buffer-overflow ../../../../src/libsanitizer/sanitizer_common/sanitizer_common_interceptors_format.inc:342 in scanf_common
Shadow bytes around the buggy address:
  0x7084673ffe80: 00 00 00 00 00 00 00 00 00 00 00 00 00 00 00 00
  0x7084673fff00: 00 00 00 00 00 00 00 00 00 00 00 00 00 00 00 00
  0x7084673fff80: 00 00 00 00 00 00 00 00 00 00 00 00 00 00 00 00
  0x708467400000: f1 f1 f1 f1 00 02 f2 f2 00 00 04 f2 f2 f2 f2 f2
  0x708467400080: 00 00 00 00 00 00 00 00 00 00 00 00 00 00 00 00
=>0x708467400100: 00 00 00 00 00 00 00 00 00 00 00 00[f2]f2 f2 f2
  0x708467400180: f2 f2 f2 f2 00 00 00 00 00 00 00 00 00 00 00 00
  0x708467400200: 00 00 00 00 00 00 00 00 00 00 00 00 00 00 00 00
  0x708467400280: 00 00 00 00 f3 f3 f3 f3 f3 f3 f3 f3 00 00 00 00
  0x708467400300: 00 00 00 00 00 00 00 00 00 00 00 00 00 00 00 00
  0x708467400380: 00 00 00 00 00 00 00 00 00 00 00 00 00 00 00 00
Shadow byte legend (one shadow byte represents 8 application bytes):
  Addressable:           00
  Partially addressable: 01 02 03 04 05 06 07 
  Heap left redzone:       fa
  Freed heap region:       fd
  Stack left redzone:      f1
  Stack mid redzone:       f2
  Stack right redzone:     f3
  Stack after return:      f5
  Stack use after scope:   f8
  Global redzone:          f9
  Global init order:       f6
  Poisoned by user:        f7
  Container overflow:      fc
  Array cookie:            ac
  Intra object redzone:    bb
  ASan internal:           fe
  Left alloca redzone:     ca
  Right alloca redzone:    cb
==62180==ABORTING
