
AddressSanitizer:DEADLYSIGNAL
=================================================================
==392675==ERROR: AddressSanitizer: stack-overflow on address 0x7fff0de56ff8 (pc 0x605d4368d48e bp 0x7fff0de57050 sp 0x7fff0de57000 T0)
    #0 0x605d4368d48e in compress_chunk samples/SAFE/__tmp_d1271028.c:31
    #1 0x605d4368d492 in compress_chunk samples/SAFE/__tmp_d1271028.c:31
    #2 0x605d4368d492 in compress_chunk samples/SAFE/__tmp_d1271028.c:31
    #3 0x605d4368d492 in compress_chunk samples/SAFE/__tmp_d1271028.c:31
    #4 0x605d4368d492 in compress_chunk samples/SAFE/__tmp_d1271028.c:31
    #5 0x605d4368d492 in compress_chunk samples/SAFE/__tmp_d1271028.c:31
    #6 0x605d4368d492 in compress_chunk samples/SAFE/__tmp_d1271028.c:31
    #7 0x605d4368d492 in compress_chunk samples/SAFE/__tmp_d1271028.c:31
    #8 0x605d4368d492 in compress_chunk samples/SAFE/__tmp_d1271028.c:31
    #9 0x605d4368d492 in compress_chunk samples/SAFE/__tmp_d1271028.c:31
    #10 0x605d4368d492 in compress_chunk samples/SAFE/__tmp_d1271028.c:31
    #11 0x605d4368d492 in compress_chunk samples/SAFE/__tmp_d1271028.c:31
    #12 0x605d4368d492 in compress_chunk samples/SAFE/__tmp_d1271028.c:31
    #13 0x605d4368d492 in compress_chunk samples/SAFE/__tmp_d1271028.c:31
    #14 0x605d4368d492 in compress_chunk samples/SAFE/__tmp_d1271028.c:31
    #15 0x605d4368d492 in compress_chunk samples/SAFE/__tmp_d1271028.c:31
    #16 0x605d4368d492 in compress_chunk samples/SAFE/__tmp_d1271028.c:31
    #17 0x605d4368d492 in compress_chunk samples/SAFE/__tmp_d1271028.c:31
    #18 0x605d4368d492 in compress_chunk samples/SAFE/__tmp_d1271028.c:31
    #19 0x605d4368d492 in compress_chunk samples/SAFE/__tmp_d1271028.c:31
    #20 0x605d4368d492 in compress_chunk samples/SAFE/__tmp_d1271028.c:31
    #21 0x605d4368d492 in compress_chunk samples/SAFE/__tmp_d1271028.c:31
    #22 0x605d4368d492 in compress_chunk samples/SAFE/__tmp_d1271028.c:31
    #23 0x605d4368d492 in compress_chunk samples/SAFE/__tmp_d1271028.c:31
    #24 0x605d4368d492 in compress_chunk samples/SAFE/__tmp_d1271028.c:31
    #25 0x605d4368d492 in compress_chunk samples/SAFE/__tmp_d1271028.c:31
    #26 0x605d4368d492 in compress_chunk samples/SAFE/__tmp_d1271028.c:31
    #27 0x605d4368d492 in compress_chunk samples/SAFE/__tmp_d1271028.c:31
    #28 0x605d4368d492 in compress_chunk samples/SAFE/__tmp_d1271028.c:31
    #29 0x605d4368d492 in compress_chunk samples/SAFE/__tmp_d1271028.c:31
    #30 0x605d4368d492 in compress_chunk samples/SAFE/__tmp_d1271028.c:31
    #31 0x605d4368d492 in compress_chunk samples/SAFE/__tmp_d1271028.c:31
    #32 0x605d4368d492 in compress_chunk samples/SAFE/__tmp_d1271028.c:31
    #33 0x605d4368d492 in compress_chunk samples/SAFE/__tmp_d1271028.c:31
    #34 0x605d4368d492 in compress_chunk samples/SAFE/__tmp_d1271028.c:31
    #35 0x605d4368d492 in compress_chunk samples/SAFE/__tmp_d1271028.c:31
    #36 0x605d4368d492 in compress_chunk samples/SAFE/__tmp_d1271028.c:31
    #37 0x605d4368d492 in compress_chunk samples/SAFE/__tmp_d1271028.c:31
    #38 0x605d4368d492 in compress_chunk samples/SAFE/__tmp_d1271028.c:31
    #39 0x605d4368d492 in compress_chunk samples/SAFE/__tmp_d1271028.c:31
    #40 0x605d4368d492 in compress_chunk samples/SAFE/__tmp_d1271028.c:31
    #41 0x605d4368d492 in compress_chunk samples/SAFE/__tmp_d1271028.c:31
    #42 0x605d4368d492 in compress_chunk samples/SAFE/__tmp_d1271028.c:31
    #43 0x605d4368d492 in compress_chunk samples/SAFE/__tmp_d1271028.c:31
    #44 0x605d4368d492 in compress_chunk samples/SAFE/__tmp_d1271028.c:31
    #45 0x605d4368d492 in compress_chunk samples/SAFE/__tmp_d1271028.c:31
    #46 0x605d4368d492 in compress_chunk samples/SAFE/__tmp_d1271028.c:31
    #47 0x605d4368d492 in compress_chunk samples/SAFE/__tmp_d1271028.c:31
    #48 0x605d4368d492 in compress_chunk samples/SAFE/__tmp_d1271028.c:31
    #49 0x605d4368d492 in compress_chunk samples/SAFE/__tmp_d1271028.c:31
    #50 0x605d4368d492 in compress_chunk samples/SAFE/__tmp_d1271028.c:31
    #51 0x605d4368d492 in compress_chunk samples/SAFE/__tmp_d1271028.c:31
    #52 0x605d4368d492 in compress_chunk samples/SAFE/__tmp_d1271028.c:31
    #53 0x605d4368d492 in compress_chunk samples/SAFE/__tmp_d1271028.c:31
    #54 0x605d4368d492 in compress_chunk samples/SAFE/__tmp_d1271028.c:31
    #55 0x605d4368d492 in compress_chunk samples/SAFE/__tmp_d1271028.c:31
    #56 0x605d4368d492 in compress_chunk samples/SAFE/__tmp_d1271028.c:31
    #57 0x605d4368d492 in compress_chunk samples/SAFE/__tmp_d1271028.c:31
    #58 0x605d4368d492 in compress_chunk samples/SAFE/__tmp_d1271028.c:31
    #59 0x605d4368d492 in compress_chunk samples/SAFE/__tmp_d1271028.c:31
    #60 0x605d4368d492 in compress_chunk samples/SAFE/__tmp_d1271028.c:31
    #61 0x605d4368d492 in compress_chunk samples/SAFE/__tmp_d1271028.c:31
    #62 0x605d4368d492 in compress_chunk samples/SAFE/__tmp_d1271028.c:31
    #63 0x605d4368d492 in compress_chunk samples/SAFE/__tmp_d1271028.c:31
    #64 0x605d4368d492 in compress_chunk samples/SAFE/__tmp_d1271028.c:31
    #65 0x605d4368d492 in compress_chunk samples/SAFE/__tmp_d1271028.c:31
    #66 0x605d4368d492 in compress_chunk samples/SAFE/__tmp_d1271028.c:31
    #67 0x605d4368d492 in compress_chunk samples/SAFE/__tmp_d1271028.c:31
    #68 0x605d4368d492 in compress_chunk samples/SAFE/__tmp_d1271028.c:31
    #69 0x605d4368d492 in compress_chunk samples/SAFE/__tmp_d1271028.c:31
    #70 0x605d4368d492 in compress_chunk samples/SAFE/__tmp_d1271028.c:31
    #71 0x605d4368d492 in compress_chunk samples/SAFE/__tmp_d1271028.c:31
    #72 0x605d4368d492 in compress_chunk samples/SAFE/__tmp_d1271028.c:31
    #73 0x605d4368d492 in compress_chunk samples/SAFE/__tmp_d1271028.c:31
    #74 0x605d4368d492 in compress_chunk samples/SAFE/__tmp_d1271028.c:31
    #75 0x605d4368d492 in compress_chunk samples/SAFE/__tmp_d1271028.c:31
    #76 0x605d4368d492 in compress_chunk samples/SAFE/__tmp_d1271028.c:31
    #77 0x605d4368d492 in compress_chunk samples/SAFE/__tmp_d1271028.c:31
    #78 0x605d4368d492 in compress_chunk samples/SAFE/__tmp_d1271028.c:31
    #79 0x605d4368d492 in compress_chunk samples/SAFE/__tmp_d1271028.c:31
    #80 0x605d4368d492 in compress_chunk samples/SAFE/__tmp_d1271028.c:31
    #81 0x605d4368d492 in compress_chunk samples/SAFE/__tmp_d1271028.c:31
    #82 0x605d4368d492 in compress_chunk samples/SAFE/__tmp_d1271028.c:31
    #83 0x605d4368d492 in compress_chunk samples/SAFE/__tmp_d1271028.c:31
    #84 0x605d4368d492 in compress_chunk samples/SAFE/__tmp_d1271028.c:31
    #85 0x605d4368d492 in compress_chunk samples/SAFE/__tmp_d1271028.c:31
    #86 0x605d4368d492 in compress_chunk samples/SAFE/__tmp_d1271028.c:31
    #87 0x605d4368d492 in compress_chunk samples/SAFE/__tmp_d1271028.c:31
    #88 0x605d4368d492 in compress_chunk samples/SAFE/__tmp_d1271028.c:31
    #89 0x605d4368d492 in compress_chunk samples/SAFE/__tmp_d1271028.c:31
    #90 0x605d4368d492 in compress_chunk samples/SAFE/__tmp_d1271028.c:31
    #91 0x605d4368d492 in compress_chunk samples/SAFE/__tmp_d1271028.c:31
    #92 0x605d4368d492 in compress_chunk samples/SAFE/__tmp_d1271028.c:31
    #93 0x605d4368d492 in compress_chunk samples/SAFE/__tmp_d1271028.c:31
    #94 0x605d4368d492 in compress_chunk samples/SAFE/__tmp_d1271028.c:31
    #95 0x605d4368d492 in compress_chunk samples/SAFE/__tmp_d1271028.c:31
    #96 0x605d4368d492 in compress_chunk samples/SAFE/__tmp_d1271028.c:31
    #97 0x605d4368d492 in compress_chunk samples/SAFE/__tmp_d1271028.c:31
    #98 0x605d4368d492 in compress_chunk samples/SAFE/__tmp_d1271028.c:31
    #99 0x605d4368d492 in compress_chunk samples/SAFE/__tmp_d1271028.c:31
    #100 0x605d4368d492 in compress_chunk samples/SAFE/__tmp_d1271028.c:31
    #101 0x605d4368d492 in compress_chunk samples/SAFE/__tmp_d1271028.c:31
    #102 0x605d4368d492 in compress_chunk samples/SAFE/__tmp_d1271028.c:31
    #103 0x605d4368d492 in compress_chunk samples/SAFE/__tmp_d1271028.c:31
    #104 0x605d4368d492 in compress_chunk samples/SAFE/__tmp_d1271028.c:31
    #105 0x605d4368d492 in compress_chunk samples/SAFE/__tmp_d1271028.c:31
    #106 0x605d4368d492 in compress_chunk samples/SAFE/__tmp_d1271028.c:31
    #107 0x605d4368d492 in compress_chunk samples/SAFE/__tmp_d1271028.c:31
    #108 0x605d4368d492 in compress_chunk samples/SAFE/__tmp_d1271028.c:31
    #109 0x605d4368d492 in compress_chunk samples/SAFE/__tmp_d1271028.c:31
    #110 0x605d4368d492 in compress_chunk samples/SAFE/__tmp_d1271028.c:31
    #111 0x605d4368d492 in compress_chunk samples/SAFE/__tmp_d1271028.c:31
    #112 0x605d4368d492 in compress_chunk samples/SAFE/__tmp_d1271028.c:31
    #113 0x605d4368d492 in compress_chunk samples/SAFE/__tmp_d1271028.c:31
    #114 0x605d4368d492 in compress_chunk samples/SAFE/__tmp_d1271028.c:31
    #115 0x605d4368d492 in compress_chunk samples/SAFE/__tmp_d1271028.c:31
    #116 0x605d4368d492 in compress_chunk samples/SAFE/__tmp_d1271028.c:31
    #117 0x605d4368d492 in compress_chunk samples/SAFE/__tmp_d1271028.c:31
    #118 0x605d4368d492 in compress_chunk samples/SAFE/__tmp_d1271028.c:31
    #119 0x605d4368d492 in compress_chunk samples/SAFE/__tmp_d1271028.c:31
    #120 0x605d4368d492 in compress_chunk samples/SAFE/__tmp_d1271028.c:31
    #121 0x605d4368d492 in compress_chunk samples/SAFE/__tmp_d1271028.c:31
    #122 0x605d4368d492 in compress_chunk samples/SAFE/__tmp_d1271028.c:31
    #123 0x605d4368d492 in compress_chunk samples/SAFE/__tmp_d1271028.c:31
    #124 0x605d4368d492 in compress_chunk samples/SAFE/__tmp_d1271028.c:31
    #125 0x605d4368d492 in compress_chunk samples/SAFE/__tmp_d1271028.c:31
    #126 0x605d4368d492 in compress_chunk samples/SAFE/__tmp_d1271028.c:31
    #127 0x605d4368d492 in compress_chunk samples/SAFE/__tmp_d1271028.c:31
    #128 0x605d4368d492 in compress_chunk samples/SAFE/__tmp_d1271028.c:31
    #129 0x605d4368d492 in compress_chunk samples/SAFE/__tmp_d1271028.c:31
    #130 0x605d4368d492 in compress_chunk samples/SAFE/__tmp_d1271028.c:31
    #131 0x605d4368d492 in compress_chunk samples/SAFE/__tmp_d1271028.c:31
    #132 0x605d4368d492 in compress_chunk samples/SAFE/__tmp_d1271028.c:31
    #133 0x605d4368d492 in compress_chunk samples/SAFE/__tmp_d1271028.c:31
    #134 0x605d4368d492 in compress_chunk samples/SAFE/__tmp_d1271028.c:31
    #135 0x605d4368d492 in compress_chunk samples/SAFE/__tmp_d1271028.c:31
    #136 0x605d4368d492 in compress_chunk samples/SAFE/__tmp_d1271028.c:31
    #137 0x605d4368d492 in compress_chunk samples/SAFE/__tmp_d1271028.c:31
    #138 0x605d4368d492 in compress_chunk samples/SAFE/__tmp_d1271028.c:31
    #139 0x605d4368d492 in compress_chunk samples/SAFE/__tmp_d1271028.c:31
    #140 0x605d4368d492 in compress_chunk samples/SAFE/__tmp_d1271028.c:31
    #141 0x605d4368d492 in compress_chunk samples/SAFE/__tmp_d1271028.c:31
    #142 0x605d4368d492 in compress_chunk samples/SAFE/__tmp_d1271028.c:31
    #143 0x605d4368d492 in compress_chunk samples/SAFE/__tmp_d1271028.c:31
    #144 0x605d4368d492 in compress_chunk samples/SAFE/__tmp_d1271028.c:31
    #145 0x605d4368d492 in compress_chunk samples/SAFE/__tmp_d1271028.c:31
    #146 0x605d4368d492 in compress_chunk samples/SAFE/__tmp_d1271028.c:31
    #147 0x605d4368d492 in compress_chunk samples/SAFE/__tmp_d1271028.c:31
    #148 0x605d4368d492 in compress_chunk samples/SAFE/__tmp_d1271028.c:31
    #149 0x605d4368d492 in compress_chunk samples/SAFE/__tmp_d1271028.c:31
    #150 0x605d4368d492 in compress_chunk samples/SAFE/__tmp_d1271028.c:31
    #151 0x605d4368d492 in compress_chunk samples/SAFE/__tmp_d1271028.c:31
    #152 0x605d4368d492 in compress_chunk samples/SAFE/__tmp_d1271028.c:31
    #153 0x605d4368d492 in compress_chunk samples/SAFE/__tmp_d1271028.c:31
    #154 0x605d4368d492 in compress_chunk samples/SAFE/__tmp_d1271028.c:31
    #155 0x605d4368d492 in compress_chunk samples/SAFE/__tmp_d1271028.c:31
    #156 0x605d4368d492 in compress_chunk samples/SAFE/__tmp_d1271028.c:31
    #157 0x605d4368d492 in compress_chunk samples/SAFE/__tmp_d1271028.c:31
    #158 0x605d4368d492 in compress_chunk samples/SAFE/__tmp_d1271028.c:31
    #159 0x605d4368d492 in compress_chunk samples/SAFE/__tmp_d1271028.c:31
    #160 0x605d4368d492 in compress_chunk samples/SAFE/__tmp_d1271028.c:31
    #161 0x605d4368d492 in compress_chunk samples/SAFE/__tmp_d1271028.c:31
    #162 0x605d4368d492 in compress_chunk samples/SAFE/__tmp_d1271028.c:31
    #163 0x605d4368d492 in compress_chunk samples/SAFE/__tmp_d1271028.c:31
    #164 0x605d4368d492 in compress_chunk samples/SAFE/__tmp_d1271028.c:31
    #165 0x605d4368d492 in compress_chunk samples/SAFE/__tmp_d1271028.c:31
    #166 0x605d4368d492 in compress_chunk samples/SAFE/__tmp_d1271028.c:31
    #167 0x605d4368d492 in compress_chunk samples/SAFE/__tmp_d1271028.c:31
    #168 0x605d4368d492 in compress_chunk samples/SAFE/__tmp_d1271028.c:31
    #169 0x605d4368d492 in compress_chunk samples/SAFE/__tmp_d1271028.c:31
    #170 0x605d4368d492 in compress_chunk samples/SAFE/__tmp_d1271028.c:31
    #171 0x605d4368d492 in compress_chunk samples/SAFE/__tmp_d1271028.c:31
    #172 0x605d4368d492 in compress_chunk samples/SAFE/__tmp_d1271028.c:31
    #173 0x605d4368d492 in compress_chunk samples/SAFE/__tmp_d1271028.c:31
    #174 0x605d4368d492 in compress_chunk samples/SAFE/__tmp_d1271028.c:31
    #175 0x605d4368d492 in compress_chunk samples/SAFE/__tmp_d1271028.c:31
    #176 0x605d4368d492 in compress_chunk samples/SAFE/__tmp_d1271028.c:31
    #177 0x605d4368d492 in compress_chunk samples/SAFE/__tmp_d1271028.c:31
    #178 0x605d4368d492 in compress_chunk samples/SAFE/__tmp_d1271028.c:31
    #179 0x605d4368d492 in compress_chunk samples/SAFE/__tmp_d1271028.c:31
    #180 0x605d4368d492 in compress_chunk samples/SAFE/__tmp_d1271028.c:31
    #181 0x605d4368d492 in compress_chunk samples/SAFE/__tmp_d1271028.c:31
    #182 0x605d4368d492 in compress_chunk samples/SAFE/__tmp_d1271028.c:31
    #183 0x605d4368d492 in compress_chunk samples/SAFE/__tmp_d1271028.c:31
    #184 0x605d4368d492 in compress_chunk samples/SAFE/__tmp_d1271028.c:31
    #185 0x605d4368d492 in compress_chunk samples/SAFE/__tmp_d1271028.c:31
    #186 0x605d4368d492 in compress_chunk samples/SAFE/__tmp_d1271028.c:31
    #187 0x605d4368d492 in compress_chunk samples/SAFE/__tmp_d1271028.c:31
    #188 0x605d4368d492 in compress_chunk samples/SAFE/__tmp_d1271028.c:31
    #189 0x605d4368d492 in compress_chunk samples/SAFE/__tmp_d1271028.c:31
    #190 0x605d4368d492 in compress_chunk samples/SAFE/__tmp_d1271028.c:31
    #191 0x605d4368d492 in compress_chunk samples/SAFE/__tmp_d1271028.c:31
    #192 0x605d4368d492 in compress_chunk samples/SAFE/__tmp_d1271028.c:31
    #193 0x605d4368d492 in compress_chunk samples/SAFE/__tmp_d1271028.c:31
    #194 0x605d4368d492 in compress_chunk samples/SAFE/__tmp_d1271028.c:31
    #195 0x605d4368d492 in compress_chunk samples/SAFE/__tmp_d1271028.c:31
    #196 0x605d4368d492 in compress_chunk samples/SAFE/__tmp_d1271028.c:31
    #197 0x605d4368d492 in compress_chunk samples/SAFE/__tmp_d1271028.c:31
    #198 0x605d4368d492 in compress_chunk samples/SAFE/__tmp_d1271028.c:31
    #199 0x605d4368d492 in compress_chunk samples/SAFE/__tmp_d1271028.c:31
    #200 0x605d4368d492 in compress_chunk samples/SAFE/__tmp_d1271028.c:31
    #201 0x605d4368d492 in compress_chunk samples/SAFE/__tmp_d1271028.c:31
    #202 0x605d4368d492 in compress_chunk samples/SAFE/__tmp_d1271028.c:31
    #203 0x605d4368d492 in compress_chunk samples/SAFE/__tmp_d1271028.c:31
    #204 0x605d4368d492 in compress_chunk samples/SAFE/__tmp_d1271028.c:31
    #205 0x605d4368d492 in compress_chunk samples/SAFE/__tmp_d1271028.c:31
    #206 0x605d4368d492 in compress_chunk samples/SAFE/__tmp_d1271028.c:31
    #207 0x605d4368d492 in compress_chunk samples/SAFE/__tmp_d1271028.c:31
    #208 0x605d4368d492 in compress_chunk samples/SAFE/__tmp_d1271028.c:31
    #209 0x605d4368d492 in compress_chunk samples/SAFE/__tmp_d1271028.c:31
    #210 0x605d4368d492 in compress_chunk samples/SAFE/__tmp_d1271028.c:31
    #211 0x605d4368d492 in compress_chunk samples/SAFE/__tmp_d1271028.c:31
    #212 0x605d4368d492 in compress_chunk samples/SAFE/__tmp_d1271028.c:31
    #213 0x605d4368d492 in compress_chunk samples/SAFE/__tmp_d1271028.c:31
    #214 0x605d4368d492 in compress_chunk samples/SAFE/__tmp_d1271028.c:31
    #215 0x605d4368d492 in compress_chunk samples/SAFE/__tmp_d1271028.c:31
    #216 0x605d4368d492 in compress_chunk samples/SAFE/__tmp_d1271028.c:31
    #217 0x605d4368d492 in compress_chunk samples/SAFE/__tmp_d1271028.c:31
    #218 0x605d4368d492 in compress_chunk samples/SAFE/__tmp_d1271028.c:31
    #219 0x605d4368d492 in compress_chunk samples/SAFE/__tmp_d1271028.c:31
    #220 0x605d4368d492 in compress_chunk samples/SAFE/__tmp_d1271028.c:31
    #221 0x605d4368d492 in compress_chunk samples/SAFE/__tmp_d1271028.c:31
    #222 0x605d4368d492 in compress_chunk samples/SAFE/__tmp_d1271028.c:31
    #223 0x605d4368d492 in compress_chunk samples/SAFE/__tmp_d1271028.c:31
    #224 0x605d4368d492 in compress_chunk samples/SAFE/__tmp_d1271028.c:31
    #225 0x605d4368d492 in compress_chunk samples/SAFE/__tmp_d1271028.c:31
    #226 0x605d4368d492 in compress_chunk samples/SAFE/__tmp_d1271028.c:31
    #227 0x605d4368d492 in compress_chunk samples/SAFE/__tmp_d1271028.c:31
    #228 0x605d4368d492 in compress_chunk samples/SAFE/__tmp_d1271028.c:31
    #229 0x605d4368d492 in compress_chunk samples/SAFE/__tmp_d1271028.c:31
    #230 0x605d4368d492 in compress_chunk samples/SAFE/__tmp_d1271028.c:31
    #231 0x605d4368d492 in compress_chunk samples/SAFE/__tmp_d1271028.c:31
    #232 0x605d4368d492 in compress_chunk samples/SAFE/__tmp_d1271028.c:31
    #233 0x605d4368d492 in compress_chunk samples/SAFE/__tmp_d1271028.c:31
    #234 0x605d4368d492 in compress_chunk samples/SAFE/__tmp_d1271028.c:31
    #235 0x605d4368d492 in compress_chunk samples/SAFE/__tmp_d1271028.c:31
    #236 0x605d4368d492 in compress_chunk samples/SAFE/__tmp_d1271028.c:31
    #237 0x605d4368d492 in compress_chunk samples/SAFE/__tmp_d1271028.c:31
    #238 0x605d4368d492 in compress_chunk samples/SAFE/__tmp_d1271028.c:31
    #239 0x605d4368d492 in compress_chunk samples/SAFE/__tmp_d1271028.c:31
    #240 0x605d4368d492 in compress_chunk samples/SAFE/__tmp_d1271028.c:31
    #241 0x605d4368d492 in compress_chunk samples/SAFE/__tmp_d1271028.c:31
    #242 0x605d4368d492 in compress_chunk samples/SAFE/__tmp_d1271028.c:31
    #243 0x605d4368d492 in compress_chunk samples/SAFE/__tmp_d1271028.c:31
    #244 0x605d4368d492 in compress_chunk samples/SAFE/__tmp_d1271028.c:31
    #245 0x605d4368d492 in compress_chunk samples/SAFE/__tmp_d1271028.c:31
    #246 0x605d4368d492 in compress_chunk samples/SAFE/__tmp_d1271028.c:31

SUMMARY: AddressSanitizer: stack-overflow samples/SAFE/__tmp_d1271028.c:31 in compress_chunk
==392675==ABORTING
