
=================================================================
==478774==ERROR: AddressSanitizer: stack-buffer-overflow on address 0x7be6529004f5 at pc 0x614c584a1618 bp 0x7fff6f9a1d50 sp 0x7fff6f9a1d40
READ of size 1 at 0x7be6529004f5 thread T0
    #0 0x614c584a1617 in process_input samples/SAFE/__tmp_90bbc7ee.c:45
    #1 0x614c584a224d in main samples/SAFE/__tmp_90bbc7ee.c:147
    #2 0x7be65482a1c9  (/lib/x86_64-linux-gnu/libc.so.6+0x2a1c9) (BuildId: 274eec488d230825a136fa9c4d85370fed7a0a5e)
    #3 0x7be65482a28a in __libc_start_main (/lib/x86_64-linux-gnu/libc.so.6+0x2a28a) (BuildId: 274eec488d230825a136fa9c4d85370fed7a0a5e)
    #4 0x614c584a1304 in _start (/home/r84388172/Generating SAFE samples/samples/SAFE/__tmp_90bbc7ee.c.san+0x3304) (BuildId: f828ce7b90892e1faa9c5651d90e5872fc8e432a)

Address 0x7be6529004f5 is located in stack of thread T0 at offset 1269 in frame
    #0 0x614c584a2086 in main samples/SAFE/__tmp_90bbc7ee.c:125

  This frame has 2 object(s):
    [32, 1040) 'word_data' (line 127)
    [1168, 1269) 'input' (line 126) <== Memory access at offset 1269 overflows this variable
HINT: this may be a false positive if your program uses some custom stack unwind mechanism, swapcontext or vfork
      (longjmp and C++ exceptions *are* supported)
SUMMARY: AddressSanitizer: stack-buffer-overflow samples/SAFE/__tmp_90bbc7ee.c:45 in process_input
Shadow bytes around the buggy address:
  0x7be652900200: 00 00 00 00 00 00 00 00 00 00 00 00 00 00 00 00
  0x7be652900280: 00 00 00 00 00 00 00 00 00 00 00 00 00 00 00 00
  0x7be652900300: 00 00 00 00 00 00 00 00 00 00 00 00 00 00 00 00
  0x7be652900380: 00 00 00 00 00 00 00 00 00 00 00 00 00 00 00 00
  0x7be652900400: 00 00 f2 f2 f2 f2 f2 f2 f2 f2 f2 f2 f2 f2 f2 f2
=>0x7be652900480: f2 f2 00 00 00 00 00 00 00 00 00 00 00 00[05]f3
  0x7be652900500: f3 f3 f3 f3 00 00 00 00 00 00 00 00 00 00 00 00
  0x7be652900580: 00 00 00 00 00 00 00 00 00 00 00 00 00 00 00 00
  0x7be652900600: 00 00 00 00 00 00 00 00 00 00 00 00 00 00 00 00
  0x7be652900680: 00 00 00 00 00 00 00 00 00 00 00 00 00 00 00 00
  0x7be652900700: 00 00 00 00 00 00 00 00 00 00 00 00 00 00 00 00
Shadow byte legend (one shadow byte represents 8 application bytes):
  Addressable:           00
  Partially addressable: 01 02 03 04 05 06 07 
  Heap left redzone:       fa
  Freed heap region:       fd
  Stack left redzone:      f1
  Stack mid redzone:       f2
  Stack right redzone:     f3
  Stack after return:      f5
  Stack use after scope:   f8
  Global redzone:          f9
  Global init order:       f6
  Poisoned by user:        f7
  Container overflow:      fc
  Array cookie:            ac
  Intra object redzone:    bb
  ASan internal:           fe
  Left alloca redzone:     ca
  Right alloca redzone:    cb
==478774==ABORTING
