
=================================================================
==91786==ERROR: AddressSanitizer: heap-buffer-overflow on address 0x51900000007f at pc 0x595b7c4e3a4f bp 0x7fff9c2c0360 sp 0x7fff9c2c0350
READ of size 1 at 0x51900000007f thread T0
    #0 0x595b7c4e3a4e in process_string samples/SAFE/__tmp_4e10985a.c:50
    #1 0x595b7c4e420b in main samples/SAFE/__tmp_4e10985a.c:106
    #2 0x796e6f22a1c9  (/lib/x86_64-linux-gnu/libc.so.6+0x2a1c9) (BuildId: 274eec488d230825a136fa9c4d85370fed7a0a5e)
    #3 0x796e6f22a28a in __libc_start_main (/lib/x86_64-linux-gnu/libc.so.6+0x2a28a) (BuildId: 274eec488d230825a136fa9c4d85370fed7a0a5e)
    #4 0x595b7c4e3364 in _start (/home/r84388172/Generating SAFE samples/samples/SAFE/__tmp_4e10985a.c.san+0x3364) (BuildId: f1503b37c7bd9ef0768dcbf9d0945810f64f53fc)

0x51900000007f is located 1 bytes before 1024-byte region [0x519000000080,0x519000000480)
allocated by thread T0 here:
    #0 0x796e6fefd9c7 in malloc ../../../../src/libsanitizer/asan/asan_malloc_linux.cpp:69
    #1 0x595b7c4e4193 in main samples/SAFE/__tmp_4e10985a.c:97
    #2 0x796e6f22a1c9  (/lib/x86_64-linux-gnu/libc.so.6+0x2a1c9) (BuildId: 274eec488d230825a136fa9c4d85370fed7a0a5e)
    #3 0x796e6f22a28a in __libc_start_main (/lib/x86_64-linux-gnu/libc.so.6+0x2a28a) (BuildId: 274eec488d230825a136fa9c4d85370fed7a0a5e)
    #4 0x595b7c4e3364 in _start (/home/r84388172/Generating SAFE samples/samples/SAFE/__tmp_4e10985a.c.san+0x3364) (BuildId: f1503b37c7bd9ef0768dcbf9d0945810f64f53fc)

SUMMARY: AddressSanitizer: heap-buffer-overflow samples/SAFE/__tmp_4e10985a.c:50 in process_string
Shadow bytes around the buggy address:
  0x518ffffffd80: 00 00 00 00 00 00 00 00 00 00 00 00 00 00 00 00
  0x518ffffffe00: 00 00 00 00 00 00 00 00 00 00 00 00 00 00 00 00
  0x518ffffffe80: 00 00 00 00 00 00 00 00 00 00 00 00 00 00 00 00
  0x518fffffff00: 00 00 00 00 00 00 00 00 00 00 00 00 00 00 00 00
  0x518fffffff80: 00 00 00 00 00 00 00 00 00 00 00 00 00 00 00 00
=>0x519000000000: fa fa fa fa fa fa fa fa fa fa fa fa fa fa fa[fa]
  0x519000000080: 00 00 00 00 00 00 00 00 00 00 00 00 00 00 00 00
  0x519000000100: 00 00 00 00 00 00 00 00 00 00 00 00 00 00 00 00
  0x519000000180: 00 00 00 00 00 00 00 00 00 00 00 00 00 00 00 00
  0x519000000200: 00 00 00 00 00 00 00 00 00 00 00 00 00 00 00 00
  0x519000000280: 00 00 00 00 00 00 00 00 00 00 00 00 00 00 00 00
Shadow byte legend (one shadow byte represents 8 application bytes):
  Addressable:           00
  Partially addressable: 01 02 03 04 05 06 07 
  Heap left redzone:       fa
  Freed heap region:       fd
  Stack left redzone:      f1
  Stack mid redzone:       f2
  Stack right redzone:     f3
  Stack after return:      f5
  Stack use after scope:   f8
  Global redzone:          f9
  Global init order:       f6
  Poisoned by user:        f7
  Container overflow:      fc
  Array cookie:            ac
  Intra object redzone:    bb
  ASan internal:           fe
  Left alloca redzone:     ca
  Right alloca redzone:    cb
==91786==ABORTING
