
AddressSanitizer:DEADLYSIGNAL
=================================================================
==28460==ERROR: AddressSanitizer: stack-overflow on address 0x7ffe1215cff8 (pc 0x606112f09ec9 bp 0x7ffe1215d020 sp 0x7ffe1215d000 T0)
    #0 0x606112f09ec9 in state_machine samples/SAFE/__tmp_3fb37be9.c:76
    #1 0x606112f0a2cd in state_machine samples/SAFE/__tmp_3fb37be9.c:106
    #2 0x606112f0a2cd in state_machine samples/SAFE/__tmp_3fb37be9.c:106
    #3 0x606112f0a2cd in state_machine samples/SAFE/__tmp_3fb37be9.c:106
    #4 0x606112f0a2cd in state_machine samples/SAFE/__tmp_3fb37be9.c:106
    #5 0x606112f0a2cd in state_machine samples/SAFE/__tmp_3fb37be9.c:106
    #6 0x606112f0a2cd in state_machine samples/SAFE/__tmp_3fb37be9.c:106
    #7 0x606112f0a2cd in state_machine samples/SAFE/__tmp_3fb37be9.c:106
    #8 0x606112f0a2cd in state_machine samples/SAFE/__tmp_3fb37be9.c:106
    #9 0x606112f0a2cd in state_machine samples/SAFE/__tmp_3fb37be9.c:106
    #10 0x606112f0a2cd in state_machine samples/SAFE/__tmp_3fb37be9.c:106
    #11 0x606112f0a2cd in state_machine samples/SAFE/__tmp_3fb37be9.c:106
    #12 0x606112f0a2cd in state_machine samples/SAFE/__tmp_3fb37be9.c:106
    #13 0x606112f0a2cd in state_machine samples/SAFE/__tmp_3fb37be9.c:106
    #14 0x606112f0a2cd in state_machine samples/SAFE/__tmp_3fb37be9.c:106
    #15 0x606112f0a2cd in state_machine samples/SAFE/__tmp_3fb37be9.c:106
    #16 0x606112f0a2cd in state_machine samples/SAFE/__tmp_3fb37be9.c:106
    #17 0x606112f0a2cd in state_machine samples/SAFE/__tmp_3fb37be9.c:106
    #18 0x606112f0a2cd in state_machine samples/SAFE/__tmp_3fb37be9.c:106
    #19 0x606112f0a2cd in state_machine samples/SAFE/__tmp_3fb37be9.c:106
    #20 0x606112f0a2cd in state_machine samples/SAFE/__tmp_3fb37be9.c:106
    #21 0x606112f0a2cd in state_machine samples/SAFE/__tmp_3fb37be9.c:106
    #22 0x606112f0a2cd in state_machine samples/SAFE/__tmp_3fb37be9.c:106
    #23 0x606112f0a2cd in state_machine samples/SAFE/__tmp_3fb37be9.c:106
    #24 0x606112f0a2cd in state_machine samples/SAFE/__tmp_3fb37be9.c:106
    #25 0x606112f0a2cd in state_machine samples/SAFE/__tmp_3fb37be9.c:106
    #26 0x606112f0a2cd in state_machine samples/SAFE/__tmp_3fb37be9.c:106
    #27 0x606112f0a2cd in state_machine samples/SAFE/__tmp_3fb37be9.c:106
    #28 0x606112f0a2cd in state_machine samples/SAFE/__tmp_3fb37be9.c:106
    #29 0x606112f0a2cd in state_machine samples/SAFE/__tmp_3fb37be9.c:106
    #30 0x606112f0a2cd in state_machine samples/SAFE/__tmp_3fb37be9.c:106
    #31 0x606112f0a2cd in state_machine samples/SAFE/__tmp_3fb37be9.c:106
    #32 0x606112f0a2cd in state_machine samples/SAFE/__tmp_3fb37be9.c:106
    #33 0x606112f0a2cd in state_machine samples/SAFE/__tmp_3fb37be9.c:106
    #34 0x606112f0a2cd in state_machine samples/SAFE/__tmp_3fb37be9.c:106
    #35 0x606112f0a2cd in state_machine samples/SAFE/__tmp_3fb37be9.c:106
    #36 0x606112f0a2cd in state_machine samples/SAFE/__tmp_3fb37be9.c:106
    #37 0x606112f0a2cd in state_machine samples/SAFE/__tmp_3fb37be9.c:106
    #38 0x606112f0a2cd in state_machine samples/SAFE/__tmp_3fb37be9.c:106
    #39 0x606112f0a2cd in state_machine samples/SAFE/__tmp_3fb37be9.c:106
    #40 0x606112f0a2cd in state_machine samples/SAFE/__tmp_3fb37be9.c:106
    #41 0x606112f0a2cd in state_machine samples/SAFE/__tmp_3fb37be9.c:106
    #42 0x606112f0a2cd in state_machine samples/SAFE/__tmp_3fb37be9.c:106
    #43 0x606112f0a2cd in state_machine samples/SAFE/__tmp_3fb37be9.c:106
    #44 0x606112f0a2cd in state_machine samples/SAFE/__tmp_3fb37be9.c:106
    #45 0x606112f0a2cd in state_machine samples/SAFE/__tmp_3fb37be9.c:106
    #46 0x606112f0a2cd in state_machine samples/SAFE/__tmp_3fb37be9.c:106
    #47 0x606112f0a2cd in state_machine samples/SAFE/__tmp_3fb37be9.c:106
    #48 0x606112f0a2cd in state_machine samples/SAFE/__tmp_3fb37be9.c:106
    #49 0x606112f0a2cd in state_machine samples/SAFE/__tmp_3fb37be9.c:106
    #50 0x606112f0a2cd in state_machine samples/SAFE/__tmp_3fb37be9.c:106
    #51 0x606112f0a2cd in state_machine samples/SAFE/__tmp_3fb37be9.c:106
    #52 0x606112f0a2cd in state_machine samples/SAFE/__tmp_3fb37be9.c:106
    #53 0x606112f0a2cd in state_machine samples/SAFE/__tmp_3fb37be9.c:106
    #54 0x606112f0a2cd in state_machine samples/SAFE/__tmp_3fb37be9.c:106
    #55 0x606112f0a2cd in state_machine samples/SAFE/__tmp_3fb37be9.c:106
    #56 0x606112f0a2cd in state_machine samples/SAFE/__tmp_3fb37be9.c:106
    #57 0x606112f0a2cd in state_machine samples/SAFE/__tmp_3fb37be9.c:106
    #58 0x606112f0a2cd in state_machine samples/SAFE/__tmp_3fb37be9.c:106
    #59 0x606112f0a2cd in state_machine samples/SAFE/__tmp_3fb37be9.c:106
    #60 0x606112f0a2cd in state_machine samples/SAFE/__tmp_3fb37be9.c:106
    #61 0x606112f0a2cd in state_machine samples/SAFE/__tmp_3fb37be9.c:106
    #62 0x606112f0a2cd in state_machine samples/SAFE/__tmp_3fb37be9.c:106
    #63 0x606112f0a2cd in state_machine samples/SAFE/__tmp_3fb37be9.c:106
    #64 0x606112f0a2cd in state_machine samples/SAFE/__tmp_3fb37be9.c:106
    #65 0x606112f0a2cd in state_machine samples/SAFE/__tmp_3fb37be9.c:106
    #66 0x606112f0a2cd in state_machine samples/SAFE/__tmp_3fb37be9.c:106
    #67 0x606112f0a2cd in state_machine samples/SAFE/__tmp_3fb37be9.c:106
    #68 0x606112f0a2cd in state_machine samples/SAFE/__tmp_3fb37be9.c:106
    #69 0x606112f0a2cd in state_machine samples/SAFE/__tmp_3fb37be9.c:106
    #70 0x606112f0a2cd in state_machine samples/SAFE/__tmp_3fb37be9.c:106
    #71 0x606112f0a2cd in state_machine samples/SAFE/__tmp_3fb37be9.c:106
    #72 0x606112f0a2cd in state_machine samples/SAFE/__tmp_3fb37be9.c:106
    #73 0x606112f0a2cd in state_machine samples/SAFE/__tmp_3fb37be9.c:106
    #74 0x606112f0a2cd in state_machine samples/SAFE/__tmp_3fb37be9.c:106
    #75 0x606112f0a2cd in state_machine samples/SAFE/__tmp_3fb37be9.c:106
    #76 0x606112f0a2cd in state_machine samples/SAFE/__tmp_3fb37be9.c:106
    #77 0x606112f0a2cd in state_machine samples/SAFE/__tmp_3fb37be9.c:106
    #78 0x606112f0a2cd in state_machine samples/SAFE/__tmp_3fb37be9.c:106
    #79 0x606112f0a2cd in state_machine samples/SAFE/__tmp_3fb37be9.c:106
    #80 0x606112f0a2cd in state_machine samples/SAFE/__tmp_3fb37be9.c:106
    #81 0x606112f0a2cd in state_machine samples/SAFE/__tmp_3fb37be9.c:106
    #82 0x606112f0a2cd in state_machine samples/SAFE/__tmp_3fb37be9.c:106
    #83 0x606112f0a2cd in state_machine samples/SAFE/__tmp_3fb37be9.c:106
    #84 0x606112f0a2cd in state_machine samples/SAFE/__tmp_3fb37be9.c:106
    #85 0x606112f0a2cd in state_machine samples/SAFE/__tmp_3fb37be9.c:106
    #86 0x606112f0a2cd in state_machine samples/SAFE/__tmp_3fb37be9.c:106
    #87 0x606112f0a2cd in state_machine samples/SAFE/__tmp_3fb37be9.c:106
    #88 0x606112f0a2cd in state_machine samples/SAFE/__tmp_3fb37be9.c:106
    #89 0x606112f0a2cd in state_machine samples/SAFE/__tmp_3fb37be9.c:106
    #90 0x606112f0a2cd in state_machine samples/SAFE/__tmp_3fb37be9.c:106
    #91 0x606112f0a2cd in state_machine samples/SAFE/__tmp_3fb37be9.c:106
    #92 0x606112f0a2cd in state_machine samples/SAFE/__tmp_3fb37be9.c:106
    #93 0x606112f0a2cd in state_machine samples/SAFE/__tmp_3fb37be9.c:106
    #94 0x606112f0a2cd in state_machine samples/SAFE/__tmp_3fb37be9.c:106
    #95 0x606112f0a2cd in state_machine samples/SAFE/__tmp_3fb37be9.c:106
    #96 0x606112f0a2cd in state_machine samples/SAFE/__tmp_3fb37be9.c:106
    #97 0x606112f0a2cd in state_machine samples/SAFE/__tmp_3fb37be9.c:106
    #98 0x606112f0a2cd in state_machine samples/SAFE/__tmp_3fb37be9.c:106
    #99 0x606112f0a2cd in state_machine samples/SAFE/__tmp_3fb37be9.c:106
    #100 0x606112f0a2cd in state_machine samples/SAFE/__tmp_3fb37be9.c:106
    #101 0x606112f0a2cd in state_machine samples/SAFE/__tmp_3fb37be9.c:106
    #102 0x606112f0a2cd in state_machine samples/SAFE/__tmp_3fb37be9.c:106
    #103 0x606112f0a2cd in state_machine samples/SAFE/__tmp_3fb37be9.c:106
    #104 0x606112f0a2cd in state_machine samples/SAFE/__tmp_3fb37be9.c:106
    #105 0x606112f0a2cd in state_machine samples/SAFE/__tmp_3fb37be9.c:106
    #106 0x606112f0a2cd in state_machine samples/SAFE/__tmp_3fb37be9.c:106
    #107 0x606112f0a2cd in state_machine samples/SAFE/__tmp_3fb37be9.c:106
    #108 0x606112f0a2cd in state_machine samples/SAFE/__tmp_3fb37be9.c:106
    #109 0x606112f0a2cd in state_machine samples/SAFE/__tmp_3fb37be9.c:106
    #110 0x606112f0a2cd in state_machine samples/SAFE/__tmp_3fb37be9.c:106
    #111 0x606112f0a2cd in state_machine samples/SAFE/__tmp_3fb37be9.c:106
    #112 0x606112f0a2cd in state_machine samples/SAFE/__tmp_3fb37be9.c:106
    #113 0x606112f0a2cd in state_machine samples/SAFE/__tmp_3fb37be9.c:106
    #114 0x606112f0a2cd in state_machine samples/SAFE/__tmp_3fb37be9.c:106
    #115 0x606112f0a2cd in state_machine samples/SAFE/__tmp_3fb37be9.c:106
    #116 0x606112f0a2cd in state_machine samples/SAFE/__tmp_3fb37be9.c:106
    #117 0x606112f0a2cd in state_machine samples/SAFE/__tmp_3fb37be9.c:106
    #118 0x606112f0a2cd in state_machine samples/SAFE/__tmp_3fb37be9.c:106
    #119 0x606112f0a2cd in state_machine samples/SAFE/__tmp_3fb37be9.c:106
    #120 0x606112f0a2cd in state_machine samples/SAFE/__tmp_3fb37be9.c:106
    #121 0x606112f0a2cd in state_machine samples/SAFE/__tmp_3fb37be9.c:106
    #122 0x606112f0a2cd in state_machine samples/SAFE/__tmp_3fb37be9.c:106
    #123 0x606112f0a2cd in state_machine samples/SAFE/__tmp_3fb37be9.c:106
    #124 0x606112f0a2cd in state_machine samples/SAFE/__tmp_3fb37be9.c:106
    #125 0x606112f0a2cd in state_machine samples/SAFE/__tmp_3fb37be9.c:106
    #126 0x606112f0a2cd in state_machine samples/SAFE/__tmp_3fb37be9.c:106
    #127 0x606112f0a2cd in state_machine samples/SAFE/__tmp_3fb37be9.c:106
    #128 0x606112f0a2cd in state_machine samples/SAFE/__tmp_3fb37be9.c:106
    #129 0x606112f0a2cd in state_machine samples/SAFE/__tmp_3fb37be9.c:106
    #130 0x606112f0a2cd in state_machine samples/SAFE/__tmp_3fb37be9.c:106
    #131 0x606112f0a2cd in state_machine samples/SAFE/__tmp_3fb37be9.c:106
    #132 0x606112f0a2cd in state_machine samples/SAFE/__tmp_3fb37be9.c:106
    #133 0x606112f0a2cd in state_machine samples/SAFE/__tmp_3fb37be9.c:106
    #134 0x606112f0a2cd in state_machine samples/SAFE/__tmp_3fb37be9.c:106
    #135 0x606112f0a2cd in state_machine samples/SAFE/__tmp_3fb37be9.c:106
    #136 0x606112f0a2cd in state_machine samples/SAFE/__tmp_3fb37be9.c:106
    #137 0x606112f0a2cd in state_machine samples/SAFE/__tmp_3fb37be9.c:106
    #138 0x606112f0a2cd in state_machine samples/SAFE/__tmp_3fb37be9.c:106
    #139 0x606112f0a2cd in state_machine samples/SAFE/__tmp_3fb37be9.c:106
    #140 0x606112f0a2cd in state_machine samples/SAFE/__tmp_3fb37be9.c:106
    #141 0x606112f0a2cd in state_machine samples/SAFE/__tmp_3fb37be9.c:106
    #142 0x606112f0a2cd in state_machine samples/SAFE/__tmp_3fb37be9.c:106
    #143 0x606112f0a2cd in state_machine samples/SAFE/__tmp_3fb37be9.c:106
    #144 0x606112f0a2cd in state_machine samples/SAFE/__tmp_3fb37be9.c:106
    #145 0x606112f0a2cd in state_machine samples/SAFE/__tmp_3fb37be9.c:106
    #146 0x606112f0a2cd in state_machine samples/SAFE/__tmp_3fb37be9.c:106
    #147 0x606112f0a2cd in state_machine samples/SAFE/__tmp_3fb37be9.c:106
    #148 0x606112f0a2cd in state_machine samples/SAFE/__tmp_3fb37be9.c:106
    #149 0x606112f0a2cd in state_machine samples/SAFE/__tmp_3fb37be9.c:106
    #150 0x606112f0a2cd in state_machine samples/SAFE/__tmp_3fb37be9.c:106
    #151 0x606112f0a2cd in state_machine samples/SAFE/__tmp_3fb37be9.c:106
    #152 0x606112f0a2cd in state_machine samples/SAFE/__tmp_3fb37be9.c:106
    #153 0x606112f0a2cd in state_machine samples/SAFE/__tmp_3fb37be9.c:106
    #154 0x606112f0a2cd in state_machine samples/SAFE/__tmp_3fb37be9.c:106
    #155 0x606112f0a2cd in state_machine samples/SAFE/__tmp_3fb37be9.c:106
    #156 0x606112f0a2cd in state_machine samples/SAFE/__tmp_3fb37be9.c:106
    #157 0x606112f0a2cd in state_machine samples/SAFE/__tmp_3fb37be9.c:106
    #158 0x606112f0a2cd in state_machine samples/SAFE/__tmp_3fb37be9.c:106
    #159 0x606112f0a2cd in state_machine samples/SAFE/__tmp_3fb37be9.c:106
    #160 0x606112f0a2cd in state_machine samples/SAFE/__tmp_3fb37be9.c:106
    #161 0x606112f0a2cd in state_machine samples/SAFE/__tmp_3fb37be9.c:106
    #162 0x606112f0a2cd in state_machine samples/SAFE/__tmp_3fb37be9.c:106
    #163 0x606112f0a2cd in state_machine samples/SAFE/__tmp_3fb37be9.c:106
    #164 0x606112f0a2cd in state_machine samples/SAFE/__tmp_3fb37be9.c:106
    #165 0x606112f0a2cd in state_machine samples/SAFE/__tmp_3fb37be9.c:106
    #166 0x606112f0a2cd in state_machine samples/SAFE/__tmp_3fb37be9.c:106
    #167 0x606112f0a2cd in state_machine samples/SAFE/__tmp_3fb37be9.c:106
    #168 0x606112f0a2cd in state_machine samples/SAFE/__tmp_3fb37be9.c:106
    #169 0x606112f0a2cd in state_machine samples/SAFE/__tmp_3fb37be9.c:106
    #170 0x606112f0a2cd in state_machine samples/SAFE/__tmp_3fb37be9.c:106
    #171 0x606112f0a2cd in state_machine samples/SAFE/__tmp_3fb37be9.c:106
    #172 0x606112f0a2cd in state_machine samples/SAFE/__tmp_3fb37be9.c:106
    #173 0x606112f0a2cd in state_machine samples/SAFE/__tmp_3fb37be9.c:106
    #174 0x606112f0a2cd in state_machine samples/SAFE/__tmp_3fb37be9.c:106
    #175 0x606112f0a2cd in state_machine samples/SAFE/__tmp_3fb37be9.c:106
    #176 0x606112f0a2cd in state_machine samples/SAFE/__tmp_3fb37be9.c:106
    #177 0x606112f0a2cd in state_machine samples/SAFE/__tmp_3fb37be9.c:106
    #178 0x606112f0a2cd in state_machine samples/SAFE/__tmp_3fb37be9.c:106
    #179 0x606112f0a2cd in state_machine samples/SAFE/__tmp_3fb37be9.c:106
    #180 0x606112f0a2cd in state_machine samples/SAFE/__tmp_3fb37be9.c:106
    #181 0x606112f0a2cd in state_machine samples/SAFE/__tmp_3fb37be9.c:106
    #182 0x606112f0a2cd in state_machine samples/SAFE/__tmp_3fb37be9.c:106
    #183 0x606112f0a2cd in state_machine samples/SAFE/__tmp_3fb37be9.c:106
    #184 0x606112f0a2cd in state_machine samples/SAFE/__tmp_3fb37be9.c:106
    #185 0x606112f0a2cd in state_machine samples/SAFE/__tmp_3fb37be9.c:106
    #186 0x606112f0a2cd in state_machine samples/SAFE/__tmp_3fb37be9.c:106
    #187 0x606112f0a2cd in state_machine samples/SAFE/__tmp_3fb37be9.c:106
    #188 0x606112f0a2cd in state_machine samples/SAFE/__tmp_3fb37be9.c:106
    #189 0x606112f0a2cd in state_machine samples/SAFE/__tmp_3fb37be9.c:106
    #190 0x606112f0a2cd in state_machine samples/SAFE/__tmp_3fb37be9.c:106
    #191 0x606112f0a2cd in state_machine samples/SAFE/__tmp_3fb37be9.c:106
    #192 0x606112f0a2cd in state_machine samples/SAFE/__tmp_3fb37be9.c:106
    #193 0x606112f0a2cd in state_machine samples/SAFE/__tmp_3fb37be9.c:106
    #194 0x606112f0a2cd in state_machine samples/SAFE/__tmp_3fb37be9.c:106
    #195 0x606112f0a2cd in state_machine samples/SAFE/__tmp_3fb37be9.c:106
    #196 0x606112f0a2cd in state_machine samples/SAFE/__tmp_3fb37be9.c:106
    #197 0x606112f0a2cd in state_machine samples/SAFE/__tmp_3fb37be9.c:106
    #198 0x606112f0a2cd in state_machine samples/SAFE/__tmp_3fb37be9.c:106
    #199 0x606112f0a2cd in state_machine samples/SAFE/__tmp_3fb37be9.c:106
    #200 0x606112f0a2cd in state_machine samples/SAFE/__tmp_3fb37be9.c:106
    #201 0x606112f0a2cd in state_machine samples/SAFE/__tmp_3fb37be9.c:106
    #202 0x606112f0a2cd in state_machine samples/SAFE/__tmp_3fb37be9.c:106
    #203 0x606112f0a2cd in state_machine samples/SAFE/__tmp_3fb37be9.c:106
    #204 0x606112f0a2cd in state_machine samples/SAFE/__tmp_3fb37be9.c:106
    #205 0x606112f0a2cd in state_machine samples/SAFE/__tmp_3fb37be9.c:106
    #206 0x606112f0a2cd in state_machine samples/SAFE/__tmp_3fb37be9.c:106
    #207 0x606112f0a2cd in state_machine samples/SAFE/__tmp_3fb37be9.c:106
    #208 0x606112f0a2cd in state_machine samples/SAFE/__tmp_3fb37be9.c:106
    #209 0x606112f0a2cd in state_machine samples/SAFE/__tmp_3fb37be9.c:106
    #210 0x606112f0a2cd in state_machine samples/SAFE/__tmp_3fb37be9.c:106
    #211 0x606112f0a2cd in state_machine samples/SAFE/__tmp_3fb37be9.c:106
    #212 0x606112f0a2cd in state_machine samples/SAFE/__tmp_3fb37be9.c:106
    #213 0x606112f0a2cd in state_machine samples/SAFE/__tmp_3fb37be9.c:106
    #214 0x606112f0a2cd in state_machine samples/SAFE/__tmp_3fb37be9.c:106
    #215 0x606112f0a2cd in state_machine samples/SAFE/__tmp_3fb37be9.c:106
    #216 0x606112f0a2cd in state_machine samples/SAFE/__tmp_3fb37be9.c:106
    #217 0x606112f0a2cd in state_machine samples/SAFE/__tmp_3fb37be9.c:106
    #218 0x606112f0a2cd in state_machine samples/SAFE/__tmp_3fb37be9.c:106
    #219 0x606112f0a2cd in state_machine samples/SAFE/__tmp_3fb37be9.c:106
    #220 0x606112f0a2cd in state_machine samples/SAFE/__tmp_3fb37be9.c:106
    #221 0x606112f0a2cd in state_machine samples/SAFE/__tmp_3fb37be9.c:106
    #222 0x606112f0a2cd in state_machine samples/SAFE/__tmp_3fb37be9.c:106
    #223 0x606112f0a2cd in state_machine samples/SAFE/__tmp_3fb37be9.c:106
    #224 0x606112f0a2cd in state_machine samples/SAFE/__tmp_3fb37be9.c:106
    #225 0x606112f0a2cd in state_machine samples/SAFE/__tmp_3fb37be9.c:106
    #226 0x606112f0a2cd in state_machine samples/SAFE/__tmp_3fb37be9.c:106
    #227 0x606112f0a2cd in state_machine samples/SAFE/__tmp_3fb37be9.c:106
    #228 0x606112f0a2cd in state_machine samples/SAFE/__tmp_3fb37be9.c:106
    #229 0x606112f0a2cd in state_machine samples/SAFE/__tmp_3fb37be9.c:106
    #230 0x606112f0a2cd in state_machine samples/SAFE/__tmp_3fb37be9.c:106
    #231 0x606112f0a2cd in state_machine samples/SAFE/__tmp_3fb37be9.c:106
    #232 0x606112f0a2cd in state_machine samples/SAFE/__tmp_3fb37be9.c:106
    #233 0x606112f0a2cd in state_machine samples/SAFE/__tmp_3fb37be9.c:106
    #234 0x606112f0a2cd in state_machine samples/SAFE/__tmp_3fb37be9.c:106
    #235 0x606112f0a2cd in state_machine samples/SAFE/__tmp_3fb37be9.c:106
    #236 0x606112f0a2cd in state_machine samples/SAFE/__tmp_3fb37be9.c:106
    #237 0x606112f0a2cd in state_machine samples/SAFE/__tmp_3fb37be9.c:106
    #238 0x606112f0a2cd in state_machine samples/SAFE/__tmp_3fb37be9.c:106
    #239 0x606112f0a2cd in state_machine samples/SAFE/__tmp_3fb37be9.c:106
    #240 0x606112f0a2cd in state_machine samples/SAFE/__tmp_3fb37be9.c:106
    #241 0x606112f0a2cd in state_machine samples/SAFE/__tmp_3fb37be9.c:106
    #242 0x606112f0a2cd in state_machine samples/SAFE/__tmp_3fb37be9.c:106
    #243 0x606112f0a2cd in state_machine samples/SAFE/__tmp_3fb37be9.c:106
    #244 0x606112f0a2cd in state_machine samples/SAFE/__tmp_3fb37be9.c:106
    #245 0x606112f0a2cd in state_machine samples/SAFE/__tmp_3fb37be9.c:106
    #246 0x606112f0a2cd in state_machine samples/SAFE/__tmp_3fb37be9.c:106

SUMMARY: AddressSanitizer: stack-overflow samples/SAFE/__tmp_3fb37be9.c:76 in state_machine
==28460==ABORTING
