
AddressSanitizer:DEADLYSIGNAL
=================================================================
==139801==ERROR: AddressSanitizer: stack-overflow on address 0x7ffe09ed8ff8 (pc 0x57849fcac449 bp 0x7ffe09ed9000 sp 0x7ffe09ed9000 T0)
    #0 0x57849fcac449 in handle_read_char samples/SAFE/__tmp_ee935560.c:32
    #1 0x57849fcacc9d in process_state_machine samples/SAFE/__tmp_ee935560.c:84
    #2 0x57849fcacdb8 in process_state_machine samples/SAFE/__tmp_ee935560.c:97
    #3 0x57849fcacdb8 in process_state_machine samples/SAFE/__tmp_ee935560.c:97
    #4 0x57849fcacdb8 in process_state_machine samples/SAFE/__tmp_ee935560.c:97
    #5 0x57849fcacdb8 in process_state_machine samples/SAFE/__tmp_ee935560.c:97
    #6 0x57849fcacdb8 in process_state_machine samples/SAFE/__tmp_ee935560.c:97
    #7 0x57849fcacdb8 in process_state_machine samples/SAFE/__tmp_ee935560.c:97
    #8 0x57849fcacdb8 in process_state_machine samples/SAFE/__tmp_ee935560.c:97
    #9 0x57849fcacdb8 in process_state_machine samples/SAFE/__tmp_ee935560.c:97
    #10 0x57849fcacdb8 in process_state_machine samples/SAFE/__tmp_ee935560.c:97
    #11 0x57849fcacdb8 in process_state_machine samples/SAFE/__tmp_ee935560.c:97
    #12 0x57849fcacdb8 in process_state_machine samples/SAFE/__tmp_ee935560.c:97
    #13 0x57849fcacdb8 in process_state_machine samples/SAFE/__tmp_ee935560.c:97
    #14 0x57849fcacdb8 in process_state_machine samples/SAFE/__tmp_ee935560.c:97
    #15 0x57849fcacdb8 in process_state_machine samples/SAFE/__tmp_ee935560.c:97
    #16 0x57849fcacdb8 in process_state_machine samples/SAFE/__tmp_ee935560.c:97
    #17 0x57849fcacdb8 in process_state_machine samples/SAFE/__tmp_ee935560.c:97
    #18 0x57849fcacdb8 in process_state_machine samples/SAFE/__tmp_ee935560.c:97
    #19 0x57849fcacdb8 in process_state_machine samples/SAFE/__tmp_ee935560.c:97
    #20 0x57849fcacdb8 in process_state_machine samples/SAFE/__tmp_ee935560.c:97
    #21 0x57849fcacdb8 in process_state_machine samples/SAFE/__tmp_ee935560.c:97
    #22 0x57849fcacdb8 in process_state_machine samples/SAFE/__tmp_ee935560.c:97
    #23 0x57849fcacdb8 in process_state_machine samples/SAFE/__tmp_ee935560.c:97
    #24 0x57849fcacdb8 in process_state_machine samples/SAFE/__tmp_ee935560.c:97
    #25 0x57849fcacdb8 in process_state_machine samples/SAFE/__tmp_ee935560.c:97
    #26 0x57849fcacdb8 in process_state_machine samples/SAFE/__tmp_ee935560.c:97
    #27 0x57849fcacdb8 in process_state_machine samples/SAFE/__tmp_ee935560.c:97
    #28 0x57849fcacdb8 in process_state_machine samples/SAFE/__tmp_ee935560.c:97
    #29 0x57849fcacdb8 in process_state_machine samples/SAFE/__tmp_ee935560.c:97
    #30 0x57849fcacdb8 in process_state_machine samples/SAFE/__tmp_ee935560.c:97
    #31 0x57849fcacdb8 in process_state_machine samples/SAFE/__tmp_ee935560.c:97
    #32 0x57849fcacdb8 in process_state_machine samples/SAFE/__tmp_ee935560.c:97
    #33 0x57849fcacdb8 in process_state_machine samples/SAFE/__tmp_ee935560.c:97
    #34 0x57849fcacdb8 in process_state_machine samples/SAFE/__tmp_ee935560.c:97
    #35 0x57849fcacdb8 in process_state_machine samples/SAFE/__tmp_ee935560.c:97
    #36 0x57849fcacdb8 in process_state_machine samples/SAFE/__tmp_ee935560.c:97
    #37 0x57849fcacdb8 in process_state_machine samples/SAFE/__tmp_ee935560.c:97
    #38 0x57849fcacdb8 in process_state_machine samples/SAFE/__tmp_ee935560.c:97
    #39 0x57849fcacdb8 in process_state_machine samples/SAFE/__tmp_ee935560.c:97
    #40 0x57849fcacdb8 in process_state_machine samples/SAFE/__tmp_ee935560.c:97
    #41 0x57849fcacdb8 in process_state_machine samples/SAFE/__tmp_ee935560.c:97
    #42 0x57849fcacdb8 in process_state_machine samples/SAFE/__tmp_ee935560.c:97
    #43 0x57849fcacdb8 in process_state_machine samples/SAFE/__tmp_ee935560.c:97
    #44 0x57849fcacdb8 in process_state_machine samples/SAFE/__tmp_ee935560.c:97
    #45 0x57849fcacdb8 in process_state_machine samples/SAFE/__tmp_ee935560.c:97
    #46 0x57849fcacdb8 in process_state_machine samples/SAFE/__tmp_ee935560.c:97
    #47 0x57849fcacdb8 in process_state_machine samples/SAFE/__tmp_ee935560.c:97
    #48 0x57849fcacdb8 in process_state_machine samples/SAFE/__tmp_ee935560.c:97
    #49 0x57849fcacdb8 in process_state_machine samples/SAFE/__tmp_ee935560.c:97
    #50 0x57849fcacdb8 in process_state_machine samples/SAFE/__tmp_ee935560.c:97
    #51 0x57849fcacdb8 in process_state_machine samples/SAFE/__tmp_ee935560.c:97
    #52 0x57849fcacdb8 in process_state_machine samples/SAFE/__tmp_ee935560.c:97
    #53 0x57849fcacdb8 in process_state_machine samples/SAFE/__tmp_ee935560.c:97
    #54 0x57849fcacdb8 in process_state_machine samples/SAFE/__tmp_ee935560.c:97
    #55 0x57849fcacdb8 in process_state_machine samples/SAFE/__tmp_ee935560.c:97
    #56 0x57849fcacdb8 in process_state_machine samples/SAFE/__tmp_ee935560.c:97
    #57 0x57849fcacdb8 in process_state_machine samples/SAFE/__tmp_ee935560.c:97
    #58 0x57849fcacdb8 in process_state_machine samples/SAFE/__tmp_ee935560.c:97
    #59 0x57849fcacdb8 in process_state_machine samples/SAFE/__tmp_ee935560.c:97
    #60 0x57849fcacdb8 in process_state_machine samples/SAFE/__tmp_ee935560.c:97
    #61 0x57849fcacdb8 in process_state_machine samples/SAFE/__tmp_ee935560.c:97
    #62 0x57849fcacdb8 in process_state_machine samples/SAFE/__tmp_ee935560.c:97
    #63 0x57849fcacdb8 in process_state_machine samples/SAFE/__tmp_ee935560.c:97
    #64 0x57849fcacdb8 in process_state_machine samples/SAFE/__tmp_ee935560.c:97
    #65 0x57849fcacdb8 in process_state_machine samples/SAFE/__tmp_ee935560.c:97
    #66 0x57849fcacdb8 in process_state_machine samples/SAFE/__tmp_ee935560.c:97
    #67 0x57849fcacdb8 in process_state_machine samples/SAFE/__tmp_ee935560.c:97
    #68 0x57849fcacdb8 in process_state_machine samples/SAFE/__tmp_ee935560.c:97
    #69 0x57849fcacdb8 in process_state_machine samples/SAFE/__tmp_ee935560.c:97
    #70 0x57849fcacdb8 in process_state_machine samples/SAFE/__tmp_ee935560.c:97
    #71 0x57849fcacdb8 in process_state_machine samples/SAFE/__tmp_ee935560.c:97
    #72 0x57849fcacdb8 in process_state_machine samples/SAFE/__tmp_ee935560.c:97
    #73 0x57849fcacdb8 in process_state_machine samples/SAFE/__tmp_ee935560.c:97
    #74 0x57849fcacdb8 in process_state_machine samples/SAFE/__tmp_ee935560.c:97
    #75 0x57849fcacdb8 in process_state_machine samples/SAFE/__tmp_ee935560.c:97
    #76 0x57849fcacdb8 in process_state_machine samples/SAFE/__tmp_ee935560.c:97
    #77 0x57849fcacdb8 in process_state_machine samples/SAFE/__tmp_ee935560.c:97
    #78 0x57849fcacdb8 in process_state_machine samples/SAFE/__tmp_ee935560.c:97
    #79 0x57849fcacdb8 in process_state_machine samples/SAFE/__tmp_ee935560.c:97
    #80 0x57849fcacdb8 in process_state_machine samples/SAFE/__tmp_ee935560.c:97
    #81 0x57849fcacdb8 in process_state_machine samples/SAFE/__tmp_ee935560.c:97
    #82 0x57849fcacdb8 in process_state_machine samples/SAFE/__tmp_ee935560.c:97
    #83 0x57849fcacdb8 in process_state_machine samples/SAFE/__tmp_ee935560.c:97
    #84 0x57849fcacdb8 in process_state_machine samples/SAFE/__tmp_ee935560.c:97
    #85 0x57849fcacdb8 in process_state_machine samples/SAFE/__tmp_ee935560.c:97
    #86 0x57849fcacdb8 in process_state_machine samples/SAFE/__tmp_ee935560.c:97
    #87 0x57849fcacdb8 in process_state_machine samples/SAFE/__tmp_ee935560.c:97
    #88 0x57849fcacdb8 in process_state_machine samples/SAFE/__tmp_ee935560.c:97
    #89 0x57849fcacdb8 in process_state_machine samples/SAFE/__tmp_ee935560.c:97
    #90 0x57849fcacdb8 in process_state_machine samples/SAFE/__tmp_ee935560.c:97
    #91 0x57849fcacdb8 in process_state_machine samples/SAFE/__tmp_ee935560.c:97
    #92 0x57849fcacdb8 in process_state_machine samples/SAFE/__tmp_ee935560.c:97
    #93 0x57849fcacdb8 in process_state_machine samples/SAFE/__tmp_ee935560.c:97
    #94 0x57849fcacdb8 in process_state_machine samples/SAFE/__tmp_ee935560.c:97
    #95 0x57849fcacdb8 in process_state_machine samples/SAFE/__tmp_ee935560.c:97
    #96 0x57849fcacdb8 in process_state_machine samples/SAFE/__tmp_ee935560.c:97
    #97 0x57849fcacdb8 in process_state_machine samples/SAFE/__tmp_ee935560.c:97
    #98 0x57849fcacdb8 in process_state_machine samples/SAFE/__tmp_ee935560.c:97
    #99 0x57849fcacdb8 in process_state_machine samples/SAFE/__tmp_ee935560.c:97
    #100 0x57849fcacdb8 in process_state_machine samples/SAFE/__tmp_ee935560.c:97
    #101 0x57849fcacdb8 in process_state_machine samples/SAFE/__tmp_ee935560.c:97
    #102 0x57849fcacdb8 in process_state_machine samples/SAFE/__tmp_ee935560.c:97
    #103 0x57849fcacdb8 in process_state_machine samples/SAFE/__tmp_ee935560.c:97
    #104 0x57849fcacdb8 in process_state_machine samples/SAFE/__tmp_ee935560.c:97
    #105 0x57849fcacdb8 in process_state_machine samples/SAFE/__tmp_ee935560.c:97
    #106 0x57849fcacdb8 in process_state_machine samples/SAFE/__tmp_ee935560.c:97
    #107 0x57849fcacdb8 in process_state_machine samples/SAFE/__tmp_ee935560.c:97
    #108 0x57849fcacdb8 in process_state_machine samples/SAFE/__tmp_ee935560.c:97
    #109 0x57849fcacdb8 in process_state_machine samples/SAFE/__tmp_ee935560.c:97
    #110 0x57849fcacdb8 in process_state_machine samples/SAFE/__tmp_ee935560.c:97
    #111 0x57849fcacdb8 in process_state_machine samples/SAFE/__tmp_ee935560.c:97
    #112 0x57849fcacdb8 in process_state_machine samples/SAFE/__tmp_ee935560.c:97
    #113 0x57849fcacdb8 in process_state_machine samples/SAFE/__tmp_ee935560.c:97
    #114 0x57849fcacdb8 in process_state_machine samples/SAFE/__tmp_ee935560.c:97
    #115 0x57849fcacdb8 in process_state_machine samples/SAFE/__tmp_ee935560.c:97
    #116 0x57849fcacdb8 in process_state_machine samples/SAFE/__tmp_ee935560.c:97
    #117 0x57849fcacdb8 in process_state_machine samples/SAFE/__tmp_ee935560.c:97
    #118 0x57849fcacdb8 in process_state_machine samples/SAFE/__tmp_ee935560.c:97
    #119 0x57849fcacdb8 in process_state_machine samples/SAFE/__tmp_ee935560.c:97
    #120 0x57849fcacdb8 in process_state_machine samples/SAFE/__tmp_ee935560.c:97
    #121 0x57849fcacdb8 in process_state_machine samples/SAFE/__tmp_ee935560.c:97
    #122 0x57849fcacdb8 in process_state_machine samples/SAFE/__tmp_ee935560.c:97
    #123 0x57849fcacdb8 in process_state_machine samples/SAFE/__tmp_ee935560.c:97
    #124 0x57849fcacdb8 in process_state_machine samples/SAFE/__tmp_ee935560.c:97
    #125 0x57849fcacdb8 in process_state_machine samples/SAFE/__tmp_ee935560.c:97
    #126 0x57849fcacdb8 in process_state_machine samples/SAFE/__tmp_ee935560.c:97
    #127 0x57849fcacdb8 in process_state_machine samples/SAFE/__tmp_ee935560.c:97
    #128 0x57849fcacdb8 in process_state_machine samples/SAFE/__tmp_ee935560.c:97
    #129 0x57849fcacdb8 in process_state_machine samples/SAFE/__tmp_ee935560.c:97
    #130 0x57849fcacdb8 in process_state_machine samples/SAFE/__tmp_ee935560.c:97
    #131 0x57849fcacdb8 in process_state_machine samples/SAFE/__tmp_ee935560.c:97
    #132 0x57849fcacdb8 in process_state_machine samples/SAFE/__tmp_ee935560.c:97
    #133 0x57849fcacdb8 in process_state_machine samples/SAFE/__tmp_ee935560.c:97
    #134 0x57849fcacdb8 in process_state_machine samples/SAFE/__tmp_ee935560.c:97
    #135 0x57849fcacdb8 in process_state_machine samples/SAFE/__tmp_ee935560.c:97
    #136 0x57849fcacdb8 in process_state_machine samples/SAFE/__tmp_ee935560.c:97
    #137 0x57849fcacdb8 in process_state_machine samples/SAFE/__tmp_ee935560.c:97
    #138 0x57849fcacdb8 in process_state_machine samples/SAFE/__tmp_ee935560.c:97
    #139 0x57849fcacdb8 in process_state_machine samples/SAFE/__tmp_ee935560.c:97
    #140 0x57849fcacdb8 in process_state_machine samples/SAFE/__tmp_ee935560.c:97
    #141 0x57849fcacdb8 in process_state_machine samples/SAFE/__tmp_ee935560.c:97
    #142 0x57849fcacdb8 in process_state_machine samples/SAFE/__tmp_ee935560.c:97
    #143 0x57849fcacdb8 in process_state_machine samples/SAFE/__tmp_ee935560.c:97
    #144 0x57849fcacdb8 in process_state_machine samples/SAFE/__tmp_ee935560.c:97
    #145 0x57849fcacdb8 in process_state_machine samples/SAFE/__tmp_ee935560.c:97
    #146 0x57849fcacdb8 in process_state_machine samples/SAFE/__tmp_ee935560.c:97
    #147 0x57849fcacdb8 in process_state_machine samples/SAFE/__tmp_ee935560.c:97
    #148 0x57849fcacdb8 in process_state_machine samples/SAFE/__tmp_ee935560.c:97
    #149 0x57849fcacdb8 in process_state_machine samples/SAFE/__tmp_ee935560.c:97
    #150 0x57849fcacdb8 in process_state_machine samples/SAFE/__tmp_ee935560.c:97
    #151 0x57849fcacdb8 in process_state_machine samples/SAFE/__tmp_ee935560.c:97
    #152 0x57849fcacdb8 in process_state_machine samples/SAFE/__tmp_ee935560.c:97
    #153 0x57849fcacdb8 in process_state_machine samples/SAFE/__tmp_ee935560.c:97
    #154 0x57849fcacdb8 in process_state_machine samples/SAFE/__tmp_ee935560.c:97
    #155 0x57849fcacdb8 in process_state_machine samples/SAFE/__tmp_ee935560.c:97
    #156 0x57849fcacdb8 in process_state_machine samples/SAFE/__tmp_ee935560.c:97
    #157 0x57849fcacdb8 in process_state_machine samples/SAFE/__tmp_ee935560.c:97
    #158 0x57849fcacdb8 in process_state_machine samples/SAFE/__tmp_ee935560.c:97
    #159 0x57849fcacdb8 in process_state_machine samples/SAFE/__tmp_ee935560.c:97
    #160 0x57849fcacdb8 in process_state_machine samples/SAFE/__tmp_ee935560.c:97
    #161 0x57849fcacdb8 in process_state_machine samples/SAFE/__tmp_ee935560.c:97
    #162 0x57849fcacdb8 in process_state_machine samples/SAFE/__tmp_ee935560.c:97
    #163 0x57849fcacdb8 in process_state_machine samples/SAFE/__tmp_ee935560.c:97
    #164 0x57849fcacdb8 in process_state_machine samples/SAFE/__tmp_ee935560.c:97
    #165 0x57849fcacdb8 in process_state_machine samples/SAFE/__tmp_ee935560.c:97
    #166 0x57849fcacdb8 in process_state_machine samples/SAFE/__tmp_ee935560.c:97
    #167 0x57849fcacdb8 in process_state_machine samples/SAFE/__tmp_ee935560.c:97
    #168 0x57849fcacdb8 in process_state_machine samples/SAFE/__tmp_ee935560.c:97
    #169 0x57849fcacdb8 in process_state_machine samples/SAFE/__tmp_ee935560.c:97
    #170 0x57849fcacdb8 in process_state_machine samples/SAFE/__tmp_ee935560.c:97
    #171 0x57849fcacdb8 in process_state_machine samples/SAFE/__tmp_ee935560.c:97
    #172 0x57849fcacdb8 in process_state_machine samples/SAFE/__tmp_ee935560.c:97
    #173 0x57849fcacdb8 in process_state_machine samples/SAFE/__tmp_ee935560.c:97
    #174 0x57849fcacdb8 in process_state_machine samples/SAFE/__tmp_ee935560.c:97
    #175 0x57849fcacdb8 in process_state_machine samples/SAFE/__tmp_ee935560.c:97
    #176 0x57849fcacdb8 in process_state_machine samples/SAFE/__tmp_ee935560.c:97
    #177 0x57849fcacdb8 in process_state_machine samples/SAFE/__tmp_ee935560.c:97
    #178 0x57849fcacdb8 in process_state_machine samples/SAFE/__tmp_ee935560.c:97
    #179 0x57849fcacdb8 in process_state_machine samples/SAFE/__tmp_ee935560.c:97
    #180 0x57849fcacdb8 in process_state_machine samples/SAFE/__tmp_ee935560.c:97
    #181 0x57849fcacdb8 in process_state_machine samples/SAFE/__tmp_ee935560.c:97
    #182 0x57849fcacdb8 in process_state_machine samples/SAFE/__tmp_ee935560.c:97
    #183 0x57849fcacdb8 in process_state_machine samples/SAFE/__tmp_ee935560.c:97
    #184 0x57849fcacdb8 in process_state_machine samples/SAFE/__tmp_ee935560.c:97
    #185 0x57849fcacdb8 in process_state_machine samples/SAFE/__tmp_ee935560.c:97
    #186 0x57849fcacdb8 in process_state_machine samples/SAFE/__tmp_ee935560.c:97
    #187 0x57849fcacdb8 in process_state_machine samples/SAFE/__tmp_ee935560.c:97
    #188 0x57849fcacdb8 in process_state_machine samples/SAFE/__tmp_ee935560.c:97
    #189 0x57849fcacdb8 in process_state_machine samples/SAFE/__tmp_ee935560.c:97
    #190 0x57849fcacdb8 in process_state_machine samples/SAFE/__tmp_ee935560.c:97
    #191 0x57849fcacdb8 in process_state_machine samples/SAFE/__tmp_ee935560.c:97
    #192 0x57849fcacdb8 in process_state_machine samples/SAFE/__tmp_ee935560.c:97
    #193 0x57849fcacdb8 in process_state_machine samples/SAFE/__tmp_ee935560.c:97
    #194 0x57849fcacdb8 in process_state_machine samples/SAFE/__tmp_ee935560.c:97
    #195 0x57849fcacdb8 in process_state_machine samples/SAFE/__tmp_ee935560.c:97
    #196 0x57849fcacdb8 in process_state_machine samples/SAFE/__tmp_ee935560.c:97
    #197 0x57849fcacdb8 in process_state_machine samples/SAFE/__tmp_ee935560.c:97
    #198 0x57849fcacdb8 in process_state_machine samples/SAFE/__tmp_ee935560.c:97
    #199 0x57849fcacdb8 in process_state_machine samples/SAFE/__tmp_ee935560.c:97
    #200 0x57849fcacdb8 in process_state_machine samples/SAFE/__tmp_ee935560.c:97
    #201 0x57849fcacdb8 in process_state_machine samples/SAFE/__tmp_ee935560.c:97
    #202 0x57849fcacdb8 in process_state_machine samples/SAFE/__tmp_ee935560.c:97
    #203 0x57849fcacdb8 in process_state_machine samples/SAFE/__tmp_ee935560.c:97
    #204 0x57849fcacdb8 in process_state_machine samples/SAFE/__tmp_ee935560.c:97
    #205 0x57849fcacdb8 in process_state_machine samples/SAFE/__tmp_ee935560.c:97
    #206 0x57849fcacdb8 in process_state_machine samples/SAFE/__tmp_ee935560.c:97
    #207 0x57849fcacdb8 in process_state_machine samples/SAFE/__tmp_ee935560.c:97
    #208 0x57849fcacdb8 in process_state_machine samples/SAFE/__tmp_ee935560.c:97
    #209 0x57849fcacdb8 in process_state_machine samples/SAFE/__tmp_ee935560.c:97
    #210 0x57849fcacdb8 in process_state_machine samples/SAFE/__tmp_ee935560.c:97
    #211 0x57849fcacdb8 in process_state_machine samples/SAFE/__tmp_ee935560.c:97
    #212 0x57849fcacdb8 in process_state_machine samples/SAFE/__tmp_ee935560.c:97
    #213 0x57849fcacdb8 in process_state_machine samples/SAFE/__tmp_ee935560.c:97
    #214 0x57849fcacdb8 in process_state_machine samples/SAFE/__tmp_ee935560.c:97
    #215 0x57849fcacdb8 in process_state_machine samples/SAFE/__tmp_ee935560.c:97
    #216 0x57849fcacdb8 in process_state_machine samples/SAFE/__tmp_ee935560.c:97
    #217 0x57849fcacdb8 in process_state_machine samples/SAFE/__tmp_ee935560.c:97
    #218 0x57849fcacdb8 in process_state_machine samples/SAFE/__tmp_ee935560.c:97
    #219 0x57849fcacdb8 in process_state_machine samples/SAFE/__tmp_ee935560.c:97
    #220 0x57849fcacdb8 in process_state_machine samples/SAFE/__tmp_ee935560.c:97
    #221 0x57849fcacdb8 in process_state_machine samples/SAFE/__tmp_ee935560.c:97
    #222 0x57849fcacdb8 in process_state_machine samples/SAFE/__tmp_ee935560.c:97
    #223 0x57849fcacdb8 in process_state_machine samples/SAFE/__tmp_ee935560.c:97
    #224 0x57849fcacdb8 in process_state_machine samples/SAFE/__tmp_ee935560.c:97
    #225 0x57849fcacdb8 in process_state_machine samples/SAFE/__tmp_ee935560.c:97
    #226 0x57849fcacdb8 in process_state_machine samples/SAFE/__tmp_ee935560.c:97
    #227 0x57849fcacdb8 in process_state_machine samples/SAFE/__tmp_ee935560.c:97
    #228 0x57849fcacdb8 in process_state_machine samples/SAFE/__tmp_ee935560.c:97
    #229 0x57849fcacdb8 in process_state_machine samples/SAFE/__tmp_ee935560.c:97
    #230 0x57849fcacdb8 in process_state_machine samples/SAFE/__tmp_ee935560.c:97
    #231 0x57849fcacdb8 in process_state_machine samples/SAFE/__tmp_ee935560.c:97
    #232 0x57849fcacdb8 in process_state_machine samples/SAFE/__tmp_ee935560.c:97
    #233 0x57849fcacdb8 in process_state_machine samples/SAFE/__tmp_ee935560.c:97
    #234 0x57849fcacdb8 in process_state_machine samples/SAFE/__tmp_ee935560.c:97
    #235 0x57849fcacdb8 in process_state_machine samples/SAFE/__tmp_ee935560.c:97
    #236 0x57849fcacdb8 in process_state_machine samples/SAFE/__tmp_ee935560.c:97
    #237 0x57849fcacdb8 in process_state_machine samples/SAFE/__tmp_ee935560.c:97
    #238 0x57849fcacdb8 in process_state_machine samples/SAFE/__tmp_ee935560.c:97
    #239 0x57849fcacdb8 in process_state_machine samples/SAFE/__tmp_ee935560.c:97
    #240 0x57849fcacdb8 in process_state_machine samples/SAFE/__tmp_ee935560.c:97
    #241 0x57849fcacdb8 in process_state_machine samples/SAFE/__tmp_ee935560.c:97
    #242 0x57849fcacdb8 in process_state_machine samples/SAFE/__tmp_ee935560.c:97
    #243 0x57849fcacdb8 in process_state_machine samples/SAFE/__tmp_ee935560.c:97
    #244 0x57849fcacdb8 in process_state_machine samples/SAFE/__tmp_ee935560.c:97
    #245 0x57849fcacdb8 in process_state_machine samples/SAFE/__tmp_ee935560.c:97
    #246 0x57849fcacdb8 in process_state_machine samples/SAFE/__tmp_ee935560.c:97

SUMMARY: AddressSanitizer: stack-overflow samples/SAFE/__tmp_ee935560.c:32 in handle_read_char
==139801==ABORTING
