
=================================================================
==1379==ERROR: AddressSanitizer: stack-buffer-overflow on address 0x7459405004f5 at pc 0x6127699cc617 bp 0x7ffe594921b0 sp 0x7ffe594921a0
READ of size 1 at 0x7459405004f5 thread T0
    #0 0x6127699cc616 in process_input samples/SAFE/__tmp_f4b9c8b1.c:45
    #1 0x6127699cd167 in main samples/SAFE/__tmp_f4b9c8b1.c:144
    #2 0x74594242a1c9  (/lib/x86_64-linux-gnu/libc.so.6+0x2a1c9) (BuildId: 274eec488d230825a136fa9c4d85370fed7a0a5e)
    #3 0x74594242a28a in __libc_start_main (/lib/x86_64-linux-gnu/libc.so.6+0x2a28a) (BuildId: 274eec488d230825a136fa9c4d85370fed7a0a5e)
    #4 0x6127699cc304 in _start (/home/r84388172/Generating SAFE samples/samples/SAFE/__tmp_f4b9c8b1.c.san+0x3304) (BuildId: a1f3a0e8e047446be97548645ba751b6c85e1eaa)

Address 0x7459405004f5 is located in stack of thread T0 at offset 1269 in frame
    #0 0x6127699ccfb6 in main samples/SAFE/__tmp_f4b9c8b1.c:122

  This frame has 2 object(s):
    [32, 1040) 'buffer' (line 124)
    [1168, 1269) 'input' (line 123) <== Memory access at offset 1269 overflows this variable
HINT: this may be a false positive if your program uses some custom stack unwind mechanism, swapcontext or vfork
      (longjmp and C++ exceptions *are* supported)
SUMMARY: AddressSanitizer: stack-buffer-overflow samples/SAFE/__tmp_f4b9c8b1.c:45 in process_input
Shadow bytes around the buggy address:
  0x745940500200: 00 00 00 00 00 00 00 00 00 00 00 00 00 00 00 00
  0x745940500280: 00 00 00 00 00 00 00 00 00 00 00 00 00 00 00 00
  0x745940500300: 00 00 00 00 00 00 00 00 00 00 00 00 00 00 00 00
  0x745940500380: 00 00 00 00 00 00 00 00 00 00 00 00 00 00 00 00
  0x745940500400: 00 00 f2 f2 f2 f2 f2 f2 f2 f2 f2 f2 f2 f2 f2 f2
=>0x745940500480: f2 f2 00 00 00 00 00 00 00 00 00 00 00 00[05]f3
  0x745940500500: f3 f3 f3 f3 00 00 00 00 00 00 00 00 00 00 00 00
  0x745940500580: 00 00 00 00 00 00 00 00 00 00 00 00 00 00 00 00
  0x745940500600: 00 00 00 00 00 00 00 00 00 00 00 00 00 00 00 00
  0x745940500680: 00 00 00 00 00 00 00 00 00 00 00 00 00 00 00 00
  0x745940500700: 00 00 00 00 00 00 00 00 00 00 00 00 00 00 00 00
Shadow byte legend (one shadow byte represents 8 application bytes):
  Addressable:           00
  Partially addressable: 01 02 03 04 05 06 07 
  Heap left redzone:       fa
  Freed heap region:       fd
  Stack left redzone:      f1
  Stack mid redzone:       f2
  Stack right redzone:     f3
  Stack after return:      f5
  Stack use after scope:   f8
  Global redzone:          f9
  Global init order:       f6
  Poisoned by user:        f7
  Container overflow:      fc
  Array cookie:            ac
  Intra object redzone:    bb
  ASan internal:           fe
  Left alloca redzone:     ca
  Right alloca redzone:    cb
==1379==ABORTING
