
AddressSanitizer:DEADLYSIGNAL
=================================================================
==121144==ERROR: AddressSanitizer: stack-overflow on address 0x7ffce9f26fe8 (pc 0x640c32ae444c bp 0x7ffce9f27030 sp 0x7ffce9f26ff0 T0)
    #0 0x640c32ae444c in compress_chunk samples/SAFE/__tmp_a17b512c.c:29
    #1 0x640c32ae4450 in compress_chunk samples/SAFE/__tmp_a17b512c.c:29
    #2 0x640c32ae4450 in compress_chunk samples/SAFE/__tmp_a17b512c.c:29
    #3 0x640c32ae4450 in compress_chunk samples/SAFE/__tmp_a17b512c.c:29
    #4 0x640c32ae4450 in compress_chunk samples/SAFE/__tmp_a17b512c.c:29
    #5 0x640c32ae4450 in compress_chunk samples/SAFE/__tmp_a17b512c.c:29
    #6 0x640c32ae4450 in compress_chunk samples/SAFE/__tmp_a17b512c.c:29
    #7 0x640c32ae4450 in compress_chunk samples/SAFE/__tmp_a17b512c.c:29
    #8 0x640c32ae4450 in compress_chunk samples/SAFE/__tmp_a17b512c.c:29
    #9 0x640c32ae4450 in compress_chunk samples/SAFE/__tmp_a17b512c.c:29
    #10 0x640c32ae4450 in compress_chunk samples/SAFE/__tmp_a17b512c.c:29
    #11 0x640c32ae4450 in compress_chunk samples/SAFE/__tmp_a17b512c.c:29
    #12 0x640c32ae4450 in compress_chunk samples/SAFE/__tmp_a17b512c.c:29
    #13 0x640c32ae4450 in compress_chunk samples/SAFE/__tmp_a17b512c.c:29
    #14 0x640c32ae4450 in compress_chunk samples/SAFE/__tmp_a17b512c.c:29
    #15 0x640c32ae4450 in compress_chunk samples/SAFE/__tmp_a17b512c.c:29
    #16 0x640c32ae4450 in compress_chunk samples/SAFE/__tmp_a17b512c.c:29
    #17 0x640c32ae4450 in compress_chunk samples/SAFE/__tmp_a17b512c.c:29
    #18 0x640c32ae4450 in compress_chunk samples/SAFE/__tmp_a17b512c.c:29
    #19 0x640c32ae4450 in compress_chunk samples/SAFE/__tmp_a17b512c.c:29
    #20 0x640c32ae4450 in compress_chunk samples/SAFE/__tmp_a17b512c.c:29
    #21 0x640c32ae4450 in compress_chunk samples/SAFE/__tmp_a17b512c.c:29
    #22 0x640c32ae4450 in compress_chunk samples/SAFE/__tmp_a17b512c.c:29
    #23 0x640c32ae4450 in compress_chunk samples/SAFE/__tmp_a17b512c.c:29
    #24 0x640c32ae4450 in compress_chunk samples/SAFE/__tmp_a17b512c.c:29
    #25 0x640c32ae4450 in compress_chunk samples/SAFE/__tmp_a17b512c.c:29
    #26 0x640c32ae4450 in compress_chunk samples/SAFE/__tmp_a17b512c.c:29
    #27 0x640c32ae4450 in compress_chunk samples/SAFE/__tmp_a17b512c.c:29
    #28 0x640c32ae4450 in compress_chunk samples/SAFE/__tmp_a17b512c.c:29
    #29 0x640c32ae4450 in compress_chunk samples/SAFE/__tmp_a17b512c.c:29
    #30 0x640c32ae4450 in compress_chunk samples/SAFE/__tmp_a17b512c.c:29
    #31 0x640c32ae4450 in compress_chunk samples/SAFE/__tmp_a17b512c.c:29
    #32 0x640c32ae4450 in compress_chunk samples/SAFE/__tmp_a17b512c.c:29
    #33 0x640c32ae4450 in compress_chunk samples/SAFE/__tmp_a17b512c.c:29
    #34 0x640c32ae4450 in compress_chunk samples/SAFE/__tmp_a17b512c.c:29
    #35 0x640c32ae4450 in compress_chunk samples/SAFE/__tmp_a17b512c.c:29
    #36 0x640c32ae4450 in compress_chunk samples/SAFE/__tmp_a17b512c.c:29
    #37 0x640c32ae4450 in compress_chunk samples/SAFE/__tmp_a17b512c.c:29
    #38 0x640c32ae4450 in compress_chunk samples/SAFE/__tmp_a17b512c.c:29
    #39 0x640c32ae4450 in compress_chunk samples/SAFE/__tmp_a17b512c.c:29
    #40 0x640c32ae4450 in compress_chunk samples/SAFE/__tmp_a17b512c.c:29
    #41 0x640c32ae4450 in compress_chunk samples/SAFE/__tmp_a17b512c.c:29
    #42 0x640c32ae4450 in compress_chunk samples/SAFE/__tmp_a17b512c.c:29
    #43 0x640c32ae4450 in compress_chunk samples/SAFE/__tmp_a17b512c.c:29
    #44 0x640c32ae4450 in compress_chunk samples/SAFE/__tmp_a17b512c.c:29
    #45 0x640c32ae4450 in compress_chunk samples/SAFE/__tmp_a17b512c.c:29
    #46 0x640c32ae4450 in compress_chunk samples/SAFE/__tmp_a17b512c.c:29
    #47 0x640c32ae4450 in compress_chunk samples/SAFE/__tmp_a17b512c.c:29
    #48 0x640c32ae4450 in compress_chunk samples/SAFE/__tmp_a17b512c.c:29
    #49 0x640c32ae4450 in compress_chunk samples/SAFE/__tmp_a17b512c.c:29
    #50 0x640c32ae4450 in compress_chunk samples/SAFE/__tmp_a17b512c.c:29
    #51 0x640c32ae4450 in compress_chunk samples/SAFE/__tmp_a17b512c.c:29
    #52 0x640c32ae4450 in compress_chunk samples/SAFE/__tmp_a17b512c.c:29
    #53 0x640c32ae4450 in compress_chunk samples/SAFE/__tmp_a17b512c.c:29
    #54 0x640c32ae4450 in compress_chunk samples/SAFE/__tmp_a17b512c.c:29
    #55 0x640c32ae4450 in compress_chunk samples/SAFE/__tmp_a17b512c.c:29
    #56 0x640c32ae4450 in compress_chunk samples/SAFE/__tmp_a17b512c.c:29
    #57 0x640c32ae4450 in compress_chunk samples/SAFE/__tmp_a17b512c.c:29
    #58 0x640c32ae4450 in compress_chunk samples/SAFE/__tmp_a17b512c.c:29
    #59 0x640c32ae4450 in compress_chunk samples/SAFE/__tmp_a17b512c.c:29
    #60 0x640c32ae4450 in compress_chunk samples/SAFE/__tmp_a17b512c.c:29
    #61 0x640c32ae4450 in compress_chunk samples/SAFE/__tmp_a17b512c.c:29
    #62 0x640c32ae4450 in compress_chunk samples/SAFE/__tmp_a17b512c.c:29
    #63 0x640c32ae4450 in compress_chunk samples/SAFE/__tmp_a17b512c.c:29
    #64 0x640c32ae4450 in compress_chunk samples/SAFE/__tmp_a17b512c.c:29
    #65 0x640c32ae4450 in compress_chunk samples/SAFE/__tmp_a17b512c.c:29
    #66 0x640c32ae4450 in compress_chunk samples/SAFE/__tmp_a17b512c.c:29
    #67 0x640c32ae4450 in compress_chunk samples/SAFE/__tmp_a17b512c.c:29
    #68 0x640c32ae4450 in compress_chunk samples/SAFE/__tmp_a17b512c.c:29
    #69 0x640c32ae4450 in compress_chunk samples/SAFE/__tmp_a17b512c.c:29
    #70 0x640c32ae4450 in compress_chunk samples/SAFE/__tmp_a17b512c.c:29
    #71 0x640c32ae4450 in compress_chunk samples/SAFE/__tmp_a17b512c.c:29
    #72 0x640c32ae4450 in compress_chunk samples/SAFE/__tmp_a17b512c.c:29
    #73 0x640c32ae4450 in compress_chunk samples/SAFE/__tmp_a17b512c.c:29
    #74 0x640c32ae4450 in compress_chunk samples/SAFE/__tmp_a17b512c.c:29
    #75 0x640c32ae4450 in compress_chunk samples/SAFE/__tmp_a17b512c.c:29
    #76 0x640c32ae4450 in compress_chunk samples/SAFE/__tmp_a17b512c.c:29
    #77 0x640c32ae4450 in compress_chunk samples/SAFE/__tmp_a17b512c.c:29
    #78 0x640c32ae4450 in compress_chunk samples/SAFE/__tmp_a17b512c.c:29
    #79 0x640c32ae4450 in compress_chunk samples/SAFE/__tmp_a17b512c.c:29
    #80 0x640c32ae4450 in compress_chunk samples/SAFE/__tmp_a17b512c.c:29
    #81 0x640c32ae4450 in compress_chunk samples/SAFE/__tmp_a17b512c.c:29
    #82 0x640c32ae4450 in compress_chunk samples/SAFE/__tmp_a17b512c.c:29
    #83 0x640c32ae4450 in compress_chunk samples/SAFE/__tmp_a17b512c.c:29
    #84 0x640c32ae4450 in compress_chunk samples/SAFE/__tmp_a17b512c.c:29
    #85 0x640c32ae4450 in compress_chunk samples/SAFE/__tmp_a17b512c.c:29
    #86 0x640c32ae4450 in compress_chunk samples/SAFE/__tmp_a17b512c.c:29
    #87 0x640c32ae4450 in compress_chunk samples/SAFE/__tmp_a17b512c.c:29
    #88 0x640c32ae4450 in compress_chunk samples/SAFE/__tmp_a17b512c.c:29
    #89 0x640c32ae4450 in compress_chunk samples/SAFE/__tmp_a17b512c.c:29
    #90 0x640c32ae4450 in compress_chunk samples/SAFE/__tmp_a17b512c.c:29
    #91 0x640c32ae4450 in compress_chunk samples/SAFE/__tmp_a17b512c.c:29
    #92 0x640c32ae4450 in compress_chunk samples/SAFE/__tmp_a17b512c.c:29
    #93 0x640c32ae4450 in compress_chunk samples/SAFE/__tmp_a17b512c.c:29
    #94 0x640c32ae4450 in compress_chunk samples/SAFE/__tmp_a17b512c.c:29
    #95 0x640c32ae4450 in compress_chunk samples/SAFE/__tmp_a17b512c.c:29
    #96 0x640c32ae4450 in compress_chunk samples/SAFE/__tmp_a17b512c.c:29
    #97 0x640c32ae4450 in compress_chunk samples/SAFE/__tmp_a17b512c.c:29
    #98 0x640c32ae4450 in compress_chunk samples/SAFE/__tmp_a17b512c.c:29
    #99 0x640c32ae4450 in compress_chunk samples/SAFE/__tmp_a17b512c.c:29
    #100 0x640c32ae4450 in compress_chunk samples/SAFE/__tmp_a17b512c.c:29
    #101 0x640c32ae4450 in compress_chunk samples/SAFE/__tmp_a17b512c.c:29
    #102 0x640c32ae4450 in compress_chunk samples/SAFE/__tmp_a17b512c.c:29
    #103 0x640c32ae4450 in compress_chunk samples/SAFE/__tmp_a17b512c.c:29
    #104 0x640c32ae4450 in compress_chunk samples/SAFE/__tmp_a17b512c.c:29
    #105 0x640c32ae4450 in compress_chunk samples/SAFE/__tmp_a17b512c.c:29
    #106 0x640c32ae4450 in compress_chunk samples/SAFE/__tmp_a17b512c.c:29
    #107 0x640c32ae4450 in compress_chunk samples/SAFE/__tmp_a17b512c.c:29
    #108 0x640c32ae4450 in compress_chunk samples/SAFE/__tmp_a17b512c.c:29
    #109 0x640c32ae4450 in compress_chunk samples/SAFE/__tmp_a17b512c.c:29
    #110 0x640c32ae4450 in compress_chunk samples/SAFE/__tmp_a17b512c.c:29
    #111 0x640c32ae4450 in compress_chunk samples/SAFE/__tmp_a17b512c.c:29
    #112 0x640c32ae4450 in compress_chunk samples/SAFE/__tmp_a17b512c.c:29
    #113 0x640c32ae4450 in compress_chunk samples/SAFE/__tmp_a17b512c.c:29
    #114 0x640c32ae4450 in compress_chunk samples/SAFE/__tmp_a17b512c.c:29
    #115 0x640c32ae4450 in compress_chunk samples/SAFE/__tmp_a17b512c.c:29
    #116 0x640c32ae4450 in compress_chunk samples/SAFE/__tmp_a17b512c.c:29
    #117 0x640c32ae4450 in compress_chunk samples/SAFE/__tmp_a17b512c.c:29
    #118 0x640c32ae4450 in compress_chunk samples/SAFE/__tmp_a17b512c.c:29
    #119 0x640c32ae4450 in compress_chunk samples/SAFE/__tmp_a17b512c.c:29
    #120 0x640c32ae4450 in compress_chunk samples/SAFE/__tmp_a17b512c.c:29
    #121 0x640c32ae4450 in compress_chunk samples/SAFE/__tmp_a17b512c.c:29
    #122 0x640c32ae4450 in compress_chunk samples/SAFE/__tmp_a17b512c.c:29
    #123 0x640c32ae4450 in compress_chunk samples/SAFE/__tmp_a17b512c.c:29
    #124 0x640c32ae4450 in compress_chunk samples/SAFE/__tmp_a17b512c.c:29
    #125 0x640c32ae4450 in compress_chunk samples/SAFE/__tmp_a17b512c.c:29
    #126 0x640c32ae4450 in compress_chunk samples/SAFE/__tmp_a17b512c.c:29
    #127 0x640c32ae4450 in compress_chunk samples/SAFE/__tmp_a17b512c.c:29
    #128 0x640c32ae4450 in compress_chunk samples/SAFE/__tmp_a17b512c.c:29
    #129 0x640c32ae4450 in compress_chunk samples/SAFE/__tmp_a17b512c.c:29
    #130 0x640c32ae4450 in compress_chunk samples/SAFE/__tmp_a17b512c.c:29
    #131 0x640c32ae4450 in compress_chunk samples/SAFE/__tmp_a17b512c.c:29
    #132 0x640c32ae4450 in compress_chunk samples/SAFE/__tmp_a17b512c.c:29
    #133 0x640c32ae4450 in compress_chunk samples/SAFE/__tmp_a17b512c.c:29
    #134 0x640c32ae4450 in compress_chunk samples/SAFE/__tmp_a17b512c.c:29
    #135 0x640c32ae4450 in compress_chunk samples/SAFE/__tmp_a17b512c.c:29
    #136 0x640c32ae4450 in compress_chunk samples/SAFE/__tmp_a17b512c.c:29
    #137 0x640c32ae4450 in compress_chunk samples/SAFE/__tmp_a17b512c.c:29
    #138 0x640c32ae4450 in compress_chunk samples/SAFE/__tmp_a17b512c.c:29
    #139 0x640c32ae4450 in compress_chunk samples/SAFE/__tmp_a17b512c.c:29
    #140 0x640c32ae4450 in compress_chunk samples/SAFE/__tmp_a17b512c.c:29
    #141 0x640c32ae4450 in compress_chunk samples/SAFE/__tmp_a17b512c.c:29
    #142 0x640c32ae4450 in compress_chunk samples/SAFE/__tmp_a17b512c.c:29
    #143 0x640c32ae4450 in compress_chunk samples/SAFE/__tmp_a17b512c.c:29
    #144 0x640c32ae4450 in compress_chunk samples/SAFE/__tmp_a17b512c.c:29
    #145 0x640c32ae4450 in compress_chunk samples/SAFE/__tmp_a17b512c.c:29
    #146 0x640c32ae4450 in compress_chunk samples/SAFE/__tmp_a17b512c.c:29
    #147 0x640c32ae4450 in compress_chunk samples/SAFE/__tmp_a17b512c.c:29
    #148 0x640c32ae4450 in compress_chunk samples/SAFE/__tmp_a17b512c.c:29
    #149 0x640c32ae4450 in compress_chunk samples/SAFE/__tmp_a17b512c.c:29
    #150 0x640c32ae4450 in compress_chunk samples/SAFE/__tmp_a17b512c.c:29
    #151 0x640c32ae4450 in compress_chunk samples/SAFE/__tmp_a17b512c.c:29
    #152 0x640c32ae4450 in compress_chunk samples/SAFE/__tmp_a17b512c.c:29
    #153 0x640c32ae4450 in compress_chunk samples/SAFE/__tmp_a17b512c.c:29
    #154 0x640c32ae4450 in compress_chunk samples/SAFE/__tmp_a17b512c.c:29
    #155 0x640c32ae4450 in compress_chunk samples/SAFE/__tmp_a17b512c.c:29
    #156 0x640c32ae4450 in compress_chunk samples/SAFE/__tmp_a17b512c.c:29
    #157 0x640c32ae4450 in compress_chunk samples/SAFE/__tmp_a17b512c.c:29
    #158 0x640c32ae4450 in compress_chunk samples/SAFE/__tmp_a17b512c.c:29
    #159 0x640c32ae4450 in compress_chunk samples/SAFE/__tmp_a17b512c.c:29
    #160 0x640c32ae4450 in compress_chunk samples/SAFE/__tmp_a17b512c.c:29
    #161 0x640c32ae4450 in compress_chunk samples/SAFE/__tmp_a17b512c.c:29
    #162 0x640c32ae4450 in compress_chunk samples/SAFE/__tmp_a17b512c.c:29
    #163 0x640c32ae4450 in compress_chunk samples/SAFE/__tmp_a17b512c.c:29
    #164 0x640c32ae4450 in compress_chunk samples/SAFE/__tmp_a17b512c.c:29
    #165 0x640c32ae4450 in compress_chunk samples/SAFE/__tmp_a17b512c.c:29
    #166 0x640c32ae4450 in compress_chunk samples/SAFE/__tmp_a17b512c.c:29
    #167 0x640c32ae4450 in compress_chunk samples/SAFE/__tmp_a17b512c.c:29
    #168 0x640c32ae4450 in compress_chunk samples/SAFE/__tmp_a17b512c.c:29
    #169 0x640c32ae4450 in compress_chunk samples/SAFE/__tmp_a17b512c.c:29
    #170 0x640c32ae4450 in compress_chunk samples/SAFE/__tmp_a17b512c.c:29
    #171 0x640c32ae4450 in compress_chunk samples/SAFE/__tmp_a17b512c.c:29
    #172 0x640c32ae4450 in compress_chunk samples/SAFE/__tmp_a17b512c.c:29
    #173 0x640c32ae4450 in compress_chunk samples/SAFE/__tmp_a17b512c.c:29
    #174 0x640c32ae4450 in compress_chunk samples/SAFE/__tmp_a17b512c.c:29
    #175 0x640c32ae4450 in compress_chunk samples/SAFE/__tmp_a17b512c.c:29
    #176 0x640c32ae4450 in compress_chunk samples/SAFE/__tmp_a17b512c.c:29
    #177 0x640c32ae4450 in compress_chunk samples/SAFE/__tmp_a17b512c.c:29
    #178 0x640c32ae4450 in compress_chunk samples/SAFE/__tmp_a17b512c.c:29
    #179 0x640c32ae4450 in compress_chunk samples/SAFE/__tmp_a17b512c.c:29
    #180 0x640c32ae4450 in compress_chunk samples/SAFE/__tmp_a17b512c.c:29
    #181 0x640c32ae4450 in compress_chunk samples/SAFE/__tmp_a17b512c.c:29
    #182 0x640c32ae4450 in compress_chunk samples/SAFE/__tmp_a17b512c.c:29
    #183 0x640c32ae4450 in compress_chunk samples/SAFE/__tmp_a17b512c.c:29
    #184 0x640c32ae4450 in compress_chunk samples/SAFE/__tmp_a17b512c.c:29
    #185 0x640c32ae4450 in compress_chunk samples/SAFE/__tmp_a17b512c.c:29
    #186 0x640c32ae4450 in compress_chunk samples/SAFE/__tmp_a17b512c.c:29
    #187 0x640c32ae4450 in compress_chunk samples/SAFE/__tmp_a17b512c.c:29
    #188 0x640c32ae4450 in compress_chunk samples/SAFE/__tmp_a17b512c.c:29
    #189 0x640c32ae4450 in compress_chunk samples/SAFE/__tmp_a17b512c.c:29
    #190 0x640c32ae4450 in compress_chunk samples/SAFE/__tmp_a17b512c.c:29
    #191 0x640c32ae4450 in compress_chunk samples/SAFE/__tmp_a17b512c.c:29
    #192 0x640c32ae4450 in compress_chunk samples/SAFE/__tmp_a17b512c.c:29
    #193 0x640c32ae4450 in compress_chunk samples/SAFE/__tmp_a17b512c.c:29
    #194 0x640c32ae4450 in compress_chunk samples/SAFE/__tmp_a17b512c.c:29
    #195 0x640c32ae4450 in compress_chunk samples/SAFE/__tmp_a17b512c.c:29
    #196 0x640c32ae4450 in compress_chunk samples/SAFE/__tmp_a17b512c.c:29
    #197 0x640c32ae4450 in compress_chunk samples/SAFE/__tmp_a17b512c.c:29
    #198 0x640c32ae4450 in compress_chunk samples/SAFE/__tmp_a17b512c.c:29
    #199 0x640c32ae4450 in compress_chunk samples/SAFE/__tmp_a17b512c.c:29
    #200 0x640c32ae4450 in compress_chunk samples/SAFE/__tmp_a17b512c.c:29
    #201 0x640c32ae4450 in compress_chunk samples/SAFE/__tmp_a17b512c.c:29
    #202 0x640c32ae4450 in compress_chunk samples/SAFE/__tmp_a17b512c.c:29
    #203 0x640c32ae4450 in compress_chunk samples/SAFE/__tmp_a17b512c.c:29
    #204 0x640c32ae4450 in compress_chunk samples/SAFE/__tmp_a17b512c.c:29
    #205 0x640c32ae4450 in compress_chunk samples/SAFE/__tmp_a17b512c.c:29
    #206 0x640c32ae4450 in compress_chunk samples/SAFE/__tmp_a17b512c.c:29
    #207 0x640c32ae4450 in compress_chunk samples/SAFE/__tmp_a17b512c.c:29
    #208 0x640c32ae4450 in compress_chunk samples/SAFE/__tmp_a17b512c.c:29
    #209 0x640c32ae4450 in compress_chunk samples/SAFE/__tmp_a17b512c.c:29
    #210 0x640c32ae4450 in compress_chunk samples/SAFE/__tmp_a17b512c.c:29
    #211 0x640c32ae4450 in compress_chunk samples/SAFE/__tmp_a17b512c.c:29
    #212 0x640c32ae4450 in compress_chunk samples/SAFE/__tmp_a17b512c.c:29
    #213 0x640c32ae4450 in compress_chunk samples/SAFE/__tmp_a17b512c.c:29
    #214 0x640c32ae4450 in compress_chunk samples/SAFE/__tmp_a17b512c.c:29
    #215 0x640c32ae4450 in compress_chunk samples/SAFE/__tmp_a17b512c.c:29
    #216 0x640c32ae4450 in compress_chunk samples/SAFE/__tmp_a17b512c.c:29
    #217 0x640c32ae4450 in compress_chunk samples/SAFE/__tmp_a17b512c.c:29
    #218 0x640c32ae4450 in compress_chunk samples/SAFE/__tmp_a17b512c.c:29
    #219 0x640c32ae4450 in compress_chunk samples/SAFE/__tmp_a17b512c.c:29
    #220 0x640c32ae4450 in compress_chunk samples/SAFE/__tmp_a17b512c.c:29
    #221 0x640c32ae4450 in compress_chunk samples/SAFE/__tmp_a17b512c.c:29
    #222 0x640c32ae4450 in compress_chunk samples/SAFE/__tmp_a17b512c.c:29
    #223 0x640c32ae4450 in compress_chunk samples/SAFE/__tmp_a17b512c.c:29
    #224 0x640c32ae4450 in compress_chunk samples/SAFE/__tmp_a17b512c.c:29
    #225 0x640c32ae4450 in compress_chunk samples/SAFE/__tmp_a17b512c.c:29
    #226 0x640c32ae4450 in compress_chunk samples/SAFE/__tmp_a17b512c.c:29
    #227 0x640c32ae4450 in compress_chunk samples/SAFE/__tmp_a17b512c.c:29
    #228 0x640c32ae4450 in compress_chunk samples/SAFE/__tmp_a17b512c.c:29
    #229 0x640c32ae4450 in compress_chunk samples/SAFE/__tmp_a17b512c.c:29
    #230 0x640c32ae4450 in compress_chunk samples/SAFE/__tmp_a17b512c.c:29
    #231 0x640c32ae4450 in compress_chunk samples/SAFE/__tmp_a17b512c.c:29
    #232 0x640c32ae4450 in compress_chunk samples/SAFE/__tmp_a17b512c.c:29
    #233 0x640c32ae4450 in compress_chunk samples/SAFE/__tmp_a17b512c.c:29
    #234 0x640c32ae4450 in compress_chunk samples/SAFE/__tmp_a17b512c.c:29
    #235 0x640c32ae4450 in compress_chunk samples/SAFE/__tmp_a17b512c.c:29
    #236 0x640c32ae4450 in compress_chunk samples/SAFE/__tmp_a17b512c.c:29
    #237 0x640c32ae4450 in compress_chunk samples/SAFE/__tmp_a17b512c.c:29
    #238 0x640c32ae4450 in compress_chunk samples/SAFE/__tmp_a17b512c.c:29
    #239 0x640c32ae4450 in compress_chunk samples/SAFE/__tmp_a17b512c.c:29
    #240 0x640c32ae4450 in compress_chunk samples/SAFE/__tmp_a17b512c.c:29
    #241 0x640c32ae4450 in compress_chunk samples/SAFE/__tmp_a17b512c.c:29
    #242 0x640c32ae4450 in compress_chunk samples/SAFE/__tmp_a17b512c.c:29
    #243 0x640c32ae4450 in compress_chunk samples/SAFE/__tmp_a17b512c.c:29
    #244 0x640c32ae4450 in compress_chunk samples/SAFE/__tmp_a17b512c.c:29
    #245 0x640c32ae4450 in compress_chunk samples/SAFE/__tmp_a17b512c.c:29
    #246 0x640c32ae4450 in compress_chunk samples/SAFE/__tmp_a17b512c.c:29

SUMMARY: AddressSanitizer: stack-overflow samples/SAFE/__tmp_a17b512c.c:29 in compress_chunk
==121144==ABORTING
